[2024-05-19T10:13:10.869+0000] {local_task_job_runner.py:120} INFO - ::group::Pre task execution logs
[2024-05-19T10:13:10.928+0000] {taskinstance.py:2076} INFO - Dependencies all met for dep_context=non-requeueable deps ti=<TaskInstance: dummyjson.write_to_csv_cart manual__2024-05-19T10:12:02.912276+00:00 [queued]>
[2024-05-19T10:13:10.956+0000] {taskinstance.py:2076} INFO - Dependencies all met for dep_context=requeueable deps ti=<TaskInstance: dummyjson.write_to_csv_cart manual__2024-05-19T10:12:02.912276+00:00 [queued]>
[2024-05-19T10:13:10.958+0000] {taskinstance.py:2306} INFO - Starting attempt 1 of 6
[2024-05-19T10:13:10.997+0000] {taskinstance.py:2330} INFO - Executing <Task(PythonOperator): write_to_csv_cart> on 2024-05-19 10:12:02.912276+00:00
[2024-05-19T10:13:11.014+0000] {warnings.py:110} WARNING - /home/***/.local/lib/python3.12/site-packages/***/task/task_runner/standard_task_runner.py:61: DeprecationWarning: This process (pid=1510) is multi-threaded, use of fork() may lead to deadlocks in the child.
  pid = os.fork()

[2024-05-19T10:13:11.018+0000] {standard_task_runner.py:63} INFO - Started process 1531 to run task
[2024-05-19T10:13:11.022+0000] {standard_task_runner.py:90} INFO - Running: ['***', 'tasks', 'run', 'dummyjson', 'write_to_csv_cart', 'manual__2024-05-19T10:12:02.912276+00:00', '--job-id', '1372', '--raw', '--subdir', 'DAGS_FOLDER/dummyjson.py', '--cfg-path', '/tmp/tmpp67cph15']
[2024-05-19T10:13:11.025+0000] {standard_task_runner.py:91} INFO - Job 1372: Subtask write_to_csv_cart
[2024-05-19T10:13:11.198+0000] {task_command.py:426} INFO - Running <TaskInstance: dummyjson.write_to_csv_cart manual__2024-05-19T10:12:02.912276+00:00 [running]> on host ca927d78a9ea
[2024-05-19T10:13:12.081+0000] {taskinstance.py:2648} INFO - Exporting env vars: AIRFLOW_CTX_DAG_EMAIL='fathurrahmanhernanda@gmail.com' AIRFLOW_CTX_DAG_OWNER='***' AIRFLOW_CTX_DAG_ID='dummyjson' AIRFLOW_CTX_TASK_ID='write_to_csv_cart' AIRFLOW_CTX_EXECUTION_DATE='2024-05-19T10:12:02.912276+00:00' AIRFLOW_CTX_TRY_NUMBER='1' AIRFLOW_CTX_DAG_RUN_ID='manual__2024-05-19T10:12:02.912276+00:00'
[2024-05-19T10:13:12.084+0000] {taskinstance.py:430} INFO - ::endgroup::
[2024-05-19T10:13:12.126+0000] {dummyjson.py:109} INFO - CSV file has been written successfully to /opt/***/dags/playground/target/dummyjson/carts.csv.
[2024-05-19T10:13:12.127+0000] {python.py:237} INFO - Done. Returned value was: None
[2024-05-19T10:13:12.130+0000] {taskinstance.py:441} INFO - ::group::Post task execution logs
[2024-05-19T10:13:12.172+0000] {taskinstance.py:1206} INFO - Marking task as SUCCESS. dag_id=dummyjson, task_id=write_to_csv_cart, run_id=manual__2024-05-19T10:12:02.912276+00:00, execution_date=20240519T101202, start_date=20240519T101310, end_date=20240519T101312
[2024-05-19T10:13:12.292+0000] {local_task_job_runner.py:240} INFO - Task exited with return code 0
[2024-05-19T10:13:12.369+0000] {taskinstance.py:3498} INFO - 1 downstream tasks scheduled from follow-on schedule check
[2024-05-19T10:13:12.382+0000] {local_task_job_runner.py:222} INFO - ::endgroup::
