[2024-05-14T15:40:06.059+0000] {local_task_job_runner.py:120} INFO - ::group::Pre task execution logs
[2024-05-14T15:40:06.094+0000] {taskinstance.py:2076} INFO - Dependencies all met for dep_context=non-requeueable deps ti=<TaskInstance: json2csv_b.customers_transform scheduled__2024-05-14T15:35:00+00:00 [queued]>
[2024-05-14T15:40:06.109+0000] {taskinstance.py:2076} INFO - Dependencies all met for dep_context=requeueable deps ti=<TaskInstance: json2csv_b.customers_transform scheduled__2024-05-14T15:35:00+00:00 [queued]>
[2024-05-14T15:40:06.110+0000] {taskinstance.py:2306} INFO - Starting attempt 1 of 1
[2024-05-14T15:40:06.129+0000] {taskinstance.py:2330} INFO - Executing <Task(_PythonDecoratedOperator): customers_transform> on 2024-05-14 15:35:00+00:00
[2024-05-14T15:40:06.138+0000] {warnings.py:110} WARNING - /home/***/.local/lib/python3.12/site-packages/***/task/task_runner/standard_task_runner.py:61: DeprecationWarning: This process (pid=2649) is multi-threaded, use of fork() may lead to deadlocks in the child.
  pid = os.fork()

[2024-05-14T15:40:06.142+0000] {standard_task_runner.py:63} INFO - Started process 2654 to run task
[2024-05-14T15:40:06.142+0000] {standard_task_runner.py:90} INFO - Running: ['***', 'tasks', 'run', 'json2csv_b', 'customers_transform', 'scheduled__2024-05-14T15:35:00+00:00', '--job-id', '891', '--raw', '--subdir', 'DAGS_FOLDER/json_to_csv_dynamic_config.py', '--cfg-path', '/tmp/tmpi1e7ive1']
[2024-05-14T15:40:06.145+0000] {standard_task_runner.py:91} INFO - Job 891: Subtask customers_transform
[2024-05-14T15:40:06.212+0000] {task_command.py:426} INFO - Running <TaskInstance: json2csv_b.customers_transform scheduled__2024-05-14T15:35:00+00:00 [running]> on host c2025ffc2c56
[2024-05-14T15:40:06.378+0000] {taskinstance.py:2648} INFO - Exporting env vars: AIRFLOW_CTX_DAG_OWNER='***' AIRFLOW_CTX_DAG_ID='json2csv_b' AIRFLOW_CTX_TASK_ID='customers_transform' AIRFLOW_CTX_EXECUTION_DATE='2024-05-14T15:35:00+00:00' AIRFLOW_CTX_TRY_NUMBER='1' AIRFLOW_CTX_DAG_RUN_ID='scheduled__2024-05-14T15:35:00+00:00'
[2024-05-14T15:40:06.381+0000] {taskinstance.py:430} INFO - ::endgroup::
[2024-05-14T15:40:06.382+0000] {python.py:237} INFO - Done. Returned value was: 1,Fariz Wakan,2024-01-01
2,Fathurrahman Hernanda,2024-01-02

[2024-05-14T15:40:06.383+0000] {taskinstance.py:441} INFO - ::group::Post task execution logs
[2024-05-14T15:40:06.418+0000] {taskinstance.py:1206} INFO - Marking task as SUCCESS. dag_id=json2csv_b, task_id=customers_transform, run_id=scheduled__2024-05-14T15:35:00+00:00, execution_date=20240514T153500, start_date=20240514T154006, end_date=20240514T154006
[2024-05-14T15:40:06.477+0000] {local_task_job_runner.py:240} INFO - Task exited with return code 0
[2024-05-14T15:40:06.506+0000] {taskinstance.py:3498} INFO - 1 downstream tasks scheduled from follow-on schedule check
[2024-05-14T15:40:06.511+0000] {local_task_job_runner.py:222} INFO - ::endgroup::
