[2024-05-13T11:14:22.387+0000] {local_task_job_runner.py:120} INFO - ::group::Pre task execution logs
[2024-05-13T11:14:22.476+0000] {taskinstance.py:2076} INFO - Dependencies all met for dep_context=non-requeueable deps ti=<TaskInstance: demo.airflow scheduled__2024-05-09T00:00:00+00:00 [queued]>
[2024-05-13T11:14:22.507+0000] {taskinstance.py:2076} INFO - Dependencies all met for dep_context=requeueable deps ti=<TaskInstance: demo.airflow scheduled__2024-05-09T00:00:00+00:00 [queued]>
[2024-05-13T11:14:22.508+0000] {taskinstance.py:2306} INFO - Starting attempt 1 of 1
[2024-05-13T11:14:22.555+0000] {taskinstance.py:2330} INFO - Executing <Task(_PythonDecoratedOperator): airflow> on 2024-05-09 00:00:00+00:00
[2024-05-13T11:14:22.575+0000] {warnings.py:110} WARNING - /home/***/.local/lib/python3.12/site-packages/***/task/task_runner/standard_task_runner.py:61: DeprecationWarning: This process (pid=2200) is multi-threaded, use of fork() may lead to deadlocks in the child.
  pid = os.fork()

[2024-05-13T11:14:22.578+0000] {standard_task_runner.py:63} INFO - Started process 2224 to run task
[2024-05-13T11:14:22.580+0000] {standard_task_runner.py:90} INFO - Running: ['***', 'tasks', 'run', 'demo', '***', 'scheduled__2024-05-09T00:00:00+00:00', '--job-id', '196', '--raw', '--subdir', 'DAGS_FOLDER/demo.py', '--cfg-path', '/tmp/tmpfia_omzj']
[2024-05-13T11:14:22.602+0000] {standard_task_runner.py:91} INFO - Job 196: Subtask ***
[2024-05-13T11:14:22.738+0000] {task_command.py:426} INFO - Running <TaskInstance: demo.airflow scheduled__2024-05-09T00:00:00+00:00 [running]> on host c2025ffc2c56
[2024-05-13T11:14:22.987+0000] {taskinstance.py:2648} INFO - Exporting env vars: AIRFLOW_CTX_DAG_OWNER='***' AIRFLOW_CTX_DAG_ID='demo' AIRFLOW_CTX_TASK_ID='***' AIRFLOW_CTX_EXECUTION_DATE='2024-05-09T00:00:00+00:00' AIRFLOW_CTX_TRY_NUMBER='1' AIRFLOW_CTX_DAG_RUN_ID='scheduled__2024-05-09T00:00:00+00:00'
[2024-05-13T11:14:22.992+0000] {taskinstance.py:430} INFO - ::endgroup::
[2024-05-13T11:14:22.993+0000] {logging_mixin.py:188} INFO - ***
[2024-05-13T11:14:22.995+0000] {python.py:237} INFO - Done. Returned value was: None
[2024-05-13T11:14:22.996+0000] {taskinstance.py:441} INFO - ::group::Post task execution logs
[2024-05-13T11:14:23.019+0000] {taskinstance.py:1206} INFO - Marking task as SUCCESS. dag_id=demo, task_id=***, run_id=scheduled__2024-05-09T00:00:00+00:00, execution_date=20240509T000000, start_date=20240513T111422, end_date=20240513T111423
[2024-05-13T11:14:23.068+0000] {local_task_job_runner.py:240} INFO - Task exited with return code 0
[2024-05-13T11:14:23.101+0000] {taskinstance.py:3498} INFO - 0 downstream tasks scheduled from follow-on schedule check
[2024-05-13T11:14:23.105+0000] {local_task_job_runner.py:222} INFO - ::endgroup::
