[2024-05-19T11:08:01.320+0000] {local_task_job_runner.py:120} INFO - ::group::Pre task execution logs
[2024-05-19T11:08:01.361+0000] {taskinstance.py:2076} INFO - Dependencies all met for dep_context=non-requeueable deps ti=<TaskInstance: dummyjson.transform_post manual__2024-05-19T11:07:31.553907+00:00 [queued]>
[2024-05-19T11:08:01.381+0000] {taskinstance.py:2076} INFO - Dependencies all met for dep_context=requeueable deps ti=<TaskInstance: dummyjson.transform_post manual__2024-05-19T11:07:31.553907+00:00 [queued]>
[2024-05-19T11:08:01.382+0000] {taskinstance.py:2306} INFO - Starting attempt 1 of 6
[2024-05-19T11:08:01.416+0000] {taskinstance.py:2330} INFO - Executing <Task(PythonOperator): transform_post> on 2024-05-19 11:07:31.553907+00:00
[2024-05-19T11:08:01.435+0000] {warnings.py:110} WARNING - /home/***/.local/lib/python3.12/site-packages/***/task/task_runner/standard_task_runner.py:61: DeprecationWarning: This process (pid=2294) is multi-threaded, use of fork() may lead to deadlocks in the child.
  pid = os.fork()

[2024-05-19T11:08:01.439+0000] {standard_task_runner.py:63} INFO - Started process 2300 to run task
[2024-05-19T11:08:01.439+0000] {standard_task_runner.py:90} INFO - Running: ['***', 'tasks', 'run', 'dummyjson', 'transform_post', 'manual__2024-05-19T11:07:31.553907+00:00', '--job-id', '1409', '--raw', '--subdir', 'DAGS_FOLDER/dummyjson.py', '--cfg-path', '/tmp/tmpoad79uvb']
[2024-05-19T11:08:01.441+0000] {standard_task_runner.py:91} INFO - Job 1409: Subtask transform_post
[2024-05-19T11:08:01.535+0000] {task_command.py:426} INFO - Running <TaskInstance: dummyjson.transform_post manual__2024-05-19T11:07:31.553907+00:00 [running]> on host ca927d78a9ea
[2024-05-19T11:08:02.125+0000] {taskinstance.py:2648} INFO - Exporting env vars: AIRFLOW_CTX_DAG_EMAIL='fathurrahmanhernanda@gmail.com' AIRFLOW_CTX_DAG_OWNER='***' AIRFLOW_CTX_DAG_ID='dummyjson' AIRFLOW_CTX_TASK_ID='transform_post' AIRFLOW_CTX_EXECUTION_DATE='2024-05-19T11:07:31.553907+00:00' AIRFLOW_CTX_TRY_NUMBER='1' AIRFLOW_CTX_DAG_RUN_ID='manual__2024-05-19T11:07:31.553907+00:00'
[2024-05-19T11:08:02.126+0000] {taskinstance.py:430} INFO - ::endgroup::
[2024-05-19T11:08:02.143+0000] {taskinstance.py:441} INFO - ::group::Post task execution logs
[2024-05-19T11:08:02.144+0000] {taskinstance.py:2905} ERROR - Task failed with exception
Traceback (most recent call last):
  File "/home/airflow/.local/lib/python3.12/site-packages/airflow/models/taskinstance.py", line 465, in _execute_task
    result = _execute_callable(context=context, **execute_callable_kwargs)
             ^^^^^^^^^^^^^^^^^^^^^^^^^^^^^^^^^^^^^^^^^^^^^^^^^^^^^^^^^^^^^
  File "/home/airflow/.local/lib/python3.12/site-packages/airflow/models/taskinstance.py", line 432, in _execute_callable
    return execute_callable(context=context, **execute_callable_kwargs)
           ^^^^^^^^^^^^^^^^^^^^^^^^^^^^^^^^^^^^^^^^^^^^^^^^^^^^^^^^^^^^
  File "/home/airflow/.local/lib/python3.12/site-packages/airflow/models/baseoperator.py", line 400, in wrapper
    return func(self, *args, **kwargs)
           ^^^^^^^^^^^^^^^^^^^^^^^^^^^
  File "/home/airflow/.local/lib/python3.12/site-packages/airflow/operators/python.py", line 235, in execute
    return_value = self.execute_callable()
                   ^^^^^^^^^^^^^^^^^^^^^^^
  File "/home/airflow/.local/lib/python3.12/site-packages/airflow/operators/python.py", line 252, in execute_callable
    return self.python_callable(*self.op_args, **self.op_kwargs)
           ^^^^^^^^^^^^^^^^^^^^^^^^^^^^^^^^^^^^^^^^^^^^^^^^^^^^^
  File "/opt/airflow/dags/dummyjson.py", line 96, in transform_generic
    response = json.loads(ti.xcom_pull(task_ids=f"extract_{kwargs['data_type']}"))
               ^^^^^^^^^^^^^^^^^^^^^^^^^^^^^^^^^^^^^^^^^^^^^^^^^^^^^^^^^^^^^^^^^^^
  File "/usr/local/lib/python3.12/json/__init__.py", line 339, in loads
    raise TypeError(f'the JSON object must be str, bytes or bytearray, '
TypeError: the JSON object must be str, bytes or bytearray, not NoneType
[2024-05-19T11:08:02.164+0000] {taskinstance.py:1206} INFO - Marking task as UP_FOR_RETRY. dag_id=dummyjson, task_id=transform_post, run_id=manual__2024-05-19T11:07:31.553907+00:00, execution_date=20240519T110731, start_date=20240519T110801, end_date=20240519T110802
[2024-05-19T11:08:02.184+0000] {standard_task_runner.py:110} ERROR - Failed to execute job 1409 for task transform_post (the JSON object must be str, bytes or bytearray, not NoneType; 2300)
[2024-05-19T11:08:02.219+0000] {local_task_job_runner.py:240} INFO - Task exited with return code 1
[2024-05-19T11:08:02.271+0000] {taskinstance.py:3498} INFO - 0 downstream tasks scheduled from follow-on schedule check
[2024-05-19T11:08:02.275+0000] {local_task_job_runner.py:222} INFO - ::endgroup::
