[2024-05-19T12:39:49.100+0000] {local_task_job_runner.py:120} INFO - ::group::Pre task execution logs
[2024-05-19T12:39:49.123+0000] {taskinstance.py:2076} INFO - Dependencies all met for dep_context=non-requeueable deps ti=<TaskInstance: extract_products_from_api.is_api_available manual__2024-05-19T12:39:45.424936+00:00 [queued]>
[2024-05-19T12:39:49.133+0000] {taskinstance.py:2076} INFO - Dependencies all met for dep_context=requeueable deps ti=<TaskInstance: extract_products_from_api.is_api_available manual__2024-05-19T12:39:45.424936+00:00 [queued]>
[2024-05-19T12:39:49.134+0000] {taskinstance.py:2306} INFO - Starting attempt 1 of 6
[2024-05-19T12:39:49.153+0000] {taskinstance.py:2330} INFO - Executing <Task(HttpSensor): is_api_available> on 2024-05-19 12:39:45.424936+00:00
[2024-05-19T12:39:49.169+0000] {warnings.py:110} WARNING - /home/***/.local/lib/python3.12/site-packages/***/task/task_runner/standard_task_runner.py:61: DeprecationWarning: This process (pid=4415) is multi-threaded, use of fork() may lead to deadlocks in the child.
  pid = os.fork()

[2024-05-19T12:39:49.172+0000] {standard_task_runner.py:63} INFO - Started process 4417 to run task
[2024-05-19T12:39:49.172+0000] {standard_task_runner.py:90} INFO - Running: ['***', 'tasks', 'run', 'extract_products_from_api', 'is_api_available', 'manual__2024-05-19T12:39:45.424936+00:00', '--job-id', '1742', '--raw', '--subdir', 'DAGS_FOLDER/dummyjson_product.py', '--cfg-path', '/tmp/tmpyxxyd8nq']
[2024-05-19T12:39:49.175+0000] {standard_task_runner.py:91} INFO - Job 1742: Subtask is_api_available
[2024-05-19T12:39:49.242+0000] {task_command.py:426} INFO - Running <TaskInstance: extract_products_from_api.is_api_available manual__2024-05-19T12:39:45.424936+00:00 [running]> on host ca927d78a9ea
[2024-05-19T12:39:49.632+0000] {taskinstance.py:2648} INFO - Exporting env vars: AIRFLOW_CTX_DAG_EMAIL='fathurrahmanhernanda@gmail.com' AIRFLOW_CTX_DAG_OWNER='***' AIRFLOW_CTX_DAG_ID='extract_products_from_api' AIRFLOW_CTX_TASK_ID='is_api_available' AIRFLOW_CTX_EXECUTION_DATE='2024-05-19T12:39:45.424936+00:00' AIRFLOW_CTX_TRY_NUMBER='1' AIRFLOW_CTX_DAG_RUN_ID='manual__2024-05-19T12:39:45.424936+00:00'
[2024-05-19T12:39:49.633+0000] {taskinstance.py:430} INFO - ::endgroup::
[2024-05-19T12:39:49.634+0000] {baseoperator.py:399} WARNING - HttpSensor.execute cannot be called outside TaskInstance!
[2024-05-19T12:39:49.635+0000] {http.py:137} INFO - Poking: /carts/
[2024-05-19T12:39:49.647+0000] {base.py:84} INFO - Using connection ID 'dummyjson_api' for task execution.
[2024-05-19T12:39:51.122+0000] {base.py:294} INFO - Success criteria met. Exiting.
[2024-05-19T12:39:51.125+0000] {taskinstance.py:441} INFO - ::group::Post task execution logs
[2024-05-19T12:39:51.161+0000] {taskinstance.py:1206} INFO - Marking task as SUCCESS. dag_id=extract_products_from_api, task_id=is_api_available, run_id=manual__2024-05-19T12:39:45.424936+00:00, execution_date=20240519T123945, start_date=20240519T123949, end_date=20240519T123951
[2024-05-19T12:39:51.237+0000] {local_task_job_runner.py:240} INFO - Task exited with return code 0
[2024-05-19T12:39:51.253+0000] {warnings.py:110} WARNING - /home/***/.local/lib/python3.12/site-packages/***/models/baseoperator.py:1296: AirflowProviderDeprecationWarning: Call to deprecated class SimpleHttpOperator. (Class `SimpleHttpOperator` is deprecated and will be removed in a future release. Please use `HttpOperator` instead.)
  result = cls.__new__(cls)

[2024-05-19T12:39:51.487+0000] {taskinstance.py:3498} INFO - 1 downstream tasks scheduled from follow-on schedule check
[2024-05-19T12:39:51.491+0000] {local_task_job_runner.py:222} INFO - ::endgroup::
