[2024-05-19T11:54:51.947+0000] {local_task_job_runner.py:120} INFO - ::group::Pre task execution logs
[2024-05-19T11:54:52.007+0000] {taskinstance.py:2076} INFO - Dependencies all met for dep_context=non-requeueable deps ti=<TaskInstance: extract_products.extract_product manual__2024-05-19T11:49:39.022380+00:00 [queued]>
[2024-05-19T11:54:52.029+0000] {taskinstance.py:2076} INFO - Dependencies all met for dep_context=requeueable deps ti=<TaskInstance: extract_products.extract_product manual__2024-05-19T11:49:39.022380+00:00 [queued]>
[2024-05-19T11:54:52.030+0000] {taskinstance.py:2306} INFO - Starting attempt 2 of 6
[2024-05-19T11:54:52.068+0000] {taskinstance.py:2330} INFO - Executing <Task(PythonOperator): extract_product> on 2024-05-19 11:49:39.022380+00:00
[2024-05-19T11:54:52.080+0000] {warnings.py:110} WARNING - /home/***/.local/lib/python3.12/site-packages/***/task/task_runner/standard_task_runner.py:61: DeprecationWarning: This process (pid=3272) is multi-threaded, use of fork() may lead to deadlocks in the child.
  pid = os.fork()

[2024-05-19T11:54:52.082+0000] {standard_task_runner.py:63} INFO - Started process 3274 to run task
[2024-05-19T11:54:52.085+0000] {standard_task_runner.py:90} INFO - Running: ['***', 'tasks', 'run', 'extract_products', 'extract_product', 'manual__2024-05-19T11:49:39.022380+00:00', '--job-id', '1539', '--raw', '--subdir', 'DAGS_FOLDER/dummyjson_product.py', '--cfg-path', '/tmp/tmpqhph13wy']
[2024-05-19T11:54:52.088+0000] {standard_task_runner.py:91} INFO - Job 1539: Subtask extract_product
[2024-05-19T11:54:52.182+0000] {task_command.py:426} INFO - Running <TaskInstance: extract_products.extract_product manual__2024-05-19T11:49:39.022380+00:00 [running]> on host ca927d78a9ea
[2024-05-19T11:54:52.779+0000] {taskinstance.py:2648} INFO - Exporting env vars: AIRFLOW_CTX_DAG_EMAIL='fathurrahmanhernanda@gmail.com' AIRFLOW_CTX_DAG_OWNER='***' AIRFLOW_CTX_DAG_ID='extract_products' AIRFLOW_CTX_TASK_ID='extract_product' AIRFLOW_CTX_EXECUTION_DATE='2024-05-19T11:49:39.022380+00:00' AIRFLOW_CTX_TRY_NUMBER='2' AIRFLOW_CTX_DAG_RUN_ID='manual__2024-05-19T11:49:39.022380+00:00'
[2024-05-19T11:54:52.780+0000] {taskinstance.py:430} INFO - ::endgroup::
[2024-05-19T11:54:52.781+0000] {taskinstance.py:441} INFO - ::group::Post task execution logs
[2024-05-19T11:54:52.782+0000] {taskinstance.py:2905} ERROR - Task failed with exception
Traceback (most recent call last):
  File "/home/airflow/.local/lib/python3.12/site-packages/airflow/models/taskinstance.py", line 465, in _execute_task
    result = _execute_callable(context=context, **execute_callable_kwargs)
             ^^^^^^^^^^^^^^^^^^^^^^^^^^^^^^^^^^^^^^^^^^^^^^^^^^^^^^^^^^^^^
  File "/home/airflow/.local/lib/python3.12/site-packages/airflow/models/taskinstance.py", line 432, in _execute_callable
    return execute_callable(context=context, **execute_callable_kwargs)
           ^^^^^^^^^^^^^^^^^^^^^^^^^^^^^^^^^^^^^^^^^^^^^^^^^^^^^^^^^^^^
  File "/home/airflow/.local/lib/python3.12/site-packages/airflow/models/baseoperator.py", line 400, in wrapper
    return func(self, *args, **kwargs)
           ^^^^^^^^^^^^^^^^^^^^^^^^^^^
  File "/home/airflow/.local/lib/python3.12/site-packages/airflow/operators/python.py", line 235, in execute
    return_value = self.execute_callable()
                   ^^^^^^^^^^^^^^^^^^^^^^^
  File "/home/airflow/.local/lib/python3.12/site-packages/airflow/operators/python.py", line 252, in execute_callable
    return self.python_callable(*self.op_args, **self.op_kwargs)
           ^^^^^^^^^^^^^^^^^^^^^^^^^^^^^^^^^^^^^^^^^^^^^^^^^^^^^
  File "/opt/airflow/dags/dummyjson_product.py", line 23, in extract_product
    for cart in json.loads(response)["carts"]:
                ^^^^^^^^^^^^^^^^^^^^
  File "/usr/local/lib/python3.12/json/__init__.py", line 346, in loads
    return _default_decoder.decode(s)
           ^^^^^^^^^^^^^^^^^^^^^^^^^^
  File "/usr/local/lib/python3.12/json/decoder.py", line 337, in decode
    obj, end = self.raw_decode(s, idx=_w(s, 0).end())
               ^^^^^^^^^^^^^^^^^^^^^^^^^^^^^^^^^^^^^^
  File "/usr/local/lib/python3.12/json/decoder.py", line 355, in raw_decode
    raise JSONDecodeError("Expecting value", s, err.value) from None
json.decoder.JSONDecodeError: Expecting value: line 1 column 12 (char 11)
[2024-05-19T11:54:52.799+0000] {taskinstance.py:1206} INFO - Marking task as UP_FOR_RETRY. dag_id=extract_products, task_id=extract_product, run_id=manual__2024-05-19T11:49:39.022380+00:00, execution_date=20240519T114939, start_date=20240519T115452, end_date=20240519T115452
[2024-05-19T11:54:52.818+0000] {standard_task_runner.py:110} ERROR - Failed to execute job 1539 for task extract_product (Expecting value: line 1 column 12 (char 11); 3274)
[2024-05-19T11:54:52.865+0000] {local_task_job_runner.py:240} INFO - Task exited with return code 1
[2024-05-19T11:54:52.914+0000] {taskinstance.py:3498} INFO - 0 downstream tasks scheduled from follow-on schedule check
[2024-05-19T11:54:52.917+0000] {local_task_job_runner.py:222} INFO - ::endgroup::
