[2024-05-15T06:01:36.437+0000] {local_task_job_runner.py:120} INFO - ::group::Pre task execution logs
[2024-05-15T06:01:36.477+0000] {taskinstance.py:2076} INFO - Dependencies all met for dep_context=non-requeueable deps ti=<TaskInstance: demo.airflow scheduled__2024-05-14T00:00:00+00:00 [queued]>
[2024-05-15T06:01:36.493+0000] {taskinstance.py:2076} INFO - Dependencies all met for dep_context=requeueable deps ti=<TaskInstance: demo.airflow scheduled__2024-05-14T00:00:00+00:00 [queued]>
[2024-05-15T06:01:36.495+0000] {taskinstance.py:2306} INFO - Starting attempt 1 of 1
[2024-05-15T06:01:36.522+0000] {taskinstance.py:2330} INFO - Executing <Task(_PythonDecoratedOperator): airflow> on 2024-05-14 00:00:00+00:00
[2024-05-15T06:01:36.533+0000] {warnings.py:110} WARNING - /home/***/.local/lib/python3.12/site-packages/***/task/task_runner/standard_task_runner.py:61: DeprecationWarning: This process (pid=1793) is multi-threaded, use of fork() may lead to deadlocks in the child.
  pid = os.fork()

[2024-05-15T06:01:36.547+0000] {standard_task_runner.py:63} INFO - Started process 1806 to run task
[2024-05-15T06:01:36.536+0000] {standard_task_runner.py:90} INFO - Running: ['***', 'tasks', 'run', 'demo', '***', 'scheduled__2024-05-14T00:00:00+00:00', '--job-id', '996', '--raw', '--subdir', 'DAGS_FOLDER/demo.py', '--cfg-path', '/tmp/tmpfji4ztoz']
[2024-05-15T06:01:36.551+0000] {standard_task_runner.py:91} INFO - Job 996: Subtask ***
[2024-05-15T06:01:36.638+0000] {task_command.py:426} INFO - Running <TaskInstance: demo.airflow scheduled__2024-05-14T00:00:00+00:00 [running]> on host c2025ffc2c56
[2024-05-15T06:01:36.784+0000] {taskinstance.py:2648} INFO - Exporting env vars: AIRFLOW_CTX_DAG_OWNER='***' AIRFLOW_CTX_DAG_ID='demo' AIRFLOW_CTX_TASK_ID='***' AIRFLOW_CTX_EXECUTION_DATE='2024-05-14T00:00:00+00:00' AIRFLOW_CTX_TRY_NUMBER='1' AIRFLOW_CTX_DAG_RUN_ID='scheduled__2024-05-14T00:00:00+00:00'
[2024-05-15T06:01:36.787+0000] {taskinstance.py:430} INFO - ::endgroup::
[2024-05-15T06:01:36.788+0000] {logging_mixin.py:188} INFO - ***
[2024-05-15T06:01:36.788+0000] {logging_mixin.py:188} INFO - TEST
[2024-05-15T06:01:36.789+0000] {demo.py:20} INFO - TEST
[2024-05-15T06:01:36.789+0000] {demo.py:21} INFO - Here is some standard text.
[2024-05-15T06:01:36.790+0000] {demo.py:22} INFO - ::group::Non important details
[2024-05-15T06:01:36.790+0000] {demo.py:23} INFO - bla
[2024-05-15T06:01:36.791+0000] {demo.py:24} INFO - debug messages...
[2024-05-15T06:01:36.791+0000] {demo.py:25} INFO - ::endgroup::
[2024-05-15T06:01:36.791+0000] {demo.py:26} INFO - Here is again some standard text.
[2024-05-15T06:01:36.792+0000] {python.py:237} INFO - Done. Returned value was: None
[2024-05-15T06:01:36.793+0000] {taskinstance.py:441} INFO - ::group::Post task execution logs
[2024-05-15T06:01:36.805+0000] {taskinstance.py:1206} INFO - Marking task as SUCCESS. dag_id=demo, task_id=***, run_id=scheduled__2024-05-14T00:00:00+00:00, execution_date=20240514T000000, start_date=20240515T060136, end_date=20240515T060136
[2024-05-15T06:01:36.849+0000] {local_task_job_runner.py:240} INFO - Task exited with return code 0
[2024-05-15T06:01:36.879+0000] {taskinstance.py:3498} INFO - 0 downstream tasks scheduled from follow-on schedule check
[2024-05-15T06:01:36.882+0000] {local_task_job_runner.py:222} INFO - ::endgroup::
