[2024-05-19T12:26:01.112+0000] {local_task_job_runner.py:120} INFO - ::group::Pre task execution logs
[2024-05-19T12:26:01.140+0000] {taskinstance.py:2076} INFO - Dependencies all met for dep_context=non-requeueable deps ti=<TaskInstance: dummyjson_products.write_to_csv_products manual__2024-05-19T12:17:10.391759+00:00 [queued]>
[2024-05-19T12:26:01.160+0000] {taskinstance.py:2076} INFO - Dependencies all met for dep_context=requeueable deps ti=<TaskInstance: dummyjson_products.write_to_csv_products manual__2024-05-19T12:17:10.391759+00:00 [queued]>
[2024-05-19T12:26:01.161+0000] {taskinstance.py:2306} INFO - Starting attempt 3 of 6
[2024-05-19T12:26:01.192+0000] {taskinstance.py:2330} INFO - Executing <Task(PythonOperator): write_to_csv_products> on 2024-05-19 12:17:10.391759+00:00
[2024-05-19T12:26:01.202+0000] {warnings.py:110} WARNING - /home/***/.local/lib/python3.12/site-packages/***/task/task_runner/standard_task_runner.py:61: DeprecationWarning: This process (pid=4127) is multi-threaded, use of fork() may lead to deadlocks in the child.
  pid = os.fork()

[2024-05-19T12:26:01.205+0000] {standard_task_runner.py:63} INFO - Started process 4129 to run task
[2024-05-19T12:26:01.206+0000] {standard_task_runner.py:90} INFO - Running: ['***', 'tasks', 'run', 'dummyjson_products', 'write_to_csv_products', 'manual__2024-05-19T12:17:10.391759+00:00', '--job-id', '1700', '--raw', '--subdir', 'DAGS_FOLDER/dummyjson.py', '--cfg-path', '/tmp/tmp8xpranip']
[2024-05-19T12:26:01.208+0000] {standard_task_runner.py:91} INFO - Job 1700: Subtask write_to_csv_products
[2024-05-19T12:26:01.267+0000] {task_command.py:426} INFO - Running <TaskInstance: dummyjson_products.write_to_csv_products manual__2024-05-19T12:17:10.391759+00:00 [running]> on host ca927d78a9ea
[2024-05-19T12:26:01.689+0000] {taskinstance.py:2648} INFO - Exporting env vars: AIRFLOW_CTX_DAG_EMAIL='fathurrahmanhernanda@gmail.com' AIRFLOW_CTX_DAG_OWNER='***' AIRFLOW_CTX_DAG_ID='dummyjson_products' AIRFLOW_CTX_TASK_ID='write_to_csv_products' AIRFLOW_CTX_EXECUTION_DATE='2024-05-19T12:17:10.391759+00:00' AIRFLOW_CTX_TRY_NUMBER='3' AIRFLOW_CTX_DAG_RUN_ID='manual__2024-05-19T12:17:10.391759+00:00'
[2024-05-19T12:26:01.690+0000] {taskinstance.py:430} INFO - ::endgroup::
[2024-05-19T12:26:01.718+0000] {dummyjson.py:50} INFO - CSV file has been written successfully to /opt/***/dags/playground/target/dummyjson/products.csv.
[2024-05-19T12:26:01.720+0000] {python.py:237} INFO - Done. Returned value was: None
[2024-05-19T12:26:01.721+0000] {taskinstance.py:441} INFO - ::group::Post task execution logs
[2024-05-19T12:26:01.738+0000] {taskinstance.py:1206} INFO - Marking task as SUCCESS. dag_id=dummyjson_products, task_id=write_to_csv_products, run_id=manual__2024-05-19T12:17:10.391759+00:00, execution_date=20240519T121710, start_date=20240519T122601, end_date=20240519T122601
[2024-05-19T12:26:01.782+0000] {local_task_job_runner.py:240} INFO - Task exited with return code 0
[2024-05-19T12:26:01.822+0000] {taskinstance.py:3498} INFO - 0 downstream tasks scheduled from follow-on schedule check
[2024-05-19T12:26:01.825+0000] {local_task_job_runner.py:222} INFO - ::endgroup::
