[2024-05-19T12:27:27.635+0000] {local_task_job_runner.py:120} INFO - ::group::Pre task execution logs
[2024-05-19T12:27:27.663+0000] {taskinstance.py:2076} INFO - Dependencies all met for dep_context=non-requeueable deps ti=<TaskInstance: dummyjson_products.write_to_csv_products manual__2024-05-19T12:17:10.391759+00:00 [queued]>
[2024-05-19T12:27:27.676+0000] {taskinstance.py:2076} INFO - Dependencies all met for dep_context=requeueable deps ti=<TaskInstance: dummyjson_products.write_to_csv_products manual__2024-05-19T12:17:10.391759+00:00 [queued]>
[2024-05-19T12:27:27.677+0000] {taskinstance.py:2306} INFO - Starting attempt 4 of 6
[2024-05-19T12:27:27.698+0000] {taskinstance.py:2330} INFO - Executing <Task(PythonOperator): write_to_csv_products> on 2024-05-19 12:17:10.391759+00:00
[2024-05-19T12:27:27.708+0000] {warnings.py:110} WARNING - /home/***/.local/lib/python3.12/site-packages/***/task/task_runner/standard_task_runner.py:61: DeprecationWarning: This process (pid=4171) is multi-threaded, use of fork() may lead to deadlocks in the child.
  pid = os.fork()

[2024-05-19T12:27:27.712+0000] {standard_task_runner.py:63} INFO - Started process 4173 to run task
[2024-05-19T12:27:27.711+0000] {standard_task_runner.py:90} INFO - Running: ['***', 'tasks', 'run', 'dummyjson_products', 'write_to_csv_products', 'manual__2024-05-19T12:17:10.391759+00:00', '--job-id', '1710', '--raw', '--subdir', 'DAGS_FOLDER/dummyjson.py', '--cfg-path', '/tmp/tmpvf_gme8a']
[2024-05-19T12:27:27.714+0000] {standard_task_runner.py:91} INFO - Job 1710: Subtask write_to_csv_products
[2024-05-19T12:27:27.788+0000] {task_command.py:426} INFO - Running <TaskInstance: dummyjson_products.write_to_csv_products manual__2024-05-19T12:17:10.391759+00:00 [running]> on host ca927d78a9ea
[2024-05-19T12:27:28.230+0000] {taskinstance.py:2648} INFO - Exporting env vars: AIRFLOW_CTX_DAG_EMAIL='fathurrahmanhernanda@gmail.com' AIRFLOW_CTX_DAG_OWNER='***' AIRFLOW_CTX_DAG_ID='dummyjson_products' AIRFLOW_CTX_TASK_ID='write_to_csv_products' AIRFLOW_CTX_EXECUTION_DATE='2024-05-19T12:17:10.391759+00:00' AIRFLOW_CTX_TRY_NUMBER='4' AIRFLOW_CTX_DAG_RUN_ID='manual__2024-05-19T12:17:10.391759+00:00'
[2024-05-19T12:27:28.232+0000] {taskinstance.py:430} INFO - ::endgroup::
[2024-05-19T12:27:28.259+0000] {dummyjson.py:50} INFO - CSV file has been written successfully to /opt/***/dags/playground/target/dummyjson/products.csv.
[2024-05-19T12:27:28.260+0000] {python.py:237} INFO - Done. Returned value was: None
[2024-05-19T12:27:28.261+0000] {taskinstance.py:441} INFO - ::group::Post task execution logs
[2024-05-19T12:27:28.279+0000] {taskinstance.py:1206} INFO - Marking task as SUCCESS. dag_id=dummyjson_products, task_id=write_to_csv_products, run_id=manual__2024-05-19T12:17:10.391759+00:00, execution_date=20240519T121710, start_date=20240519T122727, end_date=20240519T122728
[2024-05-19T12:27:28.329+0000] {local_task_job_runner.py:240} INFO - Task exited with return code 0
[2024-05-19T12:27:28.606+0000] {taskinstance.py:3498} INFO - 0 downstream tasks scheduled from follow-on schedule check
[2024-05-19T12:27:28.610+0000] {local_task_job_runner.py:222} INFO - ::endgroup::
