[2024-05-13T09:59:54.771+0000] {local_task_job_runner.py:120} INFO - ::group::Pre task execution logs
[2024-05-13T09:59:54.980+0000] {taskinstance.py:2076} INFO - Dependencies all met for dep_context=non-requeueable deps ti=<TaskInstance: demo.hello scheduled__2022-02-25T00:00:00+00:00 [queued]>
[2024-05-13T09:59:55.048+0000] {taskinstance.py:2076} INFO - Dependencies all met for dep_context=requeueable deps ti=<TaskInstance: demo.hello scheduled__2022-02-25T00:00:00+00:00 [queued]>
[2024-05-13T09:59:55.051+0000] {taskinstance.py:2306} INFO - Starting attempt 1 of 1
[2024-05-13T09:59:55.121+0000] {taskinstance.py:2330} INFO - Executing <Task(BashOperator): hello> on 2022-02-25 00:00:00+00:00
[2024-05-13T09:59:55.156+0000] {warnings.py:110} WARNING - /home/***/.local/lib/python3.12/site-packages/***/task/task_runner/standard_task_runner.py:61: DeprecationWarning: This process (pid=957) is multi-threaded, use of fork() may lead to deadlocks in the child.
  pid = os.fork()

[2024-05-13T09:59:55.181+0000] {standard_task_runner.py:63} INFO - Started process 996 to run task
[2024-05-13T09:59:55.209+0000] {standard_task_runner.py:90} INFO - Running: ['***', 'tasks', 'run', 'demo', 'hello', 'scheduled__2022-02-25T00:00:00+00:00', '--job-id', '107', '--raw', '--subdir', 'DAGS_FOLDER/demo.py', '--cfg-path', '/tmp/tmpse4nnf20']
[2024-05-13T09:59:55.229+0000] {standard_task_runner.py:91} INFO - Job 107: Subtask hello
[2024-05-13T09:59:55.601+0000] {task_command.py:426} INFO - Running <TaskInstance: demo.hello scheduled__2022-02-25T00:00:00+00:00 [running]> on host c2025ffc2c56
[2024-05-13T09:59:56.293+0000] {taskinstance.py:2648} INFO - Exporting env vars: AIRFLOW_CTX_DAG_OWNER='***' AIRFLOW_CTX_DAG_ID='demo' AIRFLOW_CTX_TASK_ID='hello' AIRFLOW_CTX_EXECUTION_DATE='2022-02-25T00:00:00+00:00' AIRFLOW_CTX_TRY_NUMBER='1' AIRFLOW_CTX_DAG_RUN_ID='scheduled__2022-02-25T00:00:00+00:00'
[2024-05-13T09:59:56.305+0000] {taskinstance.py:430} INFO - ::endgroup::
[2024-05-13T09:59:56.308+0000] {subprocess.py:63} INFO - Tmp dir root location: /tmp
[2024-05-13T09:59:56.315+0000] {subprocess.py:75} INFO - Running command: ['/usr/bin/bash', '-c', 'echo hello']
[2024-05-13T09:59:56.396+0000] {subprocess.py:86} INFO - Output:
[2024-05-13T09:59:56.401+0000] {subprocess.py:93} INFO - hello
[2024-05-13T09:59:56.410+0000] {subprocess.py:97} INFO - Command exited with return code 0
[2024-05-13T09:59:56.414+0000] {taskinstance.py:441} INFO - ::group::Post task execution logs
[2024-05-13T09:59:56.555+0000] {taskinstance.py:1206} INFO - Marking task as SUCCESS. dag_id=demo, task_id=hello, run_id=scheduled__2022-02-25T00:00:00+00:00, execution_date=20220225T000000, start_date=20240513T095954, end_date=20240513T095956
[2024-05-13T09:59:56.638+0000] {local_task_job_runner.py:240} INFO - Task exited with return code 0
[2024-05-13T09:59:56.736+0000] {local_task_job_runner.py:222} INFO - ::endgroup::
