[2024-05-14T14:40:06.105+0000] {local_task_job_runner.py:120} INFO - ::group::Pre task execution logs
[2024-05-14T14:40:06.144+0000] {taskinstance.py:2076} INFO - Dependencies all met for dep_context=non-requeueable deps ti=<TaskInstance: json2csv_b.customers_transform scheduled__2024-05-14T14:35:00+00:00 [queued]>
[2024-05-14T14:40:06.160+0000] {taskinstance.py:2076} INFO - Dependencies all met for dep_context=requeueable deps ti=<TaskInstance: json2csv_b.customers_transform scheduled__2024-05-14T14:35:00+00:00 [queued]>
[2024-05-14T14:40:06.161+0000] {taskinstance.py:2306} INFO - Starting attempt 1 of 1
[2024-05-14T14:40:06.181+0000] {taskinstance.py:2330} INFO - Executing <Task(_PythonDecoratedOperator): customers_transform> on 2024-05-14 14:35:00+00:00
[2024-05-14T14:40:06.191+0000] {warnings.py:110} WARNING - /home/***/.local/lib/python3.12/site-packages/***/task/task_runner/standard_task_runner.py:61: DeprecationWarning: This process (pid=1722) is multi-threaded, use of fork() may lead to deadlocks in the child.
  pid = os.fork()

[2024-05-14T14:40:06.194+0000] {standard_task_runner.py:63} INFO - Started process 1730 to run task
[2024-05-14T14:40:06.193+0000] {standard_task_runner.py:90} INFO - Running: ['***', 'tasks', 'run', 'json2csv_b', 'customers_transform', 'scheduled__2024-05-14T14:35:00+00:00', '--job-id', '825', '--raw', '--subdir', 'DAGS_FOLDER/json_to_csv_dynamic.py', '--cfg-path', '/tmp/tmphkix31k8']
[2024-05-14T14:40:06.197+0000] {standard_task_runner.py:91} INFO - Job 825: Subtask customers_transform
[2024-05-14T14:40:06.272+0000] {task_command.py:426} INFO - Running <TaskInstance: json2csv_b.customers_transform scheduled__2024-05-14T14:35:00+00:00 [running]> on host c2025ffc2c56
[2024-05-14T14:40:06.464+0000] {taskinstance.py:2648} INFO - Exporting env vars: AIRFLOW_CTX_DAG_OWNER='***' AIRFLOW_CTX_DAG_ID='json2csv_b' AIRFLOW_CTX_TASK_ID='customers_transform' AIRFLOW_CTX_EXECUTION_DATE='2024-05-14T14:35:00+00:00' AIRFLOW_CTX_TRY_NUMBER='1' AIRFLOW_CTX_DAG_RUN_ID='scheduled__2024-05-14T14:35:00+00:00'
[2024-05-14T14:40:06.467+0000] {taskinstance.py:430} INFO - ::endgroup::
[2024-05-14T14:40:06.469+0000] {python.py:237} INFO - Done. Returned value was: 1,Fariz Wakan,2024-01-01
2,Fathurrahman Hernanda,2024-01-02

[2024-05-14T14:40:06.470+0000] {taskinstance.py:441} INFO - ::group::Post task execution logs
[2024-05-14T14:40:06.510+0000] {taskinstance.py:1206} INFO - Marking task as SUCCESS. dag_id=json2csv_b, task_id=customers_transform, run_id=scheduled__2024-05-14T14:35:00+00:00, execution_date=20240514T143500, start_date=20240514T144006, end_date=20240514T144006
[2024-05-14T14:40:06.570+0000] {local_task_job_runner.py:240} INFO - Task exited with return code 0
[2024-05-14T14:40:06.609+0000] {taskinstance.py:3498} INFO - 1 downstream tasks scheduled from follow-on schedule check
[2024-05-14T14:40:06.612+0000] {local_task_job_runner.py:222} INFO - ::endgroup::
