[2024-05-19T15:23:23.734+0000] {local_task_job_runner.py:120} INFO - ::group::Pre task execution logs
[2024-05-19T15:23:23.773+0000] {taskinstance.py:2076} INFO - Dependencies all met for dep_context=non-requeueable deps ti=<TaskInstance: dummyjson.extract_post manual__2024-05-19T15:17:18.366686+00:00 [queued]>
[2024-05-19T15:23:23.790+0000] {taskinstance.py:2076} INFO - Dependencies all met for dep_context=requeueable deps ti=<TaskInstance: dummyjson.extract_post manual__2024-05-19T15:17:18.366686+00:00 [queued]>
[2024-05-19T15:23:23.791+0000] {taskinstance.py:2306} INFO - Starting attempt 2 of 7
[2024-05-19T15:23:23.819+0000] {taskinstance.py:2330} INFO - Executing <Task(SimpleHttpOperator): extract_post> on 2024-05-19 15:17:18.366686+00:00
[2024-05-19T15:23:23.831+0000] {warnings.py:110} WARNING - /home/***/.local/lib/python3.12/site-packages/***/task/task_runner/standard_task_runner.py:61: DeprecationWarning: This process (pid=1723) is multi-threaded, use of fork() may lead to deadlocks in the child.
  pid = os.fork()

[2024-05-19T15:23:23.833+0000] {standard_task_runner.py:63} INFO - Started process 1735 to run task
[2024-05-19T15:23:23.833+0000] {standard_task_runner.py:90} INFO - Running: ['***', 'tasks', 'run', 'dummyjson', 'extract_post', 'manual__2024-05-19T15:17:18.366686+00:00', '--job-id', '2019', '--raw', '--subdir', 'DAGS_FOLDER/dummyjson.py', '--cfg-path', '/tmp/tmpieviah5u']
[2024-05-19T15:23:23.837+0000] {standard_task_runner.py:91} INFO - Job 2019: Subtask extract_post
[2024-05-19T15:23:23.922+0000] {task_command.py:426} INFO - Running <TaskInstance: dummyjson.extract_post manual__2024-05-19T15:17:18.366686+00:00 [running]> on host ca927d78a9ea
[2024-05-19T15:23:24.933+0000] {taskinstance.py:2648} INFO - Exporting env vars: AIRFLOW_CTX_DAG_EMAIL='fathurrahmanhernanda@gmail.com' AIRFLOW_CTX_DAG_OWNER='***' AIRFLOW_CTX_DAG_ID='dummyjson' AIRFLOW_CTX_TASK_ID='extract_post' AIRFLOW_CTX_EXECUTION_DATE='2024-05-19T15:17:18.366686+00:00' AIRFLOW_CTX_TRY_NUMBER='2' AIRFLOW_CTX_DAG_RUN_ID='manual__2024-05-19T15:17:18.366686+00:00'
[2024-05-19T15:23:24.936+0000] {taskinstance.py:430} INFO - ::endgroup::
[2024-05-19T15:23:24.937+0000] {http.py:169} INFO - Calling HTTP method
[2024-05-19T15:23:24.957+0000] {base.py:84} INFO - Using connection ID 'dummyjson_api' for task execution.
[2024-05-19T15:23:24.968+0000] {base.py:84} INFO - Using connection ID 'dummyjson_api' for task execution.
[2024-05-19T15:23:26.661+0000] {taskinstance.py:441} INFO - ::group::Post task execution logs
[2024-05-19T15:23:26.713+0000] {taskinstance.py:1206} INFO - Marking task as SUCCESS. dag_id=dummyjson, task_id=extract_post, run_id=manual__2024-05-19T15:17:18.366686+00:00, execution_date=20240519T151718, start_date=20240519T152323, end_date=20240519T152326
[2024-05-19T15:23:26.782+0000] {local_task_job_runner.py:240} INFO - Task exited with return code 0
[2024-05-19T15:23:26.812+0000] {warnings.py:110} WARNING - /home/***/.local/lib/python3.12/site-packages/***/models/baseoperator.py:1296: AirflowProviderDeprecationWarning: Call to deprecated class SimpleHttpOperator. (Class `SimpleHttpOperator` is deprecated and will be removed in a future release. Please use `HttpOperator` instead.)
  result = cls.__new__(cls)

[2024-05-19T15:23:26.853+0000] {taskinstance.py:3498} INFO - 1 downstream tasks scheduled from follow-on schedule check
[2024-05-19T15:23:26.857+0000] {local_task_job_runner.py:222} INFO - ::endgroup::
