[2024-05-19T12:18:11.254+0000] {local_task_job_runner.py:120} INFO - ::group::Pre task execution logs
[2024-05-19T12:18:11.288+0000] {taskinstance.py:2076} INFO - Dependencies all met for dep_context=non-requeueable deps ti=<TaskInstance: dummyjson_products.local_to_gcs_products manual__2024-05-19T12:17:37.648214+00:00 [queued]>
[2024-05-19T12:18:11.302+0000] {taskinstance.py:2076} INFO - Dependencies all met for dep_context=requeueable deps ti=<TaskInstance: dummyjson_products.local_to_gcs_products manual__2024-05-19T12:17:37.648214+00:00 [queued]>
[2024-05-19T12:18:11.303+0000] {taskinstance.py:2306} INFO - Starting attempt 1 of 6
[2024-05-19T12:18:11.330+0000] {taskinstance.py:2330} INFO - Executing <Task(LocalFilesystemToGCSOperator): local_to_gcs_products> on 2024-05-19 12:17:37.648214+00:00
[2024-05-19T12:18:11.344+0000] {warnings.py:110} WARNING - /home/***/.local/lib/python3.12/site-packages/***/task/task_runner/standard_task_runner.py:61: DeprecationWarning: This process (pid=3932) is multi-threaded, use of fork() may lead to deadlocks in the child.
  pid = os.fork()

[2024-05-19T12:18:11.347+0000] {standard_task_runner.py:63} INFO - Started process 3941 to run task
[2024-05-19T12:18:11.348+0000] {standard_task_runner.py:90} INFO - Running: ['***', 'tasks', 'run', 'dummyjson_products', 'local_to_gcs_products', 'manual__2024-05-19T12:17:37.648214+00:00', '--job-id', '1668', '--raw', '--subdir', 'DAGS_FOLDER/dummyjson.py', '--cfg-path', '/tmp/tmpi49tisqx']
[2024-05-19T12:18:11.350+0000] {standard_task_runner.py:91} INFO - Job 1668: Subtask local_to_gcs_products
[2024-05-19T12:18:11.424+0000] {task_command.py:426} INFO - Running <TaskInstance: dummyjson_products.local_to_gcs_products manual__2024-05-19T12:17:37.648214+00:00 [running]> on host ca927d78a9ea
[2024-05-19T12:18:11.896+0000] {taskinstance.py:2648} INFO - Exporting env vars: AIRFLOW_CTX_DAG_EMAIL='fathurrahmanhernanda@gmail.com' AIRFLOW_CTX_DAG_OWNER='***' AIRFLOW_CTX_DAG_ID='dummyjson_products' AIRFLOW_CTX_TASK_ID='local_to_gcs_products' AIRFLOW_CTX_EXECUTION_DATE='2024-05-19T12:17:37.648214+00:00' AIRFLOW_CTX_TRY_NUMBER='1' AIRFLOW_CTX_DAG_RUN_ID='manual__2024-05-19T12:17:37.648214+00:00'
[2024-05-19T12:18:11.897+0000] {taskinstance.py:430} INFO - ::endgroup::
[2024-05-19T12:18:11.908+0000] {connection.py:274} WARNING - Connection schemes (type: google_cloud_platform) shall not contain '_' according to RFC3986.
[2024-05-19T12:18:11.914+0000] {base.py:84} INFO - Using connection ID '***GCP' for task execution.
[2024-05-19T12:18:12.952+0000] {gcs.py:556} INFO - File /opt/***/dags/playground/target/dummyjson/products.csv uploaded to products.csv in weekly-assignment-6 bucket
[2024-05-19T12:18:12.953+0000] {taskinstance.py:441} INFO - ::group::Post task execution logs
[2024-05-19T12:18:12.978+0000] {taskinstance.py:1206} INFO - Marking task as SUCCESS. dag_id=dummyjson_products, task_id=local_to_gcs_products, run_id=manual__2024-05-19T12:17:37.648214+00:00, execution_date=20240519T121737, start_date=20240519T121811, end_date=20240519T121812
[2024-05-19T12:18:13.050+0000] {local_task_job_runner.py:240} INFO - Task exited with return code 0
[2024-05-19T12:18:13.089+0000] {taskinstance.py:3498} INFO - 1 downstream tasks scheduled from follow-on schedule check
[2024-05-19T12:18:13.095+0000] {local_task_job_runner.py:222} INFO - ::endgroup::
