[2024-05-15T04:20:05.399+0000] {local_task_job_runner.py:120} INFO - ::group::Pre task execution logs
[2024-05-15T04:20:05.440+0000] {taskinstance.py:2076} INFO - Dependencies all met for dep_context=non-requeueable deps ti=<TaskInstance: json2csv_b.customers_transform scheduled__2024-05-15T04:15:00+00:00 [queued]>
[2024-05-15T04:20:05.455+0000] {taskinstance.py:2076} INFO - Dependencies all met for dep_context=requeueable deps ti=<TaskInstance: json2csv_b.customers_transform scheduled__2024-05-15T04:15:00+00:00 [queued]>
[2024-05-15T04:20:05.456+0000] {taskinstance.py:2306} INFO - Starting attempt 1 of 1
[2024-05-15T04:20:05.477+0000] {taskinstance.py:2330} INFO - Executing <Task(_PythonDecoratedOperator): customers_transform> on 2024-05-15 04:15:00+00:00
[2024-05-15T04:20:05.489+0000] {warnings.py:110} WARNING - /home/***/.local/lib/python3.12/site-packages/***/task/task_runner/standard_task_runner.py:61: DeprecationWarning: This process (pid=312) is multi-threaded, use of fork() may lead to deadlocks in the child.
  pid = os.fork()

[2024-05-15T04:20:05.492+0000] {standard_task_runner.py:63} INFO - Started process 316 to run task
[2024-05-15T04:20:05.493+0000] {standard_task_runner.py:90} INFO - Running: ['***', 'tasks', 'run', 'json2csv_b', 'customers_transform', 'scheduled__2024-05-15T04:15:00+00:00', '--job-id', '918', '--raw', '--subdir', 'DAGS_FOLDER/json_to_csv_dynamic_config.py', '--cfg-path', '/tmp/tmpfj4xrtrl']
[2024-05-15T04:20:05.497+0000] {standard_task_runner.py:91} INFO - Job 918: Subtask customers_transform
[2024-05-15T04:20:05.592+0000] {task_command.py:426} INFO - Running <TaskInstance: json2csv_b.customers_transform scheduled__2024-05-15T04:15:00+00:00 [running]> on host c2025ffc2c56
[2024-05-15T04:20:05.774+0000] {taskinstance.py:2648} INFO - Exporting env vars: AIRFLOW_CTX_DAG_OWNER='***' AIRFLOW_CTX_DAG_ID='json2csv_b' AIRFLOW_CTX_TASK_ID='customers_transform' AIRFLOW_CTX_EXECUTION_DATE='2024-05-15T04:15:00+00:00' AIRFLOW_CTX_TRY_NUMBER='1' AIRFLOW_CTX_DAG_RUN_ID='scheduled__2024-05-15T04:15:00+00:00'
[2024-05-15T04:20:05.777+0000] {taskinstance.py:430} INFO - ::endgroup::
[2024-05-15T04:20:05.778+0000] {python.py:237} INFO - Done. Returned value was: 1,Fariz Wakan,2024-01-01
2,Fathurrahman Hernanda,2024-01-02

[2024-05-15T04:20:05.779+0000] {taskinstance.py:441} INFO - ::group::Post task execution logs
[2024-05-15T04:20:05.817+0000] {taskinstance.py:1206} INFO - Marking task as SUCCESS. dag_id=json2csv_b, task_id=customers_transform, run_id=scheduled__2024-05-15T04:15:00+00:00, execution_date=20240515T041500, start_date=20240515T042005, end_date=20240515T042005
[2024-05-15T04:20:05.868+0000] {local_task_job_runner.py:240} INFO - Task exited with return code 0
[2024-05-15T04:20:05.912+0000] {taskinstance.py:3498} INFO - 1 downstream tasks scheduled from follow-on schedule check
[2024-05-15T04:20:05.917+0000] {local_task_job_runner.py:222} INFO - ::endgroup::
