[2024-05-18T15:11:47.690+0000] {local_task_job_runner.py:120} INFO - ::group::Pre task execution logs
[2024-05-18T15:11:47.718+0000] {taskinstance.py:2076} INFO - Dependencies all met for dep_context=non-requeueable deps ti=<TaskInstance: dummyjson_ingestion.is_api_available manual__2024-05-18T15:11:44.972766+00:00 [queued]>
[2024-05-18T15:11:47.730+0000] {taskinstance.py:2076} INFO - Dependencies all met for dep_context=requeueable deps ti=<TaskInstance: dummyjson_ingestion.is_api_available manual__2024-05-18T15:11:44.972766+00:00 [queued]>
[2024-05-18T15:11:47.731+0000] {taskinstance.py:2306} INFO - Starting attempt 1 of 1
[2024-05-18T15:11:47.753+0000] {taskinstance.py:2330} INFO - Executing <Task(HttpSensor): is_api_available> on 2024-05-18 15:11:44.972766+00:00
[2024-05-18T15:11:47.762+0000] {warnings.py:110} WARNING - /home/***/.local/lib/python3.12/site-packages/***/task/task_runner/standard_task_runner.py:61: DeprecationWarning: This process (pid=610) is multi-threaded, use of fork() may lead to deadlocks in the child.
  pid = os.fork()

[2024-05-18T15:11:47.765+0000] {standard_task_runner.py:63} INFO - Started process 619 to run task
[2024-05-18T15:11:47.765+0000] {standard_task_runner.py:90} INFO - Running: ['***', 'tasks', 'run', 'dummyjson_ingestion', 'is_api_available', 'manual__2024-05-18T15:11:44.972766+00:00', '--job-id', '1145', '--raw', '--subdir', 'DAGS_FOLDER/weekly_assignment.py', '--cfg-path', '/tmp/tmptqpjg11z']
[2024-05-18T15:11:47.771+0000] {standard_task_runner.py:91} INFO - Job 1145: Subtask is_api_available
[2024-05-18T15:11:47.862+0000] {task_command.py:426} INFO - Running <TaskInstance: dummyjson_ingestion.is_api_available manual__2024-05-18T15:11:44.972766+00:00 [running]> on host 8d1d9b6df744
[2024-05-18T15:11:48.052+0000] {taskinstance.py:2648} INFO - Exporting env vars: AIRFLOW_CTX_DAG_OWNER='***' AIRFLOW_CTX_DAG_ID='dummyjson_ingestion' AIRFLOW_CTX_TASK_ID='is_api_available' AIRFLOW_CTX_EXECUTION_DATE='2024-05-18T15:11:44.972766+00:00' AIRFLOW_CTX_TRY_NUMBER='1' AIRFLOW_CTX_DAG_RUN_ID='manual__2024-05-18T15:11:44.972766+00:00'
[2024-05-18T15:11:48.059+0000] {taskinstance.py:430} INFO - ::endgroup::
[2024-05-18T15:11:48.060+0000] {baseoperator.py:399} WARNING - HttpSensor.execute cannot be called outside TaskInstance!
[2024-05-18T15:11:48.061+0000] {http.py:137} INFO - Poking: /users
[2024-05-18T15:11:48.078+0000] {base.py:84} INFO - Using connection ID 'dummyjson_api' for task execution.
[2024-05-18T15:11:48.745+0000] {http.py:199} ERROR - HTTP error: Not Found
[2024-05-18T15:11:48.746+0000] {http.py:200} ERROR - not found!
[2024-05-18T15:12:48.749+0000] {http.py:137} INFO - Poking: /users
[2024-05-18T15:12:48.766+0000] {base.py:84} INFO - Using connection ID 'dummyjson_api' for task execution.
[2024-05-18T15:12:49.480+0000] {http.py:199} ERROR - HTTP error: Not Found
[2024-05-18T15:12:49.481+0000] {http.py:200} ERROR - not found!
[2024-05-18T15:13:49.483+0000] {http.py:137} INFO - Poking: /users
[2024-05-18T15:13:49.495+0000] {base.py:84} INFO - Using connection ID 'dummyjson_api' for task execution.
[2024-05-18T15:13:50.121+0000] {http.py:199} ERROR - HTTP error: Not Found
[2024-05-18T15:13:50.122+0000] {http.py:200} ERROR - not found!
[2024-05-18T15:14:50.124+0000] {http.py:137} INFO - Poking: /users
[2024-05-18T15:14:50.138+0000] {base.py:84} INFO - Using connection ID 'dummyjson_api' for task execution.
[2024-05-18T15:14:50.873+0000] {http.py:199} ERROR - HTTP error: Not Found
[2024-05-18T15:14:50.873+0000] {http.py:200} ERROR - not found!
[2024-05-18T15:15:50.876+0000] {http.py:137} INFO - Poking: /users
[2024-05-18T15:15:50.886+0000] {base.py:84} INFO - Using connection ID 'dummyjson_api' for task execution.
[2024-05-18T15:15:51.503+0000] {http.py:199} ERROR - HTTP error: Not Found
[2024-05-18T15:15:51.504+0000] {http.py:200} ERROR - not found!
[2024-05-18T15:16:51.506+0000] {http.py:137} INFO - Poking: /users
[2024-05-18T15:16:51.521+0000] {base.py:84} INFO - Using connection ID 'dummyjson_api' for task execution.
[2024-05-18T15:16:52.130+0000] {http.py:199} ERROR - HTTP error: Not Found
[2024-05-18T15:16:52.131+0000] {http.py:200} ERROR - not found!
[2024-05-18T15:17:52.133+0000] {http.py:137} INFO - Poking: /users
[2024-05-18T15:17:52.148+0000] {base.py:84} INFO - Using connection ID 'dummyjson_api' for task execution.
[2024-05-18T15:17:52.836+0000] {http.py:199} ERROR - HTTP error: Not Found
[2024-05-18T15:17:52.841+0000] {http.py:200} ERROR - not found!
[2024-05-18T15:18:52.853+0000] {http.py:137} INFO - Poking: /users
[2024-05-18T15:18:52.869+0000] {base.py:84} INFO - Using connection ID 'dummyjson_api' for task execution.
[2024-05-18T15:18:53.574+0000] {http.py:199} ERROR - HTTP error: Not Found
[2024-05-18T15:18:53.575+0000] {http.py:200} ERROR - not found!
[2024-05-18T15:19:53.579+0000] {http.py:137} INFO - Poking: /users
[2024-05-18T15:19:53.589+0000] {base.py:84} INFO - Using connection ID 'dummyjson_api' for task execution.
[2024-05-18T15:19:54.374+0000] {http.py:199} ERROR - HTTP error: Not Found
[2024-05-18T15:19:54.375+0000] {http.py:200} ERROR - not found!
[2024-05-18T15:20:54.376+0000] {http.py:137} INFO - Poking: /users
[2024-05-18T15:20:54.387+0000] {base.py:84} INFO - Using connection ID 'dummyjson_api' for task execution.
[2024-05-18T15:20:55.175+0000] {http.py:199} ERROR - HTTP error: Not Found
[2024-05-18T15:20:55.176+0000] {http.py:200} ERROR - not found!
[2024-05-18T15:21:55.179+0000] {http.py:137} INFO - Poking: /users
[2024-05-18T15:21:55.191+0000] {base.py:84} INFO - Using connection ID 'dummyjson_api' for task execution.
[2024-05-18T15:21:55.920+0000] {http.py:199} ERROR - HTTP error: Not Found
[2024-05-18T15:21:55.921+0000] {http.py:200} ERROR - not found!
[2024-05-18T15:22:55.941+0000] {http.py:137} INFO - Poking: /users
[2024-05-18T15:22:55.967+0000] {base.py:84} INFO - Using connection ID 'dummyjson_api' for task execution.
[2024-05-18T15:22:57.279+0000] {http.py:199} ERROR - HTTP error: Not Found
[2024-05-18T15:22:57.280+0000] {http.py:200} ERROR - not found!
[2024-05-18T15:23:57.283+0000] {http.py:137} INFO - Poking: /users
[2024-05-18T15:23:57.295+0000] {base.py:84} INFO - Using connection ID 'dummyjson_api' for task execution.
[2024-05-18T15:23:57.917+0000] {http.py:199} ERROR - HTTP error: Not Found
[2024-05-18T15:23:57.918+0000] {http.py:200} ERROR - not found!
[2024-05-18T15:24:57.921+0000] {http.py:137} INFO - Poking: /users
[2024-05-18T15:24:57.932+0000] {base.py:84} INFO - Using connection ID 'dummyjson_api' for task execution.
[2024-05-18T15:24:59.162+0000] {http.py:199} ERROR - HTTP error: Not Found
[2024-05-18T15:24:59.164+0000] {http.py:200} ERROR - not found!
[2024-05-18T15:25:59.172+0000] {http.py:137} INFO - Poking: /users
[2024-05-18T15:25:59.181+0000] {base.py:84} INFO - Using connection ID 'dummyjson_api' for task execution.
[2024-05-18T15:25:59.809+0000] {http.py:199} ERROR - HTTP error: Not Found
[2024-05-18T15:25:59.810+0000] {http.py:200} ERROR - not found!
[2024-05-18T15:26:59.813+0000] {http.py:137} INFO - Poking: /users
[2024-05-18T15:26:59.826+0000] {base.py:84} INFO - Using connection ID 'dummyjson_api' for task execution.
[2024-05-18T15:27:00.562+0000] {http.py:199} ERROR - HTTP error: Not Found
[2024-05-18T15:27:00.562+0000] {http.py:200} ERROR - not found!
[2024-05-18T15:28:00.565+0000] {http.py:137} INFO - Poking: /users
[2024-05-18T15:28:00.577+0000] {base.py:84} INFO - Using connection ID 'dummyjson_api' for task execution.
[2024-05-18T15:28:02.327+0000] {http.py:199} ERROR - HTTP error: Not Found
[2024-05-18T15:28:02.327+0000] {http.py:200} ERROR - not found!
[2024-05-18T15:29:02.330+0000] {http.py:137} INFO - Poking: /users
[2024-05-18T15:29:02.402+0000] {base.py:84} INFO - Using connection ID 'dummyjson_api' for task execution.
[2024-05-18T15:29:03.186+0000] {http.py:199} ERROR - HTTP error: Not Found
[2024-05-18T15:29:03.187+0000] {http.py:200} ERROR - not found!
[2024-05-18T15:30:03.195+0000] {http.py:137} INFO - Poking: /users
[2024-05-18T15:30:03.211+0000] {base.py:84} INFO - Using connection ID 'dummyjson_api' for task execution.
[2024-05-18T15:30:03.874+0000] {http.py:199} ERROR - HTTP error: Not Found
[2024-05-18T15:30:03.875+0000] {http.py:200} ERROR - not found!
[2024-05-18T15:31:03.879+0000] {http.py:137} INFO - Poking: /users
[2024-05-18T15:31:03.901+0000] {base.py:84} INFO - Using connection ID 'dummyjson_api' for task execution.
[2024-05-18T15:31:04.588+0000] {http.py:199} ERROR - HTTP error: Not Found
[2024-05-18T15:31:04.589+0000] {http.py:200} ERROR - not found!
[2024-05-18T15:32:04.593+0000] {http.py:137} INFO - Poking: /users
[2024-05-18T15:32:04.605+0000] {base.py:84} INFO - Using connection ID 'dummyjson_api' for task execution.
[2024-05-18T15:32:05.249+0000] {http.py:199} ERROR - HTTP error: Not Found
[2024-05-18T15:32:05.250+0000] {http.py:200} ERROR - not found!
[2024-05-18T15:33:05.253+0000] {http.py:137} INFO - Poking: /users
[2024-05-18T15:33:05.266+0000] {base.py:84} INFO - Using connection ID 'dummyjson_api' for task execution.
[2024-05-18T15:33:06.235+0000] {http.py:199} ERROR - HTTP error: Not Found
[2024-05-18T15:33:06.236+0000] {http.py:200} ERROR - not found!
[2024-05-18T15:34:06.238+0000] {http.py:137} INFO - Poking: /users
[2024-05-18T15:34:06.248+0000] {base.py:84} INFO - Using connection ID 'dummyjson_api' for task execution.
[2024-05-18T15:34:07.121+0000] {http.py:199} ERROR - HTTP error: Not Found
[2024-05-18T15:34:07.122+0000] {http.py:200} ERROR - not found!
[2024-05-18T15:35:07.125+0000] {http.py:137} INFO - Poking: /users
[2024-05-18T15:35:07.137+0000] {base.py:84} INFO - Using connection ID 'dummyjson_api' for task execution.
[2024-05-18T15:35:08.346+0000] {http.py:199} ERROR - HTTP error: Not Found
[2024-05-18T15:35:08.347+0000] {http.py:200} ERROR - not found!
[2024-05-18T15:36:08.350+0000] {http.py:137} INFO - Poking: /users
[2024-05-18T15:36:08.363+0000] {base.py:84} INFO - Using connection ID 'dummyjson_api' for task execution.
[2024-05-18T15:36:09.359+0000] {http.py:199} ERROR - HTTP error: Not Found
[2024-05-18T15:36:09.360+0000] {http.py:200} ERROR - not found!
[2024-05-18T15:37:09.362+0000] {http.py:137} INFO - Poking: /users
[2024-05-18T15:37:09.374+0000] {base.py:84} INFO - Using connection ID 'dummyjson_api' for task execution.
[2024-05-18T15:37:11.048+0000] {http.py:199} ERROR - HTTP error: Not Found
[2024-05-18T15:37:11.049+0000] {http.py:200} ERROR - not found!
[2024-05-18T15:38:11.053+0000] {http.py:137} INFO - Poking: /users
[2024-05-18T15:38:11.091+0000] {base.py:84} INFO - Using connection ID 'dummyjson_api' for task execution.
[2024-05-18T15:38:11.877+0000] {http.py:199} ERROR - HTTP error: Not Found
[2024-05-18T15:38:11.879+0000] {http.py:200} ERROR - not found!
[2024-05-18T15:39:11.885+0000] {http.py:137} INFO - Poking: /users
[2024-05-18T15:39:11.895+0000] {base.py:84} INFO - Using connection ID 'dummyjson_api' for task execution.
[2024-05-18T15:39:12.651+0000] {http.py:199} ERROR - HTTP error: Not Found
[2024-05-18T15:39:12.652+0000] {http.py:200} ERROR - not found!
[2024-05-18T15:40:12.656+0000] {http.py:137} INFO - Poking: /users
[2024-05-18T15:40:12.683+0000] {base.py:84} INFO - Using connection ID 'dummyjson_api' for task execution.
[2024-05-18T15:40:13.356+0000] {http.py:199} ERROR - HTTP error: Not Found
[2024-05-18T15:40:13.358+0000] {http.py:200} ERROR - not found!
[2024-05-18T15:41:13.362+0000] {http.py:137} INFO - Poking: /users
[2024-05-18T15:41:13.373+0000] {base.py:84} INFO - Using connection ID 'dummyjson_api' for task execution.
[2024-05-18T15:41:14.005+0000] {http.py:199} ERROR - HTTP error: Not Found
[2024-05-18T15:41:14.007+0000] {http.py:200} ERROR - not found!
[2024-05-18T15:42:14.011+0000] {http.py:137} INFO - Poking: /users
[2024-05-18T15:42:14.022+0000] {base.py:84} INFO - Using connection ID 'dummyjson_api' for task execution.
[2024-05-18T15:42:15.089+0000] {http.py:199} ERROR - HTTP error: Not Found
[2024-05-18T15:42:15.091+0000] {http.py:200} ERROR - not found!
[2024-05-18T15:43:15.105+0000] {http.py:137} INFO - Poking: /users
[2024-05-18T15:43:15.130+0000] {base.py:84} INFO - Using connection ID 'dummyjson_api' for task execution.
[2024-05-18T15:43:16.391+0000] {http.py:199} ERROR - HTTP error: Not Found
[2024-05-18T15:43:16.393+0000] {http.py:200} ERROR - not found!
[2024-05-18T15:44:16.395+0000] {http.py:137} INFO - Poking: /users
[2024-05-18T15:44:16.405+0000] {base.py:84} INFO - Using connection ID 'dummyjson_api' for task execution.
[2024-05-18T15:44:17.036+0000] {http.py:199} ERROR - HTTP error: Not Found
[2024-05-18T15:44:17.037+0000] {http.py:200} ERROR - not found!
[2024-05-18T15:45:17.038+0000] {http.py:137} INFO - Poking: /users
[2024-05-18T15:45:17.047+0000] {base.py:84} INFO - Using connection ID 'dummyjson_api' for task execution.
[2024-05-18T15:45:19.038+0000] {http.py:199} ERROR - HTTP error: Not Found
[2024-05-18T15:45:19.040+0000] {http.py:200} ERROR - not found!
[2024-05-18T15:46:19.049+0000] {http.py:137} INFO - Poking: /users
[2024-05-18T15:46:19.058+0000] {base.py:84} INFO - Using connection ID 'dummyjson_api' for task execution.
[2024-05-18T15:46:19.664+0000] {http.py:199} ERROR - HTTP error: Not Found
[2024-05-18T15:46:19.665+0000] {http.py:200} ERROR - not found!
[2024-05-18T15:47:19.669+0000] {http.py:137} INFO - Poking: /users
[2024-05-18T15:47:19.701+0000] {base.py:84} INFO - Using connection ID 'dummyjson_api' for task execution.
[2024-05-18T15:47:20.323+0000] {http.py:199} ERROR - HTTP error: Not Found
[2024-05-18T15:47:20.325+0000] {http.py:200} ERROR - not found!
[2024-05-18T15:48:20.328+0000] {http.py:137} INFO - Poking: /users
[2024-05-18T15:48:20.350+0000] {base.py:84} INFO - Using connection ID 'dummyjson_api' for task execution.
[2024-05-18T15:48:20.975+0000] {http.py:199} ERROR - HTTP error: Not Found
[2024-05-18T15:48:20.976+0000] {http.py:200} ERROR - not found!
[2024-05-18T15:49:20.979+0000] {http.py:137} INFO - Poking: /users
[2024-05-18T15:49:20.990+0000] {base.py:84} INFO - Using connection ID 'dummyjson_api' for task execution.
[2024-05-18T15:49:21.617+0000] {http.py:199} ERROR - HTTP error: Not Found
[2024-05-18T15:49:21.618+0000] {http.py:200} ERROR - not found!
[2024-05-18T15:50:21.623+0000] {http.py:137} INFO - Poking: /users
[2024-05-18T15:50:21.635+0000] {base.py:84} INFO - Using connection ID 'dummyjson_api' for task execution.
[2024-05-18T15:50:23.404+0000] {http.py:199} ERROR - HTTP error: Not Found
[2024-05-18T15:50:23.404+0000] {http.py:200} ERROR - not found!
[2024-05-18T15:51:23.406+0000] {http.py:137} INFO - Poking: /users
[2024-05-18T15:51:23.415+0000] {base.py:84} INFO - Using connection ID 'dummyjson_api' for task execution.
[2024-05-18T15:51:24.036+0000] {http.py:199} ERROR - HTTP error: Not Found
[2024-05-18T15:51:24.037+0000] {http.py:200} ERROR - not found!
[2024-05-18T15:52:24.039+0000] {http.py:137} INFO - Poking: /users
[2024-05-18T15:52:24.067+0000] {base.py:84} INFO - Using connection ID 'dummyjson_api' for task execution.
[2024-05-18T15:52:24.684+0000] {http.py:199} ERROR - HTTP error: Not Found
[2024-05-18T15:52:24.685+0000] {http.py:200} ERROR - not found!
[2024-05-18T15:53:24.687+0000] {http.py:137} INFO - Poking: /users
[2024-05-18T15:53:24.699+0000] {base.py:84} INFO - Using connection ID 'dummyjson_api' for task execution.
[2024-05-18T15:53:25.357+0000] {http.py:199} ERROR - HTTP error: Not Found
[2024-05-18T15:53:25.358+0000] {http.py:200} ERROR - not found!
[2024-05-18T15:54:25.360+0000] {http.py:137} INFO - Poking: /users
[2024-05-18T15:54:25.372+0000] {base.py:84} INFO - Using connection ID 'dummyjson_api' for task execution.
[2024-05-18T15:54:26.295+0000] {http.py:199} ERROR - HTTP error: Not Found
[2024-05-18T15:54:26.298+0000] {http.py:200} ERROR - not found!
[2024-05-18T15:55:26.306+0000] {http.py:137} INFO - Poking: /users
[2024-05-18T15:55:26.317+0000] {base.py:84} INFO - Using connection ID 'dummyjson_api' for task execution.
[2024-05-18T15:55:27.461+0000] {http.py:199} ERROR - HTTP error: Not Found
[2024-05-18T15:55:27.461+0000] {http.py:200} ERROR - not found!
[2024-05-18T15:56:27.462+0000] {http.py:137} INFO - Poking: /users
[2024-05-18T15:56:27.474+0000] {base.py:84} INFO - Using connection ID 'dummyjson_api' for task execution.
[2024-05-18T15:56:28.278+0000] {http.py:199} ERROR - HTTP error: Not Found
[2024-05-18T15:56:28.279+0000] {http.py:200} ERROR - not found!
[2024-05-18T15:57:28.280+0000] {http.py:137} INFO - Poking: /users
[2024-05-18T15:57:28.294+0000] {base.py:84} INFO - Using connection ID 'dummyjson_api' for task execution.
[2024-05-18T15:57:29.174+0000] {http.py:199} ERROR - HTTP error: Not Found
[2024-05-18T15:57:29.175+0000] {http.py:200} ERROR - not found!
[2024-05-18T15:58:29.178+0000] {http.py:137} INFO - Poking: /users
[2024-05-18T15:58:29.190+0000] {base.py:84} INFO - Using connection ID 'dummyjson_api' for task execution.
[2024-05-18T15:58:30.593+0000] {http.py:199} ERROR - HTTP error: Not Found
[2024-05-18T15:58:30.595+0000] {http.py:200} ERROR - not found!
[2024-05-18T15:59:30.605+0000] {http.py:137} INFO - Poking: /users
[2024-05-18T15:59:30.616+0000] {base.py:84} INFO - Using connection ID 'dummyjson_api' for task execution.
[2024-05-18T15:59:31.243+0000] {http.py:199} ERROR - HTTP error: Not Found
[2024-05-18T15:59:31.244+0000] {http.py:200} ERROR - not found!
[2024-05-18T16:00:31.246+0000] {http.py:137} INFO - Poking: /users
[2024-05-18T16:00:31.278+0000] {base.py:84} INFO - Using connection ID 'dummyjson_api' for task execution.
[2024-05-18T16:00:34.836+0000] {http.py:199} ERROR - HTTP error: Not Found
[2024-05-18T16:00:34.836+0000] {http.py:200} ERROR - not found!
[2024-05-18T16:01:34.840+0000] {http.py:137} INFO - Poking: /users
[2024-05-18T16:01:34.849+0000] {base.py:84} INFO - Using connection ID 'dummyjson_api' for task execution.
[2024-05-18T16:01:35.481+0000] {http.py:199} ERROR - HTTP error: Not Found
[2024-05-18T16:01:35.482+0000] {http.py:200} ERROR - not found!
[2024-05-18T16:02:35.485+0000] {http.py:137} INFO - Poking: /users
[2024-05-18T16:02:35.500+0000] {base.py:84} INFO - Using connection ID 'dummyjson_api' for task execution.
[2024-05-18T16:02:36.115+0000] {http.py:199} ERROR - HTTP error: Not Found
[2024-05-18T16:02:36.116+0000] {http.py:200} ERROR - not found!
[2024-05-18T16:03:36.119+0000] {http.py:137} INFO - Poking: /users
[2024-05-18T16:03:36.137+0000] {base.py:84} INFO - Using connection ID 'dummyjson_api' for task execution.
[2024-05-18T16:03:36.756+0000] {http.py:199} ERROR - HTTP error: Not Found
[2024-05-18T16:03:36.757+0000] {http.py:200} ERROR - not found!
[2024-05-18T16:04:36.759+0000] {http.py:137} INFO - Poking: /users
[2024-05-18T16:04:36.771+0000] {base.py:84} INFO - Using connection ID 'dummyjson_api' for task execution.
[2024-05-18T16:04:37.397+0000] {http.py:199} ERROR - HTTP error: Not Found
[2024-05-18T16:04:37.398+0000] {http.py:200} ERROR - not found!
[2024-05-18T16:05:37.401+0000] {http.py:137} INFO - Poking: /users
[2024-05-18T16:05:37.415+0000] {base.py:84} INFO - Using connection ID 'dummyjson_api' for task execution.
[2024-05-18T16:05:43.532+0000] {http.py:199} ERROR - HTTP error: Not Found
[2024-05-18T16:05:43.533+0000] {http.py:200} ERROR - not found!
[2024-05-18T16:06:43.536+0000] {http.py:137} INFO - Poking: /users
[2024-05-18T16:06:43.546+0000] {base.py:84} INFO - Using connection ID 'dummyjson_api' for task execution.
[2024-05-18T16:06:44.158+0000] {http.py:199} ERROR - HTTP error: Not Found
[2024-05-18T16:06:44.159+0000] {http.py:200} ERROR - not found!
[2024-05-18T16:07:44.161+0000] {http.py:137} INFO - Poking: /users
[2024-05-18T16:07:44.171+0000] {base.py:84} INFO - Using connection ID 'dummyjson_api' for task execution.
[2024-05-18T16:07:44.790+0000] {http.py:199} ERROR - HTTP error: Not Found
[2024-05-18T16:07:44.791+0000] {http.py:200} ERROR - not found!
[2024-05-18T16:08:44.793+0000] {http.py:137} INFO - Poking: /users
[2024-05-18T16:08:44.803+0000] {base.py:84} INFO - Using connection ID 'dummyjson_api' for task execution.
[2024-05-18T16:08:45.436+0000] {http.py:199} ERROR - HTTP error: Not Found
[2024-05-18T16:08:45.436+0000] {http.py:200} ERROR - not found!
[2024-05-18T16:09:45.440+0000] {http.py:137} INFO - Poking: /users
[2024-05-18T16:09:45.450+0000] {base.py:84} INFO - Using connection ID 'dummyjson_api' for task execution.
[2024-05-18T16:09:46.085+0000] {http.py:199} ERROR - HTTP error: Not Found
[2024-05-18T16:09:46.086+0000] {http.py:200} ERROR - not found!
[2024-05-18T16:10:46.088+0000] {http.py:137} INFO - Poking: /users
[2024-05-18T16:10:46.097+0000] {base.py:84} INFO - Using connection ID 'dummyjson_api' for task execution.
[2024-05-18T16:10:47.187+0000] {http.py:199} ERROR - HTTP error: Not Found
[2024-05-18T16:10:47.188+0000] {http.py:200} ERROR - not found!
[2024-05-18T16:11:47.193+0000] {http.py:137} INFO - Poking: /users
[2024-05-18T16:11:47.202+0000] {base.py:84} INFO - Using connection ID 'dummyjson_api' for task execution.
[2024-05-18T16:11:48.560+0000] {http.py:199} ERROR - HTTP error: Not Found
[2024-05-18T16:11:48.561+0000] {http.py:200} ERROR - not found!
[2024-05-18T16:12:48.565+0000] {http.py:137} INFO - Poking: /users
[2024-05-18T16:12:48.577+0000] {base.py:84} INFO - Using connection ID 'dummyjson_api' for task execution.
[2024-05-18T16:12:49.180+0000] {http.py:199} ERROR - HTTP error: Not Found
[2024-05-18T16:12:49.181+0000] {http.py:200} ERROR - not found!
[2024-05-18T16:13:49.185+0000] {http.py:137} INFO - Poking: /users
[2024-05-18T16:13:49.211+0000] {base.py:84} INFO - Using connection ID 'dummyjson_api' for task execution.
[2024-05-18T16:13:50.382+0000] {http.py:199} ERROR - HTTP error: Not Found
[2024-05-18T16:13:50.382+0000] {http.py:200} ERROR - not found!
[2024-05-18T16:14:50.385+0000] {http.py:137} INFO - Poking: /users
[2024-05-18T16:14:50.410+0000] {base.py:84} INFO - Using connection ID 'dummyjson_api' for task execution.
[2024-05-18T16:14:51.033+0000] {http.py:199} ERROR - HTTP error: Not Found
[2024-05-18T16:14:51.035+0000] {http.py:200} ERROR - not found!
[2024-05-18T16:15:51.047+0000] {http.py:137} INFO - Poking: /users
[2024-05-18T16:15:51.056+0000] {base.py:84} INFO - Using connection ID 'dummyjson_api' for task execution.
[2024-05-18T16:15:51.756+0000] {http.py:199} ERROR - HTTP error: Not Found
[2024-05-18T16:15:51.757+0000] {http.py:200} ERROR - not found!
[2024-05-18T16:16:51.759+0000] {http.py:137} INFO - Poking: /users
[2024-05-18T16:16:51.768+0000] {base.py:84} INFO - Using connection ID 'dummyjson_api' for task execution.
[2024-05-18T16:16:52.435+0000] {http.py:199} ERROR - HTTP error: Not Found
[2024-05-18T16:16:52.436+0000] {http.py:200} ERROR - not found!
[2024-05-18T16:17:52.438+0000] {http.py:137} INFO - Poking: /users
[2024-05-18T16:17:52.448+0000] {base.py:84} INFO - Using connection ID 'dummyjson_api' for task execution.
[2024-05-18T16:17:53.069+0000] {http.py:199} ERROR - HTTP error: Not Found
[2024-05-18T16:17:53.070+0000] {http.py:200} ERROR - not found!
[2024-05-18T16:18:53.075+0000] {http.py:137} INFO - Poking: /users
[2024-05-18T16:18:53.086+0000] {base.py:84} INFO - Using connection ID 'dummyjson_api' for task execution.
[2024-05-18T16:18:53.750+0000] {http.py:199} ERROR - HTTP error: Not Found
[2024-05-18T16:18:53.751+0000] {http.py:200} ERROR - not found!
[2024-05-18T16:19:53.755+0000] {http.py:137} INFO - Poking: /users
[2024-05-18T16:19:53.780+0000] {base.py:84} INFO - Using connection ID 'dummyjson_api' for task execution.
[2024-05-18T16:19:54.402+0000] {http.py:199} ERROR - HTTP error: Not Found
[2024-05-18T16:19:54.403+0000] {http.py:200} ERROR - not found!
[2024-05-18T16:20:54.406+0000] {http.py:137} INFO - Poking: /users
[2024-05-18T16:20:54.419+0000] {base.py:84} INFO - Using connection ID 'dummyjson_api' for task execution.
[2024-05-18T16:20:55.505+0000] {http.py:199} ERROR - HTTP error: Not Found
[2024-05-18T16:20:55.506+0000] {http.py:200} ERROR - not found!
[2024-05-18T16:21:55.508+0000] {http.py:137} INFO - Poking: /users
[2024-05-18T16:21:55.522+0000] {base.py:84} INFO - Using connection ID 'dummyjson_api' for task execution.
[2024-05-18T16:21:56.167+0000] {http.py:199} ERROR - HTTP error: Not Found
[2024-05-18T16:21:56.168+0000] {http.py:200} ERROR - not found!
[2024-05-18T16:22:56.171+0000] {http.py:137} INFO - Poking: /users
[2024-05-18T16:22:56.193+0000] {base.py:84} INFO - Using connection ID 'dummyjson_api' for task execution.
[2024-05-18T16:22:56.892+0000] {http.py:199} ERROR - HTTP error: Not Found
[2024-05-18T16:22:56.893+0000] {http.py:200} ERROR - not found!
[2024-05-18T16:23:56.895+0000] {http.py:137} INFO - Poking: /users
[2024-05-18T16:23:56.906+0000] {base.py:84} INFO - Using connection ID 'dummyjson_api' for task execution.
[2024-05-18T16:23:57.538+0000] {http.py:199} ERROR - HTTP error: Not Found
[2024-05-18T16:23:57.538+0000] {http.py:200} ERROR - not found!
[2024-05-18T16:24:57.541+0000] {http.py:137} INFO - Poking: /users
[2024-05-18T16:24:57.553+0000] {base.py:84} INFO - Using connection ID 'dummyjson_api' for task execution.
[2024-05-18T16:24:58.282+0000] {http.py:199} ERROR - HTTP error: Not Found
[2024-05-18T16:24:58.283+0000] {http.py:200} ERROR - not found!
[2024-05-18T16:25:58.287+0000] {http.py:137} INFO - Poking: /users
[2024-05-18T16:25:58.305+0000] {base.py:84} INFO - Using connection ID 'dummyjson_api' for task execution.
[2024-05-18T16:25:59.131+0000] {http.py:199} ERROR - HTTP error: Not Found
[2024-05-18T16:25:59.131+0000] {http.py:200} ERROR - not found!
[2024-05-18T16:26:59.134+0000] {http.py:137} INFO - Poking: /users
[2024-05-18T16:26:59.145+0000] {base.py:84} INFO - Using connection ID 'dummyjson_api' for task execution.
[2024-05-18T16:26:59.812+0000] {http.py:199} ERROR - HTTP error: Not Found
[2024-05-18T16:26:59.813+0000] {http.py:200} ERROR - not found!
[2024-05-18T16:27:59.816+0000] {http.py:137} INFO - Poking: /users
[2024-05-18T16:27:59.828+0000] {base.py:84} INFO - Using connection ID 'dummyjson_api' for task execution.
[2024-05-18T16:28:00.501+0000] {http.py:199} ERROR - HTTP error: Not Found
[2024-05-18T16:28:00.502+0000] {http.py:200} ERROR - not found!
[2024-05-18T16:29:00.507+0000] {http.py:137} INFO - Poking: /users
[2024-05-18T16:29:00.518+0000] {base.py:84} INFO - Using connection ID 'dummyjson_api' for task execution.
[2024-05-18T16:29:01.248+0000] {http.py:199} ERROR - HTTP error: Not Found
[2024-05-18T16:29:01.250+0000] {http.py:200} ERROR - not found!
[2024-05-18T16:30:01.260+0000] {http.py:137} INFO - Poking: /users
[2024-05-18T16:30:01.277+0000] {base.py:84} INFO - Using connection ID 'dummyjson_api' for task execution.
[2024-05-18T16:30:01.953+0000] {http.py:199} ERROR - HTTP error: Not Found
[2024-05-18T16:30:01.954+0000] {http.py:200} ERROR - not found!
[2024-05-18T16:31:01.956+0000] {http.py:137} INFO - Poking: /users
[2024-05-18T16:31:01.974+0000] {base.py:84} INFO - Using connection ID 'dummyjson_api' for task execution.
[2024-05-18T16:31:02.658+0000] {http.py:199} ERROR - HTTP error: Not Found
[2024-05-18T16:31:02.658+0000] {http.py:200} ERROR - not found!
[2024-05-18T16:32:02.663+0000] {http.py:137} INFO - Poking: /users
[2024-05-18T16:32:02.676+0000] {base.py:84} INFO - Using connection ID 'dummyjson_api' for task execution.
[2024-05-18T16:32:03.505+0000] {http.py:199} ERROR - HTTP error: Not Found
[2024-05-18T16:32:03.506+0000] {http.py:200} ERROR - not found!
[2024-05-18T16:33:03.509+0000] {http.py:137} INFO - Poking: /users
[2024-05-18T16:33:03.521+0000] {base.py:84} INFO - Using connection ID 'dummyjson_api' for task execution.
[2024-05-18T16:33:04.264+0000] {http.py:199} ERROR - HTTP error: Not Found
[2024-05-18T16:33:04.265+0000] {http.py:200} ERROR - not found!
[2024-05-18T16:34:04.268+0000] {http.py:137} INFO - Poking: /users
[2024-05-18T16:34:04.281+0000] {base.py:84} INFO - Using connection ID 'dummyjson_api' for task execution.
[2024-05-18T16:34:04.917+0000] {http.py:199} ERROR - HTTP error: Not Found
[2024-05-18T16:34:04.919+0000] {http.py:200} ERROR - not found!
[2024-05-18T16:35:04.922+0000] {http.py:137} INFO - Poking: /users
[2024-05-18T16:35:04.934+0000] {base.py:84} INFO - Using connection ID 'dummyjson_api' for task execution.
[2024-05-18T16:35:05.557+0000] {http.py:199} ERROR - HTTP error: Not Found
[2024-05-18T16:35:05.558+0000] {http.py:200} ERROR - not found!
[2024-05-18T16:36:05.560+0000] {http.py:137} INFO - Poking: /users
[2024-05-18T16:36:05.571+0000] {base.py:84} INFO - Using connection ID 'dummyjson_api' for task execution.
[2024-05-18T16:36:06.259+0000] {http.py:199} ERROR - HTTP error: Not Found
[2024-05-18T16:36:06.261+0000] {http.py:200} ERROR - not found!
[2024-05-18T16:37:06.264+0000] {http.py:137} INFO - Poking: /users
[2024-05-18T16:37:06.274+0000] {base.py:84} INFO - Using connection ID 'dummyjson_api' for task execution.
[2024-05-18T16:37:06.975+0000] {http.py:199} ERROR - HTTP error: Not Found
[2024-05-18T16:37:06.977+0000] {http.py:200} ERROR - not found!
[2024-05-18T16:38:06.984+0000] {http.py:137} INFO - Poking: /users
[2024-05-18T16:38:06.995+0000] {base.py:84} INFO - Using connection ID 'dummyjson_api' for task execution.
[2024-05-18T16:38:07.628+0000] {http.py:199} ERROR - HTTP error: Not Found
[2024-05-18T16:38:07.629+0000] {http.py:200} ERROR - not found!
[2024-05-18T16:39:07.632+0000] {http.py:137} INFO - Poking: /users
[2024-05-18T16:39:07.652+0000] {base.py:84} INFO - Using connection ID 'dummyjson_api' for task execution.
[2024-05-18T16:39:08.308+0000] {http.py:199} ERROR - HTTP error: Not Found
[2024-05-18T16:39:08.309+0000] {http.py:200} ERROR - not found!
[2024-05-18T16:40:08.312+0000] {http.py:137} INFO - Poking: /users
[2024-05-18T16:40:08.327+0000] {base.py:84} INFO - Using connection ID 'dummyjson_api' for task execution.
[2024-05-18T16:40:08.967+0000] {http.py:199} ERROR - HTTP error: Not Found
[2024-05-18T16:40:08.968+0000] {http.py:200} ERROR - not found!
[2024-05-18T16:41:08.970+0000] {http.py:137} INFO - Poking: /users
[2024-05-18T16:41:08.983+0000] {base.py:84} INFO - Using connection ID 'dummyjson_api' for task execution.
[2024-05-18T16:41:09.722+0000] {http.py:199} ERROR - HTTP error: Not Found
[2024-05-18T16:41:09.723+0000] {http.py:200} ERROR - not found!
[2024-05-18T16:42:09.726+0000] {http.py:137} INFO - Poking: /users
[2024-05-18T16:42:09.736+0000] {base.py:84} INFO - Using connection ID 'dummyjson_api' for task execution.
[2024-05-18T16:42:10.347+0000] {http.py:199} ERROR - HTTP error: Not Found
[2024-05-18T16:42:10.348+0000] {http.py:200} ERROR - not found!
[2024-05-18T16:43:10.352+0000] {http.py:137} INFO - Poking: /users
[2024-05-18T16:43:10.364+0000] {base.py:84} INFO - Using connection ID 'dummyjson_api' for task execution.
[2024-05-18T16:43:10.987+0000] {http.py:199} ERROR - HTTP error: Not Found
[2024-05-18T16:43:10.988+0000] {http.py:200} ERROR - not found!
[2024-05-18T16:44:10.987+0000] {http.py:137} INFO - Poking: /users
[2024-05-18T16:44:10.996+0000] {base.py:84} INFO - Using connection ID 'dummyjson_api' for task execution.
[2024-05-18T16:44:11.626+0000] {http.py:199} ERROR - HTTP error: Not Found
[2024-05-18T16:44:11.627+0000] {http.py:200} ERROR - not found!
[2024-05-18T16:45:11.628+0000] {http.py:137} INFO - Poking: /users
[2024-05-18T16:45:11.639+0000] {base.py:84} INFO - Using connection ID 'dummyjson_api' for task execution.
[2024-05-18T16:45:12.277+0000] {http.py:199} ERROR - HTTP error: Not Found
[2024-05-18T16:45:12.278+0000] {http.py:200} ERROR - not found!
[2024-05-18T16:46:12.282+0000] {http.py:137} INFO - Poking: /users
[2024-05-18T16:46:12.293+0000] {base.py:84} INFO - Using connection ID 'dummyjson_api' for task execution.
[2024-05-18T16:46:14.637+0000] {http.py:199} ERROR - HTTP error: Not Found
[2024-05-18T16:46:14.638+0000] {http.py:200} ERROR - not found!
[2024-05-18T16:47:14.641+0000] {http.py:137} INFO - Poking: /users
[2024-05-18T16:47:14.654+0000] {base.py:84} INFO - Using connection ID 'dummyjson_api' for task execution.
[2024-05-18T16:47:15.289+0000] {http.py:199} ERROR - HTTP error: Not Found
[2024-05-18T16:47:15.291+0000] {http.py:200} ERROR - not found!
[2024-05-18T16:48:15.294+0000] {http.py:137} INFO - Poking: /users
[2024-05-18T16:48:15.306+0000] {base.py:84} INFO - Using connection ID 'dummyjson_api' for task execution.
[2024-05-18T16:48:15.943+0000] {http.py:199} ERROR - HTTP error: Not Found
[2024-05-18T16:48:15.944+0000] {http.py:200} ERROR - not found!
[2024-05-18T16:49:15.947+0000] {http.py:137} INFO - Poking: /users
[2024-05-18T16:49:15.968+0000] {base.py:84} INFO - Using connection ID 'dummyjson_api' for task execution.
[2024-05-18T16:49:16.592+0000] {http.py:199} ERROR - HTTP error: Not Found
[2024-05-18T16:49:16.594+0000] {http.py:200} ERROR - not found!
[2024-05-18T16:50:16.600+0000] {http.py:137} INFO - Poking: /users
[2024-05-18T16:50:16.613+0000] {base.py:84} INFO - Using connection ID 'dummyjson_api' for task execution.
[2024-05-18T16:50:17.241+0000] {http.py:199} ERROR - HTTP error: Not Found
[2024-05-18T16:50:17.242+0000] {http.py:200} ERROR - not found!
[2024-05-18T16:51:17.245+0000] {http.py:137} INFO - Poking: /users
[2024-05-18T16:51:17.262+0000] {base.py:84} INFO - Using connection ID 'dummyjson_api' for task execution.
[2024-05-18T16:51:18.020+0000] {http.py:199} ERROR - HTTP error: Not Found
[2024-05-18T16:51:18.020+0000] {http.py:200} ERROR - not found!
[2024-05-18T16:52:18.023+0000] {http.py:137} INFO - Poking: /users
[2024-05-18T16:52:18.032+0000] {base.py:84} INFO - Using connection ID 'dummyjson_api' for task execution.
[2024-05-18T16:52:18.634+0000] {http.py:199} ERROR - HTTP error: Not Found
[2024-05-18T16:52:18.636+0000] {http.py:200} ERROR - not found!
[2024-05-18T16:53:18.644+0000] {http.py:137} INFO - Poking: /users
[2024-05-18T16:53:18.670+0000] {base.py:84} INFO - Using connection ID 'dummyjson_api' for task execution.
[2024-05-18T16:53:19.283+0000] {http.py:199} ERROR - HTTP error: Not Found
[2024-05-18T16:53:19.284+0000] {http.py:200} ERROR - not found!
[2024-05-18T16:54:19.288+0000] {http.py:137} INFO - Poking: /users
[2024-05-18T16:54:19.299+0000] {base.py:84} INFO - Using connection ID 'dummyjson_api' for task execution.
[2024-05-18T16:54:19.921+0000] {http.py:199} ERROR - HTTP error: Not Found
[2024-05-18T16:54:19.922+0000] {http.py:200} ERROR - not found!
[2024-05-18T16:55:19.925+0000] {http.py:137} INFO - Poking: /users
[2024-05-18T16:55:19.935+0000] {base.py:84} INFO - Using connection ID 'dummyjson_api' for task execution.
[2024-05-18T16:55:20.556+0000] {http.py:199} ERROR - HTTP error: Not Found
[2024-05-18T16:55:20.557+0000] {http.py:200} ERROR - not found!
[2024-05-18T16:56:20.560+0000] {http.py:137} INFO - Poking: /users
[2024-05-18T16:56:20.572+0000] {base.py:84} INFO - Using connection ID 'dummyjson_api' for task execution.
[2024-05-18T16:56:21.200+0000] {http.py:199} ERROR - HTTP error: Not Found
[2024-05-18T16:56:21.201+0000] {http.py:200} ERROR - not found!
[2024-05-18T16:57:21.204+0000] {http.py:137} INFO - Poking: /users
[2024-05-18T16:57:21.216+0000] {base.py:84} INFO - Using connection ID 'dummyjson_api' for task execution.
[2024-05-18T16:57:21.842+0000] {http.py:199} ERROR - HTTP error: Not Found
[2024-05-18T16:57:21.843+0000] {http.py:200} ERROR - not found!
[2024-05-18T16:58:21.845+0000] {http.py:137} INFO - Poking: /users
[2024-05-18T16:58:21.857+0000] {base.py:84} INFO - Using connection ID 'dummyjson_api' for task execution.
[2024-05-18T16:58:22.486+0000] {http.py:199} ERROR - HTTP error: Not Found
[2024-05-18T16:58:22.487+0000] {http.py:200} ERROR - not found!
[2024-05-18T16:59:22.491+0000] {http.py:137} INFO - Poking: /users
[2024-05-18T16:59:22.503+0000] {base.py:84} INFO - Using connection ID 'dummyjson_api' for task execution.
[2024-05-18T16:59:23.120+0000] {http.py:199} ERROR - HTTP error: Not Found
[2024-05-18T16:59:23.120+0000] {http.py:200} ERROR - not found!
[2024-05-18T17:00:23.123+0000] {http.py:137} INFO - Poking: /users
[2024-05-18T17:00:23.135+0000] {base.py:84} INFO - Using connection ID 'dummyjson_api' for task execution.
[2024-05-18T17:00:23.760+0000] {http.py:199} ERROR - HTTP error: Not Found
[2024-05-18T17:00:23.761+0000] {http.py:200} ERROR - not found!
[2024-05-18T17:01:23.766+0000] {http.py:137} INFO - Poking: /users
[2024-05-18T17:01:23.775+0000] {base.py:84} INFO - Using connection ID 'dummyjson_api' for task execution.
[2024-05-18T17:01:24.527+0000] {http.py:199} ERROR - HTTP error: Not Found
[2024-05-18T17:01:24.527+0000] {http.py:200} ERROR - not found!
[2024-05-18T17:02:24.531+0000] {http.py:137} INFO - Poking: /users
[2024-05-18T17:02:24.551+0000] {base.py:84} INFO - Using connection ID 'dummyjson_api' for task execution.
[2024-05-18T17:02:25.300+0000] {http.py:199} ERROR - HTTP error: Not Found
[2024-05-18T17:02:25.301+0000] {http.py:200} ERROR - not found!
[2024-05-18T17:03:25.304+0000] {http.py:137} INFO - Poking: /users
[2024-05-18T17:03:25.315+0000] {base.py:84} INFO - Using connection ID 'dummyjson_api' for task execution.
[2024-05-18T17:03:25.927+0000] {http.py:199} ERROR - HTTP error: Not Found
[2024-05-18T17:03:25.928+0000] {http.py:200} ERROR - not found!
[2024-05-18T17:04:25.930+0000] {http.py:137} INFO - Poking: /users
[2024-05-18T17:04:25.943+0000] {base.py:84} INFO - Using connection ID 'dummyjson_api' for task execution.
[2024-05-18T17:04:26.806+0000] {http.py:199} ERROR - HTTP error: Not Found
[2024-05-18T17:04:26.806+0000] {http.py:200} ERROR - not found!
