[2024-05-14T14:30:09.353+0000] {local_task_job_runner.py:120} INFO - ::group::Pre task execution logs
[2024-05-14T14:30:09.397+0000] {taskinstance.py:2076} INFO - Dependencies all met for dep_context=non-requeueable deps ti=<TaskInstance: json2csv_b.customers_transform scheduled__2024-05-14T14:25:00+00:00 [queued]>
[2024-05-14T14:30:09.411+0000] {taskinstance.py:2076} INFO - Dependencies all met for dep_context=requeueable deps ti=<TaskInstance: json2csv_b.customers_transform scheduled__2024-05-14T14:25:00+00:00 [queued]>
[2024-05-14T14:30:09.412+0000] {taskinstance.py:2306} INFO - Starting attempt 1 of 1
[2024-05-14T14:30:09.435+0000] {taskinstance.py:2330} INFO - Executing <Task(_PythonDecoratedOperator): customers_transform> on 2024-05-14 14:25:00+00:00
[2024-05-14T14:30:09.445+0000] {warnings.py:110} WARNING - /home/***/.local/lib/python3.12/site-packages/***/task/task_runner/standard_task_runner.py:61: DeprecationWarning: This process (pid=1442) is multi-threaded, use of fork() may lead to deadlocks in the child.
  pid = os.fork()

[2024-05-14T14:30:09.448+0000] {standard_task_runner.py:63} INFO - Started process 1452 to run task
[2024-05-14T14:30:09.449+0000] {standard_task_runner.py:90} INFO - Running: ['***', 'tasks', 'run', 'json2csv_b', 'customers_transform', 'scheduled__2024-05-14T14:25:00+00:00', '--job-id', '775', '--raw', '--subdir', 'DAGS_FOLDER/json_to_csv_dynamic.py', '--cfg-path', '/tmp/tmpfhl7r6_c']
[2024-05-14T14:30:09.453+0000] {standard_task_runner.py:91} INFO - Job 775: Subtask customers_transform
[2024-05-14T14:30:09.541+0000] {task_command.py:426} INFO - Running <TaskInstance: json2csv_b.customers_transform scheduled__2024-05-14T14:25:00+00:00 [running]> on host c2025ffc2c56
[2024-05-14T14:30:09.723+0000] {taskinstance.py:2648} INFO - Exporting env vars: AIRFLOW_CTX_DAG_OWNER='***' AIRFLOW_CTX_DAG_ID='json2csv_b' AIRFLOW_CTX_TASK_ID='customers_transform' AIRFLOW_CTX_EXECUTION_DATE='2024-05-14T14:25:00+00:00' AIRFLOW_CTX_TRY_NUMBER='1' AIRFLOW_CTX_DAG_RUN_ID='scheduled__2024-05-14T14:25:00+00:00'
[2024-05-14T14:30:09.727+0000] {taskinstance.py:430} INFO - ::endgroup::
[2024-05-14T14:30:09.728+0000] {python.py:237} INFO - Done. Returned value was: 1,Fariz Wakan,2024-01-01
2,Fathurrahman Hernanda,2024-01-02

[2024-05-14T14:30:09.729+0000] {taskinstance.py:441} INFO - ::group::Post task execution logs
[2024-05-14T14:30:09.768+0000] {taskinstance.py:1206} INFO - Marking task as SUCCESS. dag_id=json2csv_b, task_id=customers_transform, run_id=scheduled__2024-05-14T14:25:00+00:00, execution_date=20240514T142500, start_date=20240514T143009, end_date=20240514T143009
[2024-05-14T14:30:09.827+0000] {local_task_job_runner.py:240} INFO - Task exited with return code 0
[2024-05-14T14:30:09.870+0000] {taskinstance.py:3498} INFO - 1 downstream tasks scheduled from follow-on schedule check
[2024-05-14T14:30:09.873+0000] {local_task_job_runner.py:222} INFO - ::endgroup::
