[2024-05-18T16:45:47.787+0000] {local_task_job_runner.py:120} INFO - ::group::Pre task execution logs
[2024-05-18T16:45:47.807+0000] {taskinstance.py:2076} INFO - Dependencies all met for dep_context=non-requeueable deps ti=<TaskInstance: dummyjson_ingestion.is_api_available manual__2024-05-18T16:45:44.544952+00:00 [queued]>
[2024-05-18T16:45:47.817+0000] {taskinstance.py:2076} INFO - Dependencies all met for dep_context=requeueable deps ti=<TaskInstance: dummyjson_ingestion.is_api_available manual__2024-05-18T16:45:44.544952+00:00 [queued]>
[2024-05-18T16:45:47.818+0000] {taskinstance.py:2306} INFO - Starting attempt 1 of 6
[2024-05-18T16:45:47.837+0000] {taskinstance.py:2330} INFO - Executing <Task(HttpSensor): is_api_available> on 2024-05-18 16:45:44.544952+00:00
[2024-05-18T16:45:47.847+0000] {warnings.py:110} WARNING - /home/***/.local/lib/python3.12/site-packages/***/task/task_runner/standard_task_runner.py:61: DeprecationWarning: This process (pid=2021) is multi-threaded, use of fork() may lead to deadlocks in the child.
  pid = os.fork()

[2024-05-18T16:45:47.850+0000] {standard_task_runner.py:63} INFO - Started process 2023 to run task
[2024-05-18T16:45:47.850+0000] {standard_task_runner.py:90} INFO - Running: ['***', 'tasks', 'run', 'dummyjson_ingestion', 'is_api_available', 'manual__2024-05-18T16:45:44.544952+00:00', '--job-id', '1228', '--raw', '--subdir', 'DAGS_FOLDER/dummyjson_ingestion.py', '--cfg-path', '/tmp/tmpiykh5p9b']
[2024-05-18T16:45:47.854+0000] {standard_task_runner.py:91} INFO - Job 1228: Subtask is_api_available
[2024-05-18T16:45:47.916+0000] {task_command.py:426} INFO - Running <TaskInstance: dummyjson_ingestion.is_api_available manual__2024-05-18T16:45:44.544952+00:00 [running]> on host 8d1d9b6df744
[2024-05-18T16:45:48.044+0000] {taskinstance.py:2648} INFO - Exporting env vars: AIRFLOW_CTX_DAG_EMAIL='fathurrahmanhernanda@gmail.com' AIRFLOW_CTX_DAG_OWNER='***' AIRFLOW_CTX_DAG_ID='dummyjson_ingestion' AIRFLOW_CTX_TASK_ID='is_api_available' AIRFLOW_CTX_EXECUTION_DATE='2024-05-18T16:45:44.544952+00:00' AIRFLOW_CTX_TRY_NUMBER='1' AIRFLOW_CTX_DAG_RUN_ID='manual__2024-05-18T16:45:44.544952+00:00'
[2024-05-18T16:45:48.048+0000] {taskinstance.py:430} INFO - ::endgroup::
[2024-05-18T16:45:48.049+0000] {baseoperator.py:399} WARNING - HttpSensor.execute cannot be called outside TaskInstance!
[2024-05-18T16:45:48.050+0000] {http.py:137} INFO - Poking: /users/
[2024-05-18T16:45:48.062+0000] {base.py:84} INFO - Using connection ID 'dummyjson_api' for task execution.
[2024-05-18T16:45:49.911+0000] {base.py:294} INFO - Success criteria met. Exiting.
[2024-05-18T16:45:49.912+0000] {taskinstance.py:441} INFO - ::group::Post task execution logs
[2024-05-18T16:45:49.930+0000] {taskinstance.py:1206} INFO - Marking task as SUCCESS. dag_id=dummyjson_ingestion, task_id=is_api_available, run_id=manual__2024-05-18T16:45:44.544952+00:00, execution_date=20240518T164544, start_date=20240518T164547, end_date=20240518T164549
[2024-05-18T16:45:49.995+0000] {local_task_job_runner.py:240} INFO - Task exited with return code 0
[2024-05-18T16:45:50.012+0000] {warnings.py:110} WARNING - /home/***/.local/lib/python3.12/site-packages/***/models/baseoperator.py:1296: AirflowProviderDeprecationWarning: Call to deprecated class SimpleHttpOperator. (Class `SimpleHttpOperator` is deprecated and will be removed in a future release. Please use `HttpOperator` instead.)
  result = cls.__new__(cls)

[2024-05-18T16:45:50.049+0000] {taskinstance.py:3498} INFO - 1 downstream tasks scheduled from follow-on schedule check
[2024-05-18T16:45:50.052+0000] {local_task_job_runner.py:222} INFO - ::endgroup::
