[2024-05-19T10:12:45.859+0000] {local_task_job_runner.py:120} INFO - ::group::Pre task execution logs
[2024-05-19T10:12:45.952+0000] {taskinstance.py:2076} INFO - Dependencies all met for dep_context=non-requeueable deps ti=<TaskInstance: dummyjson.extract_todo manual__2024-05-19T10:12:02.912276+00:00 [queued]>
[2024-05-19T10:12:45.982+0000] {taskinstance.py:2076} INFO - Dependencies all met for dep_context=requeueable deps ti=<TaskInstance: dummyjson.extract_todo manual__2024-05-19T10:12:02.912276+00:00 [queued]>
[2024-05-19T10:12:45.983+0000] {taskinstance.py:2306} INFO - Starting attempt 1 of 6
[2024-05-19T10:12:46.041+0000] {taskinstance.py:2330} INFO - Executing <Task(SimpleHttpOperator): extract_todo> on 2024-05-19 10:12:02.912276+00:00
[2024-05-19T10:12:46.078+0000] {warnings.py:110} WARNING - /home/***/.local/lib/python3.12/site-packages/***/task/task_runner/standard_task_runner.py:61: DeprecationWarning: This process (pid=1474) is multi-threaded, use of fork() may lead to deadlocks in the child.
  pid = os.fork()

[2024-05-19T10:12:46.085+0000] {standard_task_runner.py:63} INFO - Started process 1482 to run task
[2024-05-19T10:12:46.080+0000] {standard_task_runner.py:90} INFO - Running: ['***', 'tasks', 'run', 'dummyjson', 'extract_todo', 'manual__2024-05-19T10:12:02.912276+00:00', '--job-id', '1357', '--raw', '--subdir', 'DAGS_FOLDER/dummyjson.py', '--cfg-path', '/tmp/tmpo_elhhxi']
[2024-05-19T10:12:46.091+0000] {standard_task_runner.py:91} INFO - Job 1357: Subtask extract_todo
[2024-05-19T10:12:46.340+0000] {task_command.py:426} INFO - Running <TaskInstance: dummyjson.extract_todo manual__2024-05-19T10:12:02.912276+00:00 [running]> on host ca927d78a9ea
[2024-05-19T10:12:47.299+0000] {taskinstance.py:2648} INFO - Exporting env vars: AIRFLOW_CTX_DAG_EMAIL='fathurrahmanhernanda@gmail.com' AIRFLOW_CTX_DAG_OWNER='***' AIRFLOW_CTX_DAG_ID='dummyjson' AIRFLOW_CTX_TASK_ID='extract_todo' AIRFLOW_CTX_EXECUTION_DATE='2024-05-19T10:12:02.912276+00:00' AIRFLOW_CTX_TRY_NUMBER='1' AIRFLOW_CTX_DAG_RUN_ID='manual__2024-05-19T10:12:02.912276+00:00'
[2024-05-19T10:12:47.302+0000] {taskinstance.py:430} INFO - ::endgroup::
[2024-05-19T10:12:47.303+0000] {http.py:169} INFO - Calling HTTP method
[2024-05-19T10:12:47.356+0000] {base.py:84} INFO - Using connection ID 'dummyjson_api' for task execution.
[2024-05-19T10:12:47.391+0000] {base.py:84} INFO - Using connection ID 'dummyjson_api' for task execution.
[2024-05-19T10:12:53.331+0000] {taskinstance.py:441} INFO - ::group::Post task execution logs
[2024-05-19T10:12:53.391+0000] {taskinstance.py:1206} INFO - Marking task as SUCCESS. dag_id=dummyjson, task_id=extract_todo, run_id=manual__2024-05-19T10:12:02.912276+00:00, execution_date=20240519T101202, start_date=20240519T101245, end_date=20240519T101253
[2024-05-19T10:12:53.452+0000] {local_task_job_runner.py:240} INFO - Task exited with return code 0
[2024-05-19T10:12:53.472+0000] {warnings.py:110} WARNING - /home/***/.local/lib/python3.12/site-packages/***/models/baseoperator.py:1296: AirflowProviderDeprecationWarning: Call to deprecated class SimpleHttpOperator. (Class `SimpleHttpOperator` is deprecated and will be removed in a future release. Please use `HttpOperator` instead.)
  result = cls.__new__(cls)

[2024-05-19T10:12:53.502+0000] {taskinstance.py:3498} INFO - 1 downstream tasks scheduled from follow-on schedule check
[2024-05-19T10:12:53.511+0000] {local_task_job_runner.py:222} INFO - ::endgroup::
