[2024-05-18T15:15:02.947+0000] {local_task_job_runner.py:120} INFO - ::group::Pre task execution logs
[2024-05-18T15:15:02.979+0000] {taskinstance.py:2076} INFO - Dependencies all met for dep_context=non-requeueable deps ti=<TaskInstance: dummyjson_ingestion.is_api_available scheduled__2024-05-01T00:00:00+00:00 [queued]>
[2024-05-18T15:15:02.998+0000] {taskinstance.py:2076} INFO - Dependencies all met for dep_context=requeueable deps ti=<TaskInstance: dummyjson_ingestion.is_api_available scheduled__2024-05-01T00:00:00+00:00 [queued]>
[2024-05-18T15:15:02.999+0000] {taskinstance.py:2306} INFO - Starting attempt 2 of 1
[2024-05-18T15:15:03.035+0000] {taskinstance.py:2330} INFO - Executing <Task(HttpSensor): is_api_available> on 2024-05-01 00:00:00+00:00
[2024-05-18T15:15:03.046+0000] {warnings.py:110} WARNING - /home/***/.local/lib/python3.12/site-packages/***/task/task_runner/standard_task_runner.py:61: DeprecationWarning: This process (pid=655) is multi-threaded, use of fork() may lead to deadlocks in the child.
  pid = os.fork()

[2024-05-18T15:15:03.051+0000] {standard_task_runner.py:63} INFO - Started process 657 to run task
[2024-05-18T15:15:03.050+0000] {standard_task_runner.py:90} INFO - Running: ['***', 'tasks', 'run', 'dummyjson_ingestion', 'is_api_available', 'scheduled__2024-05-01T00:00:00+00:00', '--job-id', '1146', '--raw', '--subdir', 'DAGS_FOLDER/weekly_assignment.py', '--cfg-path', '/tmp/tmp1y5nlasx']
[2024-05-18T15:15:03.055+0000] {standard_task_runner.py:91} INFO - Job 1146: Subtask is_api_available
[2024-05-18T15:15:03.146+0000] {task_command.py:426} INFO - Running <TaskInstance: dummyjson_ingestion.is_api_available scheduled__2024-05-01T00:00:00+00:00 [running]> on host 8d1d9b6df744
[2024-05-18T15:15:03.256+0000] {taskinstance.py:2648} INFO - Exporting env vars: AIRFLOW_CTX_DAG_OWNER='***' AIRFLOW_CTX_DAG_ID='dummyjson_ingestion' AIRFLOW_CTX_TASK_ID='is_api_available' AIRFLOW_CTX_EXECUTION_DATE='2024-05-01T00:00:00+00:00' AIRFLOW_CTX_TRY_NUMBER='2' AIRFLOW_CTX_DAG_RUN_ID='scheduled__2024-05-01T00:00:00+00:00'
[2024-05-18T15:15:03.259+0000] {taskinstance.py:430} INFO - ::endgroup::
[2024-05-18T15:15:03.260+0000] {baseoperator.py:399} WARNING - HttpSensor.execute cannot be called outside TaskInstance!
[2024-05-18T15:15:03.260+0000] {http.py:137} INFO - Poking: /users
[2024-05-18T15:15:03.272+0000] {base.py:84} INFO - Using connection ID 'dummyjson_api' for task execution.
[2024-05-18T15:15:03.884+0000] {http.py:199} ERROR - HTTP error: Not Found
[2024-05-18T15:15:03.885+0000] {http.py:200} ERROR - not found!
[2024-05-18T15:16:03.887+0000] {http.py:137} INFO - Poking: /users
[2024-05-18T15:16:03.900+0000] {base.py:84} INFO - Using connection ID 'dummyjson_api' for task execution.
[2024-05-18T15:16:04.540+0000] {http.py:199} ERROR - HTTP error: Not Found
[2024-05-18T15:16:04.541+0000] {http.py:200} ERROR - not found!
[2024-05-18T15:17:04.542+0000] {http.py:137} INFO - Poking: /users
[2024-05-18T15:17:04.552+0000] {base.py:84} INFO - Using connection ID 'dummyjson_api' for task execution.
[2024-05-18T15:17:05.157+0000] {http.py:199} ERROR - HTTP error: Not Found
[2024-05-18T15:17:05.159+0000] {http.py:200} ERROR - not found!
[2024-05-18T15:18:05.166+0000] {http.py:137} INFO - Poking: /users
[2024-05-18T15:18:05.175+0000] {base.py:84} INFO - Using connection ID 'dummyjson_api' for task execution.
[2024-05-18T15:18:05.803+0000] {http.py:199} ERROR - HTTP error: Not Found
[2024-05-18T15:18:05.803+0000] {http.py:200} ERROR - not found!
[2024-05-18T15:19:05.805+0000] {http.py:137} INFO - Poking: /users
[2024-05-18T15:19:05.817+0000] {base.py:84} INFO - Using connection ID 'dummyjson_api' for task execution.
[2024-05-18T15:19:06.456+0000] {http.py:199} ERROR - HTTP error: Not Found
[2024-05-18T15:19:06.456+0000] {http.py:200} ERROR - not found!
[2024-05-18T15:20:06.458+0000] {http.py:137} INFO - Poking: /users
[2024-05-18T15:20:06.469+0000] {base.py:84} INFO - Using connection ID 'dummyjson_api' for task execution.
[2024-05-18T15:20:07.092+0000] {http.py:199} ERROR - HTTP error: Not Found
[2024-05-18T15:20:07.094+0000] {http.py:200} ERROR - not found!
[2024-05-18T15:21:07.097+0000] {http.py:137} INFO - Poking: /users
[2024-05-18T15:21:07.108+0000] {base.py:84} INFO - Using connection ID 'dummyjson_api' for task execution.
[2024-05-18T15:21:07.737+0000] {http.py:199} ERROR - HTTP error: Not Found
[2024-05-18T15:21:07.738+0000] {http.py:200} ERROR - not found!
[2024-05-18T15:22:07.741+0000] {http.py:137} INFO - Poking: /users
[2024-05-18T15:22:07.752+0000] {base.py:84} INFO - Using connection ID 'dummyjson_api' for task execution.
[2024-05-18T15:22:08.363+0000] {http.py:199} ERROR - HTTP error: Not Found
[2024-05-18T15:22:08.364+0000] {http.py:200} ERROR - not found!
[2024-05-18T15:23:08.366+0000] {http.py:137} INFO - Poking: /users
[2024-05-18T15:23:08.379+0000] {base.py:84} INFO - Using connection ID 'dummyjson_api' for task execution.
[2024-05-18T15:23:08.999+0000] {http.py:199} ERROR - HTTP error: Not Found
[2024-05-18T15:23:09.000+0000] {http.py:200} ERROR - not found!
[2024-05-18T15:24:09.004+0000] {http.py:137} INFO - Poking: /users
[2024-05-18T15:24:09.029+0000] {base.py:84} INFO - Using connection ID 'dummyjson_api' for task execution.
[2024-05-18T15:24:09.658+0000] {http.py:199} ERROR - HTTP error: Not Found
[2024-05-18T15:24:09.660+0000] {http.py:200} ERROR - not found!
[2024-05-18T15:25:09.667+0000] {http.py:137} INFO - Poking: /users
[2024-05-18T15:25:09.678+0000] {base.py:84} INFO - Using connection ID 'dummyjson_api' for task execution.
[2024-05-18T15:25:10.296+0000] {http.py:199} ERROR - HTTP error: Not Found
[2024-05-18T15:25:10.297+0000] {http.py:200} ERROR - not found!
[2024-05-18T15:26:10.299+0000] {http.py:137} INFO - Poking: /users
[2024-05-18T15:26:10.314+0000] {base.py:84} INFO - Using connection ID 'dummyjson_api' for task execution.
[2024-05-18T15:26:10.929+0000] {http.py:199} ERROR - HTTP error: Not Found
[2024-05-18T15:26:10.930+0000] {http.py:200} ERROR - not found!
[2024-05-18T15:27:10.933+0000] {http.py:137} INFO - Poking: /users
[2024-05-18T15:27:10.943+0000] {base.py:84} INFO - Using connection ID 'dummyjson_api' for task execution.
[2024-05-18T15:27:11.566+0000] {http.py:199} ERROR - HTTP error: Not Found
[2024-05-18T15:27:11.567+0000] {http.py:200} ERROR - not found!
[2024-05-18T15:28:11.569+0000] {http.py:137} INFO - Poking: /users
[2024-05-18T15:28:11.583+0000] {base.py:84} INFO - Using connection ID 'dummyjson_api' for task execution.
[2024-05-18T15:28:12.323+0000] {http.py:199} ERROR - HTTP error: Not Found
[2024-05-18T15:28:12.325+0000] {http.py:200} ERROR - not found!
[2024-05-18T15:29:12.331+0000] {http.py:137} INFO - Poking: /users
[2024-05-18T15:29:12.341+0000] {base.py:84} INFO - Using connection ID 'dummyjson_api' for task execution.
[2024-05-18T15:29:12.948+0000] {http.py:199} ERROR - HTTP error: Not Found
[2024-05-18T15:29:12.949+0000] {http.py:200} ERROR - not found!
[2024-05-18T15:30:12.951+0000] {http.py:137} INFO - Poking: /users
[2024-05-18T15:30:12.961+0000] {base.py:84} INFO - Using connection ID 'dummyjson_api' for task execution.
[2024-05-18T15:30:13.577+0000] {http.py:199} ERROR - HTTP error: Not Found
[2024-05-18T15:30:13.578+0000] {http.py:200} ERROR - not found!
[2024-05-18T15:31:13.581+0000] {http.py:137} INFO - Poking: /users
[2024-05-18T15:31:13.594+0000] {base.py:84} INFO - Using connection ID 'dummyjson_api' for task execution.
[2024-05-18T15:31:14.270+0000] {http.py:199} ERROR - HTTP error: Not Found
[2024-05-18T15:31:14.316+0000] {http.py:200} ERROR - not found!
[2024-05-18T15:32:14.342+0000] {http.py:137} INFO - Poking: /users
[2024-05-18T15:32:14.357+0000] {base.py:84} INFO - Using connection ID 'dummyjson_api' for task execution.
[2024-05-18T15:32:14.991+0000] {http.py:199} ERROR - HTTP error: Not Found
[2024-05-18T15:32:14.993+0000] {http.py:200} ERROR - not found!
[2024-05-18T15:33:15.001+0000] {http.py:137} INFO - Poking: /users
[2024-05-18T15:33:15.014+0000] {base.py:84} INFO - Using connection ID 'dummyjson_api' for task execution.
[2024-05-18T15:33:15.638+0000] {http.py:199} ERROR - HTTP error: Not Found
[2024-05-18T15:33:15.639+0000] {http.py:200} ERROR - not found!
[2024-05-18T15:34:15.641+0000] {http.py:137} INFO - Poking: /users
[2024-05-18T15:34:15.652+0000] {base.py:84} INFO - Using connection ID 'dummyjson_api' for task execution.
[2024-05-18T15:34:16.659+0000] {http.py:199} ERROR - HTTP error: Not Found
[2024-05-18T15:34:16.660+0000] {http.py:200} ERROR - not found!
[2024-05-18T15:35:16.658+0000] {http.py:137} INFO - Poking: /users
[2024-05-18T15:35:16.670+0000] {base.py:84} INFO - Using connection ID 'dummyjson_api' for task execution.
[2024-05-18T15:35:17.670+0000] {http.py:199} ERROR - HTTP error: Not Found
[2024-05-18T15:35:17.671+0000] {http.py:200} ERROR - not found!
[2024-05-18T15:36:17.677+0000] {http.py:137} INFO - Poking: /users
[2024-05-18T15:36:17.689+0000] {base.py:84} INFO - Using connection ID 'dummyjson_api' for task execution.
[2024-05-18T15:36:18.795+0000] {http.py:199} ERROR - HTTP error: Not Found
[2024-05-18T15:36:18.796+0000] {http.py:200} ERROR - not found!
[2024-05-18T15:37:18.799+0000] {http.py:137} INFO - Poking: /users
[2024-05-18T15:37:18.812+0000] {base.py:84} INFO - Using connection ID 'dummyjson_api' for task execution.
[2024-05-18T15:37:19.708+0000] {http.py:199} ERROR - HTTP error: Not Found
[2024-05-18T15:37:19.709+0000] {http.py:200} ERROR - not found!
[2024-05-18T15:38:19.713+0000] {http.py:137} INFO - Poking: /users
[2024-05-18T15:38:19.725+0000] {base.py:84} INFO - Using connection ID 'dummyjson_api' for task execution.
[2024-05-18T15:38:20.490+0000] {http.py:199} ERROR - HTTP error: Not Found
[2024-05-18T15:38:20.490+0000] {http.py:200} ERROR - not found!
[2024-05-18T15:39:20.492+0000] {http.py:137} INFO - Poking: /users
[2024-05-18T15:39:20.506+0000] {base.py:84} INFO - Using connection ID 'dummyjson_api' for task execution.
[2024-05-18T15:39:21.171+0000] {http.py:199} ERROR - HTTP error: Not Found
[2024-05-18T15:39:21.172+0000] {http.py:200} ERROR - not found!
[2024-05-18T15:40:21.174+0000] {http.py:137} INFO - Poking: /users
[2024-05-18T15:40:21.188+0000] {base.py:84} INFO - Using connection ID 'dummyjson_api' for task execution.
[2024-05-18T15:40:22.446+0000] {http.py:199} ERROR - HTTP error: Not Found
[2024-05-18T15:40:22.447+0000] {http.py:200} ERROR - not found!
[2024-05-18T15:41:22.450+0000] {http.py:137} INFO - Poking: /users
[2024-05-18T15:41:22.461+0000] {base.py:84} INFO - Using connection ID 'dummyjson_api' for task execution.
[2024-05-18T15:41:23.068+0000] {http.py:199} ERROR - HTTP error: Not Found
[2024-05-18T15:41:23.069+0000] {http.py:200} ERROR - not found!
[2024-05-18T15:42:23.071+0000] {http.py:137} INFO - Poking: /users
[2024-05-18T15:42:23.083+0000] {base.py:84} INFO - Using connection ID 'dummyjson_api' for task execution.
[2024-05-18T15:42:23.708+0000] {http.py:199} ERROR - HTTP error: Not Found
[2024-05-18T15:42:23.709+0000] {http.py:200} ERROR - not found!
[2024-05-18T15:43:23.711+0000] {http.py:137} INFO - Poking: /users
[2024-05-18T15:43:23.721+0000] {base.py:84} INFO - Using connection ID 'dummyjson_api' for task execution.
[2024-05-18T15:43:24.333+0000] {http.py:199} ERROR - HTTP error: Not Found
[2024-05-18T15:43:24.336+0000] {http.py:200} ERROR - not found!
[2024-05-18T15:44:24.338+0000] {http.py:137} INFO - Poking: /users
[2024-05-18T15:44:24.352+0000] {base.py:84} INFO - Using connection ID 'dummyjson_api' for task execution.
[2024-05-18T15:44:24.984+0000] {http.py:199} ERROR - HTTP error: Not Found
[2024-05-18T15:44:24.985+0000] {http.py:200} ERROR - not found!
[2024-05-18T15:44:38.259+0000] {local_task_job_runner.py:310} WARNING - State of this instance has been externally set to restarting. Terminating instance.
[2024-05-18T15:44:38.263+0000] {local_task_job_runner.py:222} INFO - ::endgroup::
[2024-05-18T15:44:38.267+0000] {process_utils.py:132} INFO - Sending 15 to group 657. PIDs of all processes in the group: [657]
[2024-05-18T15:44:38.268+0000] {process_utils.py:87} INFO - Sending the signal 15 to group 657
[2024-05-18T15:44:38.268+0000] {taskinstance.py:2611} ERROR - Received SIGTERM. Terminating subprocesses.
[2024-05-18T15:44:38.269+0000] {taskinstance.py:441} INFO - ::group::Post task execution logs
[2024-05-18T15:44:38.287+0000] {taskinstance.py:2905} ERROR - Task failed with exception
Traceback (most recent call last):
  File "/home/airflow/.local/lib/python3.12/site-packages/airflow/models/taskinstance.py", line 465, in _execute_task
    result = _execute_callable(context=context, **execute_callable_kwargs)
             ^^^^^^^^^^^^^^^^^^^^^^^^^^^^^^^^^^^^^^^^^^^^^^^^^^^^^^^^^^^^^
  File "/home/airflow/.local/lib/python3.12/site-packages/airflow/models/taskinstance.py", line 432, in _execute_callable
    return execute_callable(context=context, **execute_callable_kwargs)
           ^^^^^^^^^^^^^^^^^^^^^^^^^^^^^^^^^^^^^^^^^^^^^^^^^^^^^^^^^^^^
  File "/home/airflow/.local/lib/python3.12/site-packages/airflow/models/baseoperator.py", line 400, in wrapper
    return func(self, *args, **kwargs)
           ^^^^^^^^^^^^^^^^^^^^^^^^^^^
  File "/home/airflow/.local/lib/python3.12/site-packages/airflow/providers/http/sensors/http.py", line 164, in execute
    super().execute(context=context)
  File "/home/airflow/.local/lib/python3.12/site-packages/airflow/models/baseoperator.py", line 400, in wrapper
    return func(self, *args, **kwargs)
           ^^^^^^^^^^^^^^^^^^^^^^^^^^^
  File "/home/airflow/.local/lib/python3.12/site-packages/airflow/sensors/base.py", line 292, in execute
    time.sleep(self._get_next_poke_interval(started_at, run_duration, try_number))
  File "/home/airflow/.local/lib/python3.12/site-packages/airflow/models/taskinstance.py", line 2613, in signal_handler
    raise AirflowTaskTerminated("Task received SIGTERM signal")
airflow.exceptions.AirflowTaskTerminated: Task received SIGTERM signal
[2024-05-18T15:44:38.316+0000] {taskinstance.py:1206} INFO - Marking task as UP_FOR_RETRY. dag_id=dummyjson_ingestion, task_id=is_api_available, run_id=scheduled__2024-05-01T00:00:00+00:00, execution_date=20240501T000000, start_date=20240518T151502, end_date=20240518T154438
[2024-05-18T15:44:38.401+0000] {process_utils.py:80} INFO - Process psutil.Process(pid=657, status='terminated', exitcode=2, started='15:15:02') (657) terminated with exit code 2
