[2024-05-18T15:47:31.875+0000] {local_task_job_runner.py:120} INFO - ::group::Pre task execution logs
[2024-05-18T15:47:31.901+0000] {taskinstance.py:2076} INFO - Dependencies all met for dep_context=non-requeueable deps ti=<TaskInstance: dummyjson_ingestion.is_api_available scheduled__2024-05-01T00:00:00+00:00 [queued]>
[2024-05-18T15:47:31.914+0000] {taskinstance.py:2076} INFO - Dependencies all met for dep_context=requeueable deps ti=<TaskInstance: dummyjson_ingestion.is_api_available scheduled__2024-05-01T00:00:00+00:00 [queued]>
[2024-05-18T15:47:31.915+0000] {taskinstance.py:2306} INFO - Starting attempt 3 of 3
[2024-05-18T15:47:31.936+0000] {taskinstance.py:2330} INFO - Executing <Task(HttpSensor): is_api_available> on 2024-05-01 00:00:00+00:00
[2024-05-18T15:47:31.944+0000] {warnings.py:110} WARNING - /home/***/.local/lib/python3.12/site-packages/***/task/task_runner/standard_task_runner.py:61: DeprecationWarning: This process (pid=1124) is multi-threaded, use of fork() may lead to deadlocks in the child.
  pid = os.fork()

[2024-05-18T15:47:31.947+0000] {standard_task_runner.py:63} INFO - Started process 1134 to run task
[2024-05-18T15:47:31.947+0000] {standard_task_runner.py:90} INFO - Running: ['***', 'tasks', 'run', 'dummyjson_ingestion', 'is_api_available', 'scheduled__2024-05-01T00:00:00+00:00', '--job-id', '1171', '--raw', '--subdir', 'DAGS_FOLDER/dummyjson_ingestion.py', '--cfg-path', '/tmp/tmpu95a3365']
[2024-05-18T15:47:31.952+0000] {standard_task_runner.py:91} INFO - Job 1171: Subtask is_api_available
[2024-05-18T15:47:32.016+0000] {task_command.py:426} INFO - Running <TaskInstance: dummyjson_ingestion.is_api_available scheduled__2024-05-01T00:00:00+00:00 [running]> on host 8d1d9b6df744
[2024-05-18T15:47:32.132+0000] {taskinstance.py:2648} INFO - Exporting env vars: AIRFLOW_CTX_DAG_OWNER='***' AIRFLOW_CTX_DAG_ID='dummyjson_ingestion' AIRFLOW_CTX_TASK_ID='is_api_available' AIRFLOW_CTX_EXECUTION_DATE='2024-05-01T00:00:00+00:00' AIRFLOW_CTX_TRY_NUMBER='3' AIRFLOW_CTX_DAG_RUN_ID='scheduled__2024-05-01T00:00:00+00:00'
[2024-05-18T15:47:32.136+0000] {taskinstance.py:430} INFO - ::endgroup::
[2024-05-18T15:47:32.137+0000] {baseoperator.py:399} WARNING - HttpSensor.execute cannot be called outside TaskInstance!
[2024-05-18T15:47:32.137+0000] {http.py:137} INFO - Poking: users/
[2024-05-18T15:47:32.149+0000] {base.py:84} INFO - Using connection ID 'dummyjson_api' for task execution.
[2024-05-18T15:47:33.940+0000] {base.py:294} INFO - Success criteria met. Exiting.
[2024-05-18T15:47:33.942+0000] {taskinstance.py:441} INFO - ::group::Post task execution logs
[2024-05-18T15:47:33.957+0000] {taskinstance.py:1206} INFO - Marking task as SUCCESS. dag_id=dummyjson_ingestion, task_id=is_api_available, run_id=scheduled__2024-05-01T00:00:00+00:00, execution_date=20240501T000000, start_date=20240518T154731, end_date=20240518T154733
[2024-05-18T15:47:34.010+0000] {local_task_job_runner.py:240} INFO - Task exited with return code 0
[2024-05-18T15:47:34.031+0000] {warnings.py:110} WARNING - /home/***/.local/lib/python3.12/site-packages/***/models/baseoperator.py:1296: AirflowProviderDeprecationWarning: Call to deprecated class SimpleHttpOperator. (Class `SimpleHttpOperator` is deprecated and will be removed in a future release. Please use `HttpOperator` instead.)
  result = cls.__new__(cls)

[2024-05-18T15:47:34.067+0000] {taskinstance.py:3498} INFO - 1 downstream tasks scheduled from follow-on schedule check
[2024-05-18T15:47:34.070+0000] {local_task_job_runner.py:222} INFO - ::endgroup::
