[2024-05-16T11:41:01.537+0000] {local_task_job_runner.py:120} INFO - ::group::Pre task execution logs
[2024-05-16T11:41:01.563+0000] {taskinstance.py:2076} INFO - Dependencies all met for dep_context=non-requeueable deps ti=<TaskInstance: randomuser_ingestion.transform_user manual__2024-05-16T11:40:49.332823+00:00 [queued]>
[2024-05-16T11:41:01.575+0000] {taskinstance.py:2076} INFO - Dependencies all met for dep_context=requeueable deps ti=<TaskInstance: randomuser_ingestion.transform_user manual__2024-05-16T11:40:49.332823+00:00 [queued]>
[2024-05-16T11:41:01.576+0000] {taskinstance.py:2306} INFO - Starting attempt 1 of 1
[2024-05-16T11:41:01.596+0000] {taskinstance.py:2330} INFO - Executing <Task(PythonOperator): transform_user> on 2024-05-16 11:40:49.332823+00:00
[2024-05-16T11:41:01.606+0000] {warnings.py:110} WARNING - /home/***/.local/lib/python3.12/site-packages/***/task/task_runner/standard_task_runner.py:61: DeprecationWarning: This process (pid=1943) is multi-threaded, use of fork() may lead to deadlocks in the child.
  pid = os.fork()

[2024-05-16T11:41:01.610+0000] {standard_task_runner.py:63} INFO - Started process 1945 to run task
[2024-05-16T11:41:01.609+0000] {standard_task_runner.py:90} INFO - Running: ['***', 'tasks', 'run', 'randomuser_ingestion', 'transform_user', 'manual__2024-05-16T11:40:49.332823+00:00', '--job-id', '1063', '--raw', '--subdir', 'DAGS_FOLDER/randomuser_ingestion.py', '--cfg-path', '/tmp/tmpvdd627ix']
[2024-05-16T11:41:01.613+0000] {standard_task_runner.py:91} INFO - Job 1063: Subtask transform_user
[2024-05-16T11:41:01.683+0000] {task_command.py:426} INFO - Running <TaskInstance: randomuser_ingestion.transform_user manual__2024-05-16T11:40:49.332823+00:00 [running]> on host 8d1d9b6df744
[2024-05-16T11:41:01.819+0000] {taskinstance.py:2648} INFO - Exporting env vars: AIRFLOW_CTX_DAG_OWNER='***' AIRFLOW_CTX_DAG_ID='randomuser_ingestion' AIRFLOW_CTX_TASK_ID='transform_user' AIRFLOW_CTX_EXECUTION_DATE='2024-05-16T11:40:49.332823+00:00' AIRFLOW_CTX_TRY_NUMBER='1' AIRFLOW_CTX_DAG_RUN_ID='manual__2024-05-16T11:40:49.332823+00:00'
[2024-05-16T11:41:01.822+0000] {taskinstance.py:430} INFO - ::endgroup::
[2024-05-16T11:41:01.837+0000] {logging_mixin.py:188} INFO - {"results":[{"gender":"female","name":{"title":"Mrs","first":"Maiken","last":"Nybakk"},"location":{"street":{"number":5534,"name":"Lundveien"},"city":"Sånum","state":"Oslo","country":"Norway","postcode":"2080","coordinates":{"latitude":"43.4370","longitude":"72.7372"},"timezone":{"offset":"-2:00","description":"Mid-Atlantic"}},"email":"maiken.nybakk@example.com","login":{"uuid":"998688d9-2247-46bd-bacd-0a33b1646952","username":"ticklishbird718","password":"sharpe","salt":"ltBxQ3CN","md5":"3137fb6cb2b7eda1f3e3b9b64b863ffe","sha1":"09589e6616bd119715a86b47d657de26e6e24193","sha256":"118d898f66d23d189d9b0770a638575bf773bb8b5aa5c5fb932a3ebcaa20b7da"},"dob":{"date":"1958-05-15T07:02:29.541Z","age":66},"registered":{"date":"2006-05-26T04:32:08.714Z","age":17},"phone":"23245310","cell":"43889873","id":{"name":"FN","value":"15055834862"},"picture":{"large":"https://randomuser.me/api/portraits/women/66.jpg","medium":"https://randomuser.me/api/portraits/med/women/66.jpg","thumbnail":"https://randomuser.me/api/portraits/thumb/women/66.jpg"},"nat":"NO"}],"info":{"seed":"26670f69b50ede14","results":1,"page":1,"version":"1.4"}} <class 'str'>
[2024-05-16T11:41:01.838+0000] {python.py:237} INFO - Done. Returned value was: None
[2024-05-16T11:41:01.839+0000] {taskinstance.py:441} INFO - ::group::Post task execution logs
[2024-05-16T11:41:01.851+0000] {taskinstance.py:1206} INFO - Marking task as SUCCESS. dag_id=randomuser_ingestion, task_id=transform_user, run_id=manual__2024-05-16T11:40:49.332823+00:00, execution_date=20240516T114049, start_date=20240516T114101, end_date=20240516T114101
[2024-05-16T11:41:01.905+0000] {local_task_job_runner.py:240} INFO - Task exited with return code 0
[2024-05-16T11:41:01.933+0000] {taskinstance.py:3498} INFO - 0 downstream tasks scheduled from follow-on schedule check
[2024-05-16T11:41:01.938+0000] {local_task_job_runner.py:222} INFO - ::endgroup::
