[2024-05-19T12:52:32.935+0000] {local_task_job_runner.py:120} INFO - ::group::Pre task execution logs
[2024-05-19T12:52:32.971+0000] {taskinstance.py:2076} INFO - Dependencies all met for dep_context=non-requeueable deps ti=<TaskInstance: extract_products_from_api.upload_to_gcs manual__2024-05-19T12:52:23.797566+00:00 [queued]>
[2024-05-19T12:52:32.990+0000] {taskinstance.py:2076} INFO - Dependencies all met for dep_context=requeueable deps ti=<TaskInstance: extract_products_from_api.upload_to_gcs manual__2024-05-19T12:52:23.797566+00:00 [queued]>
[2024-05-19T12:52:32.991+0000] {taskinstance.py:2306} INFO - Starting attempt 1 of 4
[2024-05-19T12:52:33.015+0000] {taskinstance.py:2330} INFO - Executing <Task(PythonOperator): upload_to_gcs> on 2024-05-19 12:52:23.797566+00:00
[2024-05-19T12:52:33.028+0000] {warnings.py:110} WARNING - /home/***/.local/lib/python3.12/site-packages/***/task/task_runner/standard_task_runner.py:61: DeprecationWarning: This process (pid=4698) is multi-threaded, use of fork() may lead to deadlocks in the child.
  pid = os.fork()

[2024-05-19T12:52:33.030+0000] {standard_task_runner.py:63} INFO - Started process 4700 to run task
[2024-05-19T12:52:33.031+0000] {standard_task_runner.py:90} INFO - Running: ['***', 'tasks', 'run', 'extract_products_from_api', 'upload_to_gcs', 'manual__2024-05-19T12:52:23.797566+00:00', '--job-id', '1785', '--raw', '--subdir', 'DAGS_FOLDER/dummyjson_product.py', '--cfg-path', '/tmp/tmpq_63c225']
[2024-05-19T12:52:33.033+0000] {standard_task_runner.py:91} INFO - Job 1785: Subtask upload_to_gcs
[2024-05-19T12:52:33.115+0000] {task_command.py:426} INFO - Running <TaskInstance: extract_products_from_api.upload_to_gcs manual__2024-05-19T12:52:23.797566+00:00 [running]> on host ca927d78a9ea
[2024-05-19T12:52:33.611+0000] {taskinstance.py:2648} INFO - Exporting env vars: AIRFLOW_CTX_DAG_EMAIL='your_email@example.com' AIRFLOW_CTX_DAG_OWNER='***' AIRFLOW_CTX_DAG_ID='extract_products_from_api' AIRFLOW_CTX_TASK_ID='upload_to_gcs' AIRFLOW_CTX_EXECUTION_DATE='2024-05-19T12:52:23.797566+00:00' AIRFLOW_CTX_TRY_NUMBER='1' AIRFLOW_CTX_DAG_RUN_ID='manual__2024-05-19T12:52:23.797566+00:00'
[2024-05-19T12:52:33.612+0000] {taskinstance.py:430} INFO - ::endgroup::
[2024-05-19T12:52:33.614+0000] {baseoperator.py:399} WARNING - LocalFilesystemToGCSOperator.execute cannot be called outside TaskInstance!
[2024-05-19T12:52:33.627+0000] {connection.py:274} WARNING - Connection schemes (type: google_cloud_platform) shall not contain '_' according to RFC3986.
[2024-05-19T12:52:33.635+0000] {base.py:84} INFO - Using connection ID '***GCP' for task execution.
[2024-05-19T12:52:34.544+0000] {gcs.py:556} INFO - File /opt/***/dags/playground/target/dummyjson/products.csv uploaded to products.csv in weekly-assignment-6 bucket
[2024-05-19T12:52:34.546+0000] {python.py:237} INFO - Done. Returned value was: None
[2024-05-19T12:52:34.547+0000] {taskinstance.py:441} INFO - ::group::Post task execution logs
[2024-05-19T12:52:34.562+0000] {taskinstance.py:1206} INFO - Marking task as SUCCESS. dag_id=extract_products_from_api, task_id=upload_to_gcs, run_id=manual__2024-05-19T12:52:23.797566+00:00, execution_date=20240519T125223, start_date=20240519T125232, end_date=20240519T125234
[2024-05-19T12:52:34.616+0000] {local_task_job_runner.py:240} INFO - Task exited with return code 0
[2024-05-19T12:52:34.652+0000] {taskinstance.py:3498} INFO - 1 downstream tasks scheduled from follow-on schedule check
[2024-05-19T12:52:34.656+0000] {local_task_job_runner.py:222} INFO - ::endgroup::
