[2024-05-19T05:35:14.136+0000] {local_task_job_runner.py:120} INFO - ::group::Pre task execution logs
[2024-05-19T05:35:14.163+0000] {taskinstance.py:2076} INFO - Dependencies all met for dep_context=non-requeueable deps ti=<TaskInstance: dummyjson_ingestion.local_to_gcs_task manual__2024-05-19T05:34:53.242189+00:00 [queued]>
[2024-05-19T05:35:14.176+0000] {taskinstance.py:2076} INFO - Dependencies all met for dep_context=requeueable deps ti=<TaskInstance: dummyjson_ingestion.local_to_gcs_task manual__2024-05-19T05:34:53.242189+00:00 [queued]>
[2024-05-19T05:35:14.177+0000] {taskinstance.py:2306} INFO - Starting attempt 1 of 6
[2024-05-19T05:35:14.200+0000] {taskinstance.py:2330} INFO - Executing <Task(LocalFilesystemToGCSOperator): local_to_gcs_task> on 2024-05-19 05:34:53.242189+00:00
[2024-05-19T05:35:14.214+0000] {warnings.py:110} WARNING - /home/***/.local/lib/python3.12/site-packages/***/task/task_runner/standard_task_runner.py:61: DeprecationWarning: This process (pid=815) is multi-threaded, use of fork() may lead to deadlocks in the child.
  pid = os.fork()

[2024-05-19T05:35:14.217+0000] {standard_task_runner.py:63} INFO - Started process 817 to run task
[2024-05-19T05:35:14.216+0000] {standard_task_runner.py:90} INFO - Running: ['***', 'tasks', 'run', 'dummyjson_ingestion', 'local_to_gcs_task', 'manual__2024-05-19T05:34:53.242189+00:00', '--job-id', '1295', '--raw', '--subdir', 'DAGS_FOLDER/dummyjson_ingestion.py', '--cfg-path', '/tmp/tmpt3gynm2u']
[2024-05-19T05:35:14.221+0000] {standard_task_runner.py:91} INFO - Job 1295: Subtask local_to_gcs_task
[2024-05-19T05:35:14.288+0000] {task_command.py:426} INFO - Running <TaskInstance: dummyjson_ingestion.local_to_gcs_task manual__2024-05-19T05:34:53.242189+00:00 [running]> on host ca927d78a9ea
[2024-05-19T05:35:14.416+0000] {taskinstance.py:2648} INFO - Exporting env vars: AIRFLOW_CTX_DAG_EMAIL='fathurrahmanhernanda@gmail.com' AIRFLOW_CTX_DAG_OWNER='***' AIRFLOW_CTX_DAG_ID='dummyjson_ingestion' AIRFLOW_CTX_TASK_ID='local_to_gcs_task' AIRFLOW_CTX_EXECUTION_DATE='2024-05-19T05:34:53.242189+00:00' AIRFLOW_CTX_TRY_NUMBER='1' AIRFLOW_CTX_DAG_RUN_ID='manual__2024-05-19T05:34:53.242189+00:00'
[2024-05-19T05:35:14.419+0000] {taskinstance.py:430} INFO - ::endgroup::
[2024-05-19T05:35:14.432+0000] {connection.py:274} WARNING - Connection schemes (type: google_cloud_platform) shall not contain '_' according to RFC3986.
[2024-05-19T05:35:14.438+0000] {base.py:84} INFO - Using connection ID '***GCS' for task execution.
[2024-05-19T05:35:15.138+0000] {gcs.py:556} INFO - File /opt/***/dags/playground/target/dummyjson/users.csv uploaded to users.csv in weekly-assignment-6 bucket
[2024-05-19T05:35:15.139+0000] {taskinstance.py:441} INFO - ::group::Post task execution logs
[2024-05-19T05:35:15.153+0000] {taskinstance.py:1206} INFO - Marking task as SUCCESS. dag_id=dummyjson_ingestion, task_id=local_to_gcs_task, run_id=manual__2024-05-19T05:34:53.242189+00:00, execution_date=20240519T053453, start_date=20240519T053514, end_date=20240519T053515
[2024-05-19T05:35:15.196+0000] {local_task_job_runner.py:240} INFO - Task exited with return code 0
[2024-05-19T05:35:15.226+0000] {taskinstance.py:3498} INFO - 0 downstream tasks scheduled from follow-on schedule check
[2024-05-19T05:35:15.230+0000] {local_task_job_runner.py:222} INFO - ::endgroup::
