[2024-05-19T12:03:28.609+0000] {local_task_job_runner.py:120} INFO - ::group::Pre task execution logs
[2024-05-19T12:03:28.645+0000] {taskinstance.py:2076} INFO - Dependencies all met for dep_context=non-requeueable deps ti=<TaskInstance: dummyjson_products.is_products_api_available manual__2024-05-19T12:03:23.581637+00:00 [queued]>
[2024-05-19T12:03:28.661+0000] {taskinstance.py:2076} INFO - Dependencies all met for dep_context=requeueable deps ti=<TaskInstance: dummyjson_products.is_products_api_available manual__2024-05-19T12:03:23.581637+00:00 [queued]>
[2024-05-19T12:03:28.666+0000] {taskinstance.py:2306} INFO - Starting attempt 1 of 6
[2024-05-19T12:03:28.814+0000] {taskinstance.py:2330} INFO - Executing <Task(HttpSensor): is_products_api_available> on 2024-05-19 12:03:23.581637+00:00
[2024-05-19T12:03:28.829+0000] {warnings.py:110} WARNING - /home/***/.local/lib/python3.12/site-packages/***/task/task_runner/standard_task_runner.py:61: DeprecationWarning: This process (pid=3450) is multi-threaded, use of fork() may lead to deadlocks in the child.
  pid = os.fork()

[2024-05-19T12:03:28.833+0000] {standard_task_runner.py:63} INFO - Started process 3458 to run task
[2024-05-19T12:03:28.834+0000] {standard_task_runner.py:90} INFO - Running: ['***', 'tasks', 'run', 'dummyjson_products', 'is_products_api_available', 'manual__2024-05-19T12:03:23.581637+00:00', '--job-id', '1566', '--raw', '--subdir', 'DAGS_FOLDER/dummyjson.py', '--cfg-path', '/tmp/tmpy0gqef8e']
[2024-05-19T12:03:28.837+0000] {standard_task_runner.py:91} INFO - Job 1566: Subtask is_products_api_available
[2024-05-19T12:03:28.923+0000] {task_command.py:426} INFO - Running <TaskInstance: dummyjson_products.is_products_api_available manual__2024-05-19T12:03:23.581637+00:00 [running]> on host ca927d78a9ea
[2024-05-19T12:03:29.446+0000] {taskinstance.py:2648} INFO - Exporting env vars: AIRFLOW_CTX_DAG_EMAIL='fathurrahmanhernanda@gmail.com' AIRFLOW_CTX_DAG_OWNER='***' AIRFLOW_CTX_DAG_ID='dummyjson_products' AIRFLOW_CTX_TASK_ID='is_products_api_available' AIRFLOW_CTX_EXECUTION_DATE='2024-05-19T12:03:23.581637+00:00' AIRFLOW_CTX_TRY_NUMBER='1' AIRFLOW_CTX_DAG_RUN_ID='manual__2024-05-19T12:03:23.581637+00:00'
[2024-05-19T12:03:29.447+0000] {taskinstance.py:430} INFO - ::endgroup::
[2024-05-19T12:03:29.448+0000] {baseoperator.py:399} WARNING - HttpSensor.execute cannot be called outside TaskInstance!
[2024-05-19T12:03:29.449+0000] {http.py:137} INFO - Poking: /carts/
[2024-05-19T12:03:29.463+0000] {base.py:84} INFO - Using connection ID 'dummyjson_api' for task execution.
[2024-05-19T12:03:30.973+0000] {base.py:294} INFO - Success criteria met. Exiting.
[2024-05-19T12:03:30.976+0000] {taskinstance.py:441} INFO - ::group::Post task execution logs
[2024-05-19T12:03:31.000+0000] {taskinstance.py:1206} INFO - Marking task as SUCCESS. dag_id=dummyjson_products, task_id=is_products_api_available, run_id=manual__2024-05-19T12:03:23.581637+00:00, execution_date=20240519T120323, start_date=20240519T120328, end_date=20240519T120330
[2024-05-19T12:03:31.386+0000] {local_task_job_runner.py:240} INFO - Task exited with return code 0
[2024-05-19T12:03:31.410+0000] {warnings.py:110} WARNING - /home/***/.local/lib/python3.12/site-packages/***/models/baseoperator.py:1296: AirflowProviderDeprecationWarning: Call to deprecated class SimpleHttpOperator. (Class `SimpleHttpOperator` is deprecated and will be removed in a future release. Please use `HttpOperator` instead.)
  result = cls.__new__(cls)

[2024-05-19T12:03:31.496+0000] {taskinstance.py:3498} INFO - 1 downstream tasks scheduled from follow-on schedule check
[2024-05-19T12:03:31.505+0000] {local_task_job_runner.py:222} INFO - ::endgroup::
