[2024-05-19T12:03:33.305+0000] {local_task_job_runner.py:120} INFO - ::group::Pre task execution logs
[2024-05-19T12:03:33.405+0000] {taskinstance.py:2076} INFO - Dependencies all met for dep_context=non-requeueable deps ti=<TaskInstance: dummyjson_products.local_to_gcs_products manual__2024-05-19T11:32:09.293426+00:00 [queued]>
[2024-05-19T12:03:33.459+0000] {taskinstance.py:2076} INFO - Dependencies all met for dep_context=requeueable deps ti=<TaskInstance: dummyjson_products.local_to_gcs_products manual__2024-05-19T11:32:09.293426+00:00 [queued]>
[2024-05-19T12:03:33.460+0000] {taskinstance.py:2306} INFO - Starting attempt 1 of 6
[2024-05-19T12:03:33.522+0000] {taskinstance.py:2330} INFO - Executing <Task(LocalFilesystemToGCSOperator): local_to_gcs_products> on 2024-05-19 11:32:09.293426+00:00
[2024-05-19T12:03:33.534+0000] {warnings.py:110} WARNING - /home/***/.local/lib/python3.12/site-packages/***/task/task_runner/standard_task_runner.py:61: DeprecationWarning: This process (pid=3457) is multi-threaded, use of fork() may lead to deadlocks in the child.
  pid = os.fork()

[2024-05-19T12:03:33.552+0000] {standard_task_runner.py:63} INFO - Started process 3476 to run task
[2024-05-19T12:03:33.558+0000] {standard_task_runner.py:90} INFO - Running: ['***', 'tasks', 'run', 'dummyjson_products', 'local_to_gcs_products', 'manual__2024-05-19T11:32:09.293426+00:00', '--job-id', '1569', '--raw', '--subdir', 'DAGS_FOLDER/dummyjson.py', '--cfg-path', '/tmp/tmp_ep44qhp']
[2024-05-19T12:03:33.561+0000] {standard_task_runner.py:91} INFO - Job 1569: Subtask local_to_gcs_products
[2024-05-19T12:03:33.691+0000] {task_command.py:426} INFO - Running <TaskInstance: dummyjson_products.local_to_gcs_products manual__2024-05-19T11:32:09.293426+00:00 [running]> on host ca927d78a9ea
[2024-05-19T12:03:34.716+0000] {taskinstance.py:2648} INFO - Exporting env vars: AIRFLOW_CTX_DAG_EMAIL='fathurrahmanhernanda@gmail.com' AIRFLOW_CTX_DAG_OWNER='***' AIRFLOW_CTX_DAG_ID='dummyjson_products' AIRFLOW_CTX_TASK_ID='local_to_gcs_products' AIRFLOW_CTX_EXECUTION_DATE='2024-05-19T11:32:09.293426+00:00' AIRFLOW_CTX_TRY_NUMBER='1' AIRFLOW_CTX_DAG_RUN_ID='manual__2024-05-19T11:32:09.293426+00:00'
[2024-05-19T12:03:34.719+0000] {taskinstance.py:430} INFO - ::endgroup::
[2024-05-19T12:03:34.737+0000] {connection.py:274} WARNING - Connection schemes (type: google_cloud_platform) shall not contain '_' according to RFC3986.
[2024-05-19T12:03:34.746+0000] {base.py:84} INFO - Using connection ID '***GCP' for task execution.
[2024-05-19T12:03:35.935+0000] {gcs.py:556} INFO - File /opt/***/dags/playground/target/dummyjson/products.csv uploaded to products.csv in weekly-assignment-6 bucket
[2024-05-19T12:03:35.936+0000] {taskinstance.py:441} INFO - ::group::Post task execution logs
[2024-05-19T12:03:35.967+0000] {taskinstance.py:1206} INFO - Marking task as SUCCESS. dag_id=dummyjson_products, task_id=local_to_gcs_products, run_id=manual__2024-05-19T11:32:09.293426+00:00, execution_date=20240519T113209, start_date=20240519T120333, end_date=20240519T120335
[2024-05-19T12:03:36.287+0000] {local_task_job_runner.py:240} INFO - Task exited with return code 0
[2024-05-19T12:03:36.337+0000] {taskinstance.py:3498} INFO - 1 downstream tasks scheduled from follow-on schedule check
[2024-05-19T12:03:36.346+0000] {local_task_job_runner.py:222} INFO - ::endgroup::
