[2024-05-19T12:27:36.672+0000] {local_task_job_runner.py:120} INFO - ::group::Pre task execution logs
[2024-05-19T12:27:36.698+0000] {taskinstance.py:2076} INFO - Dependencies all met for dep_context=non-requeueable deps ti=<TaskInstance: dummyjson_products.local_to_gcs_products manual__2024-05-19T12:17:10.391759+00:00 [queued]>
[2024-05-19T12:27:36.711+0000] {taskinstance.py:2076} INFO - Dependencies all met for dep_context=requeueable deps ti=<TaskInstance: dummyjson_products.local_to_gcs_products manual__2024-05-19T12:17:10.391759+00:00 [queued]>
[2024-05-19T12:27:36.712+0000] {taskinstance.py:2306} INFO - Starting attempt 2 of 6
[2024-05-19T12:27:36.735+0000] {taskinstance.py:2330} INFO - Executing <Task(LocalFilesystemToGCSOperator): local_to_gcs_products> on 2024-05-19 12:17:10.391759+00:00
[2024-05-19T12:27:36.747+0000] {warnings.py:110} WARNING - /home/***/.local/lib/python3.12/site-packages/***/task/task_runner/standard_task_runner.py:61: DeprecationWarning: This process (pid=4174) is multi-threaded, use of fork() may lead to deadlocks in the child.
  pid = os.fork()

[2024-05-19T12:27:36.749+0000] {standard_task_runner.py:63} INFO - Started process 4183 to run task
[2024-05-19T12:27:36.750+0000] {standard_task_runner.py:90} INFO - Running: ['***', 'tasks', 'run', 'dummyjson_products', 'local_to_gcs_products', 'manual__2024-05-19T12:17:10.391759+00:00', '--job-id', '1711', '--raw', '--subdir', 'DAGS_FOLDER/dummyjson.py', '--cfg-path', '/tmp/tmpycs_opky']
[2024-05-19T12:27:36.752+0000] {standard_task_runner.py:91} INFO - Job 1711: Subtask local_to_gcs_products
[2024-05-19T12:27:36.820+0000] {task_command.py:426} INFO - Running <TaskInstance: dummyjson_products.local_to_gcs_products manual__2024-05-19T12:17:10.391759+00:00 [running]> on host ca927d78a9ea
[2024-05-19T12:27:37.236+0000] {taskinstance.py:2648} INFO - Exporting env vars: AIRFLOW_CTX_DAG_EMAIL='fathurrahmanhernanda@gmail.com' AIRFLOW_CTX_DAG_OWNER='***' AIRFLOW_CTX_DAG_ID='dummyjson_products' AIRFLOW_CTX_TASK_ID='local_to_gcs_products' AIRFLOW_CTX_EXECUTION_DATE='2024-05-19T12:17:10.391759+00:00' AIRFLOW_CTX_TRY_NUMBER='2' AIRFLOW_CTX_DAG_RUN_ID='manual__2024-05-19T12:17:10.391759+00:00'
[2024-05-19T12:27:37.237+0000] {taskinstance.py:430} INFO - ::endgroup::
[2024-05-19T12:27:37.249+0000] {connection.py:274} WARNING - Connection schemes (type: google_cloud_platform) shall not contain '_' according to RFC3986.
[2024-05-19T12:27:37.254+0000] {base.py:84} INFO - Using connection ID '***GCP' for task execution.
[2024-05-19T12:27:38.281+0000] {gcs.py:556} INFO - File /opt/***/dags/playground/target/dummyjson/products.csv uploaded to products.csv in weekly-assignment-6 bucket
[2024-05-19T12:27:38.282+0000] {taskinstance.py:441} INFO - ::group::Post task execution logs
[2024-05-19T12:27:38.300+0000] {taskinstance.py:1206} INFO - Marking task as SUCCESS. dag_id=dummyjson_products, task_id=local_to_gcs_products, run_id=manual__2024-05-19T12:17:10.391759+00:00, execution_date=20240519T121710, start_date=20240519T122736, end_date=20240519T122738
[2024-05-19T12:27:38.369+0000] {local_task_job_runner.py:240} INFO - Task exited with return code 0
[2024-05-19T12:27:38.609+0000] {taskinstance.py:3498} INFO - 1 downstream tasks scheduled from follow-on schedule check
[2024-05-19T12:27:38.613+0000] {local_task_job_runner.py:222} INFO - ::endgroup::
