[2024-05-13T11:14:15.669+0000] {local_task_job_runner.py:120} INFO - ::group::Pre task execution logs
[2024-05-13T11:14:15.926+0000] {taskinstance.py:2076} INFO - Dependencies all met for dep_context=non-requeueable deps ti=<TaskInstance: demo.hello scheduled__2024-05-12T00:00:00+00:00 [queued]>
[2024-05-13T11:14:16.014+0000] {taskinstance.py:2076} INFO - Dependencies all met for dep_context=requeueable deps ti=<TaskInstance: demo.hello scheduled__2024-05-12T00:00:00+00:00 [queued]>
[2024-05-13T11:14:16.028+0000] {taskinstance.py:2306} INFO - Starting attempt 1 of 1
[2024-05-13T11:14:16.144+0000] {taskinstance.py:2330} INFO - Executing <Task(BashOperator): hello> on 2024-05-12 00:00:00+00:00
[2024-05-13T11:14:16.185+0000] {warnings.py:110} WARNING - /home/***/.local/lib/python3.12/site-packages/***/task/task_runner/standard_task_runner.py:61: DeprecationWarning: This process (pid=2161) is multi-threaded, use of fork() may lead to deadlocks in the child.
  pid = os.fork()

[2024-05-13T11:14:16.201+0000] {standard_task_runner.py:63} INFO - Started process 2201 to run task
[2024-05-13T11:14:16.227+0000] {standard_task_runner.py:90} INFO - Running: ['***', 'tasks', 'run', 'demo', 'hello', 'scheduled__2024-05-12T00:00:00+00:00', '--job-id', '187', '--raw', '--subdir', 'DAGS_FOLDER/demo.py', '--cfg-path', '/tmp/tmpx384wmui']
[2024-05-13T11:14:16.269+0000] {standard_task_runner.py:91} INFO - Job 187: Subtask hello
[2024-05-13T11:14:16.483+0000] {task_command.py:426} INFO - Running <TaskInstance: demo.hello scheduled__2024-05-12T00:00:00+00:00 [running]> on host c2025ffc2c56
[2024-05-13T11:14:16.751+0000] {taskinstance.py:2648} INFO - Exporting env vars: AIRFLOW_CTX_DAG_OWNER='***' AIRFLOW_CTX_DAG_ID='demo' AIRFLOW_CTX_TASK_ID='hello' AIRFLOW_CTX_EXECUTION_DATE='2024-05-12T00:00:00+00:00' AIRFLOW_CTX_TRY_NUMBER='1' AIRFLOW_CTX_DAG_RUN_ID='scheduled__2024-05-12T00:00:00+00:00'
[2024-05-13T11:14:16.755+0000] {taskinstance.py:430} INFO - ::endgroup::
[2024-05-13T11:14:16.757+0000] {subprocess.py:63} INFO - Tmp dir root location: /tmp
[2024-05-13T11:14:16.759+0000] {subprocess.py:75} INFO - Running command: ['/usr/bin/bash', '-c', 'echo hello']
[2024-05-13T11:14:16.814+0000] {subprocess.py:86} INFO - Output:
[2024-05-13T11:14:16.833+0000] {subprocess.py:93} INFO - hello
[2024-05-13T11:14:16.840+0000] {subprocess.py:97} INFO - Command exited with return code 0
[2024-05-13T11:14:16.842+0000] {taskinstance.py:441} INFO - ::group::Post task execution logs
[2024-05-13T11:14:17.031+0000] {taskinstance.py:1206} INFO - Marking task as SUCCESS. dag_id=demo, task_id=hello, run_id=scheduled__2024-05-12T00:00:00+00:00, execution_date=20240512T000000, start_date=20240513T111415, end_date=20240513T111417
[2024-05-13T11:14:17.189+0000] {local_task_job_runner.py:240} INFO - Task exited with return code 0
[2024-05-13T11:14:17.249+0000] {local_task_job_runner.py:222} INFO - ::endgroup::
