[2024-05-14T13:21:38.915+0000] {local_task_job_runner.py:120} INFO - ::group::Pre task execution logs
[2024-05-14T13:21:38.963+0000] {taskinstance.py:2076} INFO - Dependencies all met for dep_context=non-requeueable deps ti=<TaskInstance: json_to_csv_database_b.customers_transform manual__2024-05-14T13:21:31.234040+00:00 [queued]>
[2024-05-14T13:21:38.980+0000] {taskinstance.py:2076} INFO - Dependencies all met for dep_context=requeueable deps ti=<TaskInstance: json_to_csv_database_b.customers_transform manual__2024-05-14T13:21:31.234040+00:00 [queued]>
[2024-05-14T13:21:38.981+0000] {taskinstance.py:2306} INFO - Starting attempt 1 of 1
[2024-05-14T13:21:39.007+0000] {taskinstance.py:2330} INFO - Executing <Task(_PythonDecoratedOperator): customers_transform> on 2024-05-14 13:21:31.234040+00:00
[2024-05-14T13:21:39.019+0000] {warnings.py:110} WARNING - /home/***/.local/lib/python3.12/site-packages/***/task/task_runner/standard_task_runner.py:61: DeprecationWarning: This process (pid=328) is multi-threaded, use of fork() may lead to deadlocks in the child.
  pid = os.fork()

[2024-05-14T13:21:39.022+0000] {standard_task_runner.py:63} INFO - Started process 333 to run task
[2024-05-14T13:21:39.023+0000] {standard_task_runner.py:90} INFO - Running: ['***', 'tasks', 'run', 'json_to_csv_database_b', 'customers_transform', 'manual__2024-05-14T13:21:31.234040+00:00', '--job-id', '680', '--raw', '--subdir', 'DAGS_FOLDER/json_to_csv_database_b.py', '--cfg-path', '/tmp/tmp45n2195p']
[2024-05-14T13:21:39.027+0000] {standard_task_runner.py:91} INFO - Job 680: Subtask customers_transform
[2024-05-14T13:21:39.105+0000] {task_command.py:426} INFO - Running <TaskInstance: json_to_csv_database_b.customers_transform manual__2024-05-14T13:21:31.234040+00:00 [running]> on host c2025ffc2c56
[2024-05-14T13:21:39.285+0000] {taskinstance.py:2648} INFO - Exporting env vars: AIRFLOW_CTX_DAG_OWNER='***' AIRFLOW_CTX_DAG_ID='json_to_csv_database_b' AIRFLOW_CTX_TASK_ID='customers_transform' AIRFLOW_CTX_EXECUTION_DATE='2024-05-14T13:21:31.234040+00:00' AIRFLOW_CTX_TRY_NUMBER='1' AIRFLOW_CTX_DAG_RUN_ID='manual__2024-05-14T13:21:31.234040+00:00'
[2024-05-14T13:21:39.289+0000] {taskinstance.py:430} INFO - ::endgroup::
[2024-05-14T13:21:39.291+0000] {python.py:237} INFO - Done. Returned value was: 1,Fariz Wakan
2,Fathurrahman Hernanda

[2024-05-14T13:21:39.291+0000] {taskinstance.py:441} INFO - ::group::Post task execution logs
[2024-05-14T13:21:39.326+0000] {taskinstance.py:1206} INFO - Marking task as SUCCESS. dag_id=json_to_csv_database_b, task_id=customers_transform, run_id=manual__2024-05-14T13:21:31.234040+00:00, execution_date=20240514T132131, start_date=20240514T132138, end_date=20240514T132139
[2024-05-14T13:21:39.358+0000] {local_task_job_runner.py:240} INFO - Task exited with return code 0
[2024-05-14T13:21:39.396+0000] {taskinstance.py:3498} INFO - 1 downstream tasks scheduled from follow-on schedule check
[2024-05-14T13:21:39.410+0000] {local_task_job_runner.py:222} INFO - ::endgroup::
