[2024-05-19T14:33:00.072+0000] {local_task_job_runner.py:120} INFO - ::group::Pre task execution logs
[2024-05-19T14:33:00.091+0000] {taskinstance.py:2076} INFO - Dependencies all met for dep_context=non-requeueable deps ti=<TaskInstance: extract_products_from_api.extract_and_write_to_csv manual__2024-05-19T14:32:56.560561+00:00 [queued]>
[2024-05-19T14:33:00.102+0000] {taskinstance.py:2076} INFO - Dependencies all met for dep_context=requeueable deps ti=<TaskInstance: extract_products_from_api.extract_and_write_to_csv manual__2024-05-19T14:32:56.560561+00:00 [queued]>
[2024-05-19T14:33:00.103+0000] {taskinstance.py:2306} INFO - Starting attempt 1 of 4
[2024-05-19T14:33:00.120+0000] {taskinstance.py:2330} INFO - Executing <Task(PythonOperator): extract_and_write_to_csv> on 2024-05-19 14:32:56.560561+00:00
[2024-05-19T14:33:00.128+0000] {warnings.py:110} WARNING - /home/***/.local/lib/python3.12/site-packages/***/task/task_runner/standard_task_runner.py:61: DeprecationWarning: This process (pid=879) is multi-threaded, use of fork() may lead to deadlocks in the child.
  pid = os.fork()

[2024-05-19T14:33:00.130+0000] {standard_task_runner.py:63} INFO - Started process 881 to run task
[2024-05-19T14:33:00.131+0000] {standard_task_runner.py:90} INFO - Running: ['***', 'tasks', 'run', 'extract_products_from_api', 'extract_and_write_to_csv', 'manual__2024-05-19T14:32:56.560561+00:00', '--job-id', '1940', '--raw', '--subdir', 'DAGS_FOLDER/dummyjson_product.py', '--cfg-path', '/tmp/tmpx1jqemm6']
[2024-05-19T14:33:00.134+0000] {standard_task_runner.py:91} INFO - Job 1940: Subtask extract_and_write_to_csv
[2024-05-19T14:33:00.202+0000] {task_command.py:426} INFO - Running <TaskInstance: extract_products_from_api.extract_and_write_to_csv manual__2024-05-19T14:32:56.560561+00:00 [running]> on host ca927d78a9ea
[2024-05-19T14:33:00.344+0000] {taskinstance.py:2648} INFO - Exporting env vars: AIRFLOW_CTX_DAG_EMAIL='your_email@example.com' AIRFLOW_CTX_DAG_OWNER='***' AIRFLOW_CTX_DAG_ID='extract_products_from_api' AIRFLOW_CTX_TASK_ID='extract_and_write_to_csv' AIRFLOW_CTX_EXECUTION_DATE='2024-05-19T14:32:56.560561+00:00' AIRFLOW_CTX_TRY_NUMBER='1' AIRFLOW_CTX_DAG_RUN_ID='manual__2024-05-19T14:32:56.560561+00:00'
[2024-05-19T14:33:00.346+0000] {taskinstance.py:430} INFO - ::endgroup::
[2024-05-19T14:33:01.029+0000] {dummyjson_product.py:46} INFO - Products extracted and written to CSV successfully.
[2024-05-19T14:33:01.031+0000] {python.py:237} INFO - Done. Returned value was: None
[2024-05-19T14:33:01.032+0000] {taskinstance.py:441} INFO - ::group::Post task execution logs
[2024-05-19T14:33:01.052+0000] {taskinstance.py:1206} INFO - Marking task as SUCCESS. dag_id=extract_products_from_api, task_id=extract_and_write_to_csv, run_id=manual__2024-05-19T14:32:56.560561+00:00, execution_date=20240519T143256, start_date=20240519T143300, end_date=20240519T143301
[2024-05-19T14:33:01.109+0000] {local_task_job_runner.py:240} INFO - Task exited with return code 0
[2024-05-19T14:33:01.145+0000] {taskinstance.py:3498} INFO - 1 downstream tasks scheduled from follow-on schedule check
[2024-05-19T14:33:01.148+0000] {local_task_job_runner.py:222} INFO - ::endgroup::
