[2024-05-18T16:37:34.434+0000] {local_task_job_runner.py:120} INFO - ::group::Pre task execution logs
[2024-05-18T16:37:34.458+0000] {taskinstance.py:2076} INFO - Dependencies all met for dep_context=non-requeueable deps ti=<TaskInstance: dummyjson_ingestion.transform_user manual__2024-05-18T16:37:21.568725+00:00 [queued]>
[2024-05-18T16:37:34.468+0000] {taskinstance.py:2076} INFO - Dependencies all met for dep_context=requeueable deps ti=<TaskInstance: dummyjson_ingestion.transform_user manual__2024-05-18T16:37:21.568725+00:00 [queued]>
[2024-05-18T16:37:34.469+0000] {taskinstance.py:2306} INFO - Starting attempt 1 of 6
[2024-05-18T16:37:34.488+0000] {taskinstance.py:2330} INFO - Executing <Task(PythonOperator): transform_user> on 2024-05-18 16:37:21.568725+00:00
[2024-05-18T16:37:34.497+0000] {warnings.py:110} WARNING - /home/***/.local/lib/python3.12/site-packages/***/task/task_runner/standard_task_runner.py:61: DeprecationWarning: This process (pid=1881) is multi-threaded, use of fork() may lead to deadlocks in the child.
  pid = os.fork()

[2024-05-18T16:37:34.500+0000] {standard_task_runner.py:63} INFO - Started process 1890 to run task
[2024-05-18T16:37:34.500+0000] {standard_task_runner.py:90} INFO - Running: ['***', 'tasks', 'run', 'dummyjson_ingestion', 'transform_user', 'manual__2024-05-18T16:37:21.568725+00:00', '--job-id', '1219', '--raw', '--subdir', 'DAGS_FOLDER/dummyjson_ingestion.py', '--cfg-path', '/tmp/tmpf9qnzz63']
[2024-05-18T16:37:34.504+0000] {standard_task_runner.py:91} INFO - Job 1219: Subtask transform_user
[2024-05-18T16:37:34.568+0000] {task_command.py:426} INFO - Running <TaskInstance: dummyjson_ingestion.transform_user manual__2024-05-18T16:37:21.568725+00:00 [running]> on host 8d1d9b6df744
[2024-05-18T16:37:34.707+0000] {taskinstance.py:2648} INFO - Exporting env vars: AIRFLOW_CTX_DAG_EMAIL='fathurrahmanhernanda@gmail.com' AIRFLOW_CTX_DAG_OWNER='***' AIRFLOW_CTX_DAG_ID='dummyjson_ingestion' AIRFLOW_CTX_TASK_ID='transform_user' AIRFLOW_CTX_EXECUTION_DATE='2024-05-18T16:37:21.568725+00:00' AIRFLOW_CTX_TRY_NUMBER='1' AIRFLOW_CTX_DAG_RUN_ID='manual__2024-05-18T16:37:21.568725+00:00'
[2024-05-18T16:37:34.710+0000] {taskinstance.py:430} INFO - ::endgroup::
[2024-05-18T16:37:34.729+0000] {taskinstance.py:441} INFO - ::group::Post task execution logs
[2024-05-18T16:37:34.730+0000] {taskinstance.py:2905} ERROR - Task failed with exception
Traceback (most recent call last):
  File "/home/airflow/.local/lib/python3.12/site-packages/airflow/models/taskinstance.py", line 465, in _execute_task
    result = _execute_callable(context=context, **execute_callable_kwargs)
             ^^^^^^^^^^^^^^^^^^^^^^^^^^^^^^^^^^^^^^^^^^^^^^^^^^^^^^^^^^^^^
  File "/home/airflow/.local/lib/python3.12/site-packages/airflow/models/taskinstance.py", line 432, in _execute_callable
    return execute_callable(context=context, **execute_callable_kwargs)
           ^^^^^^^^^^^^^^^^^^^^^^^^^^^^^^^^^^^^^^^^^^^^^^^^^^^^^^^^^^^^
  File "/home/airflow/.local/lib/python3.12/site-packages/airflow/models/baseoperator.py", line 400, in wrapper
    return func(self, *args, **kwargs)
           ^^^^^^^^^^^^^^^^^^^^^^^^^^^
  File "/home/airflow/.local/lib/python3.12/site-packages/airflow/operators/python.py", line 235, in execute
    return_value = self.execute_callable()
                   ^^^^^^^^^^^^^^^^^^^^^^^
  File "/home/airflow/.local/lib/python3.12/site-packages/airflow/operators/python.py", line 252, in execute_callable
    return self.python_callable(*self.op_args, **self.op_kwargs)
           ^^^^^^^^^^^^^^^^^^^^^^^^^^^^^^^^^^^^^^^^^^^^^^^^^^^^^
  File "/opt/airflow/dags/dummyjson_ingestion.py", line 28, in transform_user
    user = response['users']
           ~~~~~~~~^^^^^^^^^
KeyError: 'users'
[2024-05-18T16:37:34.750+0000] {taskinstance.py:1206} INFO - Marking task as UP_FOR_RETRY. dag_id=dummyjson_ingestion, task_id=transform_user, run_id=manual__2024-05-18T16:37:21.568725+00:00, execution_date=20240518T163721, start_date=20240518T163734, end_date=20240518T163734
[2024-05-18T16:37:34.772+0000] {standard_task_runner.py:110} ERROR - Failed to execute job 1219 for task transform_user ('users'; 1890)
[2024-05-18T16:37:34.795+0000] {local_task_job_runner.py:240} INFO - Task exited with return code 1
[2024-05-18T16:37:34.823+0000] {taskinstance.py:3498} INFO - 0 downstream tasks scheduled from follow-on schedule check
[2024-05-18T16:37:34.826+0000] {local_task_job_runner.py:222} INFO - ::endgroup::
