[2024-05-19T12:17:56.803+0000] {local_task_job_runner.py:120} INFO - ::group::Pre task execution logs
[2024-05-19T12:17:56.866+0000] {taskinstance.py:2076} INFO - Dependencies all met for dep_context=non-requeueable deps ti=<TaskInstance: dummyjson_products.local_to_gcs_products manual__2024-05-19T12:01:19.389977+00:00 [queued]>
[2024-05-19T12:17:56.888+0000] {taskinstance.py:2076} INFO - Dependencies all met for dep_context=requeueable deps ti=<TaskInstance: dummyjson_products.local_to_gcs_products manual__2024-05-19T12:01:19.389977+00:00 [queued]>
[2024-05-19T12:17:56.889+0000] {taskinstance.py:2306} INFO - Starting attempt 2 of 6
[2024-05-19T12:17:56.987+0000] {taskinstance.py:2330} INFO - Executing <Task(LocalFilesystemToGCSOperator): local_to_gcs_products> on 2024-05-19 12:01:19.389977+00:00
[2024-05-19T12:17:57.003+0000] {warnings.py:110} WARNING - /home/***/.local/lib/python3.12/site-packages/***/task/task_runner/standard_task_runner.py:61: DeprecationWarning: This process (pid=3907) is multi-threaded, use of fork() may lead to deadlocks in the child.
  pid = os.fork()

[2024-05-19T12:17:57.006+0000] {standard_task_runner.py:63} INFO - Started process 3914 to run task
[2024-05-19T12:17:57.013+0000] {standard_task_runner.py:90} INFO - Running: ['***', 'tasks', 'run', 'dummyjson_products', 'local_to_gcs_products', 'manual__2024-05-19T12:01:19.389977+00:00', '--job-id', '1660', '--raw', '--subdir', 'DAGS_FOLDER/dummyjson.py', '--cfg-path', '/tmp/tmpkilpq8jt']
[2024-05-19T12:17:57.016+0000] {standard_task_runner.py:91} INFO - Job 1660: Subtask local_to_gcs_products
[2024-05-19T12:17:57.104+0000] {task_command.py:426} INFO - Running <TaskInstance: dummyjson_products.local_to_gcs_products manual__2024-05-19T12:01:19.389977+00:00 [running]> on host ca927d78a9ea
[2024-05-19T12:17:57.591+0000] {taskinstance.py:2648} INFO - Exporting env vars: AIRFLOW_CTX_DAG_EMAIL='fathurrahmanhernanda@gmail.com' AIRFLOW_CTX_DAG_OWNER='***' AIRFLOW_CTX_DAG_ID='dummyjson_products' AIRFLOW_CTX_TASK_ID='local_to_gcs_products' AIRFLOW_CTX_EXECUTION_DATE='2024-05-19T12:01:19.389977+00:00' AIRFLOW_CTX_TRY_NUMBER='2' AIRFLOW_CTX_DAG_RUN_ID='manual__2024-05-19T12:01:19.389977+00:00'
[2024-05-19T12:17:57.592+0000] {taskinstance.py:430} INFO - ::endgroup::
[2024-05-19T12:17:57.610+0000] {connection.py:274} WARNING - Connection schemes (type: google_cloud_platform) shall not contain '_' according to RFC3986.
[2024-05-19T12:17:57.619+0000] {base.py:84} INFO - Using connection ID '***GCP' for task execution.
[2024-05-19T12:17:58.840+0000] {gcs.py:556} INFO - File /opt/***/dags/playground/target/dummyjson/products.csv uploaded to products.csv in weekly-assignment-6 bucket
[2024-05-19T12:17:58.841+0000] {taskinstance.py:441} INFO - ::group::Post task execution logs
[2024-05-19T12:17:58.859+0000] {taskinstance.py:1206} INFO - Marking task as SUCCESS. dag_id=dummyjson_products, task_id=local_to_gcs_products, run_id=manual__2024-05-19T12:01:19.389977+00:00, execution_date=20240519T120119, start_date=20240519T121756, end_date=20240519T121758
[2024-05-19T12:17:58.935+0000] {local_task_job_runner.py:240} INFO - Task exited with return code 0
[2024-05-19T12:17:58.978+0000] {taskinstance.py:3498} INFO - 1 downstream tasks scheduled from follow-on schedule check
[2024-05-19T12:17:58.982+0000] {local_task_job_runner.py:222} INFO - ::endgroup::
