[2024-05-14T14:24:06.012+0000] {local_task_job_runner.py:120} INFO - ::group::Pre task execution logs
[2024-05-14T14:24:06.054+0000] {taskinstance.py:2076} INFO - Dependencies all met for dep_context=non-requeueable deps ti=<TaskInstance: json2csv_a.teachers_transform scheduled__2024-05-14T14:22:00+00:00 [queued]>
[2024-05-14T14:24:06.070+0000] {taskinstance.py:2076} INFO - Dependencies all met for dep_context=requeueable deps ti=<TaskInstance: json2csv_a.teachers_transform scheduled__2024-05-14T14:22:00+00:00 [queued]>
[2024-05-14T14:24:06.071+0000] {taskinstance.py:2306} INFO - Starting attempt 1 of 1
[2024-05-14T14:24:06.095+0000] {taskinstance.py:2330} INFO - Executing <Task(_PythonDecoratedOperator): teachers_transform> on 2024-05-14 14:22:00+00:00
[2024-05-14T14:24:06.105+0000] {warnings.py:110} WARNING - /home/***/.local/lib/python3.12/site-packages/***/task/task_runner/standard_task_runner.py:61: DeprecationWarning: This process (pid=1268) is multi-threaded, use of fork() may lead to deadlocks in the child.
  pid = os.fork()

[2024-05-14T14:24:06.107+0000] {standard_task_runner.py:63} INFO - Started process 1275 to run task
[2024-05-14T14:24:06.108+0000] {standard_task_runner.py:90} INFO - Running: ['***', 'tasks', 'run', 'json2csv_a', 'teachers_transform', 'scheduled__2024-05-14T14:22:00+00:00', '--job-id', '740', '--raw', '--subdir', 'DAGS_FOLDER/json_to_csv_dynamic.py', '--cfg-path', '/tmp/tmpvqoaxws0']
[2024-05-14T14:24:06.113+0000] {standard_task_runner.py:91} INFO - Job 740: Subtask teachers_transform
[2024-05-14T14:24:06.204+0000] {task_command.py:426} INFO - Running <TaskInstance: json2csv_a.teachers_transform scheduled__2024-05-14T14:22:00+00:00 [running]> on host c2025ffc2c56
[2024-05-14T14:24:06.425+0000] {taskinstance.py:2648} INFO - Exporting env vars: AIRFLOW_CTX_DAG_OWNER='***' AIRFLOW_CTX_DAG_ID='json2csv_a' AIRFLOW_CTX_TASK_ID='teachers_transform' AIRFLOW_CTX_EXECUTION_DATE='2024-05-14T14:22:00+00:00' AIRFLOW_CTX_TRY_NUMBER='1' AIRFLOW_CTX_DAG_RUN_ID='scheduled__2024-05-14T14:22:00+00:00'
[2024-05-14T14:24:06.429+0000] {taskinstance.py:430} INFO - ::endgroup::
[2024-05-14T14:24:06.431+0000] {python.py:237} INFO - Done. Returned value was: 1,Fariz Luthfan,2020-01-01
2,Farhurrahman Khasan,2029-01-01

[2024-05-14T14:24:06.432+0000] {taskinstance.py:441} INFO - ::group::Post task execution logs
[2024-05-14T14:24:06.475+0000] {taskinstance.py:1206} INFO - Marking task as SUCCESS. dag_id=json2csv_a, task_id=teachers_transform, run_id=scheduled__2024-05-14T14:22:00+00:00, execution_date=20240514T142200, start_date=20240514T142406, end_date=20240514T142406
[2024-05-14T14:24:06.524+0000] {local_task_job_runner.py:240} INFO - Task exited with return code 0
[2024-05-14T14:24:06.558+0000] {taskinstance.py:3498} INFO - 1 downstream tasks scheduled from follow-on schedule check
[2024-05-14T14:24:06.561+0000] {local_task_job_runner.py:222} INFO - ::endgroup::
