[2024-05-19T15:24:00.248+0000] {local_task_job_runner.py:120} INFO - ::group::Pre task execution logs
[2024-05-19T15:24:00.342+0000] {taskinstance.py:2076} INFO - Dependencies all met for dep_context=non-requeueable deps ti=<TaskInstance: dummyjson.gcs_to_bigquery_post manual__2024-05-19T15:17:18.366686+00:00 [queued]>
[2024-05-19T15:24:00.377+0000] {taskinstance.py:2076} INFO - Dependencies all met for dep_context=requeueable deps ti=<TaskInstance: dummyjson.gcs_to_bigquery_post manual__2024-05-19T15:17:18.366686+00:00 [queued]>
[2024-05-19T15:24:00.381+0000] {taskinstance.py:2306} INFO - Starting attempt 1 of 6
[2024-05-19T15:24:00.444+0000] {taskinstance.py:2330} INFO - Executing <Task(GCSToBigQueryOperator): gcs_to_bigquery_post> on 2024-05-19 15:17:18.366686+00:00
[2024-05-19T15:24:00.473+0000] {warnings.py:110} WARNING - /home/***/.local/lib/python3.12/site-packages/***/task/task_runner/standard_task_runner.py:61: DeprecationWarning: This process (pid=1822) is multi-threaded, use of fork() may lead to deadlocks in the child.
  pid = os.fork()

[2024-05-19T15:24:00.476+0000] {standard_task_runner.py:63} INFO - Started process 1836 to run task
[2024-05-19T15:24:00.485+0000] {standard_task_runner.py:90} INFO - Running: ['***', 'tasks', 'run', 'dummyjson', 'gcs_to_bigquery_post', 'manual__2024-05-19T15:17:18.366686+00:00', '--job-id', '2048', '--raw', '--subdir', 'DAGS_FOLDER/dummyjson.py', '--cfg-path', '/tmp/tmpdt0l37tn']
[2024-05-19T15:24:00.491+0000] {standard_task_runner.py:91} INFO - Job 2048: Subtask gcs_to_bigquery_post
[2024-05-19T15:24:00.703+0000] {task_command.py:426} INFO - Running <TaskInstance: dummyjson.gcs_to_bigquery_post manual__2024-05-19T15:17:18.366686+00:00 [running]> on host ca927d78a9ea
[2024-05-19T15:24:01.596+0000] {taskinstance.py:2648} INFO - Exporting env vars: AIRFLOW_CTX_DAG_EMAIL='fathurrahmanhernanda@gmail.com' AIRFLOW_CTX_DAG_OWNER='***' AIRFLOW_CTX_DAG_ID='dummyjson' AIRFLOW_CTX_TASK_ID='gcs_to_bigquery_post' AIRFLOW_CTX_EXECUTION_DATE='2024-05-19T15:17:18.366686+00:00' AIRFLOW_CTX_TRY_NUMBER='1' AIRFLOW_CTX_DAG_RUN_ID='manual__2024-05-19T15:17:18.366686+00:00'
[2024-05-19T15:24:01.598+0000] {taskinstance.py:430} INFO - ::endgroup::
[2024-05-19T15:24:01.623+0000] {connection.py:274} WARNING - Connection schemes (type: google_cloud_platform) shall not contain '_' according to RFC3986.
[2024-05-19T15:24:01.650+0000] {base.py:84} INFO - Using connection ID '***GCP' for task execution.
[2024-05-19T15:24:01.653+0000] {gcs_to_bigquery.py:380} INFO - Using existing BigQuery table for storing data...
[2024-05-19T15:24:01.760+0000] {gcs_to_bigquery.py:384} INFO - Executing: {'load': {'autodetect': True, 'createDisposition': 'CREATE_IF_NEEDED', 'destinationTable': {'projectId': 'iconic-indexer-418610', 'datasetId': 'weekly_assignment_6', 'tableId': 'posts'}, 'sourceFormat': 'CSV', 'sourceUris': ['gs://weekly-assignment-6/posts.csv'], 'writeDisposition': 'WRITE_TRUNCATE', 'ignoreUnknownValues': False, 'schema': {'fields': [{'name': 'postID', 'type': 'STRING', 'mode': 'NULLABLE'}, {'name': 'title', 'type': 'STRING', 'mode': 'NULLABLE'}, {'name': 'body', 'type': 'STRING', 'mode': 'NULLABLE'}, {'name': 'userID', 'type': 'STRING', 'mode': 'NULLABLE'}, {'name': 'tags', 'type': 'STRING', 'mode': 'NULLABLE'}, {'name': 'reactions', 'type': 'INTEGER', 'mode': 'NULLABLE'}]}, 'skipLeadingRows': 1, 'fieldDelimiter': ',', 'quote': None, 'allowQuotedNewlines': False, 'encoding': 'UTF-8'}}
[2024-05-19T15:24:01.762+0000] {bigquery.py:1660} INFO - Inserting job ***_dummyjson_gcs_to_bigquery_post_2024_05_19T15_17_18_366686_00_00_1c6d645f9dfd558fc153c2242516fb1c
[2024-05-19T15:24:06.203+0000] {taskinstance.py:441} INFO - ::group::Post task execution logs
[2024-05-19T15:24:06.247+0000] {taskinstance.py:1206} INFO - Marking task as SUCCESS. dag_id=dummyjson, task_id=gcs_to_bigquery_post, run_id=manual__2024-05-19T15:17:18.366686+00:00, execution_date=20240519T151718, start_date=20240519T152400, end_date=20240519T152406
[2024-05-19T15:24:06.324+0000] {local_task_job_runner.py:240} INFO - Task exited with return code 0
[2024-05-19T15:24:06.346+0000] {taskinstance.py:3498} INFO - 0 downstream tasks scheduled from follow-on schedule check
[2024-05-19T15:24:06.357+0000] {local_task_job_runner.py:222} INFO - ::endgroup::
