[2024-05-19T11:39:50.967+0000] {local_task_job_runner.py:120} INFO - ::group::Pre task execution logs
[2024-05-19T11:39:51.028+0000] {taskinstance.py:2076} INFO - Dependencies all met for dep_context=non-requeueable deps ti=<TaskInstance: dummyjson_products.is_api_available manual__2024-05-19T11:21:06.310410+00:00 [queued]>
[2024-05-19T11:39:51.051+0000] {taskinstance.py:2076} INFO - Dependencies all met for dep_context=requeueable deps ti=<TaskInstance: dummyjson_products.is_api_available manual__2024-05-19T11:21:06.310410+00:00 [queued]>
[2024-05-19T11:39:51.054+0000] {taskinstance.py:2306} INFO - Starting attempt 1 of 6
[2024-05-19T11:39:51.114+0000] {taskinstance.py:2330} INFO - Executing <Task(HttpSensor): is_api_available> on 2024-05-19 11:21:06.310410+00:00
[2024-05-19T11:39:51.138+0000] {warnings.py:110} WARNING - /home/***/.local/lib/python3.12/site-packages/***/task/task_runner/standard_task_runner.py:61: DeprecationWarning: This process (pid=2948) is multi-threaded, use of fork() may lead to deadlocks in the child.
  pid = os.fork()

[2024-05-19T11:39:51.142+0000] {standard_task_runner.py:63} INFO - Started process 2962 to run task
[2024-05-19T11:39:51.146+0000] {standard_task_runner.py:90} INFO - Running: ['***', 'tasks', 'run', 'dummyjson_products', 'is_api_available', 'manual__2024-05-19T11:21:06.310410+00:00', '--job-id', '1497', '--raw', '--subdir', 'DAGS_FOLDER/dummyjson_product.py', '--cfg-path', '/tmp/tmp32_62ss3']
[2024-05-19T11:39:51.149+0000] {standard_task_runner.py:91} INFO - Job 1497: Subtask is_api_available
[2024-05-19T11:39:51.329+0000] {task_command.py:426} INFO - Running <TaskInstance: dummyjson_products.is_api_available manual__2024-05-19T11:21:06.310410+00:00 [running]> on host ca927d78a9ea
[2024-05-19T11:40:03.246+0000] {taskinstance.py:2648} INFO - Exporting env vars: AIRFLOW_CTX_DAG_EMAIL='fathurrahmanhernanda@gmail.com' AIRFLOW_CTX_DAG_OWNER='***' AIRFLOW_CTX_DAG_ID='dummyjson_products' AIRFLOW_CTX_TASK_ID='is_api_available' AIRFLOW_CTX_EXECUTION_DATE='2024-05-19T11:21:06.310410+00:00' AIRFLOW_CTX_TRY_NUMBER='1' AIRFLOW_CTX_DAG_RUN_ID='manual__2024-05-19T11:21:06.310410+00:00'
[2024-05-19T11:40:03.252+0000] {taskinstance.py:430} INFO - ::endgroup::
[2024-05-19T11:40:03.270+0000] {baseoperator.py:399} WARNING - HttpSensor.execute cannot be called outside TaskInstance!
[2024-05-19T11:40:03.273+0000] {http.py:137} INFO - Poking: /carts/
[2024-05-19T11:40:03.312+0000] {base.py:84} INFO - Using connection ID 'dummyjson_api' for task execution.
[2024-05-19T11:40:04.977+0000] {base.py:294} INFO - Success criteria met. Exiting.
[2024-05-19T11:40:04.979+0000] {taskinstance.py:441} INFO - ::group::Post task execution logs
[2024-05-19T11:40:04.997+0000] {taskinstance.py:1206} INFO - Marking task as SUCCESS. dag_id=dummyjson_products, task_id=is_api_available, run_id=manual__2024-05-19T11:21:06.310410+00:00, execution_date=20240519T112106, start_date=20240519T113951, end_date=20240519T114004
[2024-05-19T11:40:05.064+0000] {local_task_job_runner.py:240} INFO - Task exited with return code 0
[2024-05-19T11:40:05.095+0000] {warnings.py:110} WARNING - /home/***/.local/lib/python3.12/site-packages/***/models/baseoperator.py:1296: AirflowProviderDeprecationWarning: Call to deprecated class SimpleHttpOperator. (Class `SimpleHttpOperator` is deprecated and will be removed in a future release. Please use `HttpOperator` instead.)
  result = cls.__new__(cls)

[2024-05-19T11:40:05.185+0000] {taskinstance.py:3498} INFO - 0 downstream tasks scheduled from follow-on schedule check
[2024-05-19T11:40:05.190+0000] {local_task_job_runner.py:222} INFO - ::endgroup::
