[2024-05-14T15:12:28.039+0000] {processor.py:161} INFO - Started process (PID=16630) to work on /opt/airflow/dags/json_to_csv_dynamic_config.py
[2024-05-14T15:12:28.041+0000] {processor.py:830} INFO - Processing file /opt/airflow/dags/json_to_csv_dynamic_config.py for tasks to queue
[2024-05-14T15:12:28.044+0000] {logging_mixin.py:188} INFO - [2024-05-14T15:12:28.043+0000] {dagbag.py:545} INFO - Filling up the DagBag from /opt/airflow/dags/json_to_csv_dynamic_config.py
[2024-05-14T15:12:28.095+0000] {logging_mixin.py:188} INFO - [2024-05-14T15:12:28.087+0000] {dagbag.py:355} ERROR - Failed to import: /opt/airflow/dags/json_to_csv_dynamic_config.py
Traceback (most recent call last):
  File "/home/airflow/.local/lib/python3.12/site-packages/airflow/models/dagbag.py", line 351, in parse
    loader.exec_module(new_module)
  File "<frozen importlib._bootstrap_external>", line 995, in exec_module
  File "<frozen importlib._bootstrap>", line 488, in _call_with_frames_removed
  File "/opt/airflow/dags/json_to_csv_dynamic_config.py", line 9, in <module>
    with open("/opt/airflow/dags/playground/config.json", "r") as f:
         ^^^^^^^^^^^^^^^^^^^^^^^^^^^^^^^^^^^^^^^^^^^^^^^^^^^^^
FileNotFoundError: [Errno 2] No such file or directory: '/opt/airflow/dags/playground/config.json'
[2024-05-14T15:12:28.098+0000] {processor.py:842} WARNING - No viable dags retrieved from /opt/airflow/dags/json_to_csv_dynamic_config.py
[2024-05-14T15:12:28.132+0000] {processor.py:183} INFO - Processing /opt/airflow/dags/json_to_csv_dynamic_config.py took 0.103 seconds
[2024-05-14T15:12:58.317+0000] {processor.py:161} INFO - Started process (PID=16695) to work on /opt/airflow/dags/json_to_csv_dynamic_config.py
[2024-05-14T15:12:58.318+0000] {processor.py:830} INFO - Processing file /opt/airflow/dags/json_to_csv_dynamic_config.py for tasks to queue
[2024-05-14T15:12:58.320+0000] {logging_mixin.py:188} INFO - [2024-05-14T15:12:58.319+0000] {dagbag.py:545} INFO - Filling up the DagBag from /opt/airflow/dags/json_to_csv_dynamic_config.py
[2024-05-14T15:12:58.347+0000] {logging_mixin.py:188} INFO - [2024-05-14T15:12:58.342+0000] {dagbag.py:355} ERROR - Failed to import: /opt/airflow/dags/json_to_csv_dynamic_config.py
Traceback (most recent call last):
  File "/home/airflow/.local/lib/python3.12/site-packages/airflow/models/dagbag.py", line 351, in parse
    loader.exec_module(new_module)
  File "<frozen importlib._bootstrap_external>", line 995, in exec_module
  File "<frozen importlib._bootstrap>", line 488, in _call_with_frames_removed
  File "/opt/airflow/dags/json_to_csv_dynamic_config.py", line 9, in <module>
    with open("/opt/airflow/dags/playground/config.json", "r") as f:
         ^^^^^^^^^^^^^^^^^^^^^^^^^^^^^^^^^^^^^^^^^^^^^^^^^^^^^
FileNotFoundError: [Errno 2] No such file or directory: '/opt/airflow/dags/playground/config.json'
[2024-05-14T15:12:58.349+0000] {processor.py:842} WARNING - No viable dags retrieved from /opt/airflow/dags/json_to_csv_dynamic_config.py
[2024-05-14T15:12:58.376+0000] {processor.py:183} INFO - Processing /opt/airflow/dags/json_to_csv_dynamic_config.py took 0.068 seconds
[2024-05-14T15:13:28.617+0000] {processor.py:161} INFO - Started process (PID=16760) to work on /opt/airflow/dags/json_to_csv_dynamic_config.py
[2024-05-14T15:13:28.619+0000] {processor.py:830} INFO - Processing file /opt/airflow/dags/json_to_csv_dynamic_config.py for tasks to queue
[2024-05-14T15:13:28.620+0000] {logging_mixin.py:188} INFO - [2024-05-14T15:13:28.620+0000] {dagbag.py:545} INFO - Filling up the DagBag from /opt/airflow/dags/json_to_csv_dynamic_config.py
[2024-05-14T15:13:28.653+0000] {logging_mixin.py:188} INFO - [2024-05-14T15:13:28.643+0000] {dagbag.py:355} ERROR - Failed to import: /opt/airflow/dags/json_to_csv_dynamic_config.py
Traceback (most recent call last):
  File "/home/airflow/.local/lib/python3.12/site-packages/airflow/models/dagbag.py", line 351, in parse
    loader.exec_module(new_module)
  File "<frozen importlib._bootstrap_external>", line 995, in exec_module
  File "<frozen importlib._bootstrap>", line 488, in _call_with_frames_removed
  File "/opt/airflow/dags/json_to_csv_dynamic_config.py", line 9, in <module>
    with open("/opt/airflow/dags/playground/config.json", "r") as f:
         ^^^^^^^^^^^^^^^^^^^^^^^^^^^^^^^^^^^^^^^^^^^^^^^^^^^^^
FileNotFoundError: [Errno 2] No such file or directory: '/opt/airflow/dags/playground/config.json'
[2024-05-14T15:13:28.655+0000] {processor.py:842} WARNING - No viable dags retrieved from /opt/airflow/dags/json_to_csv_dynamic_config.py
[2024-05-14T15:13:28.689+0000] {processor.py:183} INFO - Processing /opt/airflow/dags/json_to_csv_dynamic_config.py took 0.080 seconds
[2024-05-14T15:13:59.026+0000] {processor.py:161} INFO - Started process (PID=16825) to work on /opt/airflow/dags/json_to_csv_dynamic_config.py
[2024-05-14T15:13:59.027+0000] {processor.py:830} INFO - Processing file /opt/airflow/dags/json_to_csv_dynamic_config.py for tasks to queue
[2024-05-14T15:13:59.030+0000] {logging_mixin.py:188} INFO - [2024-05-14T15:13:59.029+0000] {dagbag.py:545} INFO - Filling up the DagBag from /opt/airflow/dags/json_to_csv_dynamic_config.py
[2024-05-14T15:13:59.063+0000] {logging_mixin.py:188} INFO - [2024-05-14T15:13:59.055+0000] {dagbag.py:355} ERROR - Failed to import: /opt/airflow/dags/json_to_csv_dynamic_config.py
Traceback (most recent call last):
  File "/home/airflow/.local/lib/python3.12/site-packages/airflow/models/dagbag.py", line 351, in parse
    loader.exec_module(new_module)
  File "<frozen importlib._bootstrap_external>", line 995, in exec_module
  File "<frozen importlib._bootstrap>", line 488, in _call_with_frames_removed
  File "/opt/airflow/dags/json_to_csv_dynamic_config.py", line 9, in <module>
    with open("/opt/airflow/dags/playground/config.json", "r") as f:
         ^^^^^^^^^^^^^^^^^^^^^^^^^^^^^^^^^^^^^^^^^^^^^^^^^^^^^
FileNotFoundError: [Errno 2] No such file or directory: '/opt/airflow/dags/playground/config.json'
[2024-05-14T15:13:59.065+0000] {processor.py:842} WARNING - No viable dags retrieved from /opt/airflow/dags/json_to_csv_dynamic_config.py
[2024-05-14T15:13:59.099+0000] {processor.py:183} INFO - Processing /opt/airflow/dags/json_to_csv_dynamic_config.py took 0.086 seconds
[2024-05-14T15:14:28.104+0000] {processor.py:161} INFO - Started process (PID=16888) to work on /opt/airflow/dags/json_to_csv_dynamic_config.py
[2024-05-14T15:14:28.106+0000] {processor.py:830} INFO - Processing file /opt/airflow/dags/json_to_csv_dynamic_config.py for tasks to queue
[2024-05-14T15:14:28.108+0000] {logging_mixin.py:188} INFO - [2024-05-14T15:14:28.107+0000] {dagbag.py:545} INFO - Filling up the DagBag from /opt/airflow/dags/json_to_csv_dynamic_config.py
[2024-05-14T15:14:28.156+0000] {logging_mixin.py:188} INFO - [2024-05-14T15:14:28.150+0000] {dagbag.py:355} ERROR - Failed to import: /opt/airflow/dags/json_to_csv_dynamic_config.py
Traceback (most recent call last):
  File "/home/airflow/.local/lib/python3.12/site-packages/airflow/models/dagbag.py", line 351, in parse
    loader.exec_module(new_module)
  File "<frozen importlib._bootstrap_external>", line 995, in exec_module
  File "<frozen importlib._bootstrap>", line 488, in _call_with_frames_removed
  File "/opt/airflow/dags/json_to_csv_dynamic_config.py", line 9, in <module>
    with open("/opt/airflow/dags/playground/config.json", "r") as f:
         ^^^^^^^^^^^^^^^^^^^^^^^^^^^^^^^^^^^^^^^^^^^^^^^^^^^^^
FileNotFoundError: [Errno 2] No such file or directory: '/opt/airflow/dags/playground/config.json'
[2024-05-14T15:14:28.158+0000] {processor.py:842} WARNING - No viable dags retrieved from /opt/airflow/dags/json_to_csv_dynamic_config.py
[2024-05-14T15:14:28.186+0000] {processor.py:183} INFO - Processing /opt/airflow/dags/json_to_csv_dynamic_config.py took 0.096 seconds
[2024-05-14T15:14:58.596+0000] {processor.py:161} INFO - Started process (PID=16953) to work on /opt/airflow/dags/json_to_csv_dynamic_config.py
[2024-05-14T15:14:58.598+0000] {processor.py:830} INFO - Processing file /opt/airflow/dags/json_to_csv_dynamic_config.py for tasks to queue
[2024-05-14T15:14:58.601+0000] {logging_mixin.py:188} INFO - [2024-05-14T15:14:58.600+0000] {dagbag.py:545} INFO - Filling up the DagBag from /opt/airflow/dags/json_to_csv_dynamic_config.py
[2024-05-14T15:14:58.638+0000] {logging_mixin.py:188} INFO - [2024-05-14T15:14:58.630+0000] {dagbag.py:355} ERROR - Failed to import: /opt/airflow/dags/json_to_csv_dynamic_config.py
Traceback (most recent call last):
  File "/home/airflow/.local/lib/python3.12/site-packages/airflow/models/dagbag.py", line 351, in parse
    loader.exec_module(new_module)
  File "<frozen importlib._bootstrap_external>", line 995, in exec_module
  File "<frozen importlib._bootstrap>", line 488, in _call_with_frames_removed
  File "/opt/airflow/dags/json_to_csv_dynamic_config.py", line 9, in <module>
    with open("/opt/airflow/dags/playground/config.json", "r") as f:
         ^^^^^^^^^^^^^^^^^^^^^^^^^^^^^^^^^^^^^^^^^^^^^^^^^^^^^
FileNotFoundError: [Errno 2] No such file or directory: '/opt/airflow/dags/playground/config.json'
[2024-05-14T15:14:58.641+0000] {processor.py:842} WARNING - No viable dags retrieved from /opt/airflow/dags/json_to_csv_dynamic_config.py
[2024-05-14T15:14:58.703+0000] {processor.py:183} INFO - Processing /opt/airflow/dags/json_to_csv_dynamic_config.py took 0.123 seconds
[2024-05-14T15:15:29.207+0000] {processor.py:161} INFO - Started process (PID=17018) to work on /opt/airflow/dags/json_to_csv_dynamic_config.py
[2024-05-14T15:15:29.209+0000] {processor.py:830} INFO - Processing file /opt/airflow/dags/json_to_csv_dynamic_config.py for tasks to queue
[2024-05-14T15:15:29.211+0000] {logging_mixin.py:188} INFO - [2024-05-14T15:15:29.210+0000] {dagbag.py:545} INFO - Filling up the DagBag from /opt/airflow/dags/json_to_csv_dynamic_config.py
[2024-05-14T15:15:29.243+0000] {logging_mixin.py:188} INFO - [2024-05-14T15:15:29.236+0000] {dagbag.py:355} ERROR - Failed to import: /opt/airflow/dags/json_to_csv_dynamic_config.py
Traceback (most recent call last):
  File "/home/airflow/.local/lib/python3.12/site-packages/airflow/models/dagbag.py", line 351, in parse
    loader.exec_module(new_module)
  File "<frozen importlib._bootstrap_external>", line 995, in exec_module
  File "<frozen importlib._bootstrap>", line 488, in _call_with_frames_removed
  File "/opt/airflow/dags/json_to_csv_dynamic_config.py", line 9, in <module>
    with open("/opt/airflow/dags/playground/config.json", "r") as f:
         ^^^^^^^^^^^^^^^^^^^^^^^^^^^^^^^^^^^^^^^^^^^^^^^^^^^^^
FileNotFoundError: [Errno 2] No such file or directory: '/opt/airflow/dags/playground/config.json'
[2024-05-14T15:15:29.245+0000] {processor.py:842} WARNING - No viable dags retrieved from /opt/airflow/dags/json_to_csv_dynamic_config.py
[2024-05-14T15:15:29.277+0000] {processor.py:183} INFO - Processing /opt/airflow/dags/json_to_csv_dynamic_config.py took 0.082 seconds
[2024-05-14T15:15:59.852+0000] {processor.py:161} INFO - Started process (PID=17083) to work on /opt/airflow/dags/json_to_csv_dynamic_config.py
[2024-05-14T15:15:59.854+0000] {processor.py:830} INFO - Processing file /opt/airflow/dags/json_to_csv_dynamic_config.py for tasks to queue
[2024-05-14T15:15:59.856+0000] {logging_mixin.py:188} INFO - [2024-05-14T15:15:59.856+0000] {dagbag.py:545} INFO - Filling up the DagBag from /opt/airflow/dags/json_to_csv_dynamic_config.py
[2024-05-14T15:15:59.886+0000] {logging_mixin.py:188} INFO - [2024-05-14T15:15:59.874+0000] {dagbag.py:355} ERROR - Failed to import: /opt/airflow/dags/json_to_csv_dynamic_config.py
Traceback (most recent call last):
  File "/home/airflow/.local/lib/python3.12/site-packages/airflow/models/dagbag.py", line 351, in parse
    loader.exec_module(new_module)
  File "<frozen importlib._bootstrap_external>", line 995, in exec_module
  File "<frozen importlib._bootstrap>", line 488, in _call_with_frames_removed
  File "/opt/airflow/dags/json_to_csv_dynamic_config.py", line 9, in <module>
    with open("/opt/airflow/dags/playground/config.json", "r") as f:
         ^^^^^^^^^^^^^^^^^^^^^^^^^^^^^^^^^^^^^^^^^^^^^^^^^^^^^
FileNotFoundError: [Errno 2] No such file or directory: '/opt/airflow/dags/playground/config.json'
[2024-05-14T15:15:59.889+0000] {processor.py:842} WARNING - No viable dags retrieved from /opt/airflow/dags/json_to_csv_dynamic_config.py
[2024-05-14T15:15:59.944+0000] {processor.py:183} INFO - Processing /opt/airflow/dags/json_to_csv_dynamic_config.py took 0.102 seconds
[2024-05-14T15:16:29.645+0000] {processor.py:161} INFO - Started process (PID=17148) to work on /opt/airflow/dags/json_to_csv_dynamic_config.py
[2024-05-14T15:16:29.647+0000] {processor.py:830} INFO - Processing file /opt/airflow/dags/json_to_csv_dynamic_config.py for tasks to queue
[2024-05-14T15:16:29.650+0000] {logging_mixin.py:188} INFO - [2024-05-14T15:16:29.649+0000] {dagbag.py:545} INFO - Filling up the DagBag from /opt/airflow/dags/json_to_csv_dynamic_config.py
[2024-05-14T15:16:29.711+0000] {logging_mixin.py:188} INFO - [2024-05-14T15:16:29.703+0000] {dagbag.py:355} ERROR - Failed to import: /opt/airflow/dags/json_to_csv_dynamic_config.py
Traceback (most recent call last):
  File "/home/airflow/.local/lib/python3.12/site-packages/airflow/models/dagbag.py", line 351, in parse
    loader.exec_module(new_module)
  File "<frozen importlib._bootstrap_external>", line 995, in exec_module
  File "<frozen importlib._bootstrap>", line 488, in _call_with_frames_removed
  File "/opt/airflow/dags/json_to_csv_dynamic_config.py", line 12, in <module>
    for dag_config in dag_configs:
                      ^^^^^^^^^^^
NameError: name 'dag_configs' is not defined. Did you mean: 'dag_config'?
[2024-05-14T15:16:29.716+0000] {processor.py:842} WARNING - No viable dags retrieved from /opt/airflow/dags/json_to_csv_dynamic_config.py
[2024-05-14T15:16:29.745+0000] {processor.py:183} INFO - Processing /opt/airflow/dags/json_to_csv_dynamic_config.py took 0.116 seconds
[2024-05-14T15:17:00.251+0000] {processor.py:161} INFO - Started process (PID=17213) to work on /opt/airflow/dags/json_to_csv_dynamic_config.py
[2024-05-14T15:17:00.253+0000] {processor.py:830} INFO - Processing file /opt/airflow/dags/json_to_csv_dynamic_config.py for tasks to queue
[2024-05-14T15:17:00.255+0000] {logging_mixin.py:188} INFO - [2024-05-14T15:17:00.254+0000] {dagbag.py:545} INFO - Filling up the DagBag from /opt/airflow/dags/json_to_csv_dynamic_config.py
[2024-05-14T15:17:00.295+0000] {logging_mixin.py:188} INFO - [2024-05-14T15:17:00.286+0000] {dagbag.py:355} ERROR - Failed to import: /opt/airflow/dags/json_to_csv_dynamic_config.py
Traceback (most recent call last):
  File "/home/airflow/.local/lib/python3.12/site-packages/airflow/models/dagbag.py", line 351, in parse
    loader.exec_module(new_module)
  File "<frozen importlib._bootstrap_external>", line 995, in exec_module
  File "<frozen importlib._bootstrap>", line 488, in _call_with_frames_removed
  File "/opt/airflow/dags/json_to_csv_dynamic_config.py", line 12, in <module>
    for dag_config in dag_configs:
                      ^^^^^^^^^^^
NameError: name 'dag_configs' is not defined. Did you mean: 'dag_config'?
[2024-05-14T15:17:00.300+0000] {processor.py:842} WARNING - No viable dags retrieved from /opt/airflow/dags/json_to_csv_dynamic_config.py
[2024-05-14T15:17:00.335+0000] {processor.py:183} INFO - Processing /opt/airflow/dags/json_to_csv_dynamic_config.py took 0.093 seconds
[2024-05-14T15:17:24.738+0000] {processor.py:161} INFO - Started process (PID=17242) to work on /opt/airflow/dags/json_to_csv_dynamic_config.py
[2024-05-14T15:17:24.740+0000] {processor.py:830} INFO - Processing file /opt/airflow/dags/json_to_csv_dynamic_config.py for tasks to queue
[2024-05-14T15:17:24.741+0000] {logging_mixin.py:188} INFO - [2024-05-14T15:17:24.741+0000] {dagbag.py:545} INFO - Filling up the DagBag from /opt/airflow/dags/json_to_csv_dynamic_config.py
[2024-05-14T15:17:24.824+0000] {processor.py:840} INFO - DAG(s) 'json2csv_b', 'json2csv_a' retrieved from /opt/airflow/dags/json_to_csv_dynamic_config.py
[2024-05-14T15:17:25.049+0000] {logging_mixin.py:188} INFO - [2024-05-14T15:17:25.049+0000] {dag.py:3096} INFO - Sync 2 DAGs
[2024-05-14T15:17:25.094+0000] {logging_mixin.py:188} INFO - [2024-05-14T15:17:25.094+0000] {dag.py:3954} INFO - Setting next_dagrun for json2csv_a to 2024-05-14 15:14:00+00:00, run_after=2024-05-14 15:16:00+00:00
[2024-05-14T15:17:25.105+0000] {logging_mixin.py:188} INFO - [2024-05-14T15:17:25.105+0000] {dag.py:3954} INFO - Setting next_dagrun for json2csv_b to 2024-05-14 15:10:00+00:00, run_after=2024-05-14 15:15:00+00:00
[2024-05-14T15:17:25.145+0000] {processor.py:183} INFO - Processing /opt/airflow/dags/json_to_csv_dynamic_config.py took 0.418 seconds
[2024-05-14T15:17:34.122+0000] {processor.py:161} INFO - Started process (PID=17281) to work on /opt/airflow/dags/json_to_csv_dynamic_config.py
[2024-05-14T15:17:34.124+0000] {processor.py:830} INFO - Processing file /opt/airflow/dags/json_to_csv_dynamic_config.py for tasks to queue
[2024-05-14T15:17:34.126+0000] {logging_mixin.py:188} INFO - [2024-05-14T15:17:34.125+0000] {dagbag.py:545} INFO - Filling up the DagBag from /opt/airflow/dags/json_to_csv_dynamic_config.py
[2024-05-14T15:17:34.211+0000] {processor.py:840} INFO - DAG(s) 'json2csv_b', 'json2csv_a' retrieved from /opt/airflow/dags/json_to_csv_dynamic_config.py
[2024-05-14T15:17:34.233+0000] {logging_mixin.py:188} INFO - [2024-05-14T15:17:34.233+0000] {dag.py:3096} INFO - Sync 2 DAGs
[2024-05-14T15:17:34.284+0000] {logging_mixin.py:188} INFO - [2024-05-14T15:17:34.284+0000] {dag.py:3954} INFO - Setting next_dagrun for json2csv_a to 2024-05-14 15:14:00+00:00, run_after=2024-05-14 15:16:00+00:00
[2024-05-14T15:17:34.297+0000] {logging_mixin.py:188} INFO - [2024-05-14T15:17:34.296+0000] {dag.py:3954} INFO - Setting next_dagrun for json2csv_b to 2024-05-14 15:10:00+00:00, run_after=2024-05-14 15:15:00+00:00
[2024-05-14T15:17:34.343+0000] {processor.py:183} INFO - Processing /opt/airflow/dags/json_to_csv_dynamic_config.py took 0.231 seconds
[2024-05-14T15:17:34.559+0000] {processor.py:161} INFO - Started process (PID=17285) to work on /opt/airflow/dags/json_to_csv_dynamic_config.py
[2024-05-14T15:17:34.562+0000] {processor.py:830} INFO - Processing file /opt/airflow/dags/json_to_csv_dynamic_config.py for tasks to queue
[2024-05-14T15:17:34.564+0000] {logging_mixin.py:188} INFO - [2024-05-14T15:17:34.563+0000] {dagbag.py:545} INFO - Filling up the DagBag from /opt/airflow/dags/json_to_csv_dynamic_config.py
[2024-05-14T15:17:34.639+0000] {processor.py:840} INFO - DAG(s) 'json2csv_b', 'json2csv_a' retrieved from /opt/airflow/dags/json_to_csv_dynamic_config.py
[2024-05-14T15:17:34.658+0000] {logging_mixin.py:188} INFO - [2024-05-14T15:17:34.658+0000] {dag.py:3096} INFO - Sync 2 DAGs
[2024-05-14T15:17:34.704+0000] {logging_mixin.py:188} INFO - [2024-05-14T15:17:34.704+0000] {dag.py:3954} INFO - Setting next_dagrun for json2csv_a to 2024-05-14 15:14:00+00:00, run_after=2024-05-14 15:16:00+00:00
[2024-05-14T15:17:34.716+0000] {logging_mixin.py:188} INFO - [2024-05-14T15:17:34.715+0000] {dag.py:3954} INFO - Setting next_dagrun for json2csv_b to 2024-05-14 15:10:00+00:00, run_after=2024-05-14 15:15:00+00:00
[2024-05-14T15:17:34.753+0000] {processor.py:183} INFO - Processing /opt/airflow/dags/json_to_csv_dynamic_config.py took 0.206 seconds
[2024-05-14T15:18:04.866+0000] {processor.py:161} INFO - Started process (PID=17347) to work on /opt/airflow/dags/json_to_csv_dynamic_config.py
[2024-05-14T15:18:04.868+0000] {processor.py:830} INFO - Processing file /opt/airflow/dags/json_to_csv_dynamic_config.py for tasks to queue
[2024-05-14T15:18:04.869+0000] {logging_mixin.py:188} INFO - [2024-05-14T15:18:04.869+0000] {dagbag.py:545} INFO - Filling up the DagBag from /opt/airflow/dags/json_to_csv_dynamic_config.py
[2024-05-14T15:18:04.939+0000] {processor.py:840} INFO - DAG(s) 'json2csv_b', 'json2csv_a' retrieved from /opt/airflow/dags/json_to_csv_dynamic_config.py
[2024-05-14T15:18:04.963+0000] {logging_mixin.py:188} INFO - [2024-05-14T15:18:04.962+0000] {dag.py:3096} INFO - Sync 2 DAGs
[2024-05-14T15:18:05.014+0000] {logging_mixin.py:188} INFO - [2024-05-14T15:18:05.014+0000] {dag.py:3954} INFO - Setting next_dagrun for json2csv_a to 2024-05-14 15:16:00+00:00, run_after=2024-05-14 15:18:00+00:00
[2024-05-14T15:18:05.031+0000] {logging_mixin.py:188} INFO - [2024-05-14T15:18:05.030+0000] {dag.py:3954} INFO - Setting next_dagrun for json2csv_b to 2024-05-14 15:10:00+00:00, run_after=2024-05-14 15:15:00+00:00
[2024-05-14T15:18:05.064+0000] {processor.py:183} INFO - Processing /opt/airflow/dags/json_to_csv_dynamic_config.py took 0.209 seconds
[2024-05-14T15:18:35.251+0000] {processor.py:161} INFO - Started process (PID=17420) to work on /opt/airflow/dags/json_to_csv_dynamic_config.py
[2024-05-14T15:18:35.252+0000] {processor.py:830} INFO - Processing file /opt/airflow/dags/json_to_csv_dynamic_config.py for tasks to queue
[2024-05-14T15:18:35.254+0000] {logging_mixin.py:188} INFO - [2024-05-14T15:18:35.254+0000] {dagbag.py:545} INFO - Filling up the DagBag from /opt/airflow/dags/json_to_csv_dynamic_config.py
[2024-05-14T15:18:35.313+0000] {processor.py:840} INFO - DAG(s) 'json2csv_a', 'json2csv_b' retrieved from /opt/airflow/dags/json_to_csv_dynamic_config.py
[2024-05-14T15:18:35.514+0000] {logging_mixin.py:188} INFO - [2024-05-14T15:18:35.513+0000] {dag.py:3096} INFO - Sync 2 DAGs
[2024-05-14T15:18:35.557+0000] {logging_mixin.py:188} INFO - [2024-05-14T15:18:35.556+0000] {dag.py:3954} INFO - Setting next_dagrun for json2csv_a to 2024-05-14 15:16:00+00:00, run_after=2024-05-14 15:18:00+00:00
[2024-05-14T15:18:35.567+0000] {logging_mixin.py:188} INFO - [2024-05-14T15:18:35.567+0000] {dag.py:3954} INFO - Setting next_dagrun for json2csv_b to 2024-05-14 15:10:00+00:00, run_after=2024-05-14 15:15:00+00:00
[2024-05-14T15:18:35.600+0000] {processor.py:183} INFO - Processing /opt/airflow/dags/json_to_csv_dynamic_config.py took 0.366 seconds
[2024-05-14T15:19:05.800+0000] {processor.py:161} INFO - Started process (PID=17487) to work on /opt/airflow/dags/json_to_csv_dynamic_config.py
[2024-05-14T15:19:05.802+0000] {processor.py:830} INFO - Processing file /opt/airflow/dags/json_to_csv_dynamic_config.py for tasks to queue
[2024-05-14T15:19:05.803+0000] {logging_mixin.py:188} INFO - [2024-05-14T15:19:05.803+0000] {dagbag.py:545} INFO - Filling up the DagBag from /opt/airflow/dags/json_to_csv_dynamic_config.py
[2024-05-14T15:19:05.861+0000] {processor.py:840} INFO - DAG(s) 'json2csv_a', 'json2csv_b' retrieved from /opt/airflow/dags/json_to_csv_dynamic_config.py
[2024-05-14T15:19:05.904+0000] {logging_mixin.py:188} INFO - [2024-05-14T15:19:05.903+0000] {dag.py:3096} INFO - Sync 2 DAGs
[2024-05-14T15:19:05.943+0000] {logging_mixin.py:188} INFO - [2024-05-14T15:19:05.943+0000] {dag.py:3954} INFO - Setting next_dagrun for json2csv_a to 2024-05-14 15:16:00+00:00, run_after=2024-05-14 15:18:00+00:00
[2024-05-14T15:19:05.955+0000] {logging_mixin.py:188} INFO - [2024-05-14T15:19:05.954+0000] {dag.py:3954} INFO - Setting next_dagrun for json2csv_b to 2024-05-14 15:10:00+00:00, run_after=2024-05-14 15:15:00+00:00
[2024-05-14T15:19:05.984+0000] {processor.py:183} INFO - Processing /opt/airflow/dags/json_to_csv_dynamic_config.py took 0.194 seconds
[2024-05-14T15:19:36.195+0000] {processor.py:161} INFO - Started process (PID=17553) to work on /opt/airflow/dags/json_to_csv_dynamic_config.py
[2024-05-14T15:19:36.196+0000] {processor.py:830} INFO - Processing file /opt/airflow/dags/json_to_csv_dynamic_config.py for tasks to queue
[2024-05-14T15:19:36.198+0000] {logging_mixin.py:188} INFO - [2024-05-14T15:19:36.198+0000] {dagbag.py:545} INFO - Filling up the DagBag from /opt/airflow/dags/json_to_csv_dynamic_config.py
[2024-05-14T15:19:36.252+0000] {processor.py:840} INFO - DAG(s) 'json2csv_a', 'json2csv_b' retrieved from /opt/airflow/dags/json_to_csv_dynamic_config.py
[2024-05-14T15:19:36.271+0000] {logging_mixin.py:188} INFO - [2024-05-14T15:19:36.270+0000] {dag.py:3096} INFO - Sync 2 DAGs
[2024-05-14T15:19:36.314+0000] {logging_mixin.py:188} INFO - [2024-05-14T15:19:36.314+0000] {dag.py:3954} INFO - Setting next_dagrun for json2csv_a to 2024-05-14 15:16:00+00:00, run_after=2024-05-14 15:18:00+00:00
[2024-05-14T15:19:36.325+0000] {logging_mixin.py:188} INFO - [2024-05-14T15:19:36.324+0000] {dag.py:3954} INFO - Setting next_dagrun for json2csv_b to 2024-05-14 15:10:00+00:00, run_after=2024-05-14 15:15:00+00:00
[2024-05-14T15:19:36.355+0000] {processor.py:183} INFO - Processing /opt/airflow/dags/json_to_csv_dynamic_config.py took 0.169 seconds
[2024-05-14T15:20:06.632+0000] {processor.py:161} INFO - Started process (PID=17618) to work on /opt/airflow/dags/json_to_csv_dynamic_config.py
[2024-05-14T15:20:06.634+0000] {processor.py:830} INFO - Processing file /opt/airflow/dags/json_to_csv_dynamic_config.py for tasks to queue
[2024-05-14T15:20:06.636+0000] {logging_mixin.py:188} INFO - [2024-05-14T15:20:06.635+0000] {dagbag.py:545} INFO - Filling up the DagBag from /opt/airflow/dags/json_to_csv_dynamic_config.py
[2024-05-14T15:20:06.687+0000] {processor.py:840} INFO - DAG(s) 'json2csv_b', 'json2csv_a' retrieved from /opt/airflow/dags/json_to_csv_dynamic_config.py
[2024-05-14T15:20:06.872+0000] {logging_mixin.py:188} INFO - [2024-05-14T15:20:06.872+0000] {dag.py:3096} INFO - Sync 2 DAGs
[2024-05-14T15:20:06.908+0000] {logging_mixin.py:188} INFO - [2024-05-14T15:20:06.908+0000] {dag.py:3954} INFO - Setting next_dagrun for json2csv_a to 2024-05-14 15:18:00+00:00, run_after=2024-05-14 15:20:00+00:00
[2024-05-14T15:20:06.916+0000] {logging_mixin.py:188} INFO - [2024-05-14T15:20:06.916+0000] {dag.py:3954} INFO - Setting next_dagrun for json2csv_b to 2024-05-14 15:15:00+00:00, run_after=2024-05-14 15:20:00+00:00
[2024-05-14T15:20:06.951+0000] {processor.py:183} INFO - Processing /opt/airflow/dags/json_to_csv_dynamic_config.py took 0.328 seconds
[2024-05-14T15:20:37.084+0000] {processor.py:161} INFO - Started process (PID=17680) to work on /opt/airflow/dags/json_to_csv_dynamic_config.py
[2024-05-14T15:20:37.087+0000] {processor.py:830} INFO - Processing file /opt/airflow/dags/json_to_csv_dynamic_config.py for tasks to queue
[2024-05-14T15:20:37.089+0000] {logging_mixin.py:188} INFO - [2024-05-14T15:20:37.089+0000] {dagbag.py:545} INFO - Filling up the DagBag from /opt/airflow/dags/json_to_csv_dynamic_config.py
[2024-05-14T15:20:37.153+0000] {processor.py:840} INFO - DAG(s) 'json2csv_b', 'json2csv_a' retrieved from /opt/airflow/dags/json_to_csv_dynamic_config.py
[2024-05-14T15:20:37.198+0000] {logging_mixin.py:188} INFO - [2024-05-14T15:20:37.198+0000] {dag.py:3096} INFO - Sync 2 DAGs
[2024-05-14T15:20:37.239+0000] {logging_mixin.py:188} INFO - [2024-05-14T15:20:37.239+0000] {dag.py:3954} INFO - Setting next_dagrun for json2csv_a to 2024-05-14 15:18:00+00:00, run_after=2024-05-14 15:20:00+00:00
[2024-05-14T15:20:37.248+0000] {logging_mixin.py:188} INFO - [2024-05-14T15:20:37.248+0000] {dag.py:3954} INFO - Setting next_dagrun for json2csv_b to 2024-05-14 15:15:00+00:00, run_after=2024-05-14 15:20:00+00:00
[2024-05-14T15:20:37.309+0000] {processor.py:183} INFO - Processing /opt/airflow/dags/json_to_csv_dynamic_config.py took 0.237 seconds
[2024-05-14T15:21:07.546+0000] {processor.py:161} INFO - Started process (PID=17744) to work on /opt/airflow/dags/json_to_csv_dynamic_config.py
[2024-05-14T15:21:07.547+0000] {processor.py:830} INFO - Processing file /opt/airflow/dags/json_to_csv_dynamic_config.py for tasks to queue
[2024-05-14T15:21:07.549+0000] {logging_mixin.py:188} INFO - [2024-05-14T15:21:07.549+0000] {dagbag.py:545} INFO - Filling up the DagBag from /opt/airflow/dags/json_to_csv_dynamic_config.py
[2024-05-14T15:21:07.601+0000] {processor.py:840} INFO - DAG(s) 'json2csv_a', 'json2csv_b' retrieved from /opt/airflow/dags/json_to_csv_dynamic_config.py
[2024-05-14T15:21:07.619+0000] {logging_mixin.py:188} INFO - [2024-05-14T15:21:07.618+0000] {dag.py:3096} INFO - Sync 2 DAGs
[2024-05-14T15:21:07.683+0000] {logging_mixin.py:188} INFO - [2024-05-14T15:21:07.682+0000] {dag.py:3954} INFO - Setting next_dagrun for json2csv_a to 2024-05-14 15:18:00+00:00, run_after=2024-05-14 15:20:00+00:00
[2024-05-14T15:21:07.699+0000] {logging_mixin.py:188} INFO - [2024-05-14T15:21:07.699+0000] {dag.py:3954} INFO - Setting next_dagrun for json2csv_b to 2024-05-14 15:15:00+00:00, run_after=2024-05-14 15:20:00+00:00
[2024-05-14T15:21:07.730+0000] {processor.py:183} INFO - Processing /opt/airflow/dags/json_to_csv_dynamic_config.py took 0.195 seconds
[2024-05-14T15:21:37.811+0000] {processor.py:161} INFO - Started process (PID=17816) to work on /opt/airflow/dags/json_to_csv_dynamic_config.py
[2024-05-14T15:21:37.813+0000] {processor.py:830} INFO - Processing file /opt/airflow/dags/json_to_csv_dynamic_config.py for tasks to queue
[2024-05-14T15:21:37.814+0000] {logging_mixin.py:188} INFO - [2024-05-14T15:21:37.814+0000] {dagbag.py:545} INFO - Filling up the DagBag from /opt/airflow/dags/json_to_csv_dynamic_config.py
[2024-05-14T15:21:37.869+0000] {processor.py:840} INFO - DAG(s) 'json2csv_a', 'json2csv_b' retrieved from /opt/airflow/dags/json_to_csv_dynamic_config.py
[2024-05-14T15:21:38.062+0000] {logging_mixin.py:188} INFO - [2024-05-14T15:21:38.062+0000] {dag.py:3096} INFO - Sync 2 DAGs
[2024-05-14T15:21:38.113+0000] {logging_mixin.py:188} INFO - [2024-05-14T15:21:38.113+0000] {dag.py:3954} INFO - Setting next_dagrun for json2csv_a to 2024-05-14 15:18:00+00:00, run_after=2024-05-14 15:20:00+00:00
[2024-05-14T15:21:38.122+0000] {logging_mixin.py:188} INFO - [2024-05-14T15:21:38.122+0000] {dag.py:3954} INFO - Setting next_dagrun for json2csv_b to 2024-05-14 15:15:00+00:00, run_after=2024-05-14 15:20:00+00:00
[2024-05-14T15:21:38.153+0000] {processor.py:183} INFO - Processing /opt/airflow/dags/json_to_csv_dynamic_config.py took 0.351 seconds
[2024-05-14T15:22:08.362+0000] {processor.py:161} INFO - Started process (PID=17882) to work on /opt/airflow/dags/json_to_csv_dynamic_config.py
[2024-05-14T15:22:08.364+0000] {processor.py:830} INFO - Processing file /opt/airflow/dags/json_to_csv_dynamic_config.py for tasks to queue
[2024-05-14T15:22:08.365+0000] {logging_mixin.py:188} INFO - [2024-05-14T15:22:08.364+0000] {dagbag.py:545} INFO - Filling up the DagBag from /opt/airflow/dags/json_to_csv_dynamic_config.py
[2024-05-14T15:22:08.414+0000] {processor.py:840} INFO - DAG(s) 'json2csv_a', 'json2csv_b' retrieved from /opt/airflow/dags/json_to_csv_dynamic_config.py
[2024-05-14T15:22:08.452+0000] {logging_mixin.py:188} INFO - [2024-05-14T15:22:08.452+0000] {dag.py:3096} INFO - Sync 2 DAGs
[2024-05-14T15:22:08.488+0000] {logging_mixin.py:188} INFO - [2024-05-14T15:22:08.488+0000] {dag.py:3954} INFO - Setting next_dagrun for json2csv_a to 2024-05-14 15:20:00+00:00, run_after=2024-05-14 15:22:00+00:00
[2024-05-14T15:22:08.497+0000] {logging_mixin.py:188} INFO - [2024-05-14T15:22:08.497+0000] {dag.py:3954} INFO - Setting next_dagrun for json2csv_b to 2024-05-14 15:15:00+00:00, run_after=2024-05-14 15:20:00+00:00
[2024-05-14T15:22:08.524+0000] {processor.py:183} INFO - Processing /opt/airflow/dags/json_to_csv_dynamic_config.py took 0.176 seconds
[2024-05-14T15:22:38.713+0000] {processor.py:161} INFO - Started process (PID=17945) to work on /opt/airflow/dags/json_to_csv_dynamic_config.py
[2024-05-14T15:22:38.715+0000] {processor.py:830} INFO - Processing file /opt/airflow/dags/json_to_csv_dynamic_config.py for tasks to queue
[2024-05-14T15:22:38.717+0000] {logging_mixin.py:188} INFO - [2024-05-14T15:22:38.717+0000] {dagbag.py:545} INFO - Filling up the DagBag from /opt/airflow/dags/json_to_csv_dynamic_config.py
[2024-05-14T15:22:38.771+0000] {processor.py:840} INFO - DAG(s) 'json2csv_b', 'json2csv_a' retrieved from /opt/airflow/dags/json_to_csv_dynamic_config.py
[2024-05-14T15:22:38.796+0000] {logging_mixin.py:188} INFO - [2024-05-14T15:22:38.796+0000] {dag.py:3096} INFO - Sync 2 DAGs
[2024-05-14T15:22:38.857+0000] {logging_mixin.py:188} INFO - [2024-05-14T15:22:38.857+0000] {dag.py:3954} INFO - Setting next_dagrun for json2csv_a to 2024-05-14 15:20:00+00:00, run_after=2024-05-14 15:22:00+00:00
[2024-05-14T15:22:38.878+0000] {logging_mixin.py:188} INFO - [2024-05-14T15:22:38.877+0000] {dag.py:3954} INFO - Setting next_dagrun for json2csv_b to 2024-05-14 15:15:00+00:00, run_after=2024-05-14 15:20:00+00:00
[2024-05-14T15:22:38.927+0000] {processor.py:183} INFO - Processing /opt/airflow/dags/json_to_csv_dynamic_config.py took 0.228 seconds
[2024-05-14T15:23:09.068+0000] {processor.py:161} INFO - Started process (PID=18010) to work on /opt/airflow/dags/json_to_csv_dynamic_config.py
[2024-05-14T15:23:09.070+0000] {processor.py:830} INFO - Processing file /opt/airflow/dags/json_to_csv_dynamic_config.py for tasks to queue
[2024-05-14T15:23:09.072+0000] {logging_mixin.py:188} INFO - [2024-05-14T15:23:09.071+0000] {dagbag.py:545} INFO - Filling up the DagBag from /opt/airflow/dags/json_to_csv_dynamic_config.py
[2024-05-14T15:23:09.145+0000] {processor.py:840} INFO - DAG(s) 'json2csv_b', 'json2csv_a' retrieved from /opt/airflow/dags/json_to_csv_dynamic_config.py
[2024-05-14T15:23:09.324+0000] {logging_mixin.py:188} INFO - [2024-05-14T15:23:09.324+0000] {dag.py:3096} INFO - Sync 2 DAGs
[2024-05-14T15:23:09.359+0000] {logging_mixin.py:188} INFO - [2024-05-14T15:23:09.359+0000] {dag.py:3954} INFO - Setting next_dagrun for json2csv_a to 2024-05-14 15:20:00+00:00, run_after=2024-05-14 15:22:00+00:00
[2024-05-14T15:23:09.367+0000] {logging_mixin.py:188} INFO - [2024-05-14T15:23:09.367+0000] {dag.py:3954} INFO - Setting next_dagrun for json2csv_b to 2024-05-14 15:15:00+00:00, run_after=2024-05-14 15:20:00+00:00
[2024-05-14T15:23:09.395+0000] {processor.py:183} INFO - Processing /opt/airflow/dags/json_to_csv_dynamic_config.py took 0.337 seconds
[2024-05-14T15:23:39.511+0000] {processor.py:161} INFO - Started process (PID=18075) to work on /opt/airflow/dags/json_to_csv_dynamic_config.py
[2024-05-14T15:23:39.513+0000] {processor.py:830} INFO - Processing file /opt/airflow/dags/json_to_csv_dynamic_config.py for tasks to queue
[2024-05-14T15:23:39.514+0000] {logging_mixin.py:188} INFO - [2024-05-14T15:23:39.514+0000] {dagbag.py:545} INFO - Filling up the DagBag from /opt/airflow/dags/json_to_csv_dynamic_config.py
[2024-05-14T15:23:39.562+0000] {processor.py:840} INFO - DAG(s) 'json2csv_b', 'json2csv_a' retrieved from /opt/airflow/dags/json_to_csv_dynamic_config.py
[2024-05-14T15:23:39.598+0000] {logging_mixin.py:188} INFO - [2024-05-14T15:23:39.598+0000] {dag.py:3096} INFO - Sync 2 DAGs
[2024-05-14T15:23:39.638+0000] {logging_mixin.py:188} INFO - [2024-05-14T15:23:39.637+0000] {dag.py:3954} INFO - Setting next_dagrun for json2csv_a to 2024-05-14 15:20:00+00:00, run_after=2024-05-14 15:22:00+00:00
[2024-05-14T15:23:39.648+0000] {logging_mixin.py:188} INFO - [2024-05-14T15:23:39.648+0000] {dag.py:3954} INFO - Setting next_dagrun for json2csv_b to 2024-05-14 15:15:00+00:00, run_after=2024-05-14 15:20:00+00:00
[2024-05-14T15:23:39.677+0000] {processor.py:183} INFO - Processing /opt/airflow/dags/json_to_csv_dynamic_config.py took 0.175 seconds
[2024-05-14T15:24:10.313+0000] {processor.py:161} INFO - Started process (PID=18140) to work on /opt/airflow/dags/json_to_csv_dynamic_config.py
[2024-05-14T15:24:10.314+0000] {processor.py:830} INFO - Processing file /opt/airflow/dags/json_to_csv_dynamic_config.py for tasks to queue
[2024-05-14T15:24:10.316+0000] {logging_mixin.py:188} INFO - [2024-05-14T15:24:10.315+0000] {dagbag.py:545} INFO - Filling up the DagBag from /opt/airflow/dags/json_to_csv_dynamic_config.py
[2024-05-14T15:24:10.361+0000] {processor.py:840} INFO - DAG(s) 'json2csv_a', 'json2csv_b' retrieved from /opt/airflow/dags/json_to_csv_dynamic_config.py
[2024-05-14T15:24:10.378+0000] {logging_mixin.py:188} INFO - [2024-05-14T15:24:10.378+0000] {dag.py:3096} INFO - Sync 2 DAGs
[2024-05-14T15:24:10.424+0000] {logging_mixin.py:188} INFO - [2024-05-14T15:24:10.423+0000] {dag.py:3954} INFO - Setting next_dagrun for json2csv_a to 2024-05-14 15:22:00+00:00, run_after=2024-05-14 15:24:00+00:00
[2024-05-14T15:24:10.434+0000] {logging_mixin.py:188} INFO - [2024-05-14T15:24:10.434+0000] {dag.py:3954} INFO - Setting next_dagrun for json2csv_b to 2024-05-14 15:15:00+00:00, run_after=2024-05-14 15:20:00+00:00
[2024-05-14T15:24:10.469+0000] {processor.py:183} INFO - Processing /opt/airflow/dags/json_to_csv_dynamic_config.py took 0.167 seconds
[2024-05-14T15:24:40.933+0000] {processor.py:161} INFO - Started process (PID=18205) to work on /opt/airflow/dags/json_to_csv_dynamic_config.py
[2024-05-14T15:24:40.935+0000] {processor.py:830} INFO - Processing file /opt/airflow/dags/json_to_csv_dynamic_config.py for tasks to queue
[2024-05-14T15:24:40.938+0000] {logging_mixin.py:188} INFO - [2024-05-14T15:24:40.937+0000] {dagbag.py:545} INFO - Filling up the DagBag from /opt/airflow/dags/json_to_csv_dynamic_config.py
[2024-05-14T15:24:41.001+0000] {processor.py:840} INFO - DAG(s) 'json2csv_b', 'json2csv_a' retrieved from /opt/airflow/dags/json_to_csv_dynamic_config.py
[2024-05-14T15:24:41.225+0000] {logging_mixin.py:188} INFO - [2024-05-14T15:24:41.225+0000] {dag.py:3096} INFO - Sync 2 DAGs
[2024-05-14T15:24:41.264+0000] {logging_mixin.py:188} INFO - [2024-05-14T15:24:41.264+0000] {dag.py:3954} INFO - Setting next_dagrun for json2csv_a to 2024-05-14 15:22:00+00:00, run_after=2024-05-14 15:24:00+00:00
[2024-05-14T15:24:41.281+0000] {logging_mixin.py:188} INFO - [2024-05-14T15:24:41.280+0000] {dag.py:3954} INFO - Setting next_dagrun for json2csv_b to 2024-05-14 15:15:00+00:00, run_after=2024-05-14 15:20:00+00:00
[2024-05-14T15:24:41.315+0000] {processor.py:183} INFO - Processing /opt/airflow/dags/json_to_csv_dynamic_config.py took 0.394 seconds
[2024-05-14T15:25:11.935+0000] {processor.py:161} INFO - Started process (PID=18270) to work on /opt/airflow/dags/json_to_csv_dynamic_config.py
[2024-05-14T15:25:11.937+0000] {processor.py:830} INFO - Processing file /opt/airflow/dags/json_to_csv_dynamic_config.py for tasks to queue
[2024-05-14T15:25:11.939+0000] {logging_mixin.py:188} INFO - [2024-05-14T15:25:11.938+0000] {dagbag.py:545} INFO - Filling up the DagBag from /opt/airflow/dags/json_to_csv_dynamic_config.py
[2024-05-14T15:25:11.999+0000] {processor.py:840} INFO - DAG(s) 'json2csv_a', 'json2csv_b' retrieved from /opt/airflow/dags/json_to_csv_dynamic_config.py
[2024-05-14T15:25:12.055+0000] {logging_mixin.py:188} INFO - [2024-05-14T15:25:12.055+0000] {dag.py:3096} INFO - Sync 2 DAGs
[2024-05-14T15:25:12.114+0000] {logging_mixin.py:188} INFO - [2024-05-14T15:25:12.114+0000] {dag.py:3954} INFO - Setting next_dagrun for json2csv_a to 2024-05-14 15:22:00+00:00, run_after=2024-05-14 15:24:00+00:00
[2024-05-14T15:25:12.125+0000] {logging_mixin.py:188} INFO - [2024-05-14T15:25:12.125+0000] {dag.py:3954} INFO - Setting next_dagrun for json2csv_b to 2024-05-14 15:20:00+00:00, run_after=2024-05-14 15:25:00+00:00
[2024-05-14T15:25:12.150+0000] {processor.py:183} INFO - Processing /opt/airflow/dags/json_to_csv_dynamic_config.py took 0.231 seconds
[2024-05-14T15:25:42.988+0000] {processor.py:161} INFO - Started process (PID=18335) to work on /opt/airflow/dags/json_to_csv_dynamic_config.py
[2024-05-14T15:25:42.990+0000] {processor.py:830} INFO - Processing file /opt/airflow/dags/json_to_csv_dynamic_config.py for tasks to queue
[2024-05-14T15:25:42.991+0000] {logging_mixin.py:188} INFO - [2024-05-14T15:25:42.991+0000] {dagbag.py:545} INFO - Filling up the DagBag from /opt/airflow/dags/json_to_csv_dynamic_config.py
[2024-05-14T15:25:43.045+0000] {processor.py:840} INFO - DAG(s) 'json2csv_a', 'json2csv_b' retrieved from /opt/airflow/dags/json_to_csv_dynamic_config.py
[2024-05-14T15:25:43.066+0000] {logging_mixin.py:188} INFO - [2024-05-14T15:25:43.066+0000] {dag.py:3096} INFO - Sync 2 DAGs
[2024-05-14T15:25:43.118+0000] {logging_mixin.py:188} INFO - [2024-05-14T15:25:43.117+0000] {dag.py:3954} INFO - Setting next_dagrun for json2csv_a to 2024-05-14 15:22:00+00:00, run_after=2024-05-14 15:24:00+00:00
[2024-05-14T15:25:43.131+0000] {logging_mixin.py:188} INFO - [2024-05-14T15:25:43.131+0000] {dag.py:3954} INFO - Setting next_dagrun for json2csv_b to 2024-05-14 15:20:00+00:00, run_after=2024-05-14 15:25:00+00:00
[2024-05-14T15:25:43.165+0000] {processor.py:183} INFO - Processing /opt/airflow/dags/json_to_csv_dynamic_config.py took 0.187 seconds
[2024-05-14T15:26:13.327+0000] {processor.py:161} INFO - Started process (PID=18400) to work on /opt/airflow/dags/json_to_csv_dynamic_config.py
[2024-05-14T15:26:13.330+0000] {processor.py:830} INFO - Processing file /opt/airflow/dags/json_to_csv_dynamic_config.py for tasks to queue
[2024-05-14T15:26:13.332+0000] {logging_mixin.py:188} INFO - [2024-05-14T15:26:13.331+0000] {dagbag.py:545} INFO - Filling up the DagBag from /opt/airflow/dags/json_to_csv_dynamic_config.py
[2024-05-14T15:26:13.388+0000] {processor.py:840} INFO - DAG(s) 'json2csv_b', 'json2csv_a' retrieved from /opt/airflow/dags/json_to_csv_dynamic_config.py
[2024-05-14T15:26:13.579+0000] {logging_mixin.py:188} INFO - [2024-05-14T15:26:13.579+0000] {dag.py:3096} INFO - Sync 2 DAGs
[2024-05-14T15:26:13.614+0000] {logging_mixin.py:188} INFO - [2024-05-14T15:26:13.614+0000] {dag.py:3954} INFO - Setting next_dagrun for json2csv_a to 2024-05-14 15:24:00+00:00, run_after=2024-05-14 15:26:00+00:00
[2024-05-14T15:26:13.625+0000] {logging_mixin.py:188} INFO - [2024-05-14T15:26:13.625+0000] {dag.py:3954} INFO - Setting next_dagrun for json2csv_b to 2024-05-14 15:20:00+00:00, run_after=2024-05-14 15:25:00+00:00
[2024-05-14T15:26:13.659+0000] {processor.py:183} INFO - Processing /opt/airflow/dags/json_to_csv_dynamic_config.py took 0.343 seconds
[2024-05-14T15:26:43.982+0000] {processor.py:161} INFO - Started process (PID=18466) to work on /opt/airflow/dags/json_to_csv_dynamic_config.py
[2024-05-14T15:26:43.984+0000] {processor.py:830} INFO - Processing file /opt/airflow/dags/json_to_csv_dynamic_config.py for tasks to queue
[2024-05-14T15:26:43.985+0000] {logging_mixin.py:188} INFO - [2024-05-14T15:26:43.985+0000] {dagbag.py:545} INFO - Filling up the DagBag from /opt/airflow/dags/json_to_csv_dynamic_config.py
[2024-05-14T15:26:44.022+0000] {logging_mixin.py:188} INFO - [2024-05-14T15:26:44.015+0000] {dagbag.py:355} ERROR - Failed to import: /opt/airflow/dags/json_to_csv_dynamic_config.py
Traceback (most recent call last):
  File "/home/airflow/.local/lib/python3.12/site-packages/airflow/models/dagbag.py", line 351, in parse
    loader.exec_module(new_module)
  File "<frozen importlib._bootstrap_external>", line 995, in exec_module
  File "<frozen importlib._bootstrap>", line 488, in _call_with_frames_removed
  File "/opt/airflow/dags/json_to_csv_dynamic_config.py", line 10, in <module>
    dag_configs = json.load(f)
                  ^^^^^^^^^^^^
  File "/usr/local/lib/python3.12/json/__init__.py", line 293, in load
    return loads(fp.read(),
           ^^^^^^^^^^^^^^^^
  File "/usr/local/lib/python3.12/json/__init__.py", line 346, in loads
    return _default_decoder.decode(s)
           ^^^^^^^^^^^^^^^^^^^^^^^^^^
  File "/usr/local/lib/python3.12/json/decoder.py", line 337, in decode
    obj, end = self.raw_decode(s, idx=_w(s, 0).end())
               ^^^^^^^^^^^^^^^^^^^^^^^^^^^^^^^^^^^^^^
  File "/usr/local/lib/python3.12/json/decoder.py", line 355, in raw_decode
    raise JSONDecodeError("Expecting value", s, err.value) from None
json.decoder.JSONDecodeError: Expecting value: line 44 column 9 (char 1805)
[2024-05-14T15:26:44.024+0000] {processor.py:842} WARNING - No viable dags retrieved from /opt/airflow/dags/json_to_csv_dynamic_config.py
[2024-05-14T15:26:44.066+0000] {processor.py:183} INFO - Processing /opt/airflow/dags/json_to_csv_dynamic_config.py took 0.094 seconds
[2024-05-14T15:27:14.708+0000] {processor.py:161} INFO - Started process (PID=18529) to work on /opt/airflow/dags/json_to_csv_dynamic_config.py
[2024-05-14T15:27:14.710+0000] {processor.py:830} INFO - Processing file /opt/airflow/dags/json_to_csv_dynamic_config.py for tasks to queue
[2024-05-14T15:27:14.711+0000] {logging_mixin.py:188} INFO - [2024-05-14T15:27:14.711+0000] {dagbag.py:545} INFO - Filling up the DagBag from /opt/airflow/dags/json_to_csv_dynamic_config.py
[2024-05-14T15:27:14.757+0000] {logging_mixin.py:188} INFO - [2024-05-14T15:27:14.748+0000] {dagbag.py:355} ERROR - Failed to import: /opt/airflow/dags/json_to_csv_dynamic_config.py
Traceback (most recent call last):
  File "/home/airflow/.local/lib/python3.12/site-packages/airflow/models/dagbag.py", line 351, in parse
    loader.exec_module(new_module)
  File "<frozen importlib._bootstrap_external>", line 995, in exec_module
  File "<frozen importlib._bootstrap>", line 488, in _call_with_frames_removed
  File "/opt/airflow/dags/json_to_csv_dynamic_config.py", line 10, in <module>
    dag_configs = json.load(f)
                  ^^^^^^^^^^^^
  File "/usr/local/lib/python3.12/json/__init__.py", line 293, in load
    return loads(fp.read(),
           ^^^^^^^^^^^^^^^^
  File "/usr/local/lib/python3.12/json/__init__.py", line 346, in loads
    return _default_decoder.decode(s)
           ^^^^^^^^^^^^^^^^^^^^^^^^^^
  File "/usr/local/lib/python3.12/json/decoder.py", line 337, in decode
    obj, end = self.raw_decode(s, idx=_w(s, 0).end())
               ^^^^^^^^^^^^^^^^^^^^^^^^^^^^^^^^^^^^^^
  File "/usr/local/lib/python3.12/json/decoder.py", line 355, in raw_decode
    raise JSONDecodeError("Expecting value", s, err.value) from None
json.decoder.JSONDecodeError: Expecting value: line 44 column 9 (char 1802)
[2024-05-14T15:27:14.758+0000] {processor.py:842} WARNING - No viable dags retrieved from /opt/airflow/dags/json_to_csv_dynamic_config.py
[2024-05-14T15:27:14.790+0000] {processor.py:183} INFO - Processing /opt/airflow/dags/json_to_csv_dynamic_config.py took 0.093 seconds
[2024-05-14T15:27:45.338+0000] {processor.py:161} INFO - Started process (PID=18594) to work on /opt/airflow/dags/json_to_csv_dynamic_config.py
[2024-05-14T15:27:45.340+0000] {processor.py:830} INFO - Processing file /opt/airflow/dags/json_to_csv_dynamic_config.py for tasks to queue
[2024-05-14T15:27:45.341+0000] {logging_mixin.py:188} INFO - [2024-05-14T15:27:45.341+0000] {dagbag.py:545} INFO - Filling up the DagBag from /opt/airflow/dags/json_to_csv_dynamic_config.py
[2024-05-14T15:27:45.390+0000] {processor.py:840} INFO - DAG(s) 'json2csv_a', 'json2csv_b' retrieved from /opt/airflow/dags/json_to_csv_dynamic_config.py
[2024-05-14T15:27:45.574+0000] {logging_mixin.py:188} INFO - [2024-05-14T15:27:45.574+0000] {dag.py:3096} INFO - Sync 2 DAGs
[2024-05-14T15:27:45.611+0000] {logging_mixin.py:188} INFO - [2024-05-14T15:27:45.611+0000] {dag.py:3954} INFO - Setting next_dagrun for json2csv_a to 2024-05-14 15:24:00+00:00, run_after=2024-05-14 15:26:00+00:00
[2024-05-14T15:27:45.619+0000] {logging_mixin.py:188} INFO - [2024-05-14T15:27:45.619+0000] {dag.py:3954} INFO - Setting next_dagrun for json2csv_b to 2024-05-14 15:20:00+00:00, run_after=2024-05-14 15:25:00+00:00
[2024-05-14T15:27:45.652+0000] {processor.py:183} INFO - Processing /opt/airflow/dags/json_to_csv_dynamic_config.py took 0.322 seconds
[2024-05-14T15:28:15.777+0000] {processor.py:161} INFO - Started process (PID=18659) to work on /opt/airflow/dags/json_to_csv_dynamic_config.py
[2024-05-14T15:28:15.778+0000] {processor.py:830} INFO - Processing file /opt/airflow/dags/json_to_csv_dynamic_config.py for tasks to queue
[2024-05-14T15:28:15.780+0000] {logging_mixin.py:188} INFO - [2024-05-14T15:28:15.779+0000] {dagbag.py:545} INFO - Filling up the DagBag from /opt/airflow/dags/json_to_csv_dynamic_config.py
[2024-05-14T15:28:15.835+0000] {processor.py:840} INFO - DAG(s) 'json2csv_b', 'json2csv_a' retrieved from /opt/airflow/dags/json_to_csv_dynamic_config.py
[2024-05-14T15:28:15.876+0000] {logging_mixin.py:188} INFO - [2024-05-14T15:28:15.876+0000] {dag.py:3096} INFO - Sync 2 DAGs
[2024-05-14T15:28:15.916+0000] {logging_mixin.py:188} INFO - [2024-05-14T15:28:15.915+0000] {dag.py:3954} INFO - Setting next_dagrun for json2csv_a to 2024-05-14 15:26:00+00:00, run_after=2024-05-14 15:28:00+00:00
[2024-05-14T15:28:15.924+0000] {logging_mixin.py:188} INFO - [2024-05-14T15:28:15.924+0000] {dag.py:3954} INFO - Setting next_dagrun for json2csv_b to 2024-05-14 15:20:00+00:00, run_after=2024-05-14 15:25:00+00:00
[2024-05-14T15:28:15.953+0000] {processor.py:183} INFO - Processing /opt/airflow/dags/json_to_csv_dynamic_config.py took 0.189 seconds
[2024-05-14T15:28:46.145+0000] {processor.py:161} INFO - Started process (PID=18724) to work on /opt/airflow/dags/json_to_csv_dynamic_config.py
[2024-05-14T15:28:46.147+0000] {processor.py:830} INFO - Processing file /opt/airflow/dags/json_to_csv_dynamic_config.py for tasks to queue
[2024-05-14T15:28:46.149+0000] {logging_mixin.py:188} INFO - [2024-05-14T15:28:46.149+0000] {dagbag.py:545} INFO - Filling up the DagBag from /opt/airflow/dags/json_to_csv_dynamic_config.py
[2024-05-14T15:28:46.206+0000] {processor.py:840} INFO - DAG(s) 'json2csv_a', 'json2csv_b' retrieved from /opt/airflow/dags/json_to_csv_dynamic_config.py
[2024-05-14T15:28:46.226+0000] {logging_mixin.py:188} INFO - [2024-05-14T15:28:46.226+0000] {dag.py:3096} INFO - Sync 2 DAGs
[2024-05-14T15:28:46.285+0000] {logging_mixin.py:188} INFO - [2024-05-14T15:28:46.285+0000] {dag.py:3954} INFO - Setting next_dagrun for json2csv_a to 2024-05-14 15:26:00+00:00, run_after=2024-05-14 15:28:00+00:00
[2024-05-14T15:28:46.295+0000] {logging_mixin.py:188} INFO - [2024-05-14T15:28:46.294+0000] {dag.py:3954} INFO - Setting next_dagrun for json2csv_b to 2024-05-14 15:20:00+00:00, run_after=2024-05-14 15:25:00+00:00
[2024-05-14T15:28:46.320+0000] {processor.py:183} INFO - Processing /opt/airflow/dags/json_to_csv_dynamic_config.py took 0.185 seconds
[2024-05-14T15:29:16.513+0000] {processor.py:161} INFO - Started process (PID=18789) to work on /opt/airflow/dags/json_to_csv_dynamic_config.py
[2024-05-14T15:29:16.514+0000] {processor.py:830} INFO - Processing file /opt/airflow/dags/json_to_csv_dynamic_config.py for tasks to queue
[2024-05-14T15:29:16.516+0000] {logging_mixin.py:188} INFO - [2024-05-14T15:29:16.515+0000] {dagbag.py:545} INFO - Filling up the DagBag from /opt/airflow/dags/json_to_csv_dynamic_config.py
[2024-05-14T15:29:16.571+0000] {processor.py:840} INFO - DAG(s) 'json2csv_b', 'json2csv_a' retrieved from /opt/airflow/dags/json_to_csv_dynamic_config.py
[2024-05-14T15:29:16.749+0000] {logging_mixin.py:188} INFO - [2024-05-14T15:29:16.748+0000] {dag.py:3096} INFO - Sync 2 DAGs
[2024-05-14T15:29:16.783+0000] {logging_mixin.py:188} INFO - [2024-05-14T15:29:16.782+0000] {dag.py:3954} INFO - Setting next_dagrun for json2csv_a to 2024-05-14 15:26:00+00:00, run_after=2024-05-14 15:28:00+00:00
[2024-05-14T15:29:16.791+0000] {logging_mixin.py:188} INFO - [2024-05-14T15:29:16.790+0000] {dag.py:3954} INFO - Setting next_dagrun for json2csv_b to 2024-05-14 15:20:00+00:00, run_after=2024-05-14 15:25:00+00:00
[2024-05-14T15:29:16.820+0000] {processor.py:183} INFO - Processing /opt/airflow/dags/json_to_csv_dynamic_config.py took 0.317 seconds
[2024-05-14T15:29:47.360+0000] {processor.py:161} INFO - Started process (PID=18854) to work on /opt/airflow/dags/json_to_csv_dynamic_config.py
[2024-05-14T15:29:47.361+0000] {processor.py:830} INFO - Processing file /opt/airflow/dags/json_to_csv_dynamic_config.py for tasks to queue
[2024-05-14T15:29:47.363+0000] {logging_mixin.py:188} INFO - [2024-05-14T15:29:47.363+0000] {dagbag.py:545} INFO - Filling up the DagBag from /opt/airflow/dags/json_to_csv_dynamic_config.py
[2024-05-14T15:29:47.436+0000] {processor.py:840} INFO - DAG(s) 'json2csv_b', 'json2csv_a' retrieved from /opt/airflow/dags/json_to_csv_dynamic_config.py
[2024-05-14T15:29:47.500+0000] {logging_mixin.py:188} INFO - [2024-05-14T15:29:47.500+0000] {dag.py:3096} INFO - Sync 2 DAGs
[2024-05-14T15:29:47.563+0000] {logging_mixin.py:188} INFO - [2024-05-14T15:29:47.563+0000] {dag.py:3954} INFO - Setting next_dagrun for json2csv_a to 2024-05-14 15:26:00+00:00, run_after=2024-05-14 15:28:00+00:00
[2024-05-14T15:29:47.578+0000] {logging_mixin.py:188} INFO - [2024-05-14T15:29:47.578+0000] {dag.py:3954} INFO - Setting next_dagrun for json2csv_b to 2024-05-14 15:20:00+00:00, run_after=2024-05-14 15:25:00+00:00
[2024-05-14T15:29:47.615+0000] {processor.py:183} INFO - Processing /opt/airflow/dags/json_to_csv_dynamic_config.py took 0.269 seconds
[2024-05-14T15:30:18.418+0000] {processor.py:161} INFO - Started process (PID=18944) to work on /opt/airflow/dags/json_to_csv_dynamic_config.py
[2024-05-14T15:30:18.420+0000] {processor.py:830} INFO - Processing file /opt/airflow/dags/json_to_csv_dynamic_config.py for tasks to queue
[2024-05-14T15:30:18.423+0000] {logging_mixin.py:188} INFO - [2024-05-14T15:30:18.422+0000] {dagbag.py:545} INFO - Filling up the DagBag from /opt/airflow/dags/json_to_csv_dynamic_config.py
[2024-05-14T15:30:18.490+0000] {processor.py:840} INFO - DAG(s) 'json2csv_a', 'json2csv_b' retrieved from /opt/airflow/dags/json_to_csv_dynamic_config.py
[2024-05-14T15:30:18.511+0000] {logging_mixin.py:188} INFO - [2024-05-14T15:30:18.510+0000] {dag.py:3096} INFO - Sync 2 DAGs
[2024-05-14T15:30:18.569+0000] {logging_mixin.py:188} INFO - [2024-05-14T15:30:18.568+0000] {dag.py:3954} INFO - Setting next_dagrun for json2csv_a to 2024-05-14 15:28:00+00:00, run_after=2024-05-14 15:30:00+00:00
[2024-05-14T15:30:18.581+0000] {logging_mixin.py:188} INFO - [2024-05-14T15:30:18.580+0000] {dag.py:3954} INFO - Setting next_dagrun for json2csv_b to 2024-05-14 15:30:00+00:00, run_after=2024-05-14 15:35:00+00:00
[2024-05-14T15:30:18.612+0000] {processor.py:183} INFO - Processing /opt/airflow/dags/json_to_csv_dynamic_config.py took 0.207 seconds
[2024-05-14T15:30:49.182+0000] {processor.py:161} INFO - Started process (PID=19009) to work on /opt/airflow/dags/json_to_csv_dynamic_config.py
[2024-05-14T15:30:49.184+0000] {processor.py:830} INFO - Processing file /opt/airflow/dags/json_to_csv_dynamic_config.py for tasks to queue
[2024-05-14T15:30:49.187+0000] {logging_mixin.py:188} INFO - [2024-05-14T15:30:49.186+0000] {dagbag.py:545} INFO - Filling up the DagBag from /opt/airflow/dags/json_to_csv_dynamic_config.py
[2024-05-14T15:30:49.259+0000] {processor.py:840} INFO - DAG(s) 'json2csv_a', 'json2csv_b' retrieved from /opt/airflow/dags/json_to_csv_dynamic_config.py
[2024-05-14T15:30:49.507+0000] {logging_mixin.py:188} INFO - [2024-05-14T15:30:49.506+0000] {dag.py:3096} INFO - Sync 2 DAGs
[2024-05-14T15:30:49.543+0000] {logging_mixin.py:188} INFO - [2024-05-14T15:30:49.542+0000] {dag.py:3954} INFO - Setting next_dagrun for json2csv_a to 2024-05-14 15:28:00+00:00, run_after=2024-05-14 15:30:00+00:00
[2024-05-14T15:30:49.553+0000] {logging_mixin.py:188} INFO - [2024-05-14T15:30:49.553+0000] {dag.py:3954} INFO - Setting next_dagrun for json2csv_b to 2024-05-14 15:30:00+00:00, run_after=2024-05-14 15:35:00+00:00
[2024-05-14T15:30:49.582+0000] {processor.py:183} INFO - Processing /opt/airflow/dags/json_to_csv_dynamic_config.py took 0.412 seconds
[2024-05-14T15:31:20.042+0000] {processor.py:161} INFO - Started process (PID=19074) to work on /opt/airflow/dags/json_to_csv_dynamic_config.py
[2024-05-14T15:31:20.044+0000] {processor.py:830} INFO - Processing file /opt/airflow/dags/json_to_csv_dynamic_config.py for tasks to queue
[2024-05-14T15:31:20.045+0000] {logging_mixin.py:188} INFO - [2024-05-14T15:31:20.045+0000] {dagbag.py:545} INFO - Filling up the DagBag from /opt/airflow/dags/json_to_csv_dynamic_config.py
[2024-05-14T15:31:20.118+0000] {processor.py:840} INFO - DAG(s) 'json2csv_a', 'json2csv_b' retrieved from /opt/airflow/dags/json_to_csv_dynamic_config.py
[2024-05-14T15:31:20.173+0000] {logging_mixin.py:188} INFO - [2024-05-14T15:31:20.173+0000] {dag.py:3096} INFO - Sync 2 DAGs
[2024-05-14T15:31:20.228+0000] {logging_mixin.py:188} INFO - [2024-05-14T15:31:20.228+0000] {dag.py:3954} INFO - Setting next_dagrun for json2csv_a to 2024-05-14 15:28:00+00:00, run_after=2024-05-14 15:30:00+00:00
[2024-05-14T15:31:20.245+0000] {logging_mixin.py:188} INFO - [2024-05-14T15:31:20.244+0000] {dag.py:3954} INFO - Setting next_dagrun for json2csv_b to 2024-05-14 15:30:00+00:00, run_after=2024-05-14 15:35:00+00:00
[2024-05-14T15:31:20.279+0000] {processor.py:183} INFO - Processing /opt/airflow/dags/json_to_csv_dynamic_config.py took 0.250 seconds
[2024-05-14T15:31:50.840+0000] {processor.py:161} INFO - Started process (PID=19139) to work on /opt/airflow/dags/json_to_csv_dynamic_config.py
[2024-05-14T15:31:50.842+0000] {processor.py:830} INFO - Processing file /opt/airflow/dags/json_to_csv_dynamic_config.py for tasks to queue
[2024-05-14T15:31:50.844+0000] {logging_mixin.py:188} INFO - [2024-05-14T15:31:50.843+0000] {dagbag.py:545} INFO - Filling up the DagBag from /opt/airflow/dags/json_to_csv_dynamic_config.py
[2024-05-14T15:31:50.907+0000] {processor.py:840} INFO - DAG(s) 'json2csv_b', 'json2csv_a' retrieved from /opt/airflow/dags/json_to_csv_dynamic_config.py
[2024-05-14T15:31:50.927+0000] {logging_mixin.py:188} INFO - [2024-05-14T15:31:50.927+0000] {dag.py:3096} INFO - Sync 2 DAGs
[2024-05-14T15:31:50.975+0000] {logging_mixin.py:188} INFO - [2024-05-14T15:31:50.975+0000] {dag.py:3954} INFO - Setting next_dagrun for json2csv_a to 2024-05-14 15:28:00+00:00, run_after=2024-05-14 15:30:00+00:00
[2024-05-14T15:31:50.985+0000] {logging_mixin.py:188} INFO - [2024-05-14T15:31:50.985+0000] {dag.py:3954} INFO - Setting next_dagrun for json2csv_b to 2024-05-14 15:30:00+00:00, run_after=2024-05-14 15:35:00+00:00
[2024-05-14T15:31:51.018+0000] {processor.py:183} INFO - Processing /opt/airflow/dags/json_to_csv_dynamic_config.py took 0.193 seconds
[2024-05-14T15:32:21.217+0000] {processor.py:161} INFO - Started process (PID=19204) to work on /opt/airflow/dags/json_to_csv_dynamic_config.py
[2024-05-14T15:32:21.218+0000] {processor.py:830} INFO - Processing file /opt/airflow/dags/json_to_csv_dynamic_config.py for tasks to queue
[2024-05-14T15:32:21.220+0000] {logging_mixin.py:188} INFO - [2024-05-14T15:32:21.219+0000] {dagbag.py:545} INFO - Filling up the DagBag from /opt/airflow/dags/json_to_csv_dynamic_config.py
[2024-05-14T15:32:21.270+0000] {processor.py:840} INFO - DAG(s) 'json2csv_a', 'json2csv_b' retrieved from /opt/airflow/dags/json_to_csv_dynamic_config.py
[2024-05-14T15:32:21.457+0000] {logging_mixin.py:188} INFO - [2024-05-14T15:32:21.457+0000] {dag.py:3096} INFO - Sync 2 DAGs
[2024-05-14T15:32:21.490+0000] {logging_mixin.py:188} INFO - [2024-05-14T15:32:21.489+0000] {dag.py:3954} INFO - Setting next_dagrun for json2csv_a to 2024-05-14 15:30:00+00:00, run_after=2024-05-14 15:32:00+00:00
[2024-05-14T15:32:21.498+0000] {logging_mixin.py:188} INFO - [2024-05-14T15:32:21.498+0000] {dag.py:3954} INFO - Setting next_dagrun for json2csv_b to 2024-05-14 15:30:00+00:00, run_after=2024-05-14 15:35:00+00:00
[2024-05-14T15:32:21.525+0000] {processor.py:183} INFO - Processing /opt/airflow/dags/json_to_csv_dynamic_config.py took 0.319 seconds
[2024-05-14T15:32:51.783+0000] {processor.py:161} INFO - Started process (PID=19269) to work on /opt/airflow/dags/json_to_csv_dynamic_config.py
[2024-05-14T15:32:51.784+0000] {processor.py:830} INFO - Processing file /opt/airflow/dags/json_to_csv_dynamic_config.py for tasks to queue
[2024-05-14T15:32:51.786+0000] {logging_mixin.py:188} INFO - [2024-05-14T15:32:51.785+0000] {dagbag.py:545} INFO - Filling up the DagBag from /opt/airflow/dags/json_to_csv_dynamic_config.py
[2024-05-14T15:32:51.844+0000] {processor.py:840} INFO - DAG(s) 'json2csv_a', 'json2csv_b' retrieved from /opt/airflow/dags/json_to_csv_dynamic_config.py
[2024-05-14T15:32:51.890+0000] {logging_mixin.py:188} INFO - [2024-05-14T15:32:51.890+0000] {dag.py:3096} INFO - Sync 2 DAGs
[2024-05-14T15:32:51.941+0000] {logging_mixin.py:188} INFO - [2024-05-14T15:32:51.941+0000] {dag.py:3954} INFO - Setting next_dagrun for json2csv_a to 2024-05-14 15:30:00+00:00, run_after=2024-05-14 15:32:00+00:00
[2024-05-14T15:32:51.956+0000] {logging_mixin.py:188} INFO - [2024-05-14T15:32:51.955+0000] {dag.py:3954} INFO - Setting next_dagrun for json2csv_b to 2024-05-14 15:30:00+00:00, run_after=2024-05-14 15:35:00+00:00
[2024-05-14T15:32:51.982+0000] {processor.py:183} INFO - Processing /opt/airflow/dags/json_to_csv_dynamic_config.py took 0.213 seconds
[2024-05-14T15:33:22.165+0000] {processor.py:161} INFO - Started process (PID=19334) to work on /opt/airflow/dags/json_to_csv_dynamic_config.py
[2024-05-14T15:33:22.167+0000] {processor.py:830} INFO - Processing file /opt/airflow/dags/json_to_csv_dynamic_config.py for tasks to queue
[2024-05-14T15:33:22.169+0000] {logging_mixin.py:188} INFO - [2024-05-14T15:33:22.168+0000] {dagbag.py:545} INFO - Filling up the DagBag from /opt/airflow/dags/json_to_csv_dynamic_config.py
[2024-05-14T15:33:22.246+0000] {processor.py:840} INFO - DAG(s) 'json2csv_a', 'json2csv_b' retrieved from /opt/airflow/dags/json_to_csv_dynamic_config.py
[2024-05-14T15:33:22.266+0000] {logging_mixin.py:188} INFO - [2024-05-14T15:33:22.266+0000] {dag.py:3096} INFO - Sync 2 DAGs
[2024-05-14T15:33:22.317+0000] {logging_mixin.py:188} INFO - [2024-05-14T15:33:22.317+0000] {dag.py:3954} INFO - Setting next_dagrun for json2csv_a to 2024-05-14 15:30:00+00:00, run_after=2024-05-14 15:32:00+00:00
[2024-05-14T15:33:22.331+0000] {logging_mixin.py:188} INFO - [2024-05-14T15:33:22.331+0000] {dag.py:3954} INFO - Setting next_dagrun for json2csv_b to 2024-05-14 15:30:00+00:00, run_after=2024-05-14 15:35:00+00:00
[2024-05-14T15:33:22.375+0000] {processor.py:183} INFO - Processing /opt/airflow/dags/json_to_csv_dynamic_config.py took 0.224 seconds
[2024-05-14T15:33:53.001+0000] {processor.py:161} INFO - Started process (PID=19399) to work on /opt/airflow/dags/json_to_csv_dynamic_config.py
[2024-05-14T15:33:53.003+0000] {processor.py:830} INFO - Processing file /opt/airflow/dags/json_to_csv_dynamic_config.py for tasks to queue
[2024-05-14T15:33:53.005+0000] {logging_mixin.py:188} INFO - [2024-05-14T15:33:53.004+0000] {dagbag.py:545} INFO - Filling up the DagBag from /opt/airflow/dags/json_to_csv_dynamic_config.py
[2024-05-14T15:33:53.062+0000] {processor.py:840} INFO - DAG(s) 'json2csv_b', 'json2csv_a' retrieved from /opt/airflow/dags/json_to_csv_dynamic_config.py
[2024-05-14T15:33:53.259+0000] {logging_mixin.py:188} INFO - [2024-05-14T15:33:53.258+0000] {dag.py:3096} INFO - Sync 2 DAGs
[2024-05-14T15:33:53.305+0000] {logging_mixin.py:188} INFO - [2024-05-14T15:33:53.304+0000] {dag.py:3954} INFO - Setting next_dagrun for json2csv_a to 2024-05-14 15:30:00+00:00, run_after=2024-05-14 15:32:00+00:00
[2024-05-14T15:33:53.316+0000] {logging_mixin.py:188} INFO - [2024-05-14T15:33:53.315+0000] {dag.py:3954} INFO - Setting next_dagrun for json2csv_b to 2024-05-14 15:30:00+00:00, run_after=2024-05-14 15:35:00+00:00
[2024-05-14T15:33:53.354+0000] {processor.py:183} INFO - Processing /opt/airflow/dags/json_to_csv_dynamic_config.py took 0.365 seconds
[2024-05-14T15:34:23.514+0000] {processor.py:161} INFO - Started process (PID=19466) to work on /opt/airflow/dags/json_to_csv_dynamic_config.py
[2024-05-14T15:34:23.516+0000] {processor.py:830} INFO - Processing file /opt/airflow/dags/json_to_csv_dynamic_config.py for tasks to queue
[2024-05-14T15:34:23.518+0000] {logging_mixin.py:188} INFO - [2024-05-14T15:34:23.517+0000] {dagbag.py:545} INFO - Filling up the DagBag from /opt/airflow/dags/json_to_csv_dynamic_config.py
[2024-05-14T15:34:23.571+0000] {processor.py:840} INFO - DAG(s) 'json2csv_a', 'json2csv_b' retrieved from /opt/airflow/dags/json_to_csv_dynamic_config.py
[2024-05-14T15:34:23.615+0000] {logging_mixin.py:188} INFO - [2024-05-14T15:34:23.614+0000] {dag.py:3096} INFO - Sync 2 DAGs
[2024-05-14T15:34:23.654+0000] {logging_mixin.py:188} INFO - [2024-05-14T15:34:23.654+0000] {dag.py:3954} INFO - Setting next_dagrun for json2csv_a to 2024-05-14 15:32:00+00:00, run_after=2024-05-14 15:34:00+00:00
[2024-05-14T15:34:23.666+0000] {logging_mixin.py:188} INFO - [2024-05-14T15:34:23.665+0000] {dag.py:3954} INFO - Setting next_dagrun for json2csv_b to 2024-05-14 15:30:00+00:00, run_after=2024-05-14 15:35:00+00:00
[2024-05-14T15:34:23.697+0000] {processor.py:183} INFO - Processing /opt/airflow/dags/json_to_csv_dynamic_config.py took 0.194 seconds
[2024-05-14T15:34:54.238+0000] {processor.py:161} INFO - Started process (PID=19529) to work on /opt/airflow/dags/json_to_csv_dynamic_config.py
[2024-05-14T15:34:54.240+0000] {processor.py:830} INFO - Processing file /opt/airflow/dags/json_to_csv_dynamic_config.py for tasks to queue
[2024-05-14T15:34:54.243+0000] {logging_mixin.py:188} INFO - [2024-05-14T15:34:54.242+0000] {dagbag.py:545} INFO - Filling up the DagBag from /opt/airflow/dags/json_to_csv_dynamic_config.py
[2024-05-14T15:34:54.340+0000] {processor.py:840} INFO - DAG(s) 'json2csv_b', 'json2csv_a' retrieved from /opt/airflow/dags/json_to_csv_dynamic_config.py
[2024-05-14T15:34:54.361+0000] {logging_mixin.py:188} INFO - [2024-05-14T15:34:54.360+0000] {dag.py:3096} INFO - Sync 2 DAGs
[2024-05-14T15:34:54.405+0000] {logging_mixin.py:188} INFO - [2024-05-14T15:34:54.405+0000] {dag.py:3954} INFO - Setting next_dagrun for json2csv_a to 2024-05-14 15:32:00+00:00, run_after=2024-05-14 15:34:00+00:00
[2024-05-14T15:34:54.415+0000] {logging_mixin.py:188} INFO - [2024-05-14T15:34:54.415+0000] {dag.py:3954} INFO - Setting next_dagrun for json2csv_b to 2024-05-14 15:30:00+00:00, run_after=2024-05-14 15:35:00+00:00
[2024-05-14T15:34:54.455+0000] {processor.py:183} INFO - Processing /opt/airflow/dags/json_to_csv_dynamic_config.py took 0.239 seconds
[2024-05-14T15:35:24.629+0000] {processor.py:161} INFO - Started process (PID=19594) to work on /opt/airflow/dags/json_to_csv_dynamic_config.py
[2024-05-14T15:35:24.631+0000] {processor.py:830} INFO - Processing file /opt/airflow/dags/json_to_csv_dynamic_config.py for tasks to queue
[2024-05-14T15:35:24.632+0000] {logging_mixin.py:188} INFO - [2024-05-14T15:35:24.632+0000] {dagbag.py:545} INFO - Filling up the DagBag from /opt/airflow/dags/json_to_csv_dynamic_config.py
[2024-05-14T15:35:24.687+0000] {processor.py:840} INFO - DAG(s) 'json2csv_a', 'json2csv_b' retrieved from /opt/airflow/dags/json_to_csv_dynamic_config.py
[2024-05-14T15:35:24.895+0000] {logging_mixin.py:188} INFO - [2024-05-14T15:35:24.894+0000] {dag.py:3096} INFO - Sync 2 DAGs
[2024-05-14T15:35:24.935+0000] {logging_mixin.py:188} INFO - [2024-05-14T15:35:24.935+0000] {dag.py:3954} INFO - Setting next_dagrun for json2csv_a to 2024-05-14 15:32:00+00:00, run_after=2024-05-14 15:34:00+00:00
[2024-05-14T15:35:24.943+0000] {logging_mixin.py:188} INFO - [2024-05-14T15:35:24.943+0000] {dag.py:3954} INFO - Setting next_dagrun for json2csv_b to 2024-05-14 15:35:00+00:00, run_after=2024-05-14 15:40:00+00:00
[2024-05-14T15:35:24.978+0000] {processor.py:183} INFO - Processing /opt/airflow/dags/json_to_csv_dynamic_config.py took 0.359 seconds
[2024-05-14T15:35:55.591+0000] {processor.py:161} INFO - Started process (PID=19659) to work on /opt/airflow/dags/json_to_csv_dynamic_config.py
[2024-05-14T15:35:55.593+0000] {processor.py:830} INFO - Processing file /opt/airflow/dags/json_to_csv_dynamic_config.py for tasks to queue
[2024-05-14T15:35:55.595+0000] {logging_mixin.py:188} INFO - [2024-05-14T15:35:55.594+0000] {dagbag.py:545} INFO - Filling up the DagBag from /opt/airflow/dags/json_to_csv_dynamic_config.py
[2024-05-14T15:35:55.671+0000] {processor.py:840} INFO - DAG(s) 'json2csv_b', 'json2csv_a' retrieved from /opt/airflow/dags/json_to_csv_dynamic_config.py
[2024-05-14T15:35:55.739+0000] {logging_mixin.py:188} INFO - [2024-05-14T15:35:55.738+0000] {dag.py:3096} INFO - Sync 2 DAGs
[2024-05-14T15:35:55.779+0000] {logging_mixin.py:188} INFO - [2024-05-14T15:35:55.778+0000] {dag.py:3954} INFO - Setting next_dagrun for json2csv_a to 2024-05-14 15:32:00+00:00, run_after=2024-05-14 15:34:00+00:00
[2024-05-14T15:35:55.791+0000] {logging_mixin.py:188} INFO - [2024-05-14T15:35:55.791+0000] {dag.py:3954} INFO - Setting next_dagrun for json2csv_b to 2024-05-14 15:35:00+00:00, run_after=2024-05-14 15:40:00+00:00
[2024-05-14T15:35:55.818+0000] {processor.py:183} INFO - Processing /opt/airflow/dags/json_to_csv_dynamic_config.py took 0.244 seconds
[2024-05-14T15:36:26.177+0000] {processor.py:161} INFO - Started process (PID=19724) to work on /opt/airflow/dags/json_to_csv_dynamic_config.py
[2024-05-14T15:36:26.178+0000] {processor.py:830} INFO - Processing file /opt/airflow/dags/json_to_csv_dynamic_config.py for tasks to queue
[2024-05-14T15:36:26.180+0000] {logging_mixin.py:188} INFO - [2024-05-14T15:36:26.180+0000] {dagbag.py:545} INFO - Filling up the DagBag from /opt/airflow/dags/json_to_csv_dynamic_config.py
[2024-05-14T15:36:26.263+0000] {processor.py:840} INFO - DAG(s) 'json2csv_b', 'json2csv_a' retrieved from /opt/airflow/dags/json_to_csv_dynamic_config.py
[2024-05-14T15:36:26.284+0000] {logging_mixin.py:188} INFO - [2024-05-14T15:36:26.283+0000] {dag.py:3096} INFO - Sync 2 DAGs
[2024-05-14T15:36:26.354+0000] {logging_mixin.py:188} INFO - [2024-05-14T15:36:26.353+0000] {dag.py:3954} INFO - Setting next_dagrun for json2csv_a to 2024-05-14 15:34:00+00:00, run_after=2024-05-14 15:36:00+00:00
[2024-05-14T15:36:26.370+0000] {logging_mixin.py:188} INFO - [2024-05-14T15:36:26.369+0000] {dag.py:3954} INFO - Setting next_dagrun for json2csv_b to 2024-05-14 15:35:00+00:00, run_after=2024-05-14 15:40:00+00:00
[2024-05-14T15:36:26.402+0000] {processor.py:183} INFO - Processing /opt/airflow/dags/json_to_csv_dynamic_config.py took 0.238 seconds
[2024-05-14T15:36:56.508+0000] {processor.py:161} INFO - Started process (PID=19789) to work on /opt/airflow/dags/json_to_csv_dynamic_config.py
[2024-05-14T15:36:56.510+0000] {processor.py:830} INFO - Processing file /opt/airflow/dags/json_to_csv_dynamic_config.py for tasks to queue
[2024-05-14T15:36:56.511+0000] {logging_mixin.py:188} INFO - [2024-05-14T15:36:56.511+0000] {dagbag.py:545} INFO - Filling up the DagBag from /opt/airflow/dags/json_to_csv_dynamic_config.py
[2024-05-14T15:36:56.578+0000] {processor.py:840} INFO - DAG(s) 'json2csv_b', 'json2csv_a' retrieved from /opt/airflow/dags/json_to_csv_dynamic_config.py
[2024-05-14T15:36:56.809+0000] {logging_mixin.py:188} INFO - [2024-05-14T15:36:56.809+0000] {dag.py:3096} INFO - Sync 2 DAGs
[2024-05-14T15:36:56.849+0000] {logging_mixin.py:188} INFO - [2024-05-14T15:36:56.849+0000] {dag.py:3954} INFO - Setting next_dagrun for json2csv_a to 2024-05-14 15:34:00+00:00, run_after=2024-05-14 15:36:00+00:00
[2024-05-14T15:36:56.858+0000] {logging_mixin.py:188} INFO - [2024-05-14T15:36:56.858+0000] {dag.py:3954} INFO - Setting next_dagrun for json2csv_b to 2024-05-14 15:35:00+00:00, run_after=2024-05-14 15:40:00+00:00
[2024-05-14T15:36:56.892+0000] {processor.py:183} INFO - Processing /opt/airflow/dags/json_to_csv_dynamic_config.py took 0.397 seconds
[2024-05-14T15:37:26.986+0000] {processor.py:161} INFO - Started process (PID=19854) to work on /opt/airflow/dags/json_to_csv_dynamic_config.py
[2024-05-14T15:37:26.987+0000] {processor.py:830} INFO - Processing file /opt/airflow/dags/json_to_csv_dynamic_config.py for tasks to queue
[2024-05-14T15:37:26.989+0000] {logging_mixin.py:188} INFO - [2024-05-14T15:37:26.988+0000] {dagbag.py:545} INFO - Filling up the DagBag from /opt/airflow/dags/json_to_csv_dynamic_config.py
[2024-05-14T15:37:27.039+0000] {processor.py:840} INFO - DAG(s) 'json2csv_b', 'json2csv_a' retrieved from /opt/airflow/dags/json_to_csv_dynamic_config.py
[2024-05-14T15:37:27.086+0000] {logging_mixin.py:188} INFO - [2024-05-14T15:37:27.086+0000] {dag.py:3096} INFO - Sync 2 DAGs
[2024-05-14T15:37:27.133+0000] {logging_mixin.py:188} INFO - [2024-05-14T15:37:27.133+0000] {dag.py:3954} INFO - Setting next_dagrun for json2csv_a to 2024-05-14 15:34:00+00:00, run_after=2024-05-14 15:36:00+00:00
[2024-05-14T15:37:27.148+0000] {logging_mixin.py:188} INFO - [2024-05-14T15:37:27.147+0000] {dag.py:3954} INFO - Setting next_dagrun for json2csv_b to 2024-05-14 15:35:00+00:00, run_after=2024-05-14 15:40:00+00:00
[2024-05-14T15:37:27.180+0000] {processor.py:183} INFO - Processing /opt/airflow/dags/json_to_csv_dynamic_config.py took 0.204 seconds
[2024-05-14T15:37:57.418+0000] {processor.py:161} INFO - Started process (PID=19919) to work on /opt/airflow/dags/json_to_csv_dynamic_config.py
[2024-05-14T15:37:57.419+0000] {processor.py:830} INFO - Processing file /opt/airflow/dags/json_to_csv_dynamic_config.py for tasks to queue
[2024-05-14T15:37:57.421+0000] {logging_mixin.py:188} INFO - [2024-05-14T15:37:57.420+0000] {dagbag.py:545} INFO - Filling up the DagBag from /opt/airflow/dags/json_to_csv_dynamic_config.py
[2024-05-14T15:37:57.490+0000] {processor.py:840} INFO - DAG(s) 'json2csv_a', 'json2csv_b' retrieved from /opt/airflow/dags/json_to_csv_dynamic_config.py
[2024-05-14T15:37:57.512+0000] {logging_mixin.py:188} INFO - [2024-05-14T15:37:57.511+0000] {dag.py:3096} INFO - Sync 2 DAGs
[2024-05-14T15:37:57.560+0000] {logging_mixin.py:188} INFO - [2024-05-14T15:37:57.560+0000] {dag.py:3954} INFO - Setting next_dagrun for json2csv_a to 2024-05-14 15:34:00+00:00, run_after=2024-05-14 15:36:00+00:00
[2024-05-14T15:37:57.573+0000] {logging_mixin.py:188} INFO - [2024-05-14T15:37:57.573+0000] {dag.py:3954} INFO - Setting next_dagrun for json2csv_b to 2024-05-14 15:35:00+00:00, run_after=2024-05-14 15:40:00+00:00
[2024-05-14T15:37:57.610+0000] {processor.py:183} INFO - Processing /opt/airflow/dags/json_to_csv_dynamic_config.py took 0.202 seconds
[2024-05-14T15:38:27.847+0000] {processor.py:161} INFO - Started process (PID=19984) to work on /opt/airflow/dags/json_to_csv_dynamic_config.py
[2024-05-14T15:38:27.849+0000] {processor.py:830} INFO - Processing file /opt/airflow/dags/json_to_csv_dynamic_config.py for tasks to queue
[2024-05-14T15:38:27.851+0000] {logging_mixin.py:188} INFO - [2024-05-14T15:38:27.850+0000] {dagbag.py:545} INFO - Filling up the DagBag from /opt/airflow/dags/json_to_csv_dynamic_config.py
[2024-05-14T15:38:27.906+0000] {processor.py:840} INFO - DAG(s) 'json2csv_a', 'json2csv_b' retrieved from /opt/airflow/dags/json_to_csv_dynamic_config.py
[2024-05-14T15:38:28.166+0000] {logging_mixin.py:188} INFO - [2024-05-14T15:38:28.166+0000] {dag.py:3096} INFO - Sync 2 DAGs
[2024-05-14T15:38:28.206+0000] {logging_mixin.py:188} INFO - [2024-05-14T15:38:28.206+0000] {dag.py:3954} INFO - Setting next_dagrun for json2csv_a to 2024-05-14 15:36:00+00:00, run_after=2024-05-14 15:38:00+00:00
[2024-05-14T15:38:28.221+0000] {logging_mixin.py:188} INFO - [2024-05-14T15:38:28.221+0000] {dag.py:3954} INFO - Setting next_dagrun for json2csv_b to 2024-05-14 15:35:00+00:00, run_after=2024-05-14 15:40:00+00:00
[2024-05-14T15:38:28.256+0000] {processor.py:183} INFO - Processing /opt/airflow/dags/json_to_csv_dynamic_config.py took 0.423 seconds
[2024-05-14T15:38:58.348+0000] {processor.py:161} INFO - Started process (PID=20049) to work on /opt/airflow/dags/json_to_csv_dynamic_config.py
[2024-05-14T15:38:58.350+0000] {processor.py:830} INFO - Processing file /opt/airflow/dags/json_to_csv_dynamic_config.py for tasks to queue
[2024-05-14T15:38:58.352+0000] {logging_mixin.py:188} INFO - [2024-05-14T15:38:58.352+0000] {dagbag.py:545} INFO - Filling up the DagBag from /opt/airflow/dags/json_to_csv_dynamic_config.py
[2024-05-14T15:38:58.413+0000] {processor.py:840} INFO - DAG(s) 'json2csv_a', 'json2csv_b' retrieved from /opt/airflow/dags/json_to_csv_dynamic_config.py
[2024-05-14T15:38:58.473+0000] {logging_mixin.py:188} INFO - [2024-05-14T15:38:58.472+0000] {dag.py:3096} INFO - Sync 2 DAGs
[2024-05-14T15:38:58.528+0000] {logging_mixin.py:188} INFO - [2024-05-14T15:38:58.527+0000] {dag.py:3954} INFO - Setting next_dagrun for json2csv_a to 2024-05-14 15:36:00+00:00, run_after=2024-05-14 15:38:00+00:00
[2024-05-14T15:38:58.543+0000] {logging_mixin.py:188} INFO - [2024-05-14T15:38:58.542+0000] {dag.py:3954} INFO - Setting next_dagrun for json2csv_b to 2024-05-14 15:35:00+00:00, run_after=2024-05-14 15:40:00+00:00
[2024-05-14T15:38:58.574+0000] {processor.py:183} INFO - Processing /opt/airflow/dags/json_to_csv_dynamic_config.py took 0.238 seconds
[2024-05-14T15:39:28.761+0000] {processor.py:161} INFO - Started process (PID=20114) to work on /opt/airflow/dags/json_to_csv_dynamic_config.py
[2024-05-14T15:39:28.763+0000] {processor.py:830} INFO - Processing file /opt/airflow/dags/json_to_csv_dynamic_config.py for tasks to queue
[2024-05-14T15:39:28.765+0000] {logging_mixin.py:188} INFO - [2024-05-14T15:39:28.764+0000] {dagbag.py:545} INFO - Filling up the DagBag from /opt/airflow/dags/json_to_csv_dynamic_config.py
[2024-05-14T15:39:28.822+0000] {processor.py:840} INFO - DAG(s) 'json2csv_b', 'json2csv_a' retrieved from /opt/airflow/dags/json_to_csv_dynamic_config.py
[2024-05-14T15:39:28.844+0000] {logging_mixin.py:188} INFO - [2024-05-14T15:39:28.844+0000] {dag.py:3096} INFO - Sync 2 DAGs
[2024-05-14T15:39:28.894+0000] {logging_mixin.py:188} INFO - [2024-05-14T15:39:28.893+0000] {dag.py:3954} INFO - Setting next_dagrun for json2csv_a to 2024-05-14 15:36:00+00:00, run_after=2024-05-14 15:38:00+00:00
[2024-05-14T15:39:28.904+0000] {logging_mixin.py:188} INFO - [2024-05-14T15:39:28.904+0000] {dag.py:3954} INFO - Setting next_dagrun for json2csv_b to 2024-05-14 15:35:00+00:00, run_after=2024-05-14 15:40:00+00:00
[2024-05-14T15:39:28.935+0000] {processor.py:183} INFO - Processing /opt/airflow/dags/json_to_csv_dynamic_config.py took 0.188 seconds
[2024-05-14T15:39:59.299+0000] {processor.py:161} INFO - Started process (PID=20179) to work on /opt/airflow/dags/json_to_csv_dynamic_config.py
[2024-05-14T15:39:59.300+0000] {processor.py:830} INFO - Processing file /opt/airflow/dags/json_to_csv_dynamic_config.py for tasks to queue
[2024-05-14T15:39:59.302+0000] {logging_mixin.py:188} INFO - [2024-05-14T15:39:59.301+0000] {dagbag.py:545} INFO - Filling up the DagBag from /opt/airflow/dags/json_to_csv_dynamic_config.py
[2024-05-14T15:39:59.362+0000] {processor.py:840} INFO - DAG(s) 'json2csv_a', 'json2csv_b' retrieved from /opt/airflow/dags/json_to_csv_dynamic_config.py
[2024-05-14T15:39:59.592+0000] {logging_mixin.py:188} INFO - [2024-05-14T15:39:59.591+0000] {dag.py:3096} INFO - Sync 2 DAGs
[2024-05-14T15:39:59.644+0000] {logging_mixin.py:188} INFO - [2024-05-14T15:39:59.644+0000] {dag.py:3954} INFO - Setting next_dagrun for json2csv_a to 2024-05-14 15:36:00+00:00, run_after=2024-05-14 15:38:00+00:00
[2024-05-14T15:39:59.660+0000] {logging_mixin.py:188} INFO - [2024-05-14T15:39:59.659+0000] {dag.py:3954} INFO - Setting next_dagrun for json2csv_b to 2024-05-14 15:35:00+00:00, run_after=2024-05-14 15:40:00+00:00
[2024-05-14T15:39:59.698+0000] {processor.py:183} INFO - Processing /opt/airflow/dags/json_to_csv_dynamic_config.py took 0.409 seconds
[2024-05-14T15:40:30.614+0000] {processor.py:161} INFO - Started process (PID=20257) to work on /opt/airflow/dags/json_to_csv_dynamic_config.py
[2024-05-14T15:40:30.615+0000] {processor.py:830} INFO - Processing file /opt/airflow/dags/json_to_csv_dynamic_config.py for tasks to queue
[2024-05-14T15:40:30.617+0000] {logging_mixin.py:188} INFO - [2024-05-14T15:40:30.616+0000] {dagbag.py:545} INFO - Filling up the DagBag from /opt/airflow/dags/json_to_csv_dynamic_config.py
[2024-05-14T15:40:30.667+0000] {processor.py:840} INFO - DAG(s) 'json2csv_b', 'json2csv_a' retrieved from /opt/airflow/dags/json_to_csv_dynamic_config.py
[2024-05-14T15:40:30.709+0000] {logging_mixin.py:188} INFO - [2024-05-14T15:40:30.709+0000] {dag.py:3096} INFO - Sync 2 DAGs
[2024-05-14T15:40:30.759+0000] {logging_mixin.py:188} INFO - [2024-05-14T15:40:30.758+0000] {dag.py:3954} INFO - Setting next_dagrun for json2csv_a to 2024-05-14 15:38:00+00:00, run_after=2024-05-14 15:40:00+00:00
[2024-05-14T15:40:30.770+0000] {logging_mixin.py:188} INFO - [2024-05-14T15:40:30.769+0000] {dag.py:3954} INFO - Setting next_dagrun for json2csv_b to 2024-05-14 15:40:00+00:00, run_after=2024-05-14 15:45:00+00:00
[2024-05-14T15:40:30.796+0000] {processor.py:183} INFO - Processing /opt/airflow/dags/json_to_csv_dynamic_config.py took 0.191 seconds
[2024-05-14T15:41:00.989+0000] {processor.py:161} INFO - Started process (PID=20322) to work on /opt/airflow/dags/json_to_csv_dynamic_config.py
[2024-05-14T15:41:00.990+0000] {processor.py:830} INFO - Processing file /opt/airflow/dags/json_to_csv_dynamic_config.py for tasks to queue
[2024-05-14T15:41:00.992+0000] {logging_mixin.py:188} INFO - [2024-05-14T15:41:00.991+0000] {dagbag.py:545} INFO - Filling up the DagBag from /opt/airflow/dags/json_to_csv_dynamic_config.py
[2024-05-14T15:41:01.040+0000] {processor.py:840} INFO - DAG(s) 'json2csv_a', 'json2csv_b' retrieved from /opt/airflow/dags/json_to_csv_dynamic_config.py
[2024-05-14T15:41:01.058+0000] {logging_mixin.py:188} INFO - [2024-05-14T15:41:01.057+0000] {dag.py:3096} INFO - Sync 2 DAGs
[2024-05-14T15:41:01.104+0000] {logging_mixin.py:188} INFO - [2024-05-14T15:41:01.104+0000] {dag.py:3954} INFO - Setting next_dagrun for json2csv_a to 2024-05-14 15:38:00+00:00, run_after=2024-05-14 15:40:00+00:00
[2024-05-14T15:41:01.113+0000] {logging_mixin.py:188} INFO - [2024-05-14T15:41:01.113+0000] {dag.py:3954} INFO - Setting next_dagrun for json2csv_b to 2024-05-14 15:40:00+00:00, run_after=2024-05-14 15:45:00+00:00
[2024-05-14T15:41:01.143+0000] {processor.py:183} INFO - Processing /opt/airflow/dags/json_to_csv_dynamic_config.py took 0.163 seconds
[2024-05-14T15:41:31.454+0000] {processor.py:161} INFO - Started process (PID=20386) to work on /opt/airflow/dags/json_to_csv_dynamic_config.py
[2024-05-14T15:41:31.456+0000] {processor.py:830} INFO - Processing file /opt/airflow/dags/json_to_csv_dynamic_config.py for tasks to queue
[2024-05-14T15:41:31.457+0000] {logging_mixin.py:188} INFO - [2024-05-14T15:41:31.457+0000] {dagbag.py:545} INFO - Filling up the DagBag from /opt/airflow/dags/json_to_csv_dynamic_config.py
[2024-05-14T15:41:31.524+0000] {processor.py:840} INFO - DAG(s) 'json2csv_a', 'json2csv_b' retrieved from /opt/airflow/dags/json_to_csv_dynamic_config.py
[2024-05-14T15:41:31.754+0000] {logging_mixin.py:188} INFO - [2024-05-14T15:41:31.753+0000] {dag.py:3096} INFO - Sync 2 DAGs
[2024-05-14T15:41:31.794+0000] {logging_mixin.py:188} INFO - [2024-05-14T15:41:31.793+0000] {dag.py:3954} INFO - Setting next_dagrun for json2csv_a to 2024-05-14 15:38:00+00:00, run_after=2024-05-14 15:40:00+00:00
[2024-05-14T15:41:31.803+0000] {logging_mixin.py:188} INFO - [2024-05-14T15:41:31.803+0000] {dag.py:3954} INFO - Setting next_dagrun for json2csv_b to 2024-05-14 15:40:00+00:00, run_after=2024-05-14 15:45:00+00:00
[2024-05-14T15:41:31.839+0000] {processor.py:183} INFO - Processing /opt/airflow/dags/json_to_csv_dynamic_config.py took 0.396 seconds
[2024-05-14T15:42:02.011+0000] {processor.py:161} INFO - Started process (PID=20452) to work on /opt/airflow/dags/json_to_csv_dynamic_config.py
[2024-05-14T15:42:02.013+0000] {processor.py:830} INFO - Processing file /opt/airflow/dags/json_to_csv_dynamic_config.py for tasks to queue
[2024-05-14T15:42:02.015+0000] {logging_mixin.py:188} INFO - [2024-05-14T15:42:02.014+0000] {dagbag.py:545} INFO - Filling up the DagBag from /opt/airflow/dags/json_to_csv_dynamic_config.py
[2024-05-14T15:42:02.081+0000] {processor.py:840} INFO - DAG(s) 'json2csv_a', 'json2csv_b' retrieved from /opt/airflow/dags/json_to_csv_dynamic_config.py
[2024-05-14T15:42:02.140+0000] {logging_mixin.py:188} INFO - [2024-05-14T15:42:02.140+0000] {dag.py:3096} INFO - Sync 2 DAGs
[2024-05-14T15:42:02.194+0000] {logging_mixin.py:188} INFO - [2024-05-14T15:42:02.193+0000] {dag.py:3954} INFO - Setting next_dagrun for json2csv_a to 2024-05-14 15:40:00+00:00, run_after=2024-05-14 15:42:00+00:00
[2024-05-14T15:42:02.210+0000] {logging_mixin.py:188} INFO - [2024-05-14T15:42:02.210+0000] {dag.py:3954} INFO - Setting next_dagrun for json2csv_b to 2024-05-14 15:40:00+00:00, run_after=2024-05-14 15:45:00+00:00
[2024-05-14T15:42:02.252+0000] {processor.py:183} INFO - Processing /opt/airflow/dags/json_to_csv_dynamic_config.py took 0.258 seconds
