[2024-05-14T15:07:27.460+0000] {processor.py:161} INFO - Started process (PID=15991) to work on /opt/airflow/dags/json_to_csv_dynamic_2.py
[2024-05-14T15:07:27.463+0000] {processor.py:830} INFO - Processing file /opt/airflow/dags/json_to_csv_dynamic_2.py for tasks to queue
[2024-05-14T15:07:27.468+0000] {logging_mixin.py:188} INFO - [2024-05-14T15:07:27.467+0000] {dagbag.py:545} INFO - Filling up the DagBag from /opt/airflow/dags/json_to_csv_dynamic_2.py
[2024-05-14T15:07:27.527+0000] {processor.py:840} INFO - DAG(s) 'json2csv_a', 'json2csv_b' retrieved from /opt/airflow/dags/json_to_csv_dynamic_2.py
[2024-05-14T15:07:27.725+0000] {logging_mixin.py:188} INFO - [2024-05-14T15:07:27.724+0000] {dag.py:3096} INFO - Sync 2 DAGs
[2024-05-14T15:07:27.760+0000] {logging_mixin.py:188} INFO - [2024-05-14T15:07:27.760+0000] {dag.py:3954} INFO - Setting next_dagrun for json2csv_a to 2024-05-14 15:04:00+00:00, run_after=2024-05-14 15:06:00+00:00
[2024-05-14T15:07:27.769+0000] {logging_mixin.py:188} INFO - [2024-05-14T15:07:27.769+0000] {dag.py:3954} INFO - Setting next_dagrun for json2csv_b to 2024-05-14 15:00:00+00:00, run_after=2024-05-14 15:05:00+00:00
[2024-05-14T15:07:27.802+0000] {processor.py:183} INFO - Processing /opt/airflow/dags/json_to_csv_dynamic_2.py took 0.351 seconds
[2024-05-14T15:07:50.508+0000] {processor.py:161} INFO - Started process (PID=16043) to work on /opt/airflow/dags/json_to_csv_dynamic_2.py
[2024-05-14T15:07:50.510+0000] {processor.py:830} INFO - Processing file /opt/airflow/dags/json_to_csv_dynamic_2.py for tasks to queue
[2024-05-14T15:07:50.512+0000] {logging_mixin.py:188} INFO - [2024-05-14T15:07:50.512+0000] {dagbag.py:545} INFO - Filling up the DagBag from /opt/airflow/dags/json_to_csv_dynamic_2.py
[2024-05-14T15:07:50.541+0000] {logging_mixin.py:188} INFO - [2024-05-14T15:07:50.539+0000] {dagbag.py:355} ERROR - Failed to import: /opt/airflow/dags/json_to_csv_dynamic_2.py
Traceback (most recent call last):
  File "/home/airflow/.local/lib/python3.12/site-packages/airflow/models/dagbag.py", line 351, in parse
    loader.exec_module(new_module)
  File "<frozen importlib._bootstrap_external>", line 991, in exec_module
  File "<frozen importlib._bootstrap_external>", line 1129, in get_code
  File "<frozen importlib._bootstrap_external>", line 1059, in source_to_code
  File "<frozen importlib._bootstrap>", line 488, in _call_with_frames_removed
  File "/opt/airflow/dags/json_to_csv_dynamic_2.py", line 9
    with open("/opt/airflow/dags/playground/config.json")
                                                         ^
SyntaxError: expected ':'
[2024-05-14T15:07:50.542+0000] {processor.py:842} WARNING - No viable dags retrieved from /opt/airflow/dags/json_to_csv_dynamic_2.py
[2024-05-14T15:07:50.596+0000] {processor.py:183} INFO - Processing /opt/airflow/dags/json_to_csv_dynamic_2.py took 0.098 seconds
[2024-05-14T15:08:18.360+0000] {processor.py:161} INFO - Started process (PID=16104) to work on /opt/airflow/dags/json_to_csv_dynamic_2.py
[2024-05-14T15:08:18.362+0000] {processor.py:830} INFO - Processing file /opt/airflow/dags/json_to_csv_dynamic_2.py for tasks to queue
[2024-05-14T15:08:18.365+0000] {logging_mixin.py:188} INFO - [2024-05-14T15:08:18.365+0000] {dagbag.py:545} INFO - Filling up the DagBag from /opt/airflow/dags/json_to_csv_dynamic_2.py
[2024-05-14T15:08:18.393+0000] {logging_mixin.py:188} INFO - [2024-05-14T15:08:18.391+0000] {dagbag.py:355} ERROR - Failed to import: /opt/airflow/dags/json_to_csv_dynamic_2.py
Traceback (most recent call last):
  File "/home/airflow/.local/lib/python3.12/site-packages/airflow/models/dagbag.py", line 351, in parse
    loader.exec_module(new_module)
  File "<frozen importlib._bootstrap_external>", line 991, in exec_module
  File "<frozen importlib._bootstrap_external>", line 1129, in get_code
  File "<frozen importlib._bootstrap_external>", line 1059, in source_to_code
  File "<frozen importlib._bootstrap>", line 488, in _call_with_frames_removed
  File "/opt/airflow/dags/json_to_csv_dynamic_2.py", line 11
    for dag_config in dag_configs:
    ^^^
IndentationError: expected an indented block after 'with' statement on line 9
[2024-05-14T15:08:18.394+0000] {processor.py:842} WARNING - No viable dags retrieved from /opt/airflow/dags/json_to_csv_dynamic_2.py
[2024-05-14T15:08:18.424+0000] {processor.py:183} INFO - Processing /opt/airflow/dags/json_to_csv_dynamic_2.py took 0.073 seconds
[2024-05-14T15:08:48.720+0000] {processor.py:161} INFO - Started process (PID=16169) to work on /opt/airflow/dags/json_to_csv_dynamic_2.py
[2024-05-14T15:08:48.722+0000] {processor.py:830} INFO - Processing file /opt/airflow/dags/json_to_csv_dynamic_2.py for tasks to queue
[2024-05-14T15:08:48.725+0000] {logging_mixin.py:188} INFO - [2024-05-14T15:08:48.725+0000] {dagbag.py:545} INFO - Filling up the DagBag from /opt/airflow/dags/json_to_csv_dynamic_2.py
[2024-05-14T15:08:48.753+0000] {logging_mixin.py:188} INFO - [2024-05-14T15:08:48.751+0000] {dagbag.py:355} ERROR - Failed to import: /opt/airflow/dags/json_to_csv_dynamic_2.py
Traceback (most recent call last):
  File "/home/airflow/.local/lib/python3.12/site-packages/airflow/models/dagbag.py", line 351, in parse
    loader.exec_module(new_module)
  File "<frozen importlib._bootstrap_external>", line 991, in exec_module
  File "<frozen importlib._bootstrap_external>", line 1129, in get_code
  File "<frozen importlib._bootstrap_external>", line 1059, in source_to_code
  File "<frozen importlib._bootstrap>", line 488, in _call_with_frames_removed
  File "/opt/airflow/dags/json_to_csv_dynamic_2.py", line 11
    for dag_config in dag_configs:
    ^^^
IndentationError: expected an indented block after 'with' statement on line 9
[2024-05-14T15:08:48.754+0000] {processor.py:842} WARNING - No viable dags retrieved from /opt/airflow/dags/json_to_csv_dynamic_2.py
[2024-05-14T15:08:48.784+0000] {processor.py:183} INFO - Processing /opt/airflow/dags/json_to_csv_dynamic_2.py took 0.073 seconds
[2024-05-14T15:08:49.976+0000] {processor.py:161} INFO - Started process (PID=16173) to work on /opt/airflow/dags/json_to_csv_dynamic_2.py
[2024-05-14T15:08:49.977+0000] {processor.py:830} INFO - Processing file /opt/airflow/dags/json_to_csv_dynamic_2.py for tasks to queue
[2024-05-14T15:08:49.981+0000] {logging_mixin.py:188} INFO - [2024-05-14T15:08:49.980+0000] {dagbag.py:545} INFO - Filling up the DagBag from /opt/airflow/dags/json_to_csv_dynamic_2.py
[2024-05-14T15:08:50.019+0000] {logging_mixin.py:188} INFO - [2024-05-14T15:08:50.012+0000] {dagbag.py:355} ERROR - Failed to import: /opt/airflow/dags/json_to_csv_dynamic_2.py
Traceback (most recent call last):
  File "/home/airflow/.local/lib/python3.12/site-packages/airflow/models/dagbag.py", line 351, in parse
    loader.exec_module(new_module)
  File "<frozen importlib._bootstrap_external>", line 995, in exec_module
  File "<frozen importlib._bootstrap>", line 488, in _call_with_frames_removed
  File "/opt/airflow/dags/json_to_csv_dynamic_2.py", line 9, in <module>
    with open("/opt/airflow/dags/playground/config.json", "r") as f:
         ^^^^^^^^^^^^^^^^^^^^^^^^^^^^^^^^^^^^^^^^^^^^^^^^^^^^^
FileNotFoundError: [Errno 2] No such file or directory: '/opt/airflow/dags/playground/config.json'
[2024-05-14T15:08:50.021+0000] {processor.py:842} WARNING - No viable dags retrieved from /opt/airflow/dags/json_to_csv_dynamic_2.py
[2024-05-14T15:08:50.056+0000] {processor.py:183} INFO - Processing /opt/airflow/dags/json_to_csv_dynamic_2.py took 0.091 seconds
[2024-05-14T15:09:20.618+0000] {processor.py:161} INFO - Started process (PID=16235) to work on /opt/airflow/dags/json_to_csv_dynamic_2.py
[2024-05-14T15:09:20.620+0000] {processor.py:830} INFO - Processing file /opt/airflow/dags/json_to_csv_dynamic_2.py for tasks to queue
[2024-05-14T15:09:20.624+0000] {logging_mixin.py:188} INFO - [2024-05-14T15:09:20.624+0000] {dagbag.py:545} INFO - Filling up the DagBag from /opt/airflow/dags/json_to_csv_dynamic_2.py
[2024-05-14T15:09:20.650+0000] {logging_mixin.py:188} INFO - [2024-05-14T15:09:20.644+0000] {dagbag.py:355} ERROR - Failed to import: /opt/airflow/dags/json_to_csv_dynamic_2.py
Traceback (most recent call last):
  File "/home/airflow/.local/lib/python3.12/site-packages/airflow/models/dagbag.py", line 351, in parse
    loader.exec_module(new_module)
  File "<frozen importlib._bootstrap_external>", line 995, in exec_module
  File "<frozen importlib._bootstrap>", line 488, in _call_with_frames_removed
  File "/opt/airflow/dags/json_to_csv_dynamic_2.py", line 9, in <module>
    with open("/opt/airflow/dags/playground/config.json", "r") as f:
         ^^^^^^^^^^^^^^^^^^^^^^^^^^^^^^^^^^^^^^^^^^^^^^^^^^^^^
FileNotFoundError: [Errno 2] No such file or directory: '/opt/airflow/dags/playground/config.json'
[2024-05-14T15:09:20.652+0000] {processor.py:842} WARNING - No viable dags retrieved from /opt/airflow/dags/json_to_csv_dynamic_2.py
[2024-05-14T15:09:20.687+0000] {processor.py:183} INFO - Processing /opt/airflow/dags/json_to_csv_dynamic_2.py took 0.084 seconds
[2024-05-14T15:09:50.965+0000] {processor.py:161} INFO - Started process (PID=16300) to work on /opt/airflow/dags/json_to_csv_dynamic_2.py
[2024-05-14T15:09:50.967+0000] {processor.py:830} INFO - Processing file /opt/airflow/dags/json_to_csv_dynamic_2.py for tasks to queue
[2024-05-14T15:09:50.971+0000] {logging_mixin.py:188} INFO - [2024-05-14T15:09:50.970+0000] {dagbag.py:545} INFO - Filling up the DagBag from /opt/airflow/dags/json_to_csv_dynamic_2.py
[2024-05-14T15:09:51.003+0000] {logging_mixin.py:188} INFO - [2024-05-14T15:09:50.995+0000] {dagbag.py:355} ERROR - Failed to import: /opt/airflow/dags/json_to_csv_dynamic_2.py
Traceback (most recent call last):
  File "/home/airflow/.local/lib/python3.12/site-packages/airflow/models/dagbag.py", line 351, in parse
    loader.exec_module(new_module)
  File "<frozen importlib._bootstrap_external>", line 995, in exec_module
  File "<frozen importlib._bootstrap>", line 488, in _call_with_frames_removed
  File "/opt/airflow/dags/json_to_csv_dynamic_2.py", line 9, in <module>
    with open("/opt/airflow/dags/playground/config.json", "r") as f:
         ^^^^^^^^^^^^^^^^^^^^^^^^^^^^^^^^^^^^^^^^^^^^^^^^^^^^^
FileNotFoundError: [Errno 2] No such file or directory: '/opt/airflow/dags/playground/config.json'
[2024-05-14T15:09:51.006+0000] {processor.py:842} WARNING - No viable dags retrieved from /opt/airflow/dags/json_to_csv_dynamic_2.py
[2024-05-14T15:09:51.053+0000] {processor.py:183} INFO - Processing /opt/airflow/dags/json_to_csv_dynamic_2.py took 0.105 seconds
[2024-05-14T15:10:21.684+0000] {processor.py:161} INFO - Started process (PID=16365) to work on /opt/airflow/dags/json_to_csv_dynamic_2.py
[2024-05-14T15:10:21.685+0000] {processor.py:830} INFO - Processing file /opt/airflow/dags/json_to_csv_dynamic_2.py for tasks to queue
[2024-05-14T15:10:21.689+0000] {logging_mixin.py:188} INFO - [2024-05-14T15:10:21.688+0000] {dagbag.py:545} INFO - Filling up the DagBag from /opt/airflow/dags/json_to_csv_dynamic_2.py
[2024-05-14T15:10:21.718+0000] {logging_mixin.py:188} INFO - [2024-05-14T15:10:21.709+0000] {dagbag.py:355} ERROR - Failed to import: /opt/airflow/dags/json_to_csv_dynamic_2.py
Traceback (most recent call last):
  File "/home/airflow/.local/lib/python3.12/site-packages/airflow/models/dagbag.py", line 351, in parse
    loader.exec_module(new_module)
  File "<frozen importlib._bootstrap_external>", line 995, in exec_module
  File "<frozen importlib._bootstrap>", line 488, in _call_with_frames_removed
  File "/opt/airflow/dags/json_to_csv_dynamic_2.py", line 9, in <module>
    with open("/opt/airflow/dags/playground/config.json", "r") as f:
         ^^^^^^^^^^^^^^^^^^^^^^^^^^^^^^^^^^^^^^^^^^^^^^^^^^^^^
FileNotFoundError: [Errno 2] No such file or directory: '/opt/airflow/dags/playground/config.json'
[2024-05-14T15:10:21.721+0000] {processor.py:842} WARNING - No viable dags retrieved from /opt/airflow/dags/json_to_csv_dynamic_2.py
[2024-05-14T15:10:21.750+0000] {processor.py:183} INFO - Processing /opt/airflow/dags/json_to_csv_dynamic_2.py took 0.078 seconds
[2024-05-14T15:10:52.126+0000] {processor.py:161} INFO - Started process (PID=16430) to work on /opt/airflow/dags/json_to_csv_dynamic_2.py
[2024-05-14T15:10:52.127+0000] {processor.py:830} INFO - Processing file /opt/airflow/dags/json_to_csv_dynamic_2.py for tasks to queue
[2024-05-14T15:10:52.130+0000] {logging_mixin.py:188} INFO - [2024-05-14T15:10:52.129+0000] {dagbag.py:545} INFO - Filling up the DagBag from /opt/airflow/dags/json_to_csv_dynamic_2.py
[2024-05-14T15:10:52.156+0000] {logging_mixin.py:188} INFO - [2024-05-14T15:10:52.150+0000] {dagbag.py:355} ERROR - Failed to import: /opt/airflow/dags/json_to_csv_dynamic_2.py
Traceback (most recent call last):
  File "/home/airflow/.local/lib/python3.12/site-packages/airflow/models/dagbag.py", line 351, in parse
    loader.exec_module(new_module)
  File "<frozen importlib._bootstrap_external>", line 995, in exec_module
  File "<frozen importlib._bootstrap>", line 488, in _call_with_frames_removed
  File "/opt/airflow/dags/json_to_csv_dynamic_2.py", line 9, in <module>
    with open("/opt/airflow/dags/playground/config.json", "r") as f:
         ^^^^^^^^^^^^^^^^^^^^^^^^^^^^^^^^^^^^^^^^^^^^^^^^^^^^^
FileNotFoundError: [Errno 2] No such file or directory: '/opt/airflow/dags/playground/config.json'
[2024-05-14T15:10:52.159+0000] {processor.py:842} WARNING - No viable dags retrieved from /opt/airflow/dags/json_to_csv_dynamic_2.py
[2024-05-14T15:10:52.190+0000] {processor.py:183} INFO - Processing /opt/airflow/dags/json_to_csv_dynamic_2.py took 0.074 seconds
[2024-05-14T15:11:22.800+0000] {processor.py:161} INFO - Started process (PID=16495) to work on /opt/airflow/dags/json_to_csv_dynamic_2.py
[2024-05-14T15:11:22.802+0000] {processor.py:830} INFO - Processing file /opt/airflow/dags/json_to_csv_dynamic_2.py for tasks to queue
[2024-05-14T15:11:22.806+0000] {logging_mixin.py:188} INFO - [2024-05-14T15:11:22.806+0000] {dagbag.py:545} INFO - Filling up the DagBag from /opt/airflow/dags/json_to_csv_dynamic_2.py
[2024-05-14T15:11:22.846+0000] {logging_mixin.py:188} INFO - [2024-05-14T15:11:22.836+0000] {dagbag.py:355} ERROR - Failed to import: /opt/airflow/dags/json_to_csv_dynamic_2.py
Traceback (most recent call last):
  File "/home/airflow/.local/lib/python3.12/site-packages/airflow/models/dagbag.py", line 351, in parse
    loader.exec_module(new_module)
  File "<frozen importlib._bootstrap_external>", line 995, in exec_module
  File "<frozen importlib._bootstrap>", line 488, in _call_with_frames_removed
  File "/opt/airflow/dags/json_to_csv_dynamic_2.py", line 9, in <module>
    with open("/opt/airflow/dags/playground/config.json", "r") as f:
         ^^^^^^^^^^^^^^^^^^^^^^^^^^^^^^^^^^^^^^^^^^^^^^^^^^^^^
FileNotFoundError: [Errno 2] No such file or directory: '/opt/airflow/dags/playground/config.json'
[2024-05-14T15:11:22.851+0000] {processor.py:842} WARNING - No viable dags retrieved from /opt/airflow/dags/json_to_csv_dynamic_2.py
[2024-05-14T15:11:22.889+0000] {processor.py:183} INFO - Processing /opt/airflow/dags/json_to_csv_dynamic_2.py took 0.106 seconds
