[2024-05-14T08:22:07.576+0000] {local_task_job_runner.py:120} INFO - ::group::Pre task execution logs
[2024-05-14T08:22:07.622+0000] {taskinstance.py:2076} INFO - Dependencies all met for dep_context=non-requeueable deps ti=<TaskInstance: json_to_csv.students_transform scheduled__2024-05-14T08:20:00+00:00 [queued]>
[2024-05-14T08:22:07.639+0000] {taskinstance.py:2076} INFO - Dependencies all met for dep_context=requeueable deps ti=<TaskInstance: json_to_csv.students_transform scheduled__2024-05-14T08:20:00+00:00 [queued]>
[2024-05-14T08:22:07.641+0000] {taskinstance.py:2306} INFO - Starting attempt 1 of 1
[2024-05-14T08:22:07.671+0000] {taskinstance.py:2330} INFO - Executing <Task(_PythonDecoratedOperator): students_transform> on 2024-05-14 08:20:00+00:00
[2024-05-14T08:22:07.685+0000] {warnings.py:110} WARNING - /home/***/.local/lib/python3.12/site-packages/***/task/task_runner/standard_task_runner.py:61: DeprecationWarning: This process (pid=1109) is multi-threaded, use of fork() may lead to deadlocks in the child.
  pid = os.fork()

[2024-05-14T08:22:07.689+0000] {standard_task_runner.py:63} INFO - Started process 1126 to run task
[2024-05-14T08:22:07.695+0000] {standard_task_runner.py:90} INFO - Running: ['***', 'tasks', 'run', 'json_to_csv', 'students_transform', 'scheduled__2024-05-14T08:20:00+00:00', '--job-id', '383', '--raw', '--subdir', 'DAGS_FOLDER/json_to_csv.py', '--cfg-path', '/tmp/tmpweswgtzq']
[2024-05-14T08:22:07.703+0000] {standard_task_runner.py:91} INFO - Job 383: Subtask students_transform
[2024-05-14T08:22:07.830+0000] {task_command.py:426} INFO - Running <TaskInstance: json_to_csv.students_transform scheduled__2024-05-14T08:20:00+00:00 [running]> on host c2025ffc2c56
[2024-05-14T08:22:08.068+0000] {taskinstance.py:2648} INFO - Exporting env vars: AIRFLOW_CTX_DAG_OWNER='***' AIRFLOW_CTX_DAG_ID='json_to_csv' AIRFLOW_CTX_TASK_ID='students_transform' AIRFLOW_CTX_EXECUTION_DATE='2024-05-14T08:20:00+00:00' AIRFLOW_CTX_TRY_NUMBER='1' AIRFLOW_CTX_DAG_RUN_ID='scheduled__2024-05-14T08:20:00+00:00'
[2024-05-14T08:22:08.072+0000] {taskinstance.py:430} INFO - ::endgroup::
[2024-05-14T08:22:08.074+0000] {taskinstance.py:441} INFO - ::group::Post task execution logs
[2024-05-14T08:22:08.077+0000] {taskinstance.py:2905} ERROR - Task failed with exception
Traceback (most recent call last):
  File "/home/airflow/.local/lib/python3.12/site-packages/airflow/models/taskinstance.py", line 465, in _execute_task
    result = _execute_callable(context=context, **execute_callable_kwargs)
             ^^^^^^^^^^^^^^^^^^^^^^^^^^^^^^^^^^^^^^^^^^^^^^^^^^^^^^^^^^^^^
  File "/home/airflow/.local/lib/python3.12/site-packages/airflow/models/taskinstance.py", line 432, in _execute_callable
    return execute_callable(context=context, **execute_callable_kwargs)
           ^^^^^^^^^^^^^^^^^^^^^^^^^^^^^^^^^^^^^^^^^^^^^^^^^^^^^^^^^^^^
  File "/home/airflow/.local/lib/python3.12/site-packages/airflow/models/baseoperator.py", line 400, in wrapper
    return func(self, *args, **kwargs)
           ^^^^^^^^^^^^^^^^^^^^^^^^^^^
  File "/home/airflow/.local/lib/python3.12/site-packages/airflow/decorators/base.py", line 265, in execute
    return_value = super().execute(context)
                   ^^^^^^^^^^^^^^^^^^^^^^^^
  File "/home/airflow/.local/lib/python3.12/site-packages/airflow/models/baseoperator.py", line 400, in wrapper
    return func(self, *args, **kwargs)
           ^^^^^^^^^^^^^^^^^^^^^^^^^^^
  File "/home/airflow/.local/lib/python3.12/site-packages/airflow/operators/python.py", line 235, in execute
    return_value = self.execute_callable()
                   ^^^^^^^^^^^^^^^^^^^^^^^
  File "/home/airflow/.local/lib/python3.12/site-packages/airflow/operators/python.py", line 252, in execute_callable
    return self.python_callable(*self.op_args, **self.op_kwargs)
           ^^^^^^^^^^^^^^^^^^^^^^^^^^^^^^^^^^^^^^^^^^^^^^^^^^^^^
  File "/opt/airflow/dags/json_to_csv.py", line 54, in transform
    o += ",".join([str(a[column]) for column in config["columns"]]) + "\n"
                       ~^^^^^^^^
KeyError: 'level'
[2024-05-14T08:22:08.102+0000] {taskinstance.py:1206} INFO - Marking task as FAILED. dag_id=json_to_csv, task_id=students_transform, run_id=scheduled__2024-05-14T08:20:00+00:00, execution_date=20240514T082000, start_date=20240514T082207, end_date=20240514T082208
[2024-05-14T08:22:08.130+0000] {standard_task_runner.py:110} ERROR - Failed to execute job 383 for task students_transform ('level'; 1126)
[2024-05-14T08:22:08.163+0000] {local_task_job_runner.py:240} INFO - Task exited with return code 1
[2024-05-14T08:22:08.194+0000] {local_task_job_runner.py:222} INFO - ::endgroup::
