[2024-05-19T11:40:13.551+0000] {local_task_job_runner.py:120} INFO - ::group::Pre task execution logs
[2024-05-19T11:40:13.580+0000] {taskinstance.py:2076} INFO - Dependencies all met for dep_context=non-requeueable deps ti=<TaskInstance: dummyjson_products.extract_products manual__2024-05-19T11:38:22.905954+00:00 [queued]>
[2024-05-19T11:40:13.595+0000] {taskinstance.py:2076} INFO - Dependencies all met for dep_context=requeueable deps ti=<TaskInstance: dummyjson_products.extract_products manual__2024-05-19T11:38:22.905954+00:00 [queued]>
[2024-05-19T11:40:13.596+0000] {taskinstance.py:2306} INFO - Starting attempt 1 of 6
[2024-05-19T11:40:13.615+0000] {taskinstance.py:2330} INFO - Executing <Task(SimpleHttpOperator): extract_products> on 2024-05-19 11:38:22.905954+00:00
[2024-05-19T11:40:13.625+0000] {warnings.py:110} WARNING - /home/***/.local/lib/python3.12/site-packages/***/task/task_runner/standard_task_runner.py:61: DeprecationWarning: This process (pid=2966) is multi-threaded, use of fork() may lead to deadlocks in the child.
  pid = os.fork()

[2024-05-19T11:40:13.628+0000] {standard_task_runner.py:63} INFO - Started process 2968 to run task
[2024-05-19T11:40:13.628+0000] {standard_task_runner.py:90} INFO - Running: ['***', 'tasks', 'run', 'dummyjson_products', 'extract_products', 'manual__2024-05-19T11:38:22.905954+00:00', '--job-id', '1503', '--raw', '--subdir', 'DAGS_FOLDER/dummyjson_product.py', '--cfg-path', '/tmp/tmpfyiafjbz']
[2024-05-19T11:40:13.630+0000] {standard_task_runner.py:91} INFO - Job 1503: Subtask extract_products
[2024-05-19T11:40:13.701+0000] {task_command.py:426} INFO - Running <TaskInstance: dummyjson_products.extract_products manual__2024-05-19T11:38:22.905954+00:00 [running]> on host ca927d78a9ea
[2024-05-19T11:40:14.077+0000] {taskinstance.py:2648} INFO - Exporting env vars: AIRFLOW_CTX_DAG_EMAIL='fathurrahmanhernanda@gmail.com' AIRFLOW_CTX_DAG_OWNER='***' AIRFLOW_CTX_DAG_ID='dummyjson_products' AIRFLOW_CTX_TASK_ID='extract_products' AIRFLOW_CTX_EXECUTION_DATE='2024-05-19T11:38:22.905954+00:00' AIRFLOW_CTX_TRY_NUMBER='1' AIRFLOW_CTX_DAG_RUN_ID='manual__2024-05-19T11:38:22.905954+00:00'
[2024-05-19T11:40:14.078+0000] {taskinstance.py:430} INFO - ::endgroup::
[2024-05-19T11:40:14.079+0000] {http.py:169} INFO - Calling HTTP method
[2024-05-19T11:40:14.091+0000] {base.py:84} INFO - Using connection ID 'dummyjson_api' for task execution.
[2024-05-19T11:40:14.102+0000] {base.py:84} INFO - Using connection ID 'dummyjson_api' for task execution.
[2024-05-19T11:40:17.104+0000] {taskinstance.py:441} INFO - ::group::Post task execution logs
[2024-05-19T11:40:17.160+0000] {taskinstance.py:1206} INFO - Marking task as SUCCESS. dag_id=dummyjson_products, task_id=extract_products, run_id=manual__2024-05-19T11:38:22.905954+00:00, execution_date=20240519T113822, start_date=20240519T114013, end_date=20240519T114017
[2024-05-19T11:40:17.223+0000] {local_task_job_runner.py:240} INFO - Task exited with return code 0
[2024-05-19T11:40:17.240+0000] {warnings.py:110} WARNING - /home/***/.local/lib/python3.12/site-packages/***/models/baseoperator.py:1296: AirflowProviderDeprecationWarning: Call to deprecated class SimpleHttpOperator. (Class `SimpleHttpOperator` is deprecated and will be removed in a future release. Please use `HttpOperator` instead.)
  result = cls.__new__(cls)

[2024-05-19T11:40:17.266+0000] {taskinstance.py:3498} INFO - 1 downstream tasks scheduled from follow-on schedule check
[2024-05-19T11:40:17.329+0000] {local_task_job_runner.py:222} INFO - ::endgroup::
