[2024-05-19T10:17:41.040+0000] {local_task_job_runner.py:120} INFO - ::group::Pre task execution logs
[2024-05-19T10:17:41.072+0000] {taskinstance.py:2076} INFO - Dependencies all met for dep_context=non-requeueable deps ti=<TaskInstance: dummyjson.is_user_api_available manual__2024-05-19T10:12:02.912276+00:00 [queued]>
[2024-05-19T10:17:41.096+0000] {taskinstance.py:2076} INFO - Dependencies all met for dep_context=requeueable deps ti=<TaskInstance: dummyjson.is_user_api_available manual__2024-05-19T10:12:02.912276+00:00 [queued]>
[2024-05-19T10:17:41.097+0000] {taskinstance.py:2306} INFO - Starting attempt 2 of 6
[2024-05-19T10:17:41.127+0000] {taskinstance.py:2330} INFO - Executing <Task(HttpSensor): is_user_api_available> on 2024-05-19 10:12:02.912276+00:00
[2024-05-19T10:17:41.139+0000] {warnings.py:110} WARNING - /home/***/.local/lib/python3.12/site-packages/***/task/task_runner/standard_task_runner.py:61: DeprecationWarning: This process (pid=1620) is multi-threaded, use of fork() may lead to deadlocks in the child.
  pid = os.fork()

[2024-05-19T10:17:41.142+0000] {standard_task_runner.py:63} INFO - Started process 1624 to run task
[2024-05-19T10:17:41.142+0000] {standard_task_runner.py:90} INFO - Running: ['***', 'tasks', 'run', 'dummyjson', 'is_user_api_available', 'manual__2024-05-19T10:12:02.912276+00:00', '--job-id', '1388', '--raw', '--subdir', 'DAGS_FOLDER/dummyjson.py', '--cfg-path', '/tmp/tmp71y87spn']
[2024-05-19T10:17:41.145+0000] {standard_task_runner.py:91} INFO - Job 1388: Subtask is_user_api_available
[2024-05-19T10:17:41.226+0000] {task_command.py:426} INFO - Running <TaskInstance: dummyjson.is_user_api_available manual__2024-05-19T10:12:02.912276+00:00 [running]> on host ca927d78a9ea
[2024-05-19T10:17:41.723+0000] {taskinstance.py:2648} INFO - Exporting env vars: AIRFLOW_CTX_DAG_EMAIL='fathurrahmanhernanda@gmail.com' AIRFLOW_CTX_DAG_OWNER='***' AIRFLOW_CTX_DAG_ID='dummyjson' AIRFLOW_CTX_TASK_ID='is_user_api_available' AIRFLOW_CTX_EXECUTION_DATE='2024-05-19T10:12:02.912276+00:00' AIRFLOW_CTX_TRY_NUMBER='2' AIRFLOW_CTX_DAG_RUN_ID='manual__2024-05-19T10:12:02.912276+00:00'
[2024-05-19T10:17:41.724+0000] {taskinstance.py:430} INFO - ::endgroup::
[2024-05-19T10:17:41.725+0000] {baseoperator.py:399} WARNING - HttpSensor.execute cannot be called outside TaskInstance!
[2024-05-19T10:17:41.726+0000] {http.py:137} INFO - Poking: /users/
[2024-05-19T10:17:41.746+0000] {base.py:84} INFO - Using connection ID 'dummyjson_api' for task execution.
[2024-05-19T10:17:43.928+0000] {base.py:294} INFO - Success criteria met. Exiting.
[2024-05-19T10:17:43.930+0000] {taskinstance.py:441} INFO - ::group::Post task execution logs
[2024-05-19T10:17:43.943+0000] {taskinstance.py:1206} INFO - Marking task as SUCCESS. dag_id=dummyjson, task_id=is_user_api_available, run_id=manual__2024-05-19T10:12:02.912276+00:00, execution_date=20240519T101202, start_date=20240519T101741, end_date=20240519T101743
[2024-05-19T10:17:44.015+0000] {local_task_job_runner.py:240} INFO - Task exited with return code 0
[2024-05-19T10:17:44.036+0000] {warnings.py:110} WARNING - /home/***/.local/lib/python3.12/site-packages/***/models/baseoperator.py:1296: AirflowProviderDeprecationWarning: Call to deprecated class SimpleHttpOperator. (Class `SimpleHttpOperator` is deprecated and will be removed in a future release. Please use `HttpOperator` instead.)
  result = cls.__new__(cls)

[2024-05-19T10:17:44.072+0000] {taskinstance.py:3498} INFO - 1 downstream tasks scheduled from follow-on schedule check
[2024-05-19T10:17:44.076+0000] {local_task_job_runner.py:222} INFO - ::endgroup::
