[2024-05-19T11:12:33.691+0000] {local_task_job_runner.py:120} INFO - ::group::Pre task execution logs
[2024-05-19T11:12:33.737+0000] {taskinstance.py:2076} INFO - Dependencies all met for dep_context=non-requeueable deps ti=<TaskInstance: dummyjson.is_user_api_available manual__2024-05-19T11:12:27.201988+00:00 [queued]>
[2024-05-19T11:12:33.754+0000] {taskinstance.py:2076} INFO - Dependencies all met for dep_context=requeueable deps ti=<TaskInstance: dummyjson.is_user_api_available manual__2024-05-19T11:12:27.201988+00:00 [queued]>
[2024-05-19T11:12:33.755+0000] {taskinstance.py:2306} INFO - Starting attempt 1 of 6
[2024-05-19T11:12:33.788+0000] {taskinstance.py:2330} INFO - Executing <Task(HttpSensor): is_user_api_available> on 2024-05-19 11:12:27.201988+00:00
[2024-05-19T11:12:33.803+0000] {warnings.py:110} WARNING - /home/***/.local/lib/python3.12/site-packages/***/task/task_runner/standard_task_runner.py:61: DeprecationWarning: This process (pid=2360) is multi-threaded, use of fork() may lead to deadlocks in the child.
  pid = os.fork()

[2024-05-19T11:12:33.806+0000] {standard_task_runner.py:63} INFO - Started process 2371 to run task
[2024-05-19T11:12:33.808+0000] {standard_task_runner.py:90} INFO - Running: ['***', 'tasks', 'run', 'dummyjson', 'is_user_api_available', 'manual__2024-05-19T11:12:27.201988+00:00', '--job-id', '1415', '--raw', '--subdir', 'DAGS_FOLDER/dummyjson.py', '--cfg-path', '/tmp/tmp344e84_j']
[2024-05-19T11:12:33.810+0000] {standard_task_runner.py:91} INFO - Job 1415: Subtask is_user_api_available
[2024-05-19T11:12:33.893+0000] {task_command.py:426} INFO - Running <TaskInstance: dummyjson.is_user_api_available manual__2024-05-19T11:12:27.201988+00:00 [running]> on host ca927d78a9ea
[2024-05-19T11:12:34.489+0000] {taskinstance.py:2648} INFO - Exporting env vars: AIRFLOW_CTX_DAG_EMAIL='fathurrahmanhernanda@gmail.com' AIRFLOW_CTX_DAG_OWNER='***' AIRFLOW_CTX_DAG_ID='dummyjson' AIRFLOW_CTX_TASK_ID='is_user_api_available' AIRFLOW_CTX_EXECUTION_DATE='2024-05-19T11:12:27.201988+00:00' AIRFLOW_CTX_TRY_NUMBER='1' AIRFLOW_CTX_DAG_RUN_ID='manual__2024-05-19T11:12:27.201988+00:00'
[2024-05-19T11:12:34.490+0000] {taskinstance.py:430} INFO - ::endgroup::
[2024-05-19T11:12:34.491+0000] {baseoperator.py:399} WARNING - HttpSensor.execute cannot be called outside TaskInstance!
[2024-05-19T11:12:34.492+0000] {http.py:137} INFO - Poking: /users/
[2024-05-19T11:12:34.505+0000] {base.py:84} INFO - Using connection ID 'dummyjson_api' for task execution.
[2024-05-19T11:12:36.411+0000] {base.py:294} INFO - Success criteria met. Exiting.
[2024-05-19T11:12:36.413+0000] {taskinstance.py:441} INFO - ::group::Post task execution logs
[2024-05-19T11:12:36.428+0000] {taskinstance.py:1206} INFO - Marking task as SUCCESS. dag_id=dummyjson, task_id=is_user_api_available, run_id=manual__2024-05-19T11:12:27.201988+00:00, execution_date=20240519T111227, start_date=20240519T111233, end_date=20240519T111236
[2024-05-19T11:12:36.560+0000] {local_task_job_runner.py:240} INFO - Task exited with return code 0
[2024-05-19T11:12:36.577+0000] {local_task_job_runner.py:222} INFO - ::endgroup::
