[2024-05-13T10:00:15.602+0000] {local_task_job_runner.py:120} INFO - ::group::Pre task execution logs
[2024-05-13T10:00:15.719+0000] {taskinstance.py:2076} INFO - Dependencies all met for dep_context=non-requeueable deps ti=<TaskInstance: demo.hello scheduled__2022-03-06T00:00:00+00:00 [queued]>
[2024-05-13T10:00:15.762+0000] {taskinstance.py:2076} INFO - Dependencies all met for dep_context=requeueable deps ti=<TaskInstance: demo.hello scheduled__2022-03-06T00:00:00+00:00 [queued]>
[2024-05-13T10:00:15.763+0000] {taskinstance.py:2306} INFO - Starting attempt 1 of 1
[2024-05-13T10:00:15.831+0000] {taskinstance.py:2330} INFO - Executing <Task(BashOperator): hello> on 2022-03-06 00:00:00+00:00
[2024-05-13T10:00:15.880+0000] {warnings.py:110} WARNING - /home/***/.local/lib/python3.12/site-packages/***/task/task_runner/standard_task_runner.py:61: DeprecationWarning: This process (pid=1061) is multi-threaded, use of fork() may lead to deadlocks in the child.
  pid = os.fork()

[2024-05-13T10:00:15.908+0000] {standard_task_runner.py:63} INFO - Started process 1078 to run task
[2024-05-13T10:00:15.907+0000] {standard_task_runner.py:90} INFO - Running: ['***', 'tasks', 'run', 'demo', 'hello', 'scheduled__2022-03-06T00:00:00+00:00', '--job-id', '132', '--raw', '--subdir', 'DAGS_FOLDER/demo.py', '--cfg-path', '/tmp/tmp9gx4ddxm']
[2024-05-13T10:00:15.915+0000] {standard_task_runner.py:91} INFO - Job 132: Subtask hello
[2024-05-13T10:00:16.093+0000] {task_command.py:426} INFO - Running <TaskInstance: demo.hello scheduled__2022-03-06T00:00:00+00:00 [running]> on host c2025ffc2c56
[2024-05-13T10:00:16.690+0000] {taskinstance.py:2648} INFO - Exporting env vars: AIRFLOW_CTX_DAG_OWNER='***' AIRFLOW_CTX_DAG_ID='demo' AIRFLOW_CTX_TASK_ID='hello' AIRFLOW_CTX_EXECUTION_DATE='2022-03-06T00:00:00+00:00' AIRFLOW_CTX_TRY_NUMBER='1' AIRFLOW_CTX_DAG_RUN_ID='scheduled__2022-03-06T00:00:00+00:00'
[2024-05-13T10:00:16.693+0000] {taskinstance.py:430} INFO - ::endgroup::
[2024-05-13T10:00:16.695+0000] {subprocess.py:63} INFO - Tmp dir root location: /tmp
[2024-05-13T10:00:16.697+0000] {subprocess.py:75} INFO - Running command: ['/usr/bin/bash', '-c', 'echo hello']
[2024-05-13T10:00:16.772+0000] {subprocess.py:86} INFO - Output:
[2024-05-13T10:00:16.777+0000] {subprocess.py:93} INFO - hello
[2024-05-13T10:00:16.779+0000] {subprocess.py:97} INFO - Command exited with return code 0
[2024-05-13T10:00:16.787+0000] {taskinstance.py:441} INFO - ::group::Post task execution logs
[2024-05-13T10:00:17.006+0000] {taskinstance.py:1206} INFO - Marking task as SUCCESS. dag_id=demo, task_id=hello, run_id=scheduled__2022-03-06T00:00:00+00:00, execution_date=20220306T000000, start_date=20240513T100015, end_date=20240513T100017
[2024-05-13T10:00:17.521+0000] {local_task_job_runner.py:240} INFO - Task exited with return code 0
[2024-05-13T10:00:17.643+0000] {taskinstance.py:3498} INFO - 1 downstream tasks scheduled from follow-on schedule check
[2024-05-13T10:00:17.706+0000] {local_task_job_runner.py:222} INFO - ::endgroup::
