[2024-05-19T11:43:14.174+0000] {local_task_job_runner.py:120} INFO - ::group::Pre task execution logs
[2024-05-19T11:43:14.220+0000] {taskinstance.py:2076} INFO - Dependencies all met for dep_context=non-requeueable deps ti=<TaskInstance: dummyjson.local_to_gcs_todo manual__2024-05-19T11:42:44.447631+00:00 [queued]>
[2024-05-19T11:43:14.246+0000] {taskinstance.py:2076} INFO - Dependencies all met for dep_context=requeueable deps ti=<TaskInstance: dummyjson.local_to_gcs_todo manual__2024-05-19T11:42:44.447631+00:00 [queued]>
[2024-05-19T11:43:14.248+0000] {taskinstance.py:2306} INFO - Starting attempt 1 of 6
[2024-05-19T11:43:14.276+0000] {taskinstance.py:2330} INFO - Executing <Task(LocalFilesystemToGCSOperator): local_to_gcs_todo> on 2024-05-19 11:42:44.447631+00:00
[2024-05-19T11:43:14.288+0000] {warnings.py:110} WARNING - /home/***/.local/lib/python3.12/site-packages/***/task/task_runner/standard_task_runner.py:61: DeprecationWarning: This process (pid=3076) is multi-threaded, use of fork() may lead to deadlocks in the child.
  pid = os.fork()

[2024-05-19T11:43:14.291+0000] {standard_task_runner.py:63} INFO - Started process 3088 to run task
[2024-05-19T11:43:14.302+0000] {standard_task_runner.py:90} INFO - Running: ['***', 'tasks', 'run', 'dummyjson', 'local_to_gcs_todo', 'manual__2024-05-19T11:42:44.447631+00:00', '--job-id', '1527', '--raw', '--subdir', 'DAGS_FOLDER/dummyjson.py', '--cfg-path', '/tmp/tmp239k7m_q']
[2024-05-19T11:43:14.304+0000] {standard_task_runner.py:91} INFO - Job 1527: Subtask local_to_gcs_todo
[2024-05-19T11:43:14.405+0000] {task_command.py:426} INFO - Running <TaskInstance: dummyjson.local_to_gcs_todo manual__2024-05-19T11:42:44.447631+00:00 [running]> on host ca927d78a9ea
[2024-05-19T11:43:15.084+0000] {taskinstance.py:2648} INFO - Exporting env vars: AIRFLOW_CTX_DAG_EMAIL='fathurrahmanhernanda@gmail.com' AIRFLOW_CTX_DAG_OWNER='***' AIRFLOW_CTX_DAG_ID='dummyjson' AIRFLOW_CTX_TASK_ID='local_to_gcs_todo' AIRFLOW_CTX_EXECUTION_DATE='2024-05-19T11:42:44.447631+00:00' AIRFLOW_CTX_TRY_NUMBER='1' AIRFLOW_CTX_DAG_RUN_ID='manual__2024-05-19T11:42:44.447631+00:00'
[2024-05-19T11:43:15.087+0000] {taskinstance.py:430} INFO - ::endgroup::
[2024-05-19T11:43:15.104+0000] {connection.py:274} WARNING - Connection schemes (type: google_cloud_platform) shall not contain '_' according to RFC3986.
[2024-05-19T11:43:15.114+0000] {base.py:84} INFO - Using connection ID '***GCP' for task execution.
[2024-05-19T11:43:16.295+0000] {gcs.py:556} INFO - File /opt/***/dags/playground/target/dummyjson/todos.csv uploaded to todos.csv in weekly-assignment-6 bucket
[2024-05-19T11:43:16.296+0000] {taskinstance.py:441} INFO - ::group::Post task execution logs
[2024-05-19T11:43:16.310+0000] {taskinstance.py:1206} INFO - Marking task as SUCCESS. dag_id=dummyjson, task_id=local_to_gcs_todo, run_id=manual__2024-05-19T11:42:44.447631+00:00, execution_date=20240519T114244, start_date=20240519T114314, end_date=20240519T114316
[2024-05-19T11:43:16.361+0000] {local_task_job_runner.py:240} INFO - Task exited with return code 0
[2024-05-19T11:43:16.405+0000] {taskinstance.py:3498} INFO - 1 downstream tasks scheduled from follow-on schedule check
[2024-05-19T11:43:16.408+0000] {local_task_job_runner.py:222} INFO - ::endgroup::
