[2024-05-19T12:25:55.817+0000] {local_task_job_runner.py:120} INFO - ::group::Pre task execution logs
[2024-05-19T12:25:55.866+0000] {taskinstance.py:2076} INFO - Dependencies all met for dep_context=non-requeueable deps ti=<TaskInstance: dummyjson_products.is_products_api_available manual__2024-05-19T12:23:40.469322+00:00 [queued]>
[2024-05-19T12:25:55.883+0000] {taskinstance.py:2076} INFO - Dependencies all met for dep_context=requeueable deps ti=<TaskInstance: dummyjson_products.is_products_api_available manual__2024-05-19T12:23:40.469322+00:00 [queued]>
[2024-05-19T12:25:55.884+0000] {taskinstance.py:2306} INFO - Starting attempt 2 of 6
[2024-05-19T12:25:55.962+0000] {taskinstance.py:2330} INFO - Executing <Task(HttpSensor): is_products_api_available> on 2024-05-19 12:23:40.469322+00:00
[2024-05-19T12:25:55.976+0000] {warnings.py:110} WARNING - /home/***/.local/lib/python3.12/site-packages/***/task/task_runner/standard_task_runner.py:61: DeprecationWarning: This process (pid=4112) is multi-threaded, use of fork() may lead to deadlocks in the child.
  pid = os.fork()

[2024-05-19T12:25:55.980+0000] {standard_task_runner.py:63} INFO - Started process 4122 to run task
[2024-05-19T12:25:55.988+0000] {standard_task_runner.py:90} INFO - Running: ['***', 'tasks', 'run', 'dummyjson_products', 'is_products_api_available', 'manual__2024-05-19T12:23:40.469322+00:00', '--job-id', '1695', '--raw', '--subdir', 'DAGS_FOLDER/dummyjson.py', '--cfg-path', '/tmp/tmpt___w9p_']
[2024-05-19T12:25:55.991+0000] {standard_task_runner.py:91} INFO - Job 1695: Subtask is_products_api_available
[2024-05-19T12:25:56.151+0000] {task_command.py:426} INFO - Running <TaskInstance: dummyjson_products.is_products_api_available manual__2024-05-19T12:23:40.469322+00:00 [running]> on host ca927d78a9ea
[2024-05-19T12:25:56.964+0000] {taskinstance.py:2648} INFO - Exporting env vars: AIRFLOW_CTX_DAG_EMAIL='fathurrahmanhernanda@gmail.com' AIRFLOW_CTX_DAG_OWNER='***' AIRFLOW_CTX_DAG_ID='dummyjson_products' AIRFLOW_CTX_TASK_ID='is_products_api_available' AIRFLOW_CTX_EXECUTION_DATE='2024-05-19T12:23:40.469322+00:00' AIRFLOW_CTX_TRY_NUMBER='2' AIRFLOW_CTX_DAG_RUN_ID='manual__2024-05-19T12:23:40.469322+00:00'
[2024-05-19T12:25:56.971+0000] {taskinstance.py:430} INFO - ::endgroup::
[2024-05-19T12:25:56.973+0000] {baseoperator.py:399} WARNING - HttpSensor.execute cannot be called outside TaskInstance!
[2024-05-19T12:25:56.976+0000] {http.py:137} INFO - Poking: /carts/
[2024-05-19T12:25:57.007+0000] {base.py:84} INFO - Using connection ID 'dummyjson_api' for task execution.
[2024-05-19T12:25:58.361+0000] {base.py:294} INFO - Success criteria met. Exiting.
[2024-05-19T12:25:58.362+0000] {taskinstance.py:441} INFO - ::group::Post task execution logs
[2024-05-19T12:25:58.381+0000] {taskinstance.py:1206} INFO - Marking task as SUCCESS. dag_id=dummyjson_products, task_id=is_products_api_available, run_id=manual__2024-05-19T12:23:40.469322+00:00, execution_date=20240519T122340, start_date=20240519T122555, end_date=20240519T122558
[2024-05-19T12:25:58.455+0000] {local_task_job_runner.py:240} INFO - Task exited with return code 0
[2024-05-19T12:25:58.472+0000] {warnings.py:110} WARNING - /home/***/.local/lib/python3.12/site-packages/***/models/baseoperator.py:1296: AirflowProviderDeprecationWarning: Call to deprecated class SimpleHttpOperator. (Class `SimpleHttpOperator` is deprecated and will be removed in a future release. Please use `HttpOperator` instead.)
  result = cls.__new__(cls)

[2024-05-19T12:25:58.497+0000] {taskinstance.py:3498} INFO - 0 downstream tasks scheduled from follow-on schedule check
[2024-05-19T12:25:58.500+0000] {local_task_job_runner.py:222} INFO - ::endgroup::
