[2024-05-19T12:28:56.114+0000] {local_task_job_runner.py:120} INFO - ::group::Pre task execution logs
[2024-05-19T12:28:56.166+0000] {taskinstance.py:2076} INFO - Dependencies all met for dep_context=non-requeueable deps ti=<TaskInstance: dummyjson_products.is_products_api_available manual__2024-05-19T12:23:40.469322+00:00 [queued]>
[2024-05-19T12:28:56.192+0000] {taskinstance.py:2076} INFO - Dependencies all met for dep_context=requeueable deps ti=<TaskInstance: dummyjson_products.is_products_api_available manual__2024-05-19T12:23:40.469322+00:00 [queued]>
[2024-05-19T12:28:56.194+0000] {taskinstance.py:2306} INFO - Starting attempt 4 of 6
[2024-05-19T12:28:56.236+0000] {taskinstance.py:2330} INFO - Executing <Task(HttpSensor): is_products_api_available> on 2024-05-19 12:23:40.469322+00:00
[2024-05-19T12:28:56.273+0000] {warnings.py:110} WARNING - /home/***/.local/lib/python3.12/site-packages/***/task/task_runner/standard_task_runner.py:61: DeprecationWarning: This process (pid=4213) is multi-threaded, use of fork() may lead to deadlocks in the child.
  pid = os.fork()

[2024-05-19T12:28:56.270+0000] {standard_task_runner.py:90} INFO - Running: ['***', 'tasks', 'run', 'dummyjson_products', 'is_products_api_available', 'manual__2024-05-19T12:23:40.469322+00:00', '--job-id', '1720', '--raw', '--subdir', 'DAGS_FOLDER/dummyjson.py', '--cfg-path', '/tmp/tmpdhcq48wl']
[2024-05-19T12:28:56.277+0000] {standard_task_runner.py:63} INFO - Started process 4227 to run task
[2024-05-19T12:28:56.278+0000] {standard_task_runner.py:91} INFO - Job 1720: Subtask is_products_api_available
[2024-05-19T12:28:56.433+0000] {task_command.py:426} INFO - Running <TaskInstance: dummyjson_products.is_products_api_available manual__2024-05-19T12:23:40.469322+00:00 [running]> on host ca927d78a9ea
[2024-05-19T12:28:57.504+0000] {taskinstance.py:2648} INFO - Exporting env vars: AIRFLOW_CTX_DAG_EMAIL='fathurrahmanhernanda@gmail.com' AIRFLOW_CTX_DAG_OWNER='***' AIRFLOW_CTX_DAG_ID='dummyjson_products' AIRFLOW_CTX_TASK_ID='is_products_api_available' AIRFLOW_CTX_EXECUTION_DATE='2024-05-19T12:23:40.469322+00:00' AIRFLOW_CTX_TRY_NUMBER='4' AIRFLOW_CTX_DAG_RUN_ID='manual__2024-05-19T12:23:40.469322+00:00'
[2024-05-19T12:28:57.506+0000] {taskinstance.py:430} INFO - ::endgroup::
[2024-05-19T12:28:57.508+0000] {baseoperator.py:399} WARNING - HttpSensor.execute cannot be called outside TaskInstance!
[2024-05-19T12:28:57.509+0000] {http.py:137} INFO - Poking: /carts/
[2024-05-19T12:28:57.534+0000] {base.py:84} INFO - Using connection ID 'dummyjson_api' for task execution.
[2024-05-19T12:28:58.960+0000] {base.py:294} INFO - Success criteria met. Exiting.
[2024-05-19T12:28:58.962+0000] {taskinstance.py:441} INFO - ::group::Post task execution logs
[2024-05-19T12:28:58.981+0000] {taskinstance.py:1206} INFO - Marking task as SUCCESS. dag_id=dummyjson_products, task_id=is_products_api_available, run_id=manual__2024-05-19T12:23:40.469322+00:00, execution_date=20240519T122340, start_date=20240519T122856, end_date=20240519T122858
[2024-05-19T12:28:59.067+0000] {local_task_job_runner.py:240} INFO - Task exited with return code 0
[2024-05-19T12:28:59.090+0000] {warnings.py:110} WARNING - /home/***/.local/lib/python3.12/site-packages/***/models/baseoperator.py:1296: AirflowProviderDeprecationWarning: Call to deprecated class SimpleHttpOperator. (Class `SimpleHttpOperator` is deprecated and will be removed in a future release. Please use `HttpOperator` instead.)
  result = cls.__new__(cls)

[2024-05-19T12:28:59.119+0000] {taskinstance.py:3498} INFO - 0 downstream tasks scheduled from follow-on schedule check
[2024-05-19T12:28:59.122+0000] {local_task_job_runner.py:222} INFO - ::endgroup::
