[2024-05-19T12:27:21.123+0000] {local_task_job_runner.py:120} INFO - ::group::Pre task execution logs
[2024-05-19T12:27:21.181+0000] {taskinstance.py:2076} INFO - Dependencies all met for dep_context=non-requeueable deps ti=<TaskInstance: dummyjson_products.is_products_api_available manual__2024-05-19T12:23:40.469322+00:00 [queued]>
[2024-05-19T12:27:21.223+0000] {taskinstance.py:2076} INFO - Dependencies all met for dep_context=requeueable deps ti=<TaskInstance: dummyjson_products.is_products_api_available manual__2024-05-19T12:23:40.469322+00:00 [queued]>
[2024-05-19T12:27:21.229+0000] {taskinstance.py:2306} INFO - Starting attempt 3 of 6
[2024-05-19T12:27:21.375+0000] {taskinstance.py:2330} INFO - Executing <Task(HttpSensor): is_products_api_available> on 2024-05-19 12:23:40.469322+00:00
[2024-05-19T12:27:21.405+0000] {warnings.py:110} WARNING - /home/***/.local/lib/python3.12/site-packages/***/task/task_runner/standard_task_runner.py:61: DeprecationWarning: This process (pid=4155) is multi-threaded, use of fork() may lead to deadlocks in the child.
  pid = os.fork()

[2024-05-19T12:27:21.407+0000] {standard_task_runner.py:90} INFO - Running: ['***', 'tasks', 'run', 'dummyjson_products', 'is_products_api_available', 'manual__2024-05-19T12:23:40.469322+00:00', '--job-id', '1707', '--raw', '--subdir', 'DAGS_FOLDER/dummyjson.py', '--cfg-path', '/tmp/tmpcq90akg9']
[2024-05-19T12:27:21.415+0000] {standard_task_runner.py:91} INFO - Job 1707: Subtask is_products_api_available
[2024-05-19T12:27:21.414+0000] {standard_task_runner.py:63} INFO - Started process 4167 to run task
[2024-05-19T12:27:21.629+0000] {task_command.py:426} INFO - Running <TaskInstance: dummyjson_products.is_products_api_available manual__2024-05-19T12:23:40.469322+00:00 [running]> on host ca927d78a9ea
[2024-05-19T12:27:22.606+0000] {taskinstance.py:2648} INFO - Exporting env vars: AIRFLOW_CTX_DAG_EMAIL='fathurrahmanhernanda@gmail.com' AIRFLOW_CTX_DAG_OWNER='***' AIRFLOW_CTX_DAG_ID='dummyjson_products' AIRFLOW_CTX_TASK_ID='is_products_api_available' AIRFLOW_CTX_EXECUTION_DATE='2024-05-19T12:23:40.469322+00:00' AIRFLOW_CTX_TRY_NUMBER='3' AIRFLOW_CTX_DAG_RUN_ID='manual__2024-05-19T12:23:40.469322+00:00'
[2024-05-19T12:27:22.610+0000] {taskinstance.py:430} INFO - ::endgroup::
[2024-05-19T12:27:22.613+0000] {baseoperator.py:399} WARNING - HttpSensor.execute cannot be called outside TaskInstance!
[2024-05-19T12:27:22.614+0000] {http.py:137} INFO - Poking: /carts/
[2024-05-19T12:27:22.635+0000] {base.py:84} INFO - Using connection ID 'dummyjson_api' for task execution.
[2024-05-19T12:27:24.238+0000] {base.py:294} INFO - Success criteria met. Exiting.
[2024-05-19T12:27:24.262+0000] {taskinstance.py:441} INFO - ::group::Post task execution logs
[2024-05-19T12:27:24.303+0000] {taskinstance.py:1206} INFO - Marking task as SUCCESS. dag_id=dummyjson_products, task_id=is_products_api_available, run_id=manual__2024-05-19T12:23:40.469322+00:00, execution_date=20240519T122340, start_date=20240519T122721, end_date=20240519T122724
[2024-05-19T12:27:24.397+0000] {local_task_job_runner.py:240} INFO - Task exited with return code 0
[2024-05-19T12:27:24.435+0000] {local_task_job_runner.py:222} INFO - ::endgroup::
