[2024-05-14T08:46:05.999+0000] {local_task_job_runner.py:120} INFO - ::group::Pre task execution logs
[2024-05-14T08:46:06.037+0000] {taskinstance.py:2076} INFO - Dependencies all met for dep_context=non-requeueable deps ti=<TaskInstance: json_to_csv.students_transform scheduled__2024-05-14T08:44:00+00:00 [queued]>
[2024-05-14T08:46:06.063+0000] {taskinstance.py:2076} INFO - Dependencies all met for dep_context=requeueable deps ti=<TaskInstance: json_to_csv.students_transform scheduled__2024-05-14T08:44:00+00:00 [queued]>
[2024-05-14T08:46:06.069+0000] {taskinstance.py:2306} INFO - Starting attempt 1 of 1
[2024-05-14T08:46:06.099+0000] {taskinstance.py:2330} INFO - Executing <Task(_PythonDecoratedOperator): students_transform> on 2024-05-14 08:44:00+00:00
[2024-05-14T08:46:06.107+0000] {warnings.py:110} WARNING - /home/***/.local/lib/python3.12/site-packages/***/task/task_runner/standard_task_runner.py:61: DeprecationWarning: This process (pid=1769) is multi-threaded, use of fork() may lead to deadlocks in the child.
  pid = os.fork()

[2024-05-14T08:46:06.110+0000] {standard_task_runner.py:63} INFO - Started process 1776 to run task
[2024-05-14T08:46:06.111+0000] {standard_task_runner.py:90} INFO - Running: ['***', 'tasks', 'run', 'json_to_csv', 'students_transform', 'scheduled__2024-05-14T08:44:00+00:00', '--job-id', '507', '--raw', '--subdir', 'DAGS_FOLDER/json_to_csv.py', '--cfg-path', '/tmp/tmp05lg0ko9']
[2024-05-14T08:46:06.115+0000] {standard_task_runner.py:91} INFO - Job 507: Subtask students_transform
[2024-05-14T08:46:06.197+0000] {task_command.py:426} INFO - Running <TaskInstance: json_to_csv.students_transform scheduled__2024-05-14T08:44:00+00:00 [running]> on host c2025ffc2c56
[2024-05-14T08:46:06.380+0000] {taskinstance.py:2648} INFO - Exporting env vars: AIRFLOW_CTX_DAG_OWNER='***' AIRFLOW_CTX_DAG_ID='json_to_csv' AIRFLOW_CTX_TASK_ID='students_transform' AIRFLOW_CTX_EXECUTION_DATE='2024-05-14T08:44:00+00:00' AIRFLOW_CTX_TRY_NUMBER='1' AIRFLOW_CTX_DAG_RUN_ID='scheduled__2024-05-14T08:44:00+00:00'
[2024-05-14T08:46:06.383+0000] {taskinstance.py:430} INFO - ::endgroup::
[2024-05-14T08:46:06.384+0000] {python.py:237} INFO - Done. Returned value was: 1,Fariz Wakan
2,Fathurrahman Hernanda

[2024-05-14T08:46:06.385+0000] {taskinstance.py:441} INFO - ::group::Post task execution logs
[2024-05-14T08:46:06.417+0000] {taskinstance.py:1206} INFO - Marking task as SUCCESS. dag_id=json_to_csv, task_id=students_transform, run_id=scheduled__2024-05-14T08:44:00+00:00, execution_date=20240514T084400, start_date=20240514T084606, end_date=20240514T084606
[2024-05-14T08:46:06.446+0000] {local_task_job_runner.py:240} INFO - Task exited with return code 0
[2024-05-14T08:46:06.475+0000] {taskinstance.py:3498} INFO - 1 downstream tasks scheduled from follow-on schedule check
[2024-05-14T08:46:06.478+0000] {local_task_job_runner.py:222} INFO - ::endgroup::
