[2024-05-15T06:01:35.282+0000] {local_task_job_runner.py:120} INFO - ::group::Pre task execution logs
[2024-05-15T06:01:35.322+0000] {taskinstance.py:2076} INFO - Dependencies all met for dep_context=non-requeueable deps ti=<TaskInstance: demo.airflow manual__2024-05-15T06:01:27.922256+00:00 [queued]>
[2024-05-15T06:01:35.335+0000] {taskinstance.py:2076} INFO - Dependencies all met for dep_context=requeueable deps ti=<TaskInstance: demo.airflow manual__2024-05-15T06:01:27.922256+00:00 [queued]>
[2024-05-15T06:01:35.336+0000] {taskinstance.py:2306} INFO - Starting attempt 1 of 1
[2024-05-15T06:01:35.357+0000] {taskinstance.py:2330} INFO - Executing <Task(_PythonDecoratedOperator): airflow> on 2024-05-15 06:01:27.922256+00:00
[2024-05-15T06:01:35.368+0000] {warnings.py:110} WARNING - /home/***/.local/lib/python3.12/site-packages/***/task/task_runner/standard_task_runner.py:61: DeprecationWarning: This process (pid=1790) is multi-threaded, use of fork() may lead to deadlocks in the child.
  pid = os.fork()

[2024-05-15T06:01:35.371+0000] {standard_task_runner.py:63} INFO - Started process 1797 to run task
[2024-05-15T06:01:35.371+0000] {standard_task_runner.py:90} INFO - Running: ['***', 'tasks', 'run', 'demo', '***', 'manual__2024-05-15T06:01:27.922256+00:00', '--job-id', '995', '--raw', '--subdir', 'DAGS_FOLDER/demo.py', '--cfg-path', '/tmp/tmp6kjoz6gm']
[2024-05-15T06:01:35.375+0000] {standard_task_runner.py:91} INFO - Job 995: Subtask ***
[2024-05-15T06:01:35.443+0000] {task_command.py:426} INFO - Running <TaskInstance: demo.airflow manual__2024-05-15T06:01:27.922256+00:00 [running]> on host c2025ffc2c56
[2024-05-15T06:01:35.593+0000] {taskinstance.py:2648} INFO - Exporting env vars: AIRFLOW_CTX_DAG_OWNER='***' AIRFLOW_CTX_DAG_ID='demo' AIRFLOW_CTX_TASK_ID='***' AIRFLOW_CTX_EXECUTION_DATE='2024-05-15T06:01:27.922256+00:00' AIRFLOW_CTX_TRY_NUMBER='1' AIRFLOW_CTX_DAG_RUN_ID='manual__2024-05-15T06:01:27.922256+00:00'
[2024-05-15T06:01:35.597+0000] {taskinstance.py:430} INFO - ::endgroup::
[2024-05-15T06:01:35.598+0000] {logging_mixin.py:188} INFO - ***
[2024-05-15T06:01:35.599+0000] {logging_mixin.py:188} INFO - TEST
[2024-05-15T06:01:35.600+0000] {demo.py:20} INFO - TEST
[2024-05-15T06:01:35.600+0000] {demo.py:21} INFO - Here is some standard text.
[2024-05-15T06:01:35.601+0000] {demo.py:22} INFO - ::group::Non important details
[2024-05-15T06:01:35.601+0000] {demo.py:23} INFO - bla
[2024-05-15T06:01:35.602+0000] {demo.py:24} INFO - debug messages...
[2024-05-15T06:01:35.602+0000] {demo.py:25} INFO - ::endgroup::
[2024-05-15T06:01:35.603+0000] {demo.py:26} INFO - Here is again some standard text.
[2024-05-15T06:01:35.603+0000] {python.py:237} INFO - Done. Returned value was: None
[2024-05-15T06:01:35.604+0000] {taskinstance.py:441} INFO - ::group::Post task execution logs
[2024-05-15T06:01:35.617+0000] {taskinstance.py:1206} INFO - Marking task as SUCCESS. dag_id=demo, task_id=***, run_id=manual__2024-05-15T06:01:27.922256+00:00, execution_date=20240515T060127, start_date=20240515T060135, end_date=20240515T060135
[2024-05-15T06:01:35.666+0000] {local_task_job_runner.py:240} INFO - Task exited with return code 0
[2024-05-15T06:01:35.694+0000] {taskinstance.py:3498} INFO - 0 downstream tasks scheduled from follow-on schedule check
[2024-05-15T06:01:35.698+0000] {local_task_job_runner.py:222} INFO - ::endgroup::
