[2024-05-19T11:58:29.000+0000] {local_task_job_runner.py:120} INFO - ::group::Pre task execution logs
[2024-05-19T11:58:29.044+0000] {taskinstance.py:2076} INFO - Dependencies all met for dep_context=non-requeueable deps ti=<TaskInstance: dummyjson_products.transform_products manual__2024-05-19T11:26:40.682941+00:00 [queued]>
[2024-05-19T11:58:29.062+0000] {taskinstance.py:2076} INFO - Dependencies all met for dep_context=requeueable deps ti=<TaskInstance: dummyjson_products.transform_products manual__2024-05-19T11:26:40.682941+00:00 [queued]>
[2024-05-19T11:58:29.063+0000] {taskinstance.py:2306} INFO - Starting attempt 2 of 6
[2024-05-19T11:58:29.106+0000] {taskinstance.py:2330} INFO - Executing <Task(PythonOperator): transform_products> on 2024-05-19 11:26:40.682941+00:00
[2024-05-19T11:58:29.123+0000] {warnings.py:110} WARNING - /home/***/.local/lib/python3.12/site-packages/***/task/task_runner/standard_task_runner.py:61: DeprecationWarning: This process (pid=3328) is multi-threaded, use of fork() may lead to deadlocks in the child.
  pid = os.fork()

[2024-05-19T11:58:29.127+0000] {standard_task_runner.py:63} INFO - Started process 3362 to run task
[2024-05-19T11:58:29.148+0000] {standard_task_runner.py:90} INFO - Running: ['***', 'tasks', 'run', 'dummyjson_products', 'transform_products', 'manual__2024-05-19T11:26:40.682941+00:00', '--job-id', '1551', '--raw', '--subdir', 'DAGS_FOLDER/dummyjson_product.py', '--cfg-path', '/tmp/tmpogvou7ic']
[2024-05-19T11:58:29.163+0000] {standard_task_runner.py:91} INFO - Job 1551: Subtask transform_products
[2024-05-19T11:58:29.337+0000] {task_command.py:426} INFO - Running <TaskInstance: dummyjson_products.transform_products manual__2024-05-19T11:26:40.682941+00:00 [running]> on host ca927d78a9ea
[2024-05-19T11:58:29.975+0000] {taskinstance.py:2648} INFO - Exporting env vars: AIRFLOW_CTX_DAG_EMAIL='fathurrahmanhernanda@gmail.com' AIRFLOW_CTX_DAG_OWNER='***' AIRFLOW_CTX_DAG_ID='dummyjson_products' AIRFLOW_CTX_TASK_ID='transform_products' AIRFLOW_CTX_EXECUTION_DATE='2024-05-19T11:26:40.682941+00:00' AIRFLOW_CTX_TRY_NUMBER='2' AIRFLOW_CTX_DAG_RUN_ID='manual__2024-05-19T11:26:40.682941+00:00'
[2024-05-19T11:58:29.980+0000] {taskinstance.py:430} INFO - ::endgroup::
[2024-05-19T11:58:30.038+0000] {taskinstance.py:441} INFO - ::group::Post task execution logs
[2024-05-19T11:58:30.039+0000] {taskinstance.py:2905} ERROR - Task failed with exception
Traceback (most recent call last):
  File "/home/airflow/.local/lib/python3.12/site-packages/airflow/models/taskinstance.py", line 465, in _execute_task
    result = _execute_callable(context=context, **execute_callable_kwargs)
             ^^^^^^^^^^^^^^^^^^^^^^^^^^^^^^^^^^^^^^^^^^^^^^^^^^^^^^^^^^^^^
  File "/home/airflow/.local/lib/python3.12/site-packages/airflow/models/taskinstance.py", line 432, in _execute_callable
    return execute_callable(context=context, **execute_callable_kwargs)
           ^^^^^^^^^^^^^^^^^^^^^^^^^^^^^^^^^^^^^^^^^^^^^^^^^^^^^^^^^^^^
  File "/home/airflow/.local/lib/python3.12/site-packages/airflow/models/baseoperator.py", line 400, in wrapper
    return func(self, *args, **kwargs)
           ^^^^^^^^^^^^^^^^^^^^^^^^^^^
  File "/home/airflow/.local/lib/python3.12/site-packages/airflow/operators/python.py", line 235, in execute
    return_value = self.execute_callable()
                   ^^^^^^^^^^^^^^^^^^^^^^^
  File "/home/airflow/.local/lib/python3.12/site-packages/airflow/operators/python.py", line 252, in execute_callable
    return self.python_callable(*self.op_args, **self.op_kwargs)
           ^^^^^^^^^^^^^^^^^^^^^^^^^^^^^^^^^^^^^^^^^^^^^^^^^^^^^
  File "/opt/airflow/dags/dummyjson_product.py", line 86, in transform_generic_cart
    response = json.loads(ti.xcom_pull(task_ids='extract_cart'))
               ^^^^^^^^^^^^^^^^^^^^^^^^^^^^^^^^^^^^^^^^^^^^^^^^^
  File "/usr/local/lib/python3.12/json/__init__.py", line 339, in loads
    raise TypeError(f'the JSON object must be str, bytes or bytearray, '
TypeError: the JSON object must be str, bytes or bytearray, not NoneType
[2024-05-19T11:58:30.064+0000] {taskinstance.py:1206} INFO - Marking task as UP_FOR_RETRY. dag_id=dummyjson_products, task_id=transform_products, run_id=manual__2024-05-19T11:26:40.682941+00:00, execution_date=20240519T112640, start_date=20240519T115829, end_date=20240519T115830
[2024-05-19T11:58:30.096+0000] {standard_task_runner.py:110} ERROR - Failed to execute job 1551 for task transform_products (the JSON object must be str, bytes or bytearray, not NoneType; 3362)
[2024-05-19T11:58:30.163+0000] {local_task_job_runner.py:240} INFO - Task exited with return code 1
[2024-05-19T11:58:30.220+0000] {taskinstance.py:3498} INFO - 0 downstream tasks scheduled from follow-on schedule check
[2024-05-19T11:58:30.225+0000] {local_task_job_runner.py:222} INFO - ::endgroup::
