[2024-05-19T12:25:07.355+0000] {local_task_job_runner.py:120} INFO - ::group::Pre task execution logs
[2024-05-19T12:25:07.387+0000] {taskinstance.py:2076} INFO - Dependencies all met for dep_context=non-requeueable deps ti=<TaskInstance: dummyjson_products.write_to_csv manual__2024-05-19T12:23:40.469322+00:00 [queued]>
[2024-05-19T12:25:07.405+0000] {taskinstance.py:2076} INFO - Dependencies all met for dep_context=requeueable deps ti=<TaskInstance: dummyjson_products.write_to_csv manual__2024-05-19T12:23:40.469322+00:00 [queued]>
[2024-05-19T12:25:07.406+0000] {taskinstance.py:2306} INFO - Starting attempt 2 of 6
[2024-05-19T12:25:07.432+0000] {taskinstance.py:2330} INFO - Executing <Task(PythonOperator): write_to_csv> on 2024-05-19 12:23:40.469322+00:00
[2024-05-19T12:25:07.445+0000] {warnings.py:110} WARNING - /home/***/.local/lib/python3.12/site-packages/***/task/task_runner/standard_task_runner.py:61: DeprecationWarning: This process (pid=4088) is multi-threaded, use of fork() may lead to deadlocks in the child.
  pid = os.fork()

[2024-05-19T12:25:07.449+0000] {standard_task_runner.py:63} INFO - Started process 4092 to run task
[2024-05-19T12:25:07.449+0000] {standard_task_runner.py:90} INFO - Running: ['***', 'tasks', 'run', 'dummyjson_products', 'write_to_csv', 'manual__2024-05-19T12:23:40.469322+00:00', '--job-id', '1691', '--raw', '--subdir', 'DAGS_FOLDER/dummyjson_product.py', '--cfg-path', '/tmp/tmpgmmr7gta']
[2024-05-19T12:25:07.451+0000] {standard_task_runner.py:91} INFO - Job 1691: Subtask write_to_csv
[2024-05-19T12:25:07.538+0000] {task_command.py:426} INFO - Running <TaskInstance: dummyjson_products.write_to_csv manual__2024-05-19T12:23:40.469322+00:00 [running]> on host ca927d78a9ea
[2024-05-19T12:25:08.083+0000] {taskinstance.py:2648} INFO - Exporting env vars: AIRFLOW_CTX_DAG_EMAIL='your.email@example.com' AIRFLOW_CTX_DAG_OWNER='***' AIRFLOW_CTX_DAG_ID='dummyjson_products' AIRFLOW_CTX_TASK_ID='write_to_csv' AIRFLOW_CTX_EXECUTION_DATE='2024-05-19T12:23:40.469322+00:00' AIRFLOW_CTX_TRY_NUMBER='2' AIRFLOW_CTX_DAG_RUN_ID='manual__2024-05-19T12:23:40.469322+00:00'
[2024-05-19T12:25:08.085+0000] {taskinstance.py:430} INFO - ::endgroup::
[2024-05-19T12:25:08.093+0000] {taskinstance.py:441} INFO - ::group::Post task execution logs
[2024-05-19T12:25:08.094+0000] {taskinstance.py:2905} ERROR - Task failed with exception
Traceback (most recent call last):
  File "/home/airflow/.local/lib/python3.12/site-packages/airflow/models/taskinstance.py", line 465, in _execute_task
    result = _execute_callable(context=context, **execute_callable_kwargs)
             ^^^^^^^^^^^^^^^^^^^^^^^^^^^^^^^^^^^^^^^^^^^^^^^^^^^^^^^^^^^^^
  File "/home/airflow/.local/lib/python3.12/site-packages/airflow/models/taskinstance.py", line 432, in _execute_callable
    return execute_callable(context=context, **execute_callable_kwargs)
           ^^^^^^^^^^^^^^^^^^^^^^^^^^^^^^^^^^^^^^^^^^^^^^^^^^^^^^^^^^^^
  File "/home/airflow/.local/lib/python3.12/site-packages/airflow/models/baseoperator.py", line 400, in wrapper
    return func(self, *args, **kwargs)
           ^^^^^^^^^^^^^^^^^^^^^^^^^^^
  File "/home/airflow/.local/lib/python3.12/site-packages/airflow/operators/python.py", line 235, in execute
    return_value = self.execute_callable()
                   ^^^^^^^^^^^^^^^^^^^^^^^
  File "/home/airflow/.local/lib/python3.12/site-packages/airflow/operators/python.py", line 252, in execute_callable
    return self.python_callable(*self.op_args, **self.op_kwargs)
           ^^^^^^^^^^^^^^^^^^^^^^^^^^^^^^^^^^^^^^^^^^^^^^^^^^^^^
  File "/opt/airflow/dags/dummyjson_product.py", line 27, in write_to_csv_generic
    for cart in products.get('carts', []):
                ^^^^^^^^^^^^
AttributeError: 'str' object has no attribute 'get'
[2024-05-19T12:25:08.119+0000] {taskinstance.py:1206} INFO - Marking task as UP_FOR_RETRY. dag_id=dummyjson_products, task_id=write_to_csv, run_id=manual__2024-05-19T12:23:40.469322+00:00, execution_date=20240519T122340, start_date=20240519T122507, end_date=20240519T122508
[2024-05-19T12:25:08.174+0000] {standard_task_runner.py:110} ERROR - Failed to execute job 1691 for task write_to_csv ('str' object has no attribute 'get'; 4092)
[2024-05-19T12:25:08.227+0000] {local_task_job_runner.py:240} INFO - Task exited with return code 1
[2024-05-19T12:25:08.292+0000] {taskinstance.py:3498} INFO - 0 downstream tasks scheduled from follow-on schedule check
[2024-05-19T12:25:08.306+0000] {local_task_job_runner.py:222} INFO - ::endgroup::
