[2024-05-19T15:23:41.352+0000] {local_task_job_runner.py:120} INFO - ::group::Pre task execution logs
[2024-05-19T15:23:41.413+0000] {taskinstance.py:2076} INFO - Dependencies all met for dep_context=non-requeueable deps ti=<TaskInstance: dummyjson.write_to_csv_post manual__2024-05-19T15:17:18.366686+00:00 [queued]>
[2024-05-19T15:23:41.438+0000] {taskinstance.py:2076} INFO - Dependencies all met for dep_context=requeueable deps ti=<TaskInstance: dummyjson.write_to_csv_post manual__2024-05-19T15:17:18.366686+00:00 [queued]>
[2024-05-19T15:23:41.440+0000] {taskinstance.py:2306} INFO - Starting attempt 2 of 7
[2024-05-19T15:23:41.495+0000] {taskinstance.py:2330} INFO - Executing <Task(PythonOperator): write_to_csv_post> on 2024-05-19 15:17:18.366686+00:00
[2024-05-19T15:23:41.510+0000] {warnings.py:110} WARNING - /home/***/.local/lib/python3.12/site-packages/***/task/task_runner/standard_task_runner.py:61: DeprecationWarning: This process (pid=1765) is multi-threaded, use of fork() may lead to deadlocks in the child.
  pid = os.fork()

[2024-05-19T15:23:41.516+0000] {standard_task_runner.py:63} INFO - Started process 1783 to run task
[2024-05-19T15:23:41.514+0000] {standard_task_runner.py:90} INFO - Running: ['***', 'tasks', 'run', 'dummyjson', 'write_to_csv_post', 'manual__2024-05-19T15:17:18.366686+00:00', '--job-id', '2032', '--raw', '--subdir', 'DAGS_FOLDER/dummyjson.py', '--cfg-path', '/tmp/tmptoshz43r']
[2024-05-19T15:23:41.519+0000] {standard_task_runner.py:91} INFO - Job 2032: Subtask write_to_csv_post
[2024-05-19T15:23:41.656+0000] {task_command.py:426} INFO - Running <TaskInstance: dummyjson.write_to_csv_post manual__2024-05-19T15:17:18.366686+00:00 [running]> on host ca927d78a9ea
[2024-05-19T15:23:42.379+0000] {taskinstance.py:2648} INFO - Exporting env vars: AIRFLOW_CTX_DAG_EMAIL='fathurrahmanhernanda@gmail.com' AIRFLOW_CTX_DAG_OWNER='***' AIRFLOW_CTX_DAG_ID='dummyjson' AIRFLOW_CTX_TASK_ID='write_to_csv_post' AIRFLOW_CTX_EXECUTION_DATE='2024-05-19T15:17:18.366686+00:00' AIRFLOW_CTX_TRY_NUMBER='2' AIRFLOW_CTX_DAG_RUN_ID='manual__2024-05-19T15:17:18.366686+00:00'
[2024-05-19T15:23:42.381+0000] {taskinstance.py:430} INFO - ::endgroup::
[2024-05-19T15:23:42.412+0000] {dummyjson.py:108} INFO - CSV file has been written successfully to /opt/***/dags/playground/target/dummyjson/posts.csv.
[2024-05-19T15:23:42.413+0000] {python.py:237} INFO - Done. Returned value was: None
[2024-05-19T15:23:42.414+0000] {taskinstance.py:441} INFO - ::group::Post task execution logs
[2024-05-19T15:23:42.436+0000] {taskinstance.py:1206} INFO - Marking task as SUCCESS. dag_id=dummyjson, task_id=write_to_csv_post, run_id=manual__2024-05-19T15:17:18.366686+00:00, execution_date=20240519T151718, start_date=20240519T152341, end_date=20240519T152342
[2024-05-19T15:23:42.560+0000] {local_task_job_runner.py:240} INFO - Task exited with return code 0
[2024-05-19T15:23:42.638+0000] {taskinstance.py:3498} INFO - 1 downstream tasks scheduled from follow-on schedule check
[2024-05-19T15:23:42.647+0000] {local_task_job_runner.py:222} INFO - ::endgroup::
