[2024-05-13T09:59:21.611+0000] {local_task_job_runner.py:120} INFO - ::group::Pre task execution logs
[2024-05-13T09:59:21.724+0000] {taskinstance.py:2076} INFO - Dependencies all met for dep_context=non-requeueable deps ti=<TaskInstance: demo.hello scheduled__2022-02-06T00:00:00+00:00 [queued]>
[2024-05-13T09:59:21.789+0000] {taskinstance.py:2076} INFO - Dependencies all met for dep_context=requeueable deps ti=<TaskInstance: demo.hello scheduled__2022-02-06T00:00:00+00:00 [queued]>
[2024-05-13T09:59:21.800+0000] {taskinstance.py:2306} INFO - Starting attempt 1 of 1
[2024-05-13T09:59:21.944+0000] {taskinstance.py:2330} INFO - Executing <Task(BashOperator): hello> on 2022-02-06 00:00:00+00:00
[2024-05-13T09:59:22.019+0000] {warnings.py:110} WARNING - /home/***/.local/lib/python3.12/site-packages/***/task/task_runner/standard_task_runner.py:61: DeprecationWarning: This process (pid=834) is multi-threaded, use of fork() may lead to deadlocks in the child.
  pid = os.fork()

[2024-05-13T09:59:22.070+0000] {standard_task_runner.py:63} INFO - Started process 860 to run task
[2024-05-13T09:59:22.045+0000] {standard_task_runner.py:90} INFO - Running: ['***', 'tasks', 'run', 'demo', 'hello', 'scheduled__2022-02-06T00:00:00+00:00', '--job-id', '72', '--raw', '--subdir', 'DAGS_FOLDER/demo.py', '--cfg-path', '/tmp/tmp9qz532td']
[2024-05-13T09:59:22.092+0000] {standard_task_runner.py:91} INFO - Job 72: Subtask hello
[2024-05-13T09:59:22.513+0000] {task_command.py:426} INFO - Running <TaskInstance: demo.hello scheduled__2022-02-06T00:00:00+00:00 [running]> on host c2025ffc2c56
[2024-05-13T09:59:23.182+0000] {taskinstance.py:2648} INFO - Exporting env vars: AIRFLOW_CTX_DAG_OWNER='***' AIRFLOW_CTX_DAG_ID='demo' AIRFLOW_CTX_TASK_ID='hello' AIRFLOW_CTX_EXECUTION_DATE='2022-02-06T00:00:00+00:00' AIRFLOW_CTX_TRY_NUMBER='1' AIRFLOW_CTX_DAG_RUN_ID='scheduled__2022-02-06T00:00:00+00:00'
[2024-05-13T09:59:23.194+0000] {taskinstance.py:430} INFO - ::endgroup::
[2024-05-13T09:59:23.196+0000] {subprocess.py:63} INFO - Tmp dir root location: /tmp
[2024-05-13T09:59:23.208+0000] {subprocess.py:75} INFO - Running command: ['/usr/bin/bash', '-c', 'echo hello']
[2024-05-13T09:59:23.343+0000] {subprocess.py:86} INFO - Output:
[2024-05-13T09:59:23.369+0000] {subprocess.py:93} INFO - hello
[2024-05-13T09:59:23.372+0000] {subprocess.py:97} INFO - Command exited with return code 0
[2024-05-13T09:59:23.381+0000] {taskinstance.py:441} INFO - ::group::Post task execution logs
[2024-05-13T09:59:23.681+0000] {taskinstance.py:1206} INFO - Marking task as SUCCESS. dag_id=demo, task_id=hello, run_id=scheduled__2022-02-06T00:00:00+00:00, execution_date=20220206T000000, start_date=20240513T095921, end_date=20240513T095923
[2024-05-13T09:59:23.834+0000] {local_task_job_runner.py:240} INFO - Task exited with return code 0
[2024-05-13T09:59:23.972+0000] {taskinstance.py:3498} INFO - 1 downstream tasks scheduled from follow-on schedule check
[2024-05-13T09:59:23.985+0000] {local_task_job_runner.py:222} INFO - ::endgroup::
