[2024-05-18T15:00:58.161+0000] {processor.py:161} INFO - Started process (PID=4585) to work on /opt/airflow/dags/weekly_assignment.py
[2024-05-18T15:00:58.163+0000] {processor.py:830} INFO - Processing file /opt/airflow/dags/weekly_assignment.py for tasks to queue
[2024-05-18T15:00:58.166+0000] {logging_mixin.py:188} INFO - [2024-05-18T15:00:58.165+0000] {dagbag.py:545} INFO - Filling up the DagBag from /opt/airflow/dags/weekly_assignment.py
[2024-05-18T15:00:58.218+0000] {processor.py:840} INFO - DAG(s) 'randomuser_ingestion' retrieved from /opt/airflow/dags/weekly_assignment.py
[2024-05-18T15:00:58.388+0000] {logging_mixin.py:188} INFO - [2024-05-18T15:00:58.388+0000] {dag.py:3096} INFO - Sync 1 DAGs
[2024-05-18T15:00:58.424+0000] {logging_mixin.py:188} INFO - [2024-05-18T15:00:58.424+0000] {dag.py:3954} INFO - Setting next_dagrun for randomuser_ingestion to None, run_after=None
[2024-05-18T15:00:58.469+0000] {processor.py:183} INFO - Processing /opt/airflow/dags/weekly_assignment.py took 0.317 seconds
[2024-05-18T15:01:29.295+0000] {processor.py:161} INFO - Started process (PID=4652) to work on /opt/airflow/dags/weekly_assignment.py
[2024-05-18T15:01:29.297+0000] {processor.py:830} INFO - Processing file /opt/airflow/dags/weekly_assignment.py for tasks to queue
[2024-05-18T15:01:29.301+0000] {logging_mixin.py:188} INFO - [2024-05-18T15:01:29.300+0000] {dagbag.py:545} INFO - Filling up the DagBag from /opt/airflow/dags/weekly_assignment.py
[2024-05-18T15:01:29.330+0000] {processor.py:840} INFO - DAG(s) 'randomuser_ingestion' retrieved from /opt/airflow/dags/weekly_assignment.py
[2024-05-18T15:01:29.376+0000] {logging_mixin.py:188} INFO - [2024-05-18T15:01:29.375+0000] {dag.py:3096} INFO - Sync 1 DAGs
[2024-05-18T15:01:29.423+0000] {logging_mixin.py:188} INFO - [2024-05-18T15:01:29.423+0000] {dag.py:3954} INFO - Setting next_dagrun for randomuser_ingestion to None, run_after=None
[2024-05-18T15:01:29.471+0000] {processor.py:183} INFO - Processing /opt/airflow/dags/weekly_assignment.py took 0.195 seconds
[2024-05-18T15:01:33.664+0000] {processor.py:161} INFO - Started process (PID=4665) to work on /opt/airflow/dags/weekly_assignment.py
[2024-05-18T15:01:33.665+0000] {processor.py:830} INFO - Processing file /opt/airflow/dags/weekly_assignment.py for tasks to queue
[2024-05-18T15:01:33.668+0000] {logging_mixin.py:188} INFO - [2024-05-18T15:01:33.668+0000] {dagbag.py:545} INFO - Filling up the DagBag from /opt/airflow/dags/weekly_assignment.py
[2024-05-18T15:01:33.707+0000] {processor.py:840} INFO - DAG(s) 'randomuser_ingestion' retrieved from /opt/airflow/dags/weekly_assignment.py
[2024-05-18T15:01:33.741+0000] {logging_mixin.py:188} INFO - [2024-05-18T15:01:33.740+0000] {dag.py:3096} INFO - Sync 1 DAGs
[2024-05-18T15:01:33.775+0000] {logging_mixin.py:188} INFO - [2024-05-18T15:01:33.775+0000] {dag.py:3954} INFO - Setting next_dagrun for randomuser_ingestion to None, run_after=None
[2024-05-18T15:01:33.816+0000] {processor.py:183} INFO - Processing /opt/airflow/dags/weekly_assignment.py took 0.160 seconds
[2024-05-18T15:02:04.020+0000] {processor.py:161} INFO - Started process (PID=4732) to work on /opt/airflow/dags/weekly_assignment.py
[2024-05-18T15:02:04.025+0000] {processor.py:830} INFO - Processing file /opt/airflow/dags/weekly_assignment.py for tasks to queue
[2024-05-18T15:02:04.039+0000] {logging_mixin.py:188} INFO - [2024-05-18T15:02:04.036+0000] {dagbag.py:545} INFO - Filling up the DagBag from /opt/airflow/dags/weekly_assignment.py
[2024-05-18T15:02:04.069+0000] {processor.py:840} INFO - DAG(s) 'randomuser_ingestion' retrieved from /opt/airflow/dags/weekly_assignment.py
[2024-05-18T15:02:04.093+0000] {logging_mixin.py:188} INFO - [2024-05-18T15:02:04.093+0000] {dag.py:3096} INFO - Sync 1 DAGs
[2024-05-18T15:02:04.163+0000] {logging_mixin.py:188} INFO - [2024-05-18T15:02:04.163+0000] {dag.py:3954} INFO - Setting next_dagrun for randomuser_ingestion to None, run_after=None
[2024-05-18T15:02:04.216+0000] {processor.py:183} INFO - Processing /opt/airflow/dags/weekly_assignment.py took 0.280 seconds
[2024-05-18T15:02:34.670+0000] {processor.py:161} INFO - Started process (PID=4799) to work on /opt/airflow/dags/weekly_assignment.py
[2024-05-18T15:02:34.672+0000] {processor.py:830} INFO - Processing file /opt/airflow/dags/weekly_assignment.py for tasks to queue
[2024-05-18T15:02:34.675+0000] {logging_mixin.py:188} INFO - [2024-05-18T15:02:34.675+0000] {dagbag.py:545} INFO - Filling up the DagBag from /opt/airflow/dags/weekly_assignment.py
[2024-05-18T15:02:34.696+0000] {processor.py:840} INFO - DAG(s) 'randomuser_ingestion' retrieved from /opt/airflow/dags/weekly_assignment.py
[2024-05-18T15:02:34.897+0000] {logging_mixin.py:188} INFO - [2024-05-18T15:02:34.896+0000] {dag.py:3096} INFO - Sync 1 DAGs
[2024-05-18T15:02:34.926+0000] {logging_mixin.py:188} INFO - [2024-05-18T15:02:34.926+0000] {dag.py:3954} INFO - Setting next_dagrun for randomuser_ingestion to None, run_after=None
[2024-05-18T15:02:34.958+0000] {processor.py:183} INFO - Processing /opt/airflow/dags/weekly_assignment.py took 0.298 seconds
[2024-05-18T15:03:05.765+0000] {processor.py:161} INFO - Started process (PID=4866) to work on /opt/airflow/dags/weekly_assignment.py
[2024-05-18T15:03:05.767+0000] {processor.py:830} INFO - Processing file /opt/airflow/dags/weekly_assignment.py for tasks to queue
[2024-05-18T15:03:05.769+0000] {logging_mixin.py:188} INFO - [2024-05-18T15:03:05.769+0000] {dagbag.py:545} INFO - Filling up the DagBag from /opt/airflow/dags/weekly_assignment.py
[2024-05-18T15:03:05.794+0000] {processor.py:840} INFO - DAG(s) 'randomuser_ingestion' retrieved from /opt/airflow/dags/weekly_assignment.py
[2024-05-18T15:03:05.829+0000] {logging_mixin.py:188} INFO - [2024-05-18T15:03:05.828+0000] {dag.py:3096} INFO - Sync 1 DAGs
[2024-05-18T15:03:05.867+0000] {logging_mixin.py:188} INFO - [2024-05-18T15:03:05.867+0000] {dag.py:3954} INFO - Setting next_dagrun for randomuser_ingestion to None, run_after=None
[2024-05-18T15:03:05.902+0000] {processor.py:183} INFO - Processing /opt/airflow/dags/weekly_assignment.py took 0.146 seconds
[2024-05-18T15:03:33.771+0000] {processor.py:161} INFO - Started process (PID=4926) to work on /opt/airflow/dags/weekly_assignment.py
[2024-05-18T15:03:33.773+0000] {processor.py:830} INFO - Processing file /opt/airflow/dags/weekly_assignment.py for tasks to queue
[2024-05-18T15:03:33.777+0000] {logging_mixin.py:188} INFO - [2024-05-18T15:03:33.776+0000] {dagbag.py:545} INFO - Filling up the DagBag from /opt/airflow/dags/weekly_assignment.py
[2024-05-18T15:03:33.819+0000] {processor.py:840} INFO - DAG(s) 'randomuser_ingestion' retrieved from /opt/airflow/dags/weekly_assignment.py
[2024-05-18T15:03:33.839+0000] {logging_mixin.py:188} INFO - [2024-05-18T15:03:33.839+0000] {dag.py:3096} INFO - Sync 1 DAGs
[2024-05-18T15:03:33.880+0000] {logging_mixin.py:188} INFO - [2024-05-18T15:03:33.879+0000] {dag.py:3954} INFO - Setting next_dagrun for randomuser_ingestion to None, run_after=None
[2024-05-18T15:03:33.917+0000] {processor.py:183} INFO - Processing /opt/airflow/dags/weekly_assignment.py took 0.159 seconds
[2024-05-18T15:03:35.161+0000] {processor.py:161} INFO - Started process (PID=4931) to work on /opt/airflow/dags/weekly_assignment.py
[2024-05-18T15:03:35.162+0000] {processor.py:830} INFO - Processing file /opt/airflow/dags/weekly_assignment.py for tasks to queue
[2024-05-18T15:03:35.166+0000] {logging_mixin.py:188} INFO - [2024-05-18T15:03:35.165+0000] {dagbag.py:545} INFO - Filling up the DagBag from /opt/airflow/dags/weekly_assignment.py
[2024-05-18T15:03:35.206+0000] {processor.py:840} INFO - DAG(s) 'randomuser_ingestion' retrieved from /opt/airflow/dags/weekly_assignment.py
[2024-05-18T15:03:35.226+0000] {logging_mixin.py:188} INFO - [2024-05-18T15:03:35.225+0000] {dag.py:3096} INFO - Sync 1 DAGs
[2024-05-18T15:03:35.265+0000] {logging_mixin.py:188} INFO - [2024-05-18T15:03:35.265+0000] {dag.py:3954} INFO - Setting next_dagrun for randomuser_ingestion to None, run_after=None
[2024-05-18T15:03:35.311+0000] {processor.py:183} INFO - Processing /opt/airflow/dags/weekly_assignment.py took 0.158 seconds
[2024-05-18T15:03:46.255+0000] {processor.py:161} INFO - Started process (PID=4938) to work on /opt/airflow/dags/weekly_assignment.py
[2024-05-18T15:03:46.256+0000] {processor.py:830} INFO - Processing file /opt/airflow/dags/weekly_assignment.py for tasks to queue
[2024-05-18T15:03:46.260+0000] {logging_mixin.py:188} INFO - [2024-05-18T15:03:46.260+0000] {dagbag.py:545} INFO - Filling up the DagBag from /opt/airflow/dags/weekly_assignment.py
[2024-05-18T15:03:46.294+0000] {processor.py:840} INFO - DAG(s) 'randomuser_ingestion' retrieved from /opt/airflow/dags/weekly_assignment.py
[2024-05-18T15:03:46.313+0000] {logging_mixin.py:188} INFO - [2024-05-18T15:03:46.312+0000] {dag.py:3096} INFO - Sync 1 DAGs
[2024-05-18T15:03:46.346+0000] {logging_mixin.py:188} INFO - [2024-05-18T15:03:46.345+0000] {dag.py:3954} INFO - Setting next_dagrun for randomuser_ingestion to None, run_after=None
[2024-05-18T15:03:46.385+0000] {processor.py:183} INFO - Processing /opt/airflow/dags/weekly_assignment.py took 0.140 seconds
[2024-05-18T15:04:16.482+0000] {processor.py:161} INFO - Started process (PID=5005) to work on /opt/airflow/dags/weekly_assignment.py
[2024-05-18T15:04:16.483+0000] {processor.py:830} INFO - Processing file /opt/airflow/dags/weekly_assignment.py for tasks to queue
[2024-05-18T15:04:16.486+0000] {logging_mixin.py:188} INFO - [2024-05-18T15:04:16.486+0000] {dagbag.py:545} INFO - Filling up the DagBag from /opt/airflow/dags/weekly_assignment.py
[2024-05-18T15:04:16.512+0000] {processor.py:840} INFO - DAG(s) 'randomuser_ingestion' retrieved from /opt/airflow/dags/weekly_assignment.py
[2024-05-18T15:04:16.664+0000] {logging_mixin.py:188} INFO - [2024-05-18T15:04:16.664+0000] {dag.py:3096} INFO - Sync 1 DAGs
[2024-05-18T15:04:16.703+0000] {logging_mixin.py:188} INFO - [2024-05-18T15:04:16.702+0000] {dag.py:3954} INFO - Setting next_dagrun for randomuser_ingestion to None, run_after=None
[2024-05-18T15:04:16.735+0000] {processor.py:183} INFO - Processing /opt/airflow/dags/weekly_assignment.py took 0.261 seconds
[2024-05-18T15:04:39.566+0000] {processor.py:161} INFO - Started process (PID=5069) to work on /opt/airflow/dags/weekly_assignment.py
[2024-05-18T15:04:39.568+0000] {processor.py:830} INFO - Processing file /opt/airflow/dags/weekly_assignment.py for tasks to queue
[2024-05-18T15:04:39.575+0000] {logging_mixin.py:188} INFO - [2024-05-18T15:04:39.574+0000] {dagbag.py:545} INFO - Filling up the DagBag from /opt/airflow/dags/weekly_assignment.py
[2024-05-18T15:04:39.629+0000] {processor.py:840} INFO - DAG(s) 'randomuser_ingestion' retrieved from /opt/airflow/dags/weekly_assignment.py
[2024-05-18T15:04:39.662+0000] {logging_mixin.py:188} INFO - [2024-05-18T15:04:39.661+0000] {dag.py:3096} INFO - Sync 1 DAGs
[2024-05-18T15:04:39.721+0000] {logging_mixin.py:188} INFO - [2024-05-18T15:04:39.720+0000] {dag.py:3954} INFO - Setting next_dagrun for randomuser_ingestion to None, run_after=None
[2024-05-18T15:04:39.773+0000] {processor.py:183} INFO - Processing /opt/airflow/dags/weekly_assignment.py took 0.223 seconds
[2024-05-18T15:04:49.209+0000] {processor.py:161} INFO - Started process (PID=5075) to work on /opt/airflow/dags/weekly_assignment.py
[2024-05-18T15:04:49.211+0000] {processor.py:830} INFO - Processing file /opt/airflow/dags/weekly_assignment.py for tasks to queue
[2024-05-18T15:04:49.215+0000] {logging_mixin.py:188} INFO - [2024-05-18T15:04:49.214+0000] {dagbag.py:545} INFO - Filling up the DagBag from /opt/airflow/dags/weekly_assignment.py
[2024-05-18T15:04:49.258+0000] {processor.py:840} INFO - DAG(s) 'randomuser_ingestion' retrieved from /opt/airflow/dags/weekly_assignment.py
[2024-05-18T15:04:49.284+0000] {logging_mixin.py:188} INFO - [2024-05-18T15:04:49.284+0000] {dag.py:3096} INFO - Sync 1 DAGs
[2024-05-18T15:04:49.346+0000] {logging_mixin.py:188} INFO - [2024-05-18T15:04:49.345+0000] {dag.py:3954} INFO - Setting next_dagrun for randomuser_ingestion to None, run_after=None
[2024-05-18T15:04:49.418+0000] {processor.py:183} INFO - Processing /opt/airflow/dags/weekly_assignment.py took 0.223 seconds
[2024-05-18T15:05:21.537+0000] {processor.py:161} INFO - Started process (PID=30) to work on /opt/airflow/dags/weekly_assignment.py
[2024-05-18T15:05:21.539+0000] {processor.py:830} INFO - Processing file /opt/airflow/dags/weekly_assignment.py for tasks to queue
[2024-05-18T15:05:21.543+0000] {logging_mixin.py:188} INFO - [2024-05-18T15:05:21.543+0000] {dagbag.py:545} INFO - Filling up the DagBag from /opt/airflow/dags/weekly_assignment.py
[2024-05-18T15:05:21.584+0000] {processor.py:840} INFO - DAG(s) 'randomuser_ingestion' retrieved from /opt/airflow/dags/weekly_assignment.py
[2024-05-18T15:05:21.867+0000] {logging_mixin.py:188} INFO - [2024-05-18T15:05:21.866+0000] {dag.py:3096} INFO - Sync 1 DAGs
[2024-05-18T15:05:21.932+0000] {logging_mixin.py:188} INFO - [2024-05-18T15:05:21.931+0000] {dag.py:3954} INFO - Setting next_dagrun for randomuser_ingestion to None, run_after=None
[2024-05-18T15:05:21.994+0000] {processor.py:183} INFO - Processing /opt/airflow/dags/weekly_assignment.py took 0.468 seconds
[2024-05-18T15:05:52.112+0000] {processor.py:161} INFO - Started process (PID=97) to work on /opt/airflow/dags/weekly_assignment.py
[2024-05-18T15:05:52.114+0000] {processor.py:830} INFO - Processing file /opt/airflow/dags/weekly_assignment.py for tasks to queue
[2024-05-18T15:05:52.119+0000] {logging_mixin.py:188} INFO - [2024-05-18T15:05:52.118+0000] {dagbag.py:545} INFO - Filling up the DagBag from /opt/airflow/dags/weekly_assignment.py
[2024-05-18T15:05:52.150+0000] {processor.py:840} INFO - DAG(s) 'randomuser_ingestion' retrieved from /opt/airflow/dags/weekly_assignment.py
[2024-05-18T15:05:52.185+0000] {logging_mixin.py:188} INFO - [2024-05-18T15:05:52.185+0000] {dag.py:3096} INFO - Sync 1 DAGs
[2024-05-18T15:05:52.223+0000] {logging_mixin.py:188} INFO - [2024-05-18T15:05:52.223+0000] {dag.py:3954} INFO - Setting next_dagrun for randomuser_ingestion to None, run_after=None
[2024-05-18T15:05:52.256+0000] {processor.py:183} INFO - Processing /opt/airflow/dags/weekly_assignment.py took 0.158 seconds
[2024-05-18T15:06:22.384+0000] {processor.py:161} INFO - Started process (PID=164) to work on /opt/airflow/dags/weekly_assignment.py
[2024-05-18T15:06:22.386+0000] {processor.py:830} INFO - Processing file /opt/airflow/dags/weekly_assignment.py for tasks to queue
[2024-05-18T15:06:22.390+0000] {logging_mixin.py:188} INFO - [2024-05-18T15:06:22.389+0000] {dagbag.py:545} INFO - Filling up the DagBag from /opt/airflow/dags/weekly_assignment.py
[2024-05-18T15:06:22.420+0000] {processor.py:840} INFO - DAG(s) 'randomuser_ingestion' retrieved from /opt/airflow/dags/weekly_assignment.py
[2024-05-18T15:06:22.711+0000] {logging_mixin.py:188} INFO - [2024-05-18T15:06:22.711+0000] {dag.py:3096} INFO - Sync 1 DAGs
[2024-05-18T15:06:22.794+0000] {logging_mixin.py:188} INFO - [2024-05-18T15:06:22.794+0000] {dag.py:3954} INFO - Setting next_dagrun for randomuser_ingestion to None, run_after=None
[2024-05-18T15:06:22.849+0000] {processor.py:183} INFO - Processing /opt/airflow/dags/weekly_assignment.py took 0.478 seconds
[2024-05-18T15:06:27.527+0000] {processor.py:161} INFO - Started process (PID=194) to work on /opt/airflow/dags/weekly_assignment.py
[2024-05-18T15:06:27.529+0000] {processor.py:830} INFO - Processing file /opt/airflow/dags/weekly_assignment.py for tasks to queue
[2024-05-18T15:06:27.533+0000] {logging_mixin.py:188} INFO - [2024-05-18T15:06:27.532+0000] {dagbag.py:545} INFO - Filling up the DagBag from /opt/airflow/dags/weekly_assignment.py
[2024-05-18T15:06:27.584+0000] {processor.py:840} INFO - DAG(s) 'randomuser_ingestion' retrieved from /opt/airflow/dags/weekly_assignment.py
[2024-05-18T15:06:27.608+0000] {logging_mixin.py:188} INFO - [2024-05-18T15:06:27.607+0000] {dag.py:3096} INFO - Sync 1 DAGs
[2024-05-18T15:06:27.693+0000] {logging_mixin.py:188} INFO - [2024-05-18T15:06:27.693+0000] {dag.py:3954} INFO - Setting next_dagrun for randomuser_ingestion to None, run_after=None
[2024-05-18T15:06:27.730+0000] {processor.py:183} INFO - Processing /opt/airflow/dags/weekly_assignment.py took 0.216 seconds
[2024-05-18T15:06:46.191+0000] {processor.py:161} INFO - Started process (PID=232) to work on /opt/airflow/dags/weekly_assignment.py
[2024-05-18T15:06:46.192+0000] {processor.py:830} INFO - Processing file /opt/airflow/dags/weekly_assignment.py for tasks to queue
[2024-05-18T15:06:46.195+0000] {logging_mixin.py:188} INFO - [2024-05-18T15:06:46.195+0000] {dagbag.py:545} INFO - Filling up the DagBag from /opt/airflow/dags/weekly_assignment.py
[2024-05-18T15:06:46.229+0000] {processor.py:840} INFO - DAG(s) 'dummyjson_ingestion' retrieved from /opt/airflow/dags/weekly_assignment.py
[2024-05-18T15:06:46.411+0000] {logging_mixin.py:188} INFO - [2024-05-18T15:06:46.410+0000] {override.py:1829} INFO - Created Permission View: can delete on DAG:dummyjson_ingestion
[2024-05-18T15:06:46.434+0000] {logging_mixin.py:188} INFO - [2024-05-18T15:06:46.433+0000] {override.py:1829} INFO - Created Permission View: can read on DAG:dummyjson_ingestion
[2024-05-18T15:06:46.449+0000] {logging_mixin.py:188} INFO - [2024-05-18T15:06:46.448+0000] {override.py:1829} INFO - Created Permission View: can edit on DAG:dummyjson_ingestion
[2024-05-18T15:06:46.451+0000] {logging_mixin.py:188} INFO - [2024-05-18T15:06:46.451+0000] {dag.py:3096} INFO - Sync 1 DAGs
[2024-05-18T15:06:46.473+0000] {logging_mixin.py:188} INFO - [2024-05-18T15:06:46.472+0000] {dag.py:3118} INFO - Creating ORM DAG for dummyjson_ingestion
[2024-05-18T15:06:46.489+0000] {logging_mixin.py:188} INFO - [2024-05-18T15:06:46.489+0000] {dag.py:3954} INFO - Setting next_dagrun for dummyjson_ingestion to 2024-05-01 00:00:00+00:00, run_after=2024-05-01 00:00:00+00:00
[2024-05-18T15:06:46.529+0000] {processor.py:183} INFO - Processing /opt/airflow/dags/weekly_assignment.py took 0.348 seconds
[2024-05-18T15:07:16.633+0000] {processor.py:161} INFO - Started process (PID=299) to work on /opt/airflow/dags/weekly_assignment.py
[2024-05-18T15:07:16.635+0000] {processor.py:830} INFO - Processing file /opt/airflow/dags/weekly_assignment.py for tasks to queue
[2024-05-18T15:07:16.638+0000] {logging_mixin.py:188} INFO - [2024-05-18T15:07:16.638+0000] {dagbag.py:545} INFO - Filling up the DagBag from /opt/airflow/dags/weekly_assignment.py
[2024-05-18T15:07:16.660+0000] {processor.py:840} INFO - DAG(s) 'dummyjson_ingestion' retrieved from /opt/airflow/dags/weekly_assignment.py
[2024-05-18T15:07:16.691+0000] {logging_mixin.py:188} INFO - [2024-05-18T15:07:16.690+0000] {dag.py:3096} INFO - Sync 1 DAGs
[2024-05-18T15:07:16.722+0000] {logging_mixin.py:188} INFO - [2024-05-18T15:07:16.721+0000] {dag.py:3954} INFO - Setting next_dagrun for dummyjson_ingestion to 2024-05-01 00:00:00+00:00, run_after=2024-05-01 00:00:00+00:00
[2024-05-18T15:07:16.756+0000] {processor.py:183} INFO - Processing /opt/airflow/dags/weekly_assignment.py took 0.132 seconds
[2024-05-18T15:07:47.185+0000] {processor.py:161} INFO - Started process (PID=366) to work on /opt/airflow/dags/weekly_assignment.py
[2024-05-18T15:07:47.187+0000] {processor.py:830} INFO - Processing file /opt/airflow/dags/weekly_assignment.py for tasks to queue
[2024-05-18T15:07:47.191+0000] {logging_mixin.py:188} INFO - [2024-05-18T15:07:47.191+0000] {dagbag.py:545} INFO - Filling up the DagBag from /opt/airflow/dags/weekly_assignment.py
[2024-05-18T15:07:47.212+0000] {processor.py:840} INFO - DAG(s) 'dummyjson_ingestion' retrieved from /opt/airflow/dags/weekly_assignment.py
[2024-05-18T15:07:47.243+0000] {logging_mixin.py:188} INFO - [2024-05-18T15:07:47.243+0000] {dag.py:3096} INFO - Sync 1 DAGs
[2024-05-18T15:07:47.284+0000] {logging_mixin.py:188} INFO - [2024-05-18T15:07:47.284+0000] {dag.py:3954} INFO - Setting next_dagrun for dummyjson_ingestion to 2024-05-01 00:00:00+00:00, run_after=2024-05-01 00:00:00+00:00
[2024-05-18T15:07:47.316+0000] {processor.py:183} INFO - Processing /opt/airflow/dags/weekly_assignment.py took 0.141 seconds
[2024-05-18T15:08:17.711+0000] {processor.py:161} INFO - Started process (PID=433) to work on /opt/airflow/dags/weekly_assignment.py
[2024-05-18T15:08:17.713+0000] {processor.py:830} INFO - Processing file /opt/airflow/dags/weekly_assignment.py for tasks to queue
[2024-05-18T15:08:17.717+0000] {logging_mixin.py:188} INFO - [2024-05-18T15:08:17.716+0000] {dagbag.py:545} INFO - Filling up the DagBag from /opt/airflow/dags/weekly_assignment.py
[2024-05-18T15:08:17.745+0000] {processor.py:840} INFO - DAG(s) 'dummyjson_ingestion' retrieved from /opt/airflow/dags/weekly_assignment.py
[2024-05-18T15:08:17.775+0000] {logging_mixin.py:188} INFO - [2024-05-18T15:08:17.774+0000] {dag.py:3096} INFO - Sync 1 DAGs
[2024-05-18T15:08:17.808+0000] {logging_mixin.py:188} INFO - [2024-05-18T15:08:17.807+0000] {dag.py:3954} INFO - Setting next_dagrun for dummyjson_ingestion to 2024-05-01 00:00:00+00:00, run_after=2024-05-01 00:00:00+00:00
[2024-05-18T15:08:17.835+0000] {processor.py:183} INFO - Processing /opt/airflow/dags/weekly_assignment.py took 0.132 seconds
[2024-05-18T15:08:24.904+0000] {processor.py:161} INFO - Started process (PID=434) to work on /opt/airflow/dags/weekly_assignment.py
[2024-05-18T15:08:24.906+0000] {processor.py:830} INFO - Processing file /opt/airflow/dags/weekly_assignment.py for tasks to queue
[2024-05-18T15:08:24.909+0000] {logging_mixin.py:188} INFO - [2024-05-18T15:08:24.909+0000] {dagbag.py:545} INFO - Filling up the DagBag from /opt/airflow/dags/weekly_assignment.py
[2024-05-18T15:08:24.952+0000] {processor.py:840} INFO - DAG(s) 'dummyjson_ingestion' retrieved from /opt/airflow/dags/weekly_assignment.py
[2024-05-18T15:08:24.988+0000] {logging_mixin.py:188} INFO - [2024-05-18T15:08:24.988+0000] {dag.py:3096} INFO - Sync 1 DAGs
[2024-05-18T15:08:25.025+0000] {logging_mixin.py:188} INFO - [2024-05-18T15:08:25.025+0000] {dag.py:3954} INFO - Setting next_dagrun for dummyjson_ingestion to 2024-05-01 00:00:00+00:00, run_after=2024-05-01 00:00:00+00:00
[2024-05-18T15:08:25.074+0000] {processor.py:183} INFO - Processing /opt/airflow/dags/weekly_assignment.py took 0.183 seconds
[2024-05-18T15:08:55.331+0000] {processor.py:161} INFO - Started process (PID=501) to work on /opt/airflow/dags/weekly_assignment.py
[2024-05-18T15:08:55.335+0000] {processor.py:830} INFO - Processing file /opt/airflow/dags/weekly_assignment.py for tasks to queue
[2024-05-18T15:08:55.338+0000] {logging_mixin.py:188} INFO - [2024-05-18T15:08:55.337+0000] {dagbag.py:545} INFO - Filling up the DagBag from /opt/airflow/dags/weekly_assignment.py
[2024-05-18T15:08:55.371+0000] {processor.py:840} INFO - DAG(s) 'dummyjson_ingestion' retrieved from /opt/airflow/dags/weekly_assignment.py
[2024-05-18T15:08:55.406+0000] {logging_mixin.py:188} INFO - [2024-05-18T15:08:55.405+0000] {dag.py:3096} INFO - Sync 1 DAGs
[2024-05-18T15:08:55.464+0000] {logging_mixin.py:188} INFO - [2024-05-18T15:08:55.464+0000] {dag.py:3954} INFO - Setting next_dagrun for dummyjson_ingestion to 2024-05-01 00:00:00+00:00, run_after=2024-05-01 00:00:00+00:00
[2024-05-18T15:08:55.497+0000] {processor.py:183} INFO - Processing /opt/airflow/dags/weekly_assignment.py took 0.177 seconds
[2024-05-18T15:09:26.248+0000] {processor.py:161} INFO - Started process (PID=569) to work on /opt/airflow/dags/weekly_assignment.py
[2024-05-18T15:09:26.250+0000] {processor.py:830} INFO - Processing file /opt/airflow/dags/weekly_assignment.py for tasks to queue
[2024-05-18T15:09:26.253+0000] {logging_mixin.py:188} INFO - [2024-05-18T15:09:26.252+0000] {dagbag.py:545} INFO - Filling up the DagBag from /opt/airflow/dags/weekly_assignment.py
[2024-05-18T15:09:26.281+0000] {processor.py:840} INFO - DAG(s) 'dummyjson_ingestion' retrieved from /opt/airflow/dags/weekly_assignment.py
[2024-05-18T15:09:26.313+0000] {logging_mixin.py:188} INFO - [2024-05-18T15:09:26.312+0000] {dag.py:3096} INFO - Sync 1 DAGs
[2024-05-18T15:09:26.342+0000] {logging_mixin.py:188} INFO - [2024-05-18T15:09:26.342+0000] {dag.py:3954} INFO - Setting next_dagrun for dummyjson_ingestion to None, run_after=None
[2024-05-18T15:09:26.378+0000] {processor.py:183} INFO - Processing /opt/airflow/dags/weekly_assignment.py took 0.141 seconds
[2024-05-18T15:09:42.323+0000] {processor.py:161} INFO - Started process (PID=636) to work on /opt/airflow/dags/weekly_assignment.py
[2024-05-18T15:09:42.325+0000] {processor.py:830} INFO - Processing file /opt/airflow/dags/weekly_assignment.py for tasks to queue
[2024-05-18T15:09:42.328+0000] {logging_mixin.py:188} INFO - [2024-05-18T15:09:42.327+0000] {dagbag.py:545} INFO - Filling up the DagBag from /opt/airflow/dags/weekly_assignment.py
[2024-05-18T15:09:42.425+0000] {processor.py:840} INFO - DAG(s) 'dummyjson_ingestion' retrieved from /opt/airflow/dags/weekly_assignment.py
[2024-05-18T15:09:42.461+0000] {logging_mixin.py:188} INFO - [2024-05-18T15:09:42.461+0000] {dag.py:3096} INFO - Sync 1 DAGs
[2024-05-18T15:09:42.507+0000] {logging_mixin.py:188} INFO - [2024-05-18T15:09:42.507+0000] {dag.py:3954} INFO - Setting next_dagrun for dummyjson_ingestion to None, run_after=None
[2024-05-18T15:09:42.569+0000] {processor.py:183} INFO - Processing /opt/airflow/dags/weekly_assignment.py took 0.255 seconds
[2024-05-18T15:10:12.854+0000] {processor.py:161} INFO - Started process (PID=701) to work on /opt/airflow/dags/weekly_assignment.py
[2024-05-18T15:10:12.856+0000] {processor.py:830} INFO - Processing file /opt/airflow/dags/weekly_assignment.py for tasks to queue
[2024-05-18T15:10:12.861+0000] {logging_mixin.py:188} INFO - [2024-05-18T15:10:12.860+0000] {dagbag.py:545} INFO - Filling up the DagBag from /opt/airflow/dags/weekly_assignment.py
[2024-05-18T15:10:12.903+0000] {processor.py:840} INFO - DAG(s) 'dummyjson_ingestion' retrieved from /opt/airflow/dags/weekly_assignment.py
[2024-05-18T15:10:12.966+0000] {logging_mixin.py:188} INFO - [2024-05-18T15:10:12.966+0000] {dag.py:3096} INFO - Sync 1 DAGs
[2024-05-18T15:10:13.008+0000] {logging_mixin.py:188} INFO - [2024-05-18T15:10:13.008+0000] {dag.py:3954} INFO - Setting next_dagrun for dummyjson_ingestion to None, run_after=None
[2024-05-18T15:10:13.040+0000] {processor.py:183} INFO - Processing /opt/airflow/dags/weekly_assignment.py took 0.207 seconds
[2024-05-18T15:10:43.290+0000] {processor.py:161} INFO - Started process (PID=768) to work on /opt/airflow/dags/weekly_assignment.py
[2024-05-18T15:10:43.292+0000] {processor.py:830} INFO - Processing file /opt/airflow/dags/weekly_assignment.py for tasks to queue
[2024-05-18T15:10:43.294+0000] {logging_mixin.py:188} INFO - [2024-05-18T15:10:43.294+0000] {dagbag.py:545} INFO - Filling up the DagBag from /opt/airflow/dags/weekly_assignment.py
[2024-05-18T15:10:43.313+0000] {processor.py:840} INFO - DAG(s) 'dummyjson_ingestion' retrieved from /opt/airflow/dags/weekly_assignment.py
[2024-05-18T15:10:43.338+0000] {logging_mixin.py:188} INFO - [2024-05-18T15:10:43.338+0000] {dag.py:3096} INFO - Sync 1 DAGs
[2024-05-18T15:10:43.366+0000] {logging_mixin.py:188} INFO - [2024-05-18T15:10:43.366+0000] {dag.py:3954} INFO - Setting next_dagrun for dummyjson_ingestion to None, run_after=None
[2024-05-18T15:10:43.395+0000] {processor.py:183} INFO - Processing /opt/airflow/dags/weekly_assignment.py took 0.117 seconds
[2024-05-18T15:11:13.824+0000] {processor.py:161} INFO - Started process (PID=835) to work on /opt/airflow/dags/weekly_assignment.py
[2024-05-18T15:11:13.826+0000] {processor.py:830} INFO - Processing file /opt/airflow/dags/weekly_assignment.py for tasks to queue
[2024-05-18T15:11:13.829+0000] {logging_mixin.py:188} INFO - [2024-05-18T15:11:13.829+0000] {dagbag.py:545} INFO - Filling up the DagBag from /opt/airflow/dags/weekly_assignment.py
[2024-05-18T15:11:13.854+0000] {processor.py:840} INFO - DAG(s) 'dummyjson_ingestion' retrieved from /opt/airflow/dags/weekly_assignment.py
[2024-05-18T15:11:13.883+0000] {logging_mixin.py:188} INFO - [2024-05-18T15:11:13.883+0000] {dag.py:3096} INFO - Sync 1 DAGs
[2024-05-18T15:11:13.921+0000] {logging_mixin.py:188} INFO - [2024-05-18T15:11:13.921+0000] {dag.py:3954} INFO - Setting next_dagrun for dummyjson_ingestion to None, run_after=None
[2024-05-18T15:11:13.950+0000] {processor.py:183} INFO - Processing /opt/airflow/dags/weekly_assignment.py took 0.139 seconds
[2024-05-18T15:11:44.216+0000] {processor.py:161} INFO - Started process (PID=902) to work on /opt/airflow/dags/weekly_assignment.py
[2024-05-18T15:11:44.220+0000] {processor.py:830} INFO - Processing file /opt/airflow/dags/weekly_assignment.py for tasks to queue
[2024-05-18T15:11:44.224+0000] {logging_mixin.py:188} INFO - [2024-05-18T15:11:44.223+0000] {dagbag.py:545} INFO - Filling up the DagBag from /opt/airflow/dags/weekly_assignment.py
[2024-05-18T15:11:44.255+0000] {processor.py:840} INFO - DAG(s) 'dummyjson_ingestion' retrieved from /opt/airflow/dags/weekly_assignment.py
[2024-05-18T15:11:44.292+0000] {logging_mixin.py:188} INFO - [2024-05-18T15:11:44.292+0000] {dag.py:3096} INFO - Sync 1 DAGs
[2024-05-18T15:11:44.325+0000] {logging_mixin.py:188} INFO - [2024-05-18T15:11:44.324+0000] {dag.py:3954} INFO - Setting next_dagrun for dummyjson_ingestion to None, run_after=None
[2024-05-18T15:11:44.360+0000] {processor.py:183} INFO - Processing /opt/airflow/dags/weekly_assignment.py took 0.159 seconds
[2024-05-18T15:12:14.592+0000] {processor.py:161} INFO - Started process (PID=969) to work on /opt/airflow/dags/weekly_assignment.py
[2024-05-18T15:12:14.594+0000] {processor.py:830} INFO - Processing file /opt/airflow/dags/weekly_assignment.py for tasks to queue
[2024-05-18T15:12:14.598+0000] {logging_mixin.py:188} INFO - [2024-05-18T15:12:14.597+0000] {dagbag.py:545} INFO - Filling up the DagBag from /opt/airflow/dags/weekly_assignment.py
[2024-05-18T15:12:14.626+0000] {processor.py:840} INFO - DAG(s) 'dummyjson_ingestion' retrieved from /opt/airflow/dags/weekly_assignment.py
[2024-05-18T15:12:14.658+0000] {logging_mixin.py:188} INFO - [2024-05-18T15:12:14.658+0000] {dag.py:3096} INFO - Sync 1 DAGs
[2024-05-18T15:12:14.691+0000] {logging_mixin.py:188} INFO - [2024-05-18T15:12:14.691+0000] {dag.py:3954} INFO - Setting next_dagrun for dummyjson_ingestion to None, run_after=None
[2024-05-18T15:12:14.722+0000] {processor.py:183} INFO - Processing /opt/airflow/dags/weekly_assignment.py took 0.140 seconds
[2024-05-18T15:12:44.906+0000] {processor.py:161} INFO - Started process (PID=1036) to work on /opt/airflow/dags/weekly_assignment.py
[2024-05-18T15:12:44.908+0000] {processor.py:830} INFO - Processing file /opt/airflow/dags/weekly_assignment.py for tasks to queue
[2024-05-18T15:12:44.911+0000] {logging_mixin.py:188} INFO - [2024-05-18T15:12:44.910+0000] {dagbag.py:545} INFO - Filling up the DagBag from /opt/airflow/dags/weekly_assignment.py
[2024-05-18T15:12:44.942+0000] {processor.py:840} INFO - DAG(s) 'dummyjson_ingestion' retrieved from /opt/airflow/dags/weekly_assignment.py
[2024-05-18T15:12:44.972+0000] {logging_mixin.py:188} INFO - [2024-05-18T15:12:44.972+0000] {dag.py:3096} INFO - Sync 1 DAGs
[2024-05-18T15:12:45.004+0000] {logging_mixin.py:188} INFO - [2024-05-18T15:12:45.004+0000] {dag.py:3954} INFO - Setting next_dagrun for dummyjson_ingestion to None, run_after=None
[2024-05-18T15:12:45.039+0000] {processor.py:183} INFO - Processing /opt/airflow/dags/weekly_assignment.py took 0.143 seconds
[2024-05-18T15:13:15.758+0000] {processor.py:161} INFO - Started process (PID=1103) to work on /opt/airflow/dags/weekly_assignment.py
[2024-05-18T15:13:15.759+0000] {processor.py:830} INFO - Processing file /opt/airflow/dags/weekly_assignment.py for tasks to queue
[2024-05-18T15:13:15.764+0000] {logging_mixin.py:188} INFO - [2024-05-18T15:13:15.763+0000] {dagbag.py:545} INFO - Filling up the DagBag from /opt/airflow/dags/weekly_assignment.py
[2024-05-18T15:13:15.786+0000] {processor.py:840} INFO - DAG(s) 'dummyjson_ingestion' retrieved from /opt/airflow/dags/weekly_assignment.py
[2024-05-18T15:13:15.819+0000] {logging_mixin.py:188} INFO - [2024-05-18T15:13:15.819+0000] {dag.py:3096} INFO - Sync 1 DAGs
[2024-05-18T15:13:15.854+0000] {logging_mixin.py:188} INFO - [2024-05-18T15:13:15.853+0000] {dag.py:3954} INFO - Setting next_dagrun for dummyjson_ingestion to None, run_after=None
[2024-05-18T15:13:15.884+0000] {processor.py:183} INFO - Processing /opt/airflow/dags/weekly_assignment.py took 0.136 seconds
[2024-05-18T15:13:46.454+0000] {processor.py:161} INFO - Started process (PID=1170) to work on /opt/airflow/dags/weekly_assignment.py
[2024-05-18T15:13:46.456+0000] {processor.py:830} INFO - Processing file /opt/airflow/dags/weekly_assignment.py for tasks to queue
[2024-05-18T15:13:46.458+0000] {logging_mixin.py:188} INFO - [2024-05-18T15:13:46.458+0000] {dagbag.py:545} INFO - Filling up the DagBag from /opt/airflow/dags/weekly_assignment.py
[2024-05-18T15:13:46.495+0000] {processor.py:840} INFO - DAG(s) 'dummyjson_ingestion' retrieved from /opt/airflow/dags/weekly_assignment.py
[2024-05-18T15:13:46.534+0000] {logging_mixin.py:188} INFO - [2024-05-18T15:13:46.533+0000] {dag.py:3096} INFO - Sync 1 DAGs
[2024-05-18T15:13:46.563+0000] {logging_mixin.py:188} INFO - [2024-05-18T15:13:46.563+0000] {dag.py:3954} INFO - Setting next_dagrun for dummyjson_ingestion to None, run_after=None
[2024-05-18T15:13:46.597+0000] {processor.py:183} INFO - Processing /opt/airflow/dags/weekly_assignment.py took 0.152 seconds
[2024-05-18T15:14:16.716+0000] {processor.py:161} INFO - Started process (PID=1237) to work on /opt/airflow/dags/weekly_assignment.py
[2024-05-18T15:14:16.717+0000] {processor.py:830} INFO - Processing file /opt/airflow/dags/weekly_assignment.py for tasks to queue
[2024-05-18T15:14:16.722+0000] {logging_mixin.py:188} INFO - [2024-05-18T15:14:16.721+0000] {dagbag.py:545} INFO - Filling up the DagBag from /opt/airflow/dags/weekly_assignment.py
[2024-05-18T15:14:16.745+0000] {processor.py:840} INFO - DAG(s) 'dummyjson_ingestion' retrieved from /opt/airflow/dags/weekly_assignment.py
[2024-05-18T15:14:16.774+0000] {logging_mixin.py:188} INFO - [2024-05-18T15:14:16.773+0000] {dag.py:3096} INFO - Sync 1 DAGs
[2024-05-18T15:14:16.807+0000] {logging_mixin.py:188} INFO - [2024-05-18T15:14:16.807+0000] {dag.py:3954} INFO - Setting next_dagrun for dummyjson_ingestion to None, run_after=None
[2024-05-18T15:14:16.837+0000] {processor.py:183} INFO - Processing /opt/airflow/dags/weekly_assignment.py took 0.130 seconds
[2024-05-18T15:14:47.795+0000] {processor.py:161} INFO - Started process (PID=1304) to work on /opt/airflow/dags/weekly_assignment.py
[2024-05-18T15:14:47.797+0000] {processor.py:830} INFO - Processing file /opt/airflow/dags/weekly_assignment.py for tasks to queue
[2024-05-18T15:14:47.801+0000] {logging_mixin.py:188} INFO - [2024-05-18T15:14:47.801+0000] {dagbag.py:545} INFO - Filling up the DagBag from /opt/airflow/dags/weekly_assignment.py
[2024-05-18T15:14:47.826+0000] {processor.py:840} INFO - DAG(s) 'dummyjson_ingestion' retrieved from /opt/airflow/dags/weekly_assignment.py
[2024-05-18T15:14:47.853+0000] {logging_mixin.py:188} INFO - [2024-05-18T15:14:47.853+0000] {dag.py:3096} INFO - Sync 1 DAGs
[2024-05-18T15:14:47.883+0000] {logging_mixin.py:188} INFO - [2024-05-18T15:14:47.883+0000] {dag.py:3954} INFO - Setting next_dagrun for dummyjson_ingestion to None, run_after=None
[2024-05-18T15:14:48.089+0000] {processor.py:183} INFO - Processing /opt/airflow/dags/weekly_assignment.py took 0.302 seconds
[2024-05-18T15:15:19.049+0000] {processor.py:161} INFO - Started process (PID=1371) to work on /opt/airflow/dags/weekly_assignment.py
[2024-05-18T15:15:19.051+0000] {processor.py:830} INFO - Processing file /opt/airflow/dags/weekly_assignment.py for tasks to queue
[2024-05-18T15:15:19.054+0000] {logging_mixin.py:188} INFO - [2024-05-18T15:15:19.054+0000] {dagbag.py:545} INFO - Filling up the DagBag from /opt/airflow/dags/weekly_assignment.py
[2024-05-18T15:15:19.085+0000] {processor.py:840} INFO - DAG(s) 'dummyjson_ingestion' retrieved from /opt/airflow/dags/weekly_assignment.py
[2024-05-18T15:15:19.113+0000] {logging_mixin.py:188} INFO - [2024-05-18T15:15:19.113+0000] {dag.py:3096} INFO - Sync 1 DAGs
[2024-05-18T15:15:19.143+0000] {logging_mixin.py:188} INFO - [2024-05-18T15:15:19.143+0000] {dag.py:3954} INFO - Setting next_dagrun for dummyjson_ingestion to None, run_after=None
[2024-05-18T15:15:19.334+0000] {processor.py:183} INFO - Processing /opt/airflow/dags/weekly_assignment.py took 0.294 seconds
[2024-05-18T15:15:50.196+0000] {processor.py:161} INFO - Started process (PID=1438) to work on /opt/airflow/dags/weekly_assignment.py
[2024-05-18T15:15:50.197+0000] {processor.py:830} INFO - Processing file /opt/airflow/dags/weekly_assignment.py for tasks to queue
[2024-05-18T15:15:50.201+0000] {logging_mixin.py:188} INFO - [2024-05-18T15:15:50.200+0000] {dagbag.py:545} INFO - Filling up the DagBag from /opt/airflow/dags/weekly_assignment.py
[2024-05-18T15:15:50.226+0000] {processor.py:840} INFO - DAG(s) 'dummyjson_ingestion' retrieved from /opt/airflow/dags/weekly_assignment.py
[2024-05-18T15:15:50.262+0000] {logging_mixin.py:188} INFO - [2024-05-18T15:15:50.261+0000] {dag.py:3096} INFO - Sync 1 DAGs
[2024-05-18T15:15:50.296+0000] {logging_mixin.py:188} INFO - [2024-05-18T15:15:50.296+0000] {dag.py:3954} INFO - Setting next_dagrun for dummyjson_ingestion to None, run_after=None
[2024-05-18T15:15:50.494+0000] {processor.py:183} INFO - Processing /opt/airflow/dags/weekly_assignment.py took 0.310 seconds
[2024-05-18T15:16:21.541+0000] {processor.py:161} INFO - Started process (PID=1505) to work on /opt/airflow/dags/weekly_assignment.py
[2024-05-18T15:16:21.542+0000] {processor.py:830} INFO - Processing file /opt/airflow/dags/weekly_assignment.py for tasks to queue
[2024-05-18T15:16:21.545+0000] {logging_mixin.py:188} INFO - [2024-05-18T15:16:21.545+0000] {dagbag.py:545} INFO - Filling up the DagBag from /opt/airflow/dags/weekly_assignment.py
[2024-05-18T15:16:21.579+0000] {processor.py:840} INFO - DAG(s) 'dummyjson_ingestion' retrieved from /opt/airflow/dags/weekly_assignment.py
[2024-05-18T15:16:21.611+0000] {logging_mixin.py:188} INFO - [2024-05-18T15:16:21.610+0000] {dag.py:3096} INFO - Sync 1 DAGs
[2024-05-18T15:16:21.645+0000] {logging_mixin.py:188} INFO - [2024-05-18T15:16:21.645+0000] {dag.py:3954} INFO - Setting next_dagrun for dummyjson_ingestion to None, run_after=None
[2024-05-18T15:16:21.687+0000] {processor.py:183} INFO - Processing /opt/airflow/dags/weekly_assignment.py took 0.154 seconds
[2024-05-18T15:16:52.688+0000] {processor.py:161} INFO - Started process (PID=1573) to work on /opt/airflow/dags/weekly_assignment.py
[2024-05-18T15:16:52.690+0000] {processor.py:830} INFO - Processing file /opt/airflow/dags/weekly_assignment.py for tasks to queue
[2024-05-18T15:16:52.694+0000] {logging_mixin.py:188} INFO - [2024-05-18T15:16:52.694+0000] {dagbag.py:545} INFO - Filling up the DagBag from /opt/airflow/dags/weekly_assignment.py
[2024-05-18T15:16:52.723+0000] {processor.py:840} INFO - DAG(s) 'dummyjson_ingestion' retrieved from /opt/airflow/dags/weekly_assignment.py
[2024-05-18T15:16:52.757+0000] {logging_mixin.py:188} INFO - [2024-05-18T15:16:52.756+0000] {dag.py:3096} INFO - Sync 1 DAGs
[2024-05-18T15:16:52.807+0000] {logging_mixin.py:188} INFO - [2024-05-18T15:16:52.807+0000] {dag.py:3954} INFO - Setting next_dagrun for dummyjson_ingestion to None, run_after=None
[2024-05-18T15:16:52.845+0000] {processor.py:183} INFO - Processing /opt/airflow/dags/weekly_assignment.py took 0.173 seconds
[2024-05-18T15:17:22.976+0000] {processor.py:161} INFO - Started process (PID=1640) to work on /opt/airflow/dags/weekly_assignment.py
[2024-05-18T15:17:22.978+0000] {processor.py:830} INFO - Processing file /opt/airflow/dags/weekly_assignment.py for tasks to queue
[2024-05-18T15:17:22.981+0000] {logging_mixin.py:188} INFO - [2024-05-18T15:17:22.981+0000] {dagbag.py:545} INFO - Filling up the DagBag from /opt/airflow/dags/weekly_assignment.py
[2024-05-18T15:17:23.008+0000] {processor.py:840} INFO - DAG(s) 'dummyjson_ingestion' retrieved from /opt/airflow/dags/weekly_assignment.py
[2024-05-18T15:17:23.041+0000] {logging_mixin.py:188} INFO - [2024-05-18T15:17:23.040+0000] {dag.py:3096} INFO - Sync 1 DAGs
[2024-05-18T15:17:23.079+0000] {logging_mixin.py:188} INFO - [2024-05-18T15:17:23.079+0000] {dag.py:3954} INFO - Setting next_dagrun for dummyjson_ingestion to None, run_after=None
[2024-05-18T15:17:23.109+0000] {processor.py:183} INFO - Processing /opt/airflow/dags/weekly_assignment.py took 0.147 seconds
[2024-05-18T15:17:53.380+0000] {processor.py:161} INFO - Started process (PID=1707) to work on /opt/airflow/dags/weekly_assignment.py
[2024-05-18T15:17:53.383+0000] {processor.py:830} INFO - Processing file /opt/airflow/dags/weekly_assignment.py for tasks to queue
[2024-05-18T15:17:53.392+0000] {logging_mixin.py:188} INFO - [2024-05-18T15:17:53.389+0000] {dagbag.py:545} INFO - Filling up the DagBag from /opt/airflow/dags/weekly_assignment.py
[2024-05-18T15:17:53.433+0000] {processor.py:840} INFO - DAG(s) 'dummyjson_ingestion' retrieved from /opt/airflow/dags/weekly_assignment.py
[2024-05-18T15:17:53.540+0000] {logging_mixin.py:188} INFO - [2024-05-18T15:17:53.538+0000] {dag.py:3096} INFO - Sync 1 DAGs
[2024-05-18T15:17:53.621+0000] {logging_mixin.py:188} INFO - [2024-05-18T15:17:53.620+0000] {dag.py:3954} INFO - Setting next_dagrun for dummyjson_ingestion to None, run_after=None
[2024-05-18T15:17:53.680+0000] {processor.py:183} INFO - Processing /opt/airflow/dags/weekly_assignment.py took 0.319 seconds
[2024-05-18T15:18:24.323+0000] {processor.py:161} INFO - Started process (PID=1774) to work on /opt/airflow/dags/weekly_assignment.py
[2024-05-18T15:18:24.324+0000] {processor.py:830} INFO - Processing file /opt/airflow/dags/weekly_assignment.py for tasks to queue
[2024-05-18T15:18:24.327+0000] {logging_mixin.py:188} INFO - [2024-05-18T15:18:24.327+0000] {dagbag.py:545} INFO - Filling up the DagBag from /opt/airflow/dags/weekly_assignment.py
[2024-05-18T15:18:24.351+0000] {processor.py:840} INFO - DAG(s) 'dummyjson_ingestion' retrieved from /opt/airflow/dags/weekly_assignment.py
[2024-05-18T15:18:24.377+0000] {logging_mixin.py:188} INFO - [2024-05-18T15:18:24.377+0000] {dag.py:3096} INFO - Sync 1 DAGs
[2024-05-18T15:18:24.409+0000] {logging_mixin.py:188} INFO - [2024-05-18T15:18:24.408+0000] {dag.py:3954} INFO - Setting next_dagrun for dummyjson_ingestion to None, run_after=None
[2024-05-18T15:18:24.437+0000] {processor.py:183} INFO - Processing /opt/airflow/dags/weekly_assignment.py took 0.123 seconds
[2024-05-18T15:18:54.599+0000] {processor.py:161} INFO - Started process (PID=1841) to work on /opt/airflow/dags/weekly_assignment.py
[2024-05-18T15:18:54.601+0000] {processor.py:830} INFO - Processing file /opt/airflow/dags/weekly_assignment.py for tasks to queue
[2024-05-18T15:18:54.606+0000] {logging_mixin.py:188} INFO - [2024-05-18T15:18:54.605+0000] {dagbag.py:545} INFO - Filling up the DagBag from /opt/airflow/dags/weekly_assignment.py
[2024-05-18T15:18:54.634+0000] {processor.py:840} INFO - DAG(s) 'dummyjson_ingestion' retrieved from /opt/airflow/dags/weekly_assignment.py
[2024-05-18T15:18:54.666+0000] {logging_mixin.py:188} INFO - [2024-05-18T15:18:54.666+0000] {dag.py:3096} INFO - Sync 1 DAGs
[2024-05-18T15:18:54.706+0000] {logging_mixin.py:188} INFO - [2024-05-18T15:18:54.706+0000] {dag.py:3954} INFO - Setting next_dagrun for dummyjson_ingestion to None, run_after=None
[2024-05-18T15:18:54.745+0000] {processor.py:183} INFO - Processing /opt/airflow/dags/weekly_assignment.py took 0.158 seconds
[2024-05-18T15:19:25.142+0000] {processor.py:161} INFO - Started process (PID=1908) to work on /opt/airflow/dags/weekly_assignment.py
[2024-05-18T15:19:25.144+0000] {processor.py:830} INFO - Processing file /opt/airflow/dags/weekly_assignment.py for tasks to queue
[2024-05-18T15:19:25.147+0000] {logging_mixin.py:188} INFO - [2024-05-18T15:19:25.147+0000] {dagbag.py:545} INFO - Filling up the DagBag from /opt/airflow/dags/weekly_assignment.py
[2024-05-18T15:19:25.177+0000] {processor.py:840} INFO - DAG(s) 'dummyjson_ingestion' retrieved from /opt/airflow/dags/weekly_assignment.py
[2024-05-18T15:19:25.205+0000] {logging_mixin.py:188} INFO - [2024-05-18T15:19:25.204+0000] {dag.py:3096} INFO - Sync 1 DAGs
[2024-05-18T15:19:25.235+0000] {logging_mixin.py:188} INFO - [2024-05-18T15:19:25.235+0000] {dag.py:3954} INFO - Setting next_dagrun for dummyjson_ingestion to None, run_after=None
[2024-05-18T15:19:25.267+0000] {processor.py:183} INFO - Processing /opt/airflow/dags/weekly_assignment.py took 0.136 seconds
[2024-05-18T15:19:55.581+0000] {processor.py:161} INFO - Started process (PID=1975) to work on /opt/airflow/dags/weekly_assignment.py
[2024-05-18T15:19:55.583+0000] {processor.py:830} INFO - Processing file /opt/airflow/dags/weekly_assignment.py for tasks to queue
[2024-05-18T15:19:55.586+0000] {logging_mixin.py:188} INFO - [2024-05-18T15:19:55.586+0000] {dagbag.py:545} INFO - Filling up the DagBag from /opt/airflow/dags/weekly_assignment.py
[2024-05-18T15:19:55.613+0000] {processor.py:840} INFO - DAG(s) 'dummyjson_ingestion' retrieved from /opt/airflow/dags/weekly_assignment.py
[2024-05-18T15:19:55.641+0000] {logging_mixin.py:188} INFO - [2024-05-18T15:19:55.641+0000] {dag.py:3096} INFO - Sync 1 DAGs
[2024-05-18T15:19:55.674+0000] {logging_mixin.py:188} INFO - [2024-05-18T15:19:55.673+0000] {dag.py:3954} INFO - Setting next_dagrun for dummyjson_ingestion to None, run_after=None
[2024-05-18T15:19:55.717+0000] {processor.py:183} INFO - Processing /opt/airflow/dags/weekly_assignment.py took 0.146 seconds
[2024-05-18T15:20:26.485+0000] {processor.py:161} INFO - Started process (PID=2042) to work on /opt/airflow/dags/weekly_assignment.py
[2024-05-18T15:20:26.487+0000] {processor.py:830} INFO - Processing file /opt/airflow/dags/weekly_assignment.py for tasks to queue
[2024-05-18T15:20:26.491+0000] {logging_mixin.py:188} INFO - [2024-05-18T15:20:26.490+0000] {dagbag.py:545} INFO - Filling up the DagBag from /opt/airflow/dags/weekly_assignment.py
[2024-05-18T15:20:26.517+0000] {processor.py:840} INFO - DAG(s) 'dummyjson_ingestion' retrieved from /opt/airflow/dags/weekly_assignment.py
[2024-05-18T15:20:26.545+0000] {logging_mixin.py:188} INFO - [2024-05-18T15:20:26.545+0000] {dag.py:3096} INFO - Sync 1 DAGs
[2024-05-18T15:20:26.578+0000] {logging_mixin.py:188} INFO - [2024-05-18T15:20:26.578+0000] {dag.py:3954} INFO - Setting next_dagrun for dummyjson_ingestion to None, run_after=None
[2024-05-18T15:20:26.613+0000] {processor.py:183} INFO - Processing /opt/airflow/dags/weekly_assignment.py took 0.140 seconds
[2024-05-18T15:20:56.809+0000] {processor.py:161} INFO - Started process (PID=2109) to work on /opt/airflow/dags/weekly_assignment.py
[2024-05-18T15:20:56.811+0000] {processor.py:830} INFO - Processing file /opt/airflow/dags/weekly_assignment.py for tasks to queue
[2024-05-18T15:20:56.815+0000] {logging_mixin.py:188} INFO - [2024-05-18T15:20:56.815+0000] {dagbag.py:545} INFO - Filling up the DagBag from /opt/airflow/dags/weekly_assignment.py
[2024-05-18T15:20:56.844+0000] {processor.py:840} INFO - DAG(s) 'dummyjson_ingestion' retrieved from /opt/airflow/dags/weekly_assignment.py
[2024-05-18T15:20:56.884+0000] {logging_mixin.py:188} INFO - [2024-05-18T15:20:56.884+0000] {dag.py:3096} INFO - Sync 1 DAGs
[2024-05-18T15:20:56.924+0000] {logging_mixin.py:188} INFO - [2024-05-18T15:20:56.923+0000] {dag.py:3954} INFO - Setting next_dagrun for dummyjson_ingestion to None, run_after=None
[2024-05-18T15:20:56.953+0000] {processor.py:183} INFO - Processing /opt/airflow/dags/weekly_assignment.py took 0.173 seconds
[2024-05-18T15:21:27.894+0000] {processor.py:161} INFO - Started process (PID=2176) to work on /opt/airflow/dags/weekly_assignment.py
[2024-05-18T15:21:27.896+0000] {processor.py:830} INFO - Processing file /opt/airflow/dags/weekly_assignment.py for tasks to queue
[2024-05-18T15:21:27.899+0000] {logging_mixin.py:188} INFO - [2024-05-18T15:21:27.899+0000] {dagbag.py:545} INFO - Filling up the DagBag from /opt/airflow/dags/weekly_assignment.py
[2024-05-18T15:21:27.927+0000] {processor.py:840} INFO - DAG(s) 'dummyjson_ingestion' retrieved from /opt/airflow/dags/weekly_assignment.py
[2024-05-18T15:21:27.960+0000] {logging_mixin.py:188} INFO - [2024-05-18T15:21:27.960+0000] {dag.py:3096} INFO - Sync 1 DAGs
[2024-05-18T15:21:27.998+0000] {logging_mixin.py:188} INFO - [2024-05-18T15:21:27.998+0000] {dag.py:3954} INFO - Setting next_dagrun for dummyjson_ingestion to None, run_after=None
[2024-05-18T15:21:28.032+0000] {processor.py:183} INFO - Processing /opt/airflow/dags/weekly_assignment.py took 0.146 seconds
[2024-05-18T15:21:58.706+0000] {processor.py:161} INFO - Started process (PID=2243) to work on /opt/airflow/dags/weekly_assignment.py
[2024-05-18T15:21:58.707+0000] {processor.py:830} INFO - Processing file /opt/airflow/dags/weekly_assignment.py for tasks to queue
[2024-05-18T15:21:58.710+0000] {logging_mixin.py:188} INFO - [2024-05-18T15:21:58.709+0000] {dagbag.py:545} INFO - Filling up the DagBag from /opt/airflow/dags/weekly_assignment.py
[2024-05-18T15:21:58.747+0000] {processor.py:840} INFO - DAG(s) 'dummyjson_ingestion' retrieved from /opt/airflow/dags/weekly_assignment.py
[2024-05-18T15:21:58.778+0000] {logging_mixin.py:188} INFO - [2024-05-18T15:21:58.778+0000] {dag.py:3096} INFO - Sync 1 DAGs
[2024-05-18T15:21:58.808+0000] {logging_mixin.py:188} INFO - [2024-05-18T15:21:58.808+0000] {dag.py:3954} INFO - Setting next_dagrun for dummyjson_ingestion to None, run_after=None
[2024-05-18T15:21:58.836+0000] {processor.py:183} INFO - Processing /opt/airflow/dags/weekly_assignment.py took 0.140 seconds
[2024-05-18T15:22:29.242+0000] {processor.py:161} INFO - Started process (PID=2310) to work on /opt/airflow/dags/weekly_assignment.py
[2024-05-18T15:22:29.243+0000] {processor.py:830} INFO - Processing file /opt/airflow/dags/weekly_assignment.py for tasks to queue
[2024-05-18T15:22:29.249+0000] {logging_mixin.py:188} INFO - [2024-05-18T15:22:29.248+0000] {dagbag.py:545} INFO - Filling up the DagBag from /opt/airflow/dags/weekly_assignment.py
[2024-05-18T15:22:29.276+0000] {processor.py:840} INFO - DAG(s) 'dummyjson_ingestion' retrieved from /opt/airflow/dags/weekly_assignment.py
[2024-05-18T15:22:29.308+0000] {logging_mixin.py:188} INFO - [2024-05-18T15:22:29.308+0000] {dag.py:3096} INFO - Sync 1 DAGs
[2024-05-18T15:22:29.339+0000] {logging_mixin.py:188} INFO - [2024-05-18T15:22:29.338+0000] {dag.py:3954} INFO - Setting next_dagrun for dummyjson_ingestion to None, run_after=None
[2024-05-18T15:22:29.366+0000] {processor.py:183} INFO - Processing /opt/airflow/dags/weekly_assignment.py took 0.132 seconds
[2024-05-18T15:22:59.850+0000] {processor.py:161} INFO - Started process (PID=2377) to work on /opt/airflow/dags/weekly_assignment.py
[2024-05-18T15:22:59.851+0000] {processor.py:830} INFO - Processing file /opt/airflow/dags/weekly_assignment.py for tasks to queue
[2024-05-18T15:22:59.855+0000] {logging_mixin.py:188} INFO - [2024-05-18T15:22:59.854+0000] {dagbag.py:545} INFO - Filling up the DagBag from /opt/airflow/dags/weekly_assignment.py
[2024-05-18T15:22:59.881+0000] {processor.py:840} INFO - DAG(s) 'dummyjson_ingestion' retrieved from /opt/airflow/dags/weekly_assignment.py
[2024-05-18T15:22:59.909+0000] {logging_mixin.py:188} INFO - [2024-05-18T15:22:59.908+0000] {dag.py:3096} INFO - Sync 1 DAGs
[2024-05-18T15:22:59.937+0000] {logging_mixin.py:188} INFO - [2024-05-18T15:22:59.937+0000] {dag.py:3954} INFO - Setting next_dagrun for dummyjson_ingestion to None, run_after=None
[2024-05-18T15:22:59.964+0000] {processor.py:183} INFO - Processing /opt/airflow/dags/weekly_assignment.py took 0.124 seconds
[2024-05-18T15:23:30.415+0000] {processor.py:161} INFO - Started process (PID=2444) to work on /opt/airflow/dags/weekly_assignment.py
[2024-05-18T15:23:30.416+0000] {processor.py:830} INFO - Processing file /opt/airflow/dags/weekly_assignment.py for tasks to queue
[2024-05-18T15:23:30.420+0000] {logging_mixin.py:188} INFO - [2024-05-18T15:23:30.419+0000] {dagbag.py:545} INFO - Filling up the DagBag from /opt/airflow/dags/weekly_assignment.py
[2024-05-18T15:23:30.447+0000] {processor.py:840} INFO - DAG(s) 'dummyjson_ingestion' retrieved from /opt/airflow/dags/weekly_assignment.py
[2024-05-18T15:23:30.491+0000] {logging_mixin.py:188} INFO - [2024-05-18T15:23:30.491+0000] {dag.py:3096} INFO - Sync 1 DAGs
[2024-05-18T15:23:30.548+0000] {logging_mixin.py:188} INFO - [2024-05-18T15:23:30.548+0000] {dag.py:3954} INFO - Setting next_dagrun for dummyjson_ingestion to None, run_after=None
[2024-05-18T15:23:30.578+0000] {processor.py:183} INFO - Processing /opt/airflow/dags/weekly_assignment.py took 0.176 seconds
[2024-05-18T15:24:01.307+0000] {processor.py:161} INFO - Started process (PID=2511) to work on /opt/airflow/dags/weekly_assignment.py
[2024-05-18T15:24:01.308+0000] {processor.py:830} INFO - Processing file /opt/airflow/dags/weekly_assignment.py for tasks to queue
[2024-05-18T15:24:01.311+0000] {logging_mixin.py:188} INFO - [2024-05-18T15:24:01.311+0000] {dagbag.py:545} INFO - Filling up the DagBag from /opt/airflow/dags/weekly_assignment.py
[2024-05-18T15:24:01.336+0000] {processor.py:840} INFO - DAG(s) 'dummyjson_ingestion' retrieved from /opt/airflow/dags/weekly_assignment.py
[2024-05-18T15:24:01.363+0000] {logging_mixin.py:188} INFO - [2024-05-18T15:24:01.362+0000] {dag.py:3096} INFO - Sync 1 DAGs
[2024-05-18T15:24:01.392+0000] {logging_mixin.py:188} INFO - [2024-05-18T15:24:01.392+0000] {dag.py:3954} INFO - Setting next_dagrun for dummyjson_ingestion to None, run_after=None
[2024-05-18T15:24:01.419+0000] {processor.py:183} INFO - Processing /opt/airflow/dags/weekly_assignment.py took 0.121 seconds
[2024-05-18T15:24:31.996+0000] {processor.py:161} INFO - Started process (PID=2578) to work on /opt/airflow/dags/weekly_assignment.py
[2024-05-18T15:24:31.998+0000] {processor.py:830} INFO - Processing file /opt/airflow/dags/weekly_assignment.py for tasks to queue
[2024-05-18T15:24:32.000+0000] {logging_mixin.py:188} INFO - [2024-05-18T15:24:32.000+0000] {dagbag.py:545} INFO - Filling up the DagBag from /opt/airflow/dags/weekly_assignment.py
[2024-05-18T15:24:32.028+0000] {processor.py:840} INFO - DAG(s) 'dummyjson_ingestion' retrieved from /opt/airflow/dags/weekly_assignment.py
[2024-05-18T15:24:32.056+0000] {logging_mixin.py:188} INFO - [2024-05-18T15:24:32.056+0000] {dag.py:3096} INFO - Sync 1 DAGs
[2024-05-18T15:24:32.088+0000] {logging_mixin.py:188} INFO - [2024-05-18T15:24:32.088+0000] {dag.py:3954} INFO - Setting next_dagrun for dummyjson_ingestion to None, run_after=None
[2024-05-18T15:24:32.117+0000] {processor.py:183} INFO - Processing /opt/airflow/dags/weekly_assignment.py took 0.129 seconds
[2024-05-18T15:25:03.061+0000] {processor.py:161} INFO - Started process (PID=2651) to work on /opt/airflow/dags/weekly_assignment.py
[2024-05-18T15:25:03.063+0000] {processor.py:830} INFO - Processing file /opt/airflow/dags/weekly_assignment.py for tasks to queue
[2024-05-18T15:25:03.065+0000] {logging_mixin.py:188} INFO - [2024-05-18T15:25:03.065+0000] {dagbag.py:545} INFO - Filling up the DagBag from /opt/airflow/dags/weekly_assignment.py
[2024-05-18T15:25:03.089+0000] {processor.py:840} INFO - DAG(s) 'dummyjson_ingestion' retrieved from /opt/airflow/dags/weekly_assignment.py
[2024-05-18T15:25:03.119+0000] {logging_mixin.py:188} INFO - [2024-05-18T15:25:03.119+0000] {dag.py:3096} INFO - Sync 1 DAGs
[2024-05-18T15:25:03.157+0000] {logging_mixin.py:188} INFO - [2024-05-18T15:25:03.157+0000] {dag.py:3954} INFO - Setting next_dagrun for dummyjson_ingestion to None, run_after=None
[2024-05-18T15:25:03.192+0000] {processor.py:183} INFO - Processing /opt/airflow/dags/weekly_assignment.py took 0.140 seconds
[2024-05-18T15:25:33.399+0000] {processor.py:161} INFO - Started process (PID=2718) to work on /opt/airflow/dags/weekly_assignment.py
[2024-05-18T15:25:33.401+0000] {processor.py:830} INFO - Processing file /opt/airflow/dags/weekly_assignment.py for tasks to queue
[2024-05-18T15:25:33.406+0000] {logging_mixin.py:188} INFO - [2024-05-18T15:25:33.405+0000] {dagbag.py:545} INFO - Filling up the DagBag from /opt/airflow/dags/weekly_assignment.py
[2024-05-18T15:25:33.432+0000] {processor.py:840} INFO - DAG(s) 'dummyjson_ingestion' retrieved from /opt/airflow/dags/weekly_assignment.py
[2024-05-18T15:25:33.464+0000] {logging_mixin.py:188} INFO - [2024-05-18T15:25:33.463+0000] {dag.py:3096} INFO - Sync 1 DAGs
[2024-05-18T15:25:33.498+0000] {logging_mixin.py:188} INFO - [2024-05-18T15:25:33.498+0000] {dag.py:3954} INFO - Setting next_dagrun for dummyjson_ingestion to None, run_after=None
[2024-05-18T15:25:33.532+0000] {processor.py:183} INFO - Processing /opt/airflow/dags/weekly_assignment.py took 0.147 seconds
[2024-05-18T15:26:03.723+0000] {processor.py:161} INFO - Started process (PID=2785) to work on /opt/airflow/dags/weekly_assignment.py
[2024-05-18T15:26:03.724+0000] {processor.py:830} INFO - Processing file /opt/airflow/dags/weekly_assignment.py for tasks to queue
[2024-05-18T15:26:03.727+0000] {logging_mixin.py:188} INFO - [2024-05-18T15:26:03.726+0000] {dagbag.py:545} INFO - Filling up the DagBag from /opt/airflow/dags/weekly_assignment.py
[2024-05-18T15:26:03.749+0000] {processor.py:840} INFO - DAG(s) 'dummyjson_ingestion' retrieved from /opt/airflow/dags/weekly_assignment.py
[2024-05-18T15:26:03.781+0000] {logging_mixin.py:188} INFO - [2024-05-18T15:26:03.781+0000] {dag.py:3096} INFO - Sync 1 DAGs
[2024-05-18T15:26:03.816+0000] {logging_mixin.py:188} INFO - [2024-05-18T15:26:03.816+0000] {dag.py:3954} INFO - Setting next_dagrun for dummyjson_ingestion to None, run_after=None
[2024-05-18T15:26:03.847+0000] {processor.py:183} INFO - Processing /opt/airflow/dags/weekly_assignment.py took 0.136 seconds
[2024-05-18T15:26:34.455+0000] {processor.py:161} INFO - Started process (PID=2852) to work on /opt/airflow/dags/weekly_assignment.py
[2024-05-18T15:26:34.456+0000] {processor.py:830} INFO - Processing file /opt/airflow/dags/weekly_assignment.py for tasks to queue
[2024-05-18T15:26:34.459+0000] {logging_mixin.py:188} INFO - [2024-05-18T15:26:34.458+0000] {dagbag.py:545} INFO - Filling up the DagBag from /opt/airflow/dags/weekly_assignment.py
[2024-05-18T15:26:34.486+0000] {processor.py:840} INFO - DAG(s) 'dummyjson_ingestion' retrieved from /opt/airflow/dags/weekly_assignment.py
[2024-05-18T15:26:34.513+0000] {logging_mixin.py:188} INFO - [2024-05-18T15:26:34.513+0000] {dag.py:3096} INFO - Sync 1 DAGs
[2024-05-18T15:26:34.542+0000] {logging_mixin.py:188} INFO - [2024-05-18T15:26:34.542+0000] {dag.py:3954} INFO - Setting next_dagrun for dummyjson_ingestion to None, run_after=None
[2024-05-18T15:26:34.572+0000] {processor.py:183} INFO - Processing /opt/airflow/dags/weekly_assignment.py took 0.126 seconds
[2024-05-18T15:27:05.325+0000] {processor.py:161} INFO - Started process (PID=2919) to work on /opt/airflow/dags/weekly_assignment.py
[2024-05-18T15:27:05.327+0000] {processor.py:830} INFO - Processing file /opt/airflow/dags/weekly_assignment.py for tasks to queue
[2024-05-18T15:27:05.329+0000] {logging_mixin.py:188} INFO - [2024-05-18T15:27:05.329+0000] {dagbag.py:545} INFO - Filling up the DagBag from /opt/airflow/dags/weekly_assignment.py
[2024-05-18T15:27:05.351+0000] {processor.py:840} INFO - DAG(s) 'dummyjson_ingestion' retrieved from /opt/airflow/dags/weekly_assignment.py
[2024-05-18T15:27:05.381+0000] {logging_mixin.py:188} INFO - [2024-05-18T15:27:05.381+0000] {dag.py:3096} INFO - Sync 1 DAGs
[2024-05-18T15:27:05.411+0000] {logging_mixin.py:188} INFO - [2024-05-18T15:27:05.411+0000] {dag.py:3954} INFO - Setting next_dagrun for dummyjson_ingestion to None, run_after=None
[2024-05-18T15:27:05.441+0000] {processor.py:183} INFO - Processing /opt/airflow/dags/weekly_assignment.py took 0.124 seconds
[2024-05-18T15:27:36.093+0000] {processor.py:161} INFO - Started process (PID=2986) to work on /opt/airflow/dags/weekly_assignment.py
[2024-05-18T15:27:36.094+0000] {processor.py:830} INFO - Processing file /opt/airflow/dags/weekly_assignment.py for tasks to queue
[2024-05-18T15:27:36.097+0000] {logging_mixin.py:188} INFO - [2024-05-18T15:27:36.096+0000] {dagbag.py:545} INFO - Filling up the DagBag from /opt/airflow/dags/weekly_assignment.py
[2024-05-18T15:27:36.119+0000] {processor.py:840} INFO - DAG(s) 'dummyjson_ingestion' retrieved from /opt/airflow/dags/weekly_assignment.py
[2024-05-18T15:27:36.146+0000] {logging_mixin.py:188} INFO - [2024-05-18T15:27:36.146+0000] {dag.py:3096} INFO - Sync 1 DAGs
[2024-05-18T15:27:36.175+0000] {logging_mixin.py:188} INFO - [2024-05-18T15:27:36.175+0000] {dag.py:3954} INFO - Setting next_dagrun for dummyjson_ingestion to None, run_after=None
[2024-05-18T15:27:36.204+0000] {processor.py:183} INFO - Processing /opt/airflow/dags/weekly_assignment.py took 0.119 seconds
[2024-05-18T15:28:06.936+0000] {processor.py:161} INFO - Started process (PID=3053) to work on /opt/airflow/dags/weekly_assignment.py
[2024-05-18T15:28:06.937+0000] {processor.py:830} INFO - Processing file /opt/airflow/dags/weekly_assignment.py for tasks to queue
[2024-05-18T15:28:06.940+0000] {logging_mixin.py:188} INFO - [2024-05-18T15:28:06.940+0000] {dagbag.py:545} INFO - Filling up the DagBag from /opt/airflow/dags/weekly_assignment.py
[2024-05-18T15:28:06.969+0000] {processor.py:840} INFO - DAG(s) 'dummyjson_ingestion' retrieved from /opt/airflow/dags/weekly_assignment.py
[2024-05-18T15:28:07.001+0000] {logging_mixin.py:188} INFO - [2024-05-18T15:28:07.000+0000] {dag.py:3096} INFO - Sync 1 DAGs
[2024-05-18T15:28:07.035+0000] {logging_mixin.py:188} INFO - [2024-05-18T15:28:07.035+0000] {dag.py:3954} INFO - Setting next_dagrun for dummyjson_ingestion to None, run_after=None
[2024-05-18T15:28:07.069+0000] {processor.py:183} INFO - Processing /opt/airflow/dags/weekly_assignment.py took 0.142 seconds
[2024-05-18T15:28:37.683+0000] {processor.py:161} INFO - Started process (PID=3121) to work on /opt/airflow/dags/weekly_assignment.py
[2024-05-18T15:28:37.685+0000] {processor.py:830} INFO - Processing file /opt/airflow/dags/weekly_assignment.py for tasks to queue
[2024-05-18T15:28:37.690+0000] {logging_mixin.py:188} INFO - [2024-05-18T15:28:37.689+0000] {dagbag.py:545} INFO - Filling up the DagBag from /opt/airflow/dags/weekly_assignment.py
[2024-05-18T15:28:37.715+0000] {processor.py:840} INFO - DAG(s) 'dummyjson_ingestion' retrieved from /opt/airflow/dags/weekly_assignment.py
[2024-05-18T15:28:37.749+0000] {logging_mixin.py:188} INFO - [2024-05-18T15:28:37.748+0000] {dag.py:3096} INFO - Sync 1 DAGs
[2024-05-18T15:28:37.781+0000] {logging_mixin.py:188} INFO - [2024-05-18T15:28:37.781+0000] {dag.py:3954} INFO - Setting next_dagrun for dummyjson_ingestion to None, run_after=None
[2024-05-18T15:28:37.809+0000] {processor.py:183} INFO - Processing /opt/airflow/dags/weekly_assignment.py took 0.137 seconds
[2024-05-18T15:29:08.167+0000] {processor.py:161} INFO - Started process (PID=3188) to work on /opt/airflow/dags/weekly_assignment.py
[2024-05-18T15:29:08.169+0000] {processor.py:830} INFO - Processing file /opt/airflow/dags/weekly_assignment.py for tasks to queue
[2024-05-18T15:29:08.172+0000] {logging_mixin.py:188} INFO - [2024-05-18T15:29:08.172+0000] {dagbag.py:545} INFO - Filling up the DagBag from /opt/airflow/dags/weekly_assignment.py
[2024-05-18T15:29:08.202+0000] {processor.py:840} INFO - DAG(s) 'dummyjson_ingestion' retrieved from /opt/airflow/dags/weekly_assignment.py
[2024-05-18T15:29:08.232+0000] {logging_mixin.py:188} INFO - [2024-05-18T15:29:08.231+0000] {dag.py:3096} INFO - Sync 1 DAGs
[2024-05-18T15:29:08.273+0000] {logging_mixin.py:188} INFO - [2024-05-18T15:29:08.272+0000] {dag.py:3954} INFO - Setting next_dagrun for dummyjson_ingestion to None, run_after=None
[2024-05-18T15:29:08.305+0000] {processor.py:183} INFO - Processing /opt/airflow/dags/weekly_assignment.py took 0.150 seconds
[2024-05-18T15:29:39.103+0000] {processor.py:161} INFO - Started process (PID=3255) to work on /opt/airflow/dags/weekly_assignment.py
[2024-05-18T15:29:39.104+0000] {processor.py:830} INFO - Processing file /opt/airflow/dags/weekly_assignment.py for tasks to queue
[2024-05-18T15:29:39.108+0000] {logging_mixin.py:188} INFO - [2024-05-18T15:29:39.107+0000] {dagbag.py:545} INFO - Filling up the DagBag from /opt/airflow/dags/weekly_assignment.py
[2024-05-18T15:29:39.133+0000] {processor.py:840} INFO - DAG(s) 'dummyjson_ingestion' retrieved from /opt/airflow/dags/weekly_assignment.py
[2024-05-18T15:29:39.171+0000] {logging_mixin.py:188} INFO - [2024-05-18T15:29:39.170+0000] {dag.py:3096} INFO - Sync 1 DAGs
[2024-05-18T15:29:39.215+0000] {logging_mixin.py:188} INFO - [2024-05-18T15:29:39.214+0000] {dag.py:3954} INFO - Setting next_dagrun for dummyjson_ingestion to None, run_after=None
[2024-05-18T15:29:39.251+0000] {processor.py:183} INFO - Processing /opt/airflow/dags/weekly_assignment.py took 0.159 seconds
[2024-05-18T15:30:09.684+0000] {processor.py:161} INFO - Started process (PID=3322) to work on /opt/airflow/dags/weekly_assignment.py
[2024-05-18T15:30:09.686+0000] {processor.py:830} INFO - Processing file /opt/airflow/dags/weekly_assignment.py for tasks to queue
[2024-05-18T15:30:09.689+0000] {logging_mixin.py:188} INFO - [2024-05-18T15:30:09.688+0000] {dagbag.py:545} INFO - Filling up the DagBag from /opt/airflow/dags/weekly_assignment.py
[2024-05-18T15:30:09.718+0000] {processor.py:840} INFO - DAG(s) 'dummyjson_ingestion' retrieved from /opt/airflow/dags/weekly_assignment.py
[2024-05-18T15:30:09.750+0000] {logging_mixin.py:188} INFO - [2024-05-18T15:30:09.749+0000] {dag.py:3096} INFO - Sync 1 DAGs
[2024-05-18T15:30:09.786+0000] {logging_mixin.py:188} INFO - [2024-05-18T15:30:09.786+0000] {dag.py:3954} INFO - Setting next_dagrun for dummyjson_ingestion to None, run_after=None
[2024-05-18T15:30:09.820+0000] {processor.py:183} INFO - Processing /opt/airflow/dags/weekly_assignment.py took 0.144 seconds
[2024-05-18T15:30:40.763+0000] {processor.py:161} INFO - Started process (PID=3389) to work on /opt/airflow/dags/weekly_assignment.py
[2024-05-18T15:30:40.764+0000] {processor.py:830} INFO - Processing file /opt/airflow/dags/weekly_assignment.py for tasks to queue
[2024-05-18T15:30:40.768+0000] {logging_mixin.py:188} INFO - [2024-05-18T15:30:40.768+0000] {dagbag.py:545} INFO - Filling up the DagBag from /opt/airflow/dags/weekly_assignment.py
[2024-05-18T15:30:40.794+0000] {processor.py:840} INFO - DAG(s) 'dummyjson_ingestion' retrieved from /opt/airflow/dags/weekly_assignment.py
[2024-05-18T15:30:40.828+0000] {logging_mixin.py:188} INFO - [2024-05-18T15:30:40.828+0000] {dag.py:3096} INFO - Sync 1 DAGs
[2024-05-18T15:30:40.875+0000] {logging_mixin.py:188} INFO - [2024-05-18T15:30:40.874+0000] {dag.py:3954} INFO - Setting next_dagrun for dummyjson_ingestion to None, run_after=None
[2024-05-18T15:30:40.914+0000] {processor.py:183} INFO - Processing /opt/airflow/dags/weekly_assignment.py took 0.166 seconds
[2024-05-18T15:31:03.262+0000] {processor.py:161} INFO - Started process (PID=3398) to work on /opt/airflow/dags/weekly_assignment.py
[2024-05-18T15:31:03.264+0000] {processor.py:830} INFO - Processing file /opt/airflow/dags/weekly_assignment.py for tasks to queue
[2024-05-18T15:31:03.266+0000] {logging_mixin.py:188} INFO - [2024-05-18T15:31:03.266+0000] {dagbag.py:545} INFO - Filling up the DagBag from /opt/airflow/dags/weekly_assignment.py
[2024-05-18T15:31:03.305+0000] {processor.py:840} INFO - DAG(s) 'dummyjson_ingestion' retrieved from /opt/airflow/dags/weekly_assignment.py
[2024-05-18T15:31:03.337+0000] {logging_mixin.py:188} INFO - [2024-05-18T15:31:03.336+0000] {dag.py:3096} INFO - Sync 1 DAGs
[2024-05-18T15:31:03.376+0000] {logging_mixin.py:188} INFO - [2024-05-18T15:31:03.376+0000] {dag.py:3954} INFO - Setting next_dagrun for dummyjson_ingestion to None, run_after=None
[2024-05-18T15:31:03.421+0000] {processor.py:183} INFO - Processing /opt/airflow/dags/weekly_assignment.py took 0.170 seconds
[2024-05-18T15:31:04.329+0000] {processor.py:161} INFO - Started process (PID=3411) to work on /opt/airflow/dags/weekly_assignment.py
[2024-05-18T15:31:04.331+0000] {processor.py:830} INFO - Processing file /opt/airflow/dags/weekly_assignment.py for tasks to queue
[2024-05-18T15:31:04.334+0000] {logging_mixin.py:188} INFO - [2024-05-18T15:31:04.333+0000] {dagbag.py:545} INFO - Filling up the DagBag from /opt/airflow/dags/weekly_assignment.py
[2024-05-18T15:31:04.366+0000] {processor.py:840} INFO - DAG(s) 'dummyjson_ingestion' retrieved from /opt/airflow/dags/weekly_assignment.py
[2024-05-18T15:31:04.402+0000] {logging_mixin.py:188} INFO - [2024-05-18T15:31:04.401+0000] {dag.py:3096} INFO - Sync 1 DAGs
[2024-05-18T15:31:04.438+0000] {logging_mixin.py:188} INFO - [2024-05-18T15:31:04.438+0000] {dag.py:3954} INFO - Setting next_dagrun for dummyjson_ingestion to None, run_after=None
[2024-05-18T15:31:04.476+0000] {processor.py:183} INFO - Processing /opt/airflow/dags/weekly_assignment.py took 0.157 seconds
[2024-05-18T15:31:34.705+0000] {processor.py:161} INFO - Started process (PID=3477) to work on /opt/airflow/dags/weekly_assignment.py
[2024-05-18T15:31:34.706+0000] {processor.py:830} INFO - Processing file /opt/airflow/dags/weekly_assignment.py for tasks to queue
[2024-05-18T15:31:34.709+0000] {logging_mixin.py:188} INFO - [2024-05-18T15:31:34.709+0000] {dagbag.py:545} INFO - Filling up the DagBag from /opt/airflow/dags/weekly_assignment.py
[2024-05-18T15:31:34.728+0000] {processor.py:840} INFO - DAG(s) 'dummyjson_ingestion' retrieved from /opt/airflow/dags/weekly_assignment.py
[2024-05-18T15:31:34.766+0000] {logging_mixin.py:188} INFO - [2024-05-18T15:31:34.766+0000] {dag.py:3096} INFO - Sync 1 DAGs
[2024-05-18T15:31:34.806+0000] {logging_mixin.py:188} INFO - [2024-05-18T15:31:34.806+0000] {dag.py:3954} INFO - Setting next_dagrun for dummyjson_ingestion to None, run_after=None
[2024-05-18T15:31:34.842+0000] {processor.py:183} INFO - Processing /opt/airflow/dags/weekly_assignment.py took 0.147 seconds
[2024-05-18T15:32:05.221+0000] {processor.py:161} INFO - Started process (PID=3544) to work on /opt/airflow/dags/weekly_assignment.py
[2024-05-18T15:32:05.223+0000] {processor.py:830} INFO - Processing file /opt/airflow/dags/weekly_assignment.py for tasks to queue
[2024-05-18T15:32:05.226+0000] {logging_mixin.py:188} INFO - [2024-05-18T15:32:05.225+0000] {dagbag.py:545} INFO - Filling up the DagBag from /opt/airflow/dags/weekly_assignment.py
[2024-05-18T15:32:05.246+0000] {processor.py:840} INFO - DAG(s) 'dummyjson_ingestion' retrieved from /opt/airflow/dags/weekly_assignment.py
[2024-05-18T15:32:05.280+0000] {logging_mixin.py:188} INFO - [2024-05-18T15:32:05.279+0000] {dag.py:3096} INFO - Sync 1 DAGs
[2024-05-18T15:32:05.316+0000] {logging_mixin.py:188} INFO - [2024-05-18T15:32:05.315+0000] {dag.py:3954} INFO - Setting next_dagrun for dummyjson_ingestion to None, run_after=None
[2024-05-18T15:32:05.345+0000] {processor.py:183} INFO - Processing /opt/airflow/dags/weekly_assignment.py took 0.136 seconds
[2024-05-18T15:32:10.927+0000] {processor.py:161} INFO - Started process (PID=3573) to work on /opt/airflow/dags/weekly_assignment.py
[2024-05-18T15:32:10.930+0000] {processor.py:830} INFO - Processing file /opt/airflow/dags/weekly_assignment.py for tasks to queue
[2024-05-18T15:32:10.936+0000] {logging_mixin.py:188} INFO - [2024-05-18T15:32:10.934+0000] {dagbag.py:545} INFO - Filling up the DagBag from /opt/airflow/dags/weekly_assignment.py
[2024-05-18T15:32:10.973+0000] {processor.py:840} INFO - DAG(s) 'dummyjson_ingestion' retrieved from /opt/airflow/dags/weekly_assignment.py
[2024-05-18T15:32:11.013+0000] {logging_mixin.py:188} INFO - [2024-05-18T15:32:11.013+0000] {dag.py:3096} INFO - Sync 1 DAGs
[2024-05-18T15:32:11.058+0000] {logging_mixin.py:188} INFO - [2024-05-18T15:32:11.057+0000] {dag.py:3954} INFO - Setting next_dagrun for dummyjson_ingestion to None, run_after=None
[2024-05-18T15:32:11.103+0000] {processor.py:183} INFO - Processing /opt/airflow/dags/weekly_assignment.py took 0.191 seconds
[2024-05-18T15:32:13.775+0000] {processor.py:161} INFO - Started process (PID=3592) to work on /opt/airflow/dags/weekly_assignment.py
[2024-05-18T15:32:13.777+0000] {processor.py:830} INFO - Processing file /opt/airflow/dags/weekly_assignment.py for tasks to queue
[2024-05-18T15:32:13.793+0000] {logging_mixin.py:188} INFO - [2024-05-18T15:32:13.792+0000] {dagbag.py:545} INFO - Filling up the DagBag from /opt/airflow/dags/weekly_assignment.py
[2024-05-18T15:32:13.872+0000] {processor.py:840} INFO - DAG(s) 'dummyjson_ingestion' retrieved from /opt/airflow/dags/weekly_assignment.py
[2024-05-18T15:32:13.958+0000] {logging_mixin.py:188} INFO - [2024-05-18T15:32:13.957+0000] {dag.py:3096} INFO - Sync 1 DAGs
[2024-05-18T15:32:14.040+0000] {logging_mixin.py:188} INFO - [2024-05-18T15:32:14.040+0000] {dag.py:3954} INFO - Setting next_dagrun for dummyjson_ingestion to None, run_after=None
[2024-05-18T15:32:14.087+0000] {processor.py:183} INFO - Processing /opt/airflow/dags/weekly_assignment.py took 0.340 seconds
[2024-05-18T15:32:45.031+0000] {processor.py:161} INFO - Started process (PID=3660) to work on /opt/airflow/dags/weekly_assignment.py
[2024-05-18T15:32:45.034+0000] {processor.py:830} INFO - Processing file /opt/airflow/dags/weekly_assignment.py for tasks to queue
[2024-05-18T15:32:45.037+0000] {logging_mixin.py:188} INFO - [2024-05-18T15:32:45.036+0000] {dagbag.py:545} INFO - Filling up the DagBag from /opt/airflow/dags/weekly_assignment.py
[2024-05-18T15:32:45.068+0000] {processor.py:840} INFO - DAG(s) 'dummyjson_ingestion' retrieved from /opt/airflow/dags/weekly_assignment.py
[2024-05-18T15:32:45.107+0000] {logging_mixin.py:188} INFO - [2024-05-18T15:32:45.106+0000] {dag.py:3096} INFO - Sync 1 DAGs
[2024-05-18T15:32:45.142+0000] {logging_mixin.py:188} INFO - [2024-05-18T15:32:45.142+0000] {dag.py:3954} INFO - Setting next_dagrun for dummyjson_ingestion to None, run_after=None
[2024-05-18T15:32:45.181+0000] {processor.py:183} INFO - Processing /opt/airflow/dags/weekly_assignment.py took 0.162 seconds
[2024-05-18T15:33:15.554+0000] {processor.py:161} INFO - Started process (PID=3727) to work on /opt/airflow/dags/weekly_assignment.py
[2024-05-18T15:33:15.556+0000] {processor.py:830} INFO - Processing file /opt/airflow/dags/weekly_assignment.py for tasks to queue
[2024-05-18T15:33:15.559+0000] {logging_mixin.py:188} INFO - [2024-05-18T15:33:15.559+0000] {dagbag.py:545} INFO - Filling up the DagBag from /opt/airflow/dags/weekly_assignment.py
[2024-05-18T15:33:15.585+0000] {processor.py:840} INFO - DAG(s) 'dummyjson_ingestion' retrieved from /opt/airflow/dags/weekly_assignment.py
[2024-05-18T15:33:15.618+0000] {logging_mixin.py:188} INFO - [2024-05-18T15:33:15.618+0000] {dag.py:3096} INFO - Sync 1 DAGs
[2024-05-18T15:33:15.653+0000] {logging_mixin.py:188} INFO - [2024-05-18T15:33:15.653+0000] {dag.py:3954} INFO - Setting next_dagrun for dummyjson_ingestion to None, run_after=None
[2024-05-18T15:33:15.684+0000] {processor.py:183} INFO - Processing /opt/airflow/dags/weekly_assignment.py took 0.141 seconds
[2024-05-18T15:33:46.654+0000] {processor.py:161} INFO - Started process (PID=3794) to work on /opt/airflow/dags/weekly_assignment.py
[2024-05-18T15:33:46.656+0000] {processor.py:830} INFO - Processing file /opt/airflow/dags/weekly_assignment.py for tasks to queue
[2024-05-18T15:33:46.659+0000] {logging_mixin.py:188} INFO - [2024-05-18T15:33:46.659+0000] {dagbag.py:545} INFO - Filling up the DagBag from /opt/airflow/dags/weekly_assignment.py
[2024-05-18T15:33:46.683+0000] {processor.py:840} INFO - DAG(s) 'dummyjson_ingestion' retrieved from /opt/airflow/dags/weekly_assignment.py
[2024-05-18T15:33:46.714+0000] {logging_mixin.py:188} INFO - [2024-05-18T15:33:46.714+0000] {dag.py:3096} INFO - Sync 1 DAGs
[2024-05-18T15:33:46.749+0000] {logging_mixin.py:188} INFO - [2024-05-18T15:33:46.749+0000] {dag.py:3954} INFO - Setting next_dagrun for dummyjson_ingestion to None, run_after=None
[2024-05-18T15:33:46.785+0000] {processor.py:183} INFO - Processing /opt/airflow/dags/weekly_assignment.py took 0.142 seconds
[2024-05-18T15:34:16.972+0000] {processor.py:161} INFO - Started process (PID=3861) to work on /opt/airflow/dags/weekly_assignment.py
[2024-05-18T15:34:16.973+0000] {processor.py:830} INFO - Processing file /opt/airflow/dags/weekly_assignment.py for tasks to queue
[2024-05-18T15:34:16.976+0000] {logging_mixin.py:188} INFO - [2024-05-18T15:34:16.976+0000] {dagbag.py:545} INFO - Filling up the DagBag from /opt/airflow/dags/weekly_assignment.py
[2024-05-18T15:34:16.995+0000] {processor.py:840} INFO - DAG(s) 'dummyjson_ingestion' retrieved from /opt/airflow/dags/weekly_assignment.py
[2024-05-18T15:34:17.028+0000] {logging_mixin.py:188} INFO - [2024-05-18T15:34:17.028+0000] {dag.py:3096} INFO - Sync 1 DAGs
[2024-05-18T15:34:17.061+0000] {logging_mixin.py:188} INFO - [2024-05-18T15:34:17.060+0000] {dag.py:3954} INFO - Setting next_dagrun for dummyjson_ingestion to None, run_after=None
[2024-05-18T15:34:17.090+0000] {processor.py:183} INFO - Processing /opt/airflow/dags/weekly_assignment.py took 0.130 seconds
[2024-05-18T15:34:47.316+0000] {processor.py:161} INFO - Started process (PID=3928) to work on /opt/airflow/dags/weekly_assignment.py
[2024-05-18T15:34:47.318+0000] {processor.py:830} INFO - Processing file /opt/airflow/dags/weekly_assignment.py for tasks to queue
[2024-05-18T15:34:47.321+0000] {logging_mixin.py:188} INFO - [2024-05-18T15:34:47.321+0000] {dagbag.py:545} INFO - Filling up the DagBag from /opt/airflow/dags/weekly_assignment.py
[2024-05-18T15:34:47.348+0000] {processor.py:840} INFO - DAG(s) 'dummyjson_ingestion' retrieved from /opt/airflow/dags/weekly_assignment.py
[2024-05-18T15:34:47.374+0000] {logging_mixin.py:188} INFO - [2024-05-18T15:34:47.374+0000] {dag.py:3096} INFO - Sync 1 DAGs
[2024-05-18T15:34:47.404+0000] {logging_mixin.py:188} INFO - [2024-05-18T15:34:47.404+0000] {dag.py:3954} INFO - Setting next_dagrun for dummyjson_ingestion to None, run_after=None
[2024-05-18T15:34:47.432+0000] {processor.py:183} INFO - Processing /opt/airflow/dags/weekly_assignment.py took 0.123 seconds
[2024-05-18T15:35:18.360+0000] {processor.py:161} INFO - Started process (PID=3995) to work on /opt/airflow/dags/weekly_assignment.py
[2024-05-18T15:35:18.361+0000] {processor.py:830} INFO - Processing file /opt/airflow/dags/weekly_assignment.py for tasks to queue
[2024-05-18T15:35:18.364+0000] {logging_mixin.py:188} INFO - [2024-05-18T15:35:18.364+0000] {dagbag.py:545} INFO - Filling up the DagBag from /opt/airflow/dags/weekly_assignment.py
[2024-05-18T15:35:18.389+0000] {processor.py:840} INFO - DAG(s) 'dummyjson_ingestion' retrieved from /opt/airflow/dags/weekly_assignment.py
[2024-05-18T15:35:18.426+0000] {logging_mixin.py:188} INFO - [2024-05-18T15:35:18.425+0000] {dag.py:3096} INFO - Sync 1 DAGs
[2024-05-18T15:35:18.467+0000] {logging_mixin.py:188} INFO - [2024-05-18T15:35:18.466+0000] {dag.py:3954} INFO - Setting next_dagrun for dummyjson_ingestion to None, run_after=None
[2024-05-18T15:35:18.500+0000] {processor.py:183} INFO - Processing /opt/airflow/dags/weekly_assignment.py took 0.150 seconds
[2024-05-18T15:35:49.153+0000] {processor.py:161} INFO - Started process (PID=4062) to work on /opt/airflow/dags/weekly_assignment.py
[2024-05-18T15:35:49.154+0000] {processor.py:830} INFO - Processing file /opt/airflow/dags/weekly_assignment.py for tasks to queue
[2024-05-18T15:35:49.162+0000] {logging_mixin.py:188} INFO - [2024-05-18T15:35:49.161+0000] {dagbag.py:545} INFO - Filling up the DagBag from /opt/airflow/dags/weekly_assignment.py
[2024-05-18T15:35:49.185+0000] {processor.py:840} INFO - DAG(s) 'dummyjson_ingestion' retrieved from /opt/airflow/dags/weekly_assignment.py
[2024-05-18T15:35:49.218+0000] {logging_mixin.py:188} INFO - [2024-05-18T15:35:49.217+0000] {dag.py:3096} INFO - Sync 1 DAGs
[2024-05-18T15:35:49.262+0000] {logging_mixin.py:188} INFO - [2024-05-18T15:35:49.262+0000] {dag.py:3954} INFO - Setting next_dagrun for dummyjson_ingestion to None, run_after=None
[2024-05-18T15:35:49.295+0000] {processor.py:183} INFO - Processing /opt/airflow/dags/weekly_assignment.py took 0.155 seconds
[2024-05-18T15:36:01.220+0000] {processor.py:161} INFO - Started process (PID=4068) to work on /opt/airflow/dags/weekly_assignment.py
[2024-05-18T15:36:01.222+0000] {processor.py:830} INFO - Processing file /opt/airflow/dags/weekly_assignment.py for tasks to queue
[2024-05-18T15:36:01.227+0000] {logging_mixin.py:188} INFO - [2024-05-18T15:36:01.227+0000] {dagbag.py:545} INFO - Filling up the DagBag from /opt/airflow/dags/weekly_assignment.py
[2024-05-18T15:36:01.263+0000] {processor.py:840} INFO - DAG(s) 'dummyjson_ingestion' retrieved from /opt/airflow/dags/weekly_assignment.py
[2024-05-18T15:36:01.299+0000] {logging_mixin.py:188} INFO - [2024-05-18T15:36:01.299+0000] {dag.py:3096} INFO - Sync 1 DAGs
[2024-05-18T15:36:01.335+0000] {logging_mixin.py:188} INFO - [2024-05-18T15:36:01.335+0000] {dag.py:3954} INFO - Setting next_dagrun for dummyjson_ingestion to None, run_after=None
[2024-05-18T15:36:01.367+0000] {processor.py:183} INFO - Processing /opt/airflow/dags/weekly_assignment.py took 0.159 seconds
