[2024-05-19T12:53:10.322+0000] {local_task_job_runner.py:120} INFO - ::group::Pre task execution logs
[2024-05-19T12:53:10.348+0000] {taskinstance.py:2076} INFO - Dependencies all met for dep_context=non-requeueable deps ti=<TaskInstance: extract_products_from_api.upload_to_gcs manual__2024-05-19T12:53:01.394282+00:00 [queued]>
[2024-05-19T12:53:10.359+0000] {taskinstance.py:2076} INFO - Dependencies all met for dep_context=requeueable deps ti=<TaskInstance: extract_products_from_api.upload_to_gcs manual__2024-05-19T12:53:01.394282+00:00 [queued]>
[2024-05-19T12:53:10.360+0000] {taskinstance.py:2306} INFO - Starting attempt 1 of 4
[2024-05-19T12:53:10.381+0000] {taskinstance.py:2330} INFO - Executing <Task(PythonOperator): upload_to_gcs> on 2024-05-19 12:53:01.394282+00:00
[2024-05-19T12:53:10.390+0000] {warnings.py:110} WARNING - /home/***/.local/lib/python3.12/site-packages/***/task/task_runner/standard_task_runner.py:61: DeprecationWarning: This process (pid=4715) is multi-threaded, use of fork() may lead to deadlocks in the child.
  pid = os.fork()

[2024-05-19T12:53:10.392+0000] {standard_task_runner.py:63} INFO - Started process 4724 to run task
[2024-05-19T12:53:10.393+0000] {standard_task_runner.py:90} INFO - Running: ['***', 'tasks', 'run', 'extract_products_from_api', 'upload_to_gcs', 'manual__2024-05-19T12:53:01.394282+00:00', '--job-id', '1788', '--raw', '--subdir', 'DAGS_FOLDER/dummyjson_product.py', '--cfg-path', '/tmp/tmpc4e166ny']
[2024-05-19T12:53:10.395+0000] {standard_task_runner.py:91} INFO - Job 1788: Subtask upload_to_gcs
[2024-05-19T12:53:10.456+0000] {task_command.py:426} INFO - Running <TaskInstance: extract_products_from_api.upload_to_gcs manual__2024-05-19T12:53:01.394282+00:00 [running]> on host ca927d78a9ea
[2024-05-19T12:53:10.914+0000] {taskinstance.py:2648} INFO - Exporting env vars: AIRFLOW_CTX_DAG_EMAIL='your_email@example.com' AIRFLOW_CTX_DAG_OWNER='***' AIRFLOW_CTX_DAG_ID='extract_products_from_api' AIRFLOW_CTX_TASK_ID='upload_to_gcs' AIRFLOW_CTX_EXECUTION_DATE='2024-05-19T12:53:01.394282+00:00' AIRFLOW_CTX_TRY_NUMBER='1' AIRFLOW_CTX_DAG_RUN_ID='manual__2024-05-19T12:53:01.394282+00:00'
[2024-05-19T12:53:10.915+0000] {taskinstance.py:430} INFO - ::endgroup::
[2024-05-19T12:53:10.917+0000] {baseoperator.py:399} WARNING - LocalFilesystemToGCSOperator.execute cannot be called outside TaskInstance!
[2024-05-19T12:53:10.928+0000] {connection.py:274} WARNING - Connection schemes (type: google_cloud_platform) shall not contain '_' according to RFC3986.
[2024-05-19T12:53:10.934+0000] {base.py:84} INFO - Using connection ID '***GCP' for task execution.
[2024-05-19T12:53:11.852+0000] {gcs.py:556} INFO - File /opt/***/dags/playground/target/dummyjson/products.csv uploaded to products.csv in weekly-assignment-6 bucket
[2024-05-19T12:53:11.854+0000] {python.py:237} INFO - Done. Returned value was: None
[2024-05-19T12:53:11.854+0000] {taskinstance.py:441} INFO - ::group::Post task execution logs
[2024-05-19T12:53:11.869+0000] {taskinstance.py:1206} INFO - Marking task as SUCCESS. dag_id=extract_products_from_api, task_id=upload_to_gcs, run_id=manual__2024-05-19T12:53:01.394282+00:00, execution_date=20240519T125301, start_date=20240519T125310, end_date=20240519T125311
[2024-05-19T12:53:11.933+0000] {local_task_job_runner.py:240} INFO - Task exited with return code 0
[2024-05-19T12:53:11.967+0000] {taskinstance.py:3498} INFO - 1 downstream tasks scheduled from follow-on schedule check
[2024-05-19T12:53:11.971+0000] {local_task_job_runner.py:222} INFO - ::endgroup::
