[2024-05-18T15:59:48.678+0000] {local_task_job_runner.py:120} INFO - ::group::Pre task execution logs
[2024-05-18T15:59:48.708+0000] {taskinstance.py:2076} INFO - Dependencies all met for dep_context=non-requeueable deps ti=<TaskInstance: dummyjson_ingestion.transform_user manual__2024-05-18T15:57:31.779949+00:00 [queued]>
[2024-05-18T15:59:48.721+0000] {taskinstance.py:2076} INFO - Dependencies all met for dep_context=requeueable deps ti=<TaskInstance: dummyjson_ingestion.transform_user manual__2024-05-18T15:57:31.779949+00:00 [queued]>
[2024-05-18T15:59:48.722+0000] {taskinstance.py:2306} INFO - Starting attempt 2 of 7
[2024-05-18T15:59:48.747+0000] {taskinstance.py:2330} INFO - Executing <Task(PythonOperator): transform_user> on 2024-05-18 15:57:31.779949+00:00
[2024-05-18T15:59:48.757+0000] {warnings.py:110} WARNING - /home/***/.local/lib/python3.12/site-packages/***/task/task_runner/standard_task_runner.py:61: DeprecationWarning: This process (pid=1339) is multi-threaded, use of fork() may lead to deadlocks in the child.
  pid = os.fork()

[2024-05-18T15:59:48.760+0000] {standard_task_runner.py:63} INFO - Started process 1341 to run task
[2024-05-18T15:59:48.759+0000] {standard_task_runner.py:90} INFO - Running: ['***', 'tasks', 'run', 'dummyjson_ingestion', 'transform_user', 'manual__2024-05-18T15:57:31.779949+00:00', '--job-id', '1190', '--raw', '--subdir', 'DAGS_FOLDER/dummyjson_ingestion.py', '--cfg-path', '/tmp/tmpb_mhbftc']
[2024-05-18T15:59:48.765+0000] {standard_task_runner.py:91} INFO - Job 1190: Subtask transform_user
[2024-05-18T15:59:48.847+0000] {task_command.py:426} INFO - Running <TaskInstance: dummyjson_ingestion.transform_user manual__2024-05-18T15:57:31.779949+00:00 [running]> on host 8d1d9b6df744
[2024-05-18T15:59:49.146+0000] {taskinstance.py:2648} INFO - Exporting env vars: AIRFLOW_CTX_DAG_EMAIL='fathurrahmanhernanda@gmail.com' AIRFLOW_CTX_DAG_OWNER='***' AIRFLOW_CTX_DAG_ID='dummyjson_ingestion' AIRFLOW_CTX_TASK_ID='transform_user' AIRFLOW_CTX_EXECUTION_DATE='2024-05-18T15:57:31.779949+00:00' AIRFLOW_CTX_TRY_NUMBER='2' AIRFLOW_CTX_DAG_RUN_ID='manual__2024-05-18T15:57:31.779949+00:00'
[2024-05-18T15:59:49.150+0000] {taskinstance.py:430} INFO - ::endgroup::
[2024-05-18T15:59:49.172+0000] {logging_mixin.py:188} INFO - {'id': 1, 'firstName': 'Terry', 'lastName': 'Medhurst', 'maidenName': 'Smitham', 'age': 50, 'gender': 'male', 'email': 'atuny0@sohu.com', 'phone': '+63 791 675 8914', 'username': 'atuny0', 'password': '9uQFF1Lh', 'birthDate': '2000-12-25', 'image': 'https://robohash.org/Terry.png?set=set4', 'bloodGroup': 'A-', 'height': 189, 'weight': 75.4, 'eyeColor': 'Green', 'hair': {'color': 'Black', 'type': 'Strands'}, 'domain': 'slashdot.org', 'ip': '117.29.86.254', 'address': {'address': '1745 T Street Southeast', 'city': 'Washington', 'coordinates': {'lat': 38.867033, 'lng': -76.979235}, 'postalCode': '20020', 'state': 'DC'}, 'macAddress': '13:69:BA:56:A3:74', 'university': 'Capitol University', 'bank': {'cardExpire': '06/22', 'cardNumber': '50380955204220685', 'cardType': 'maestro', 'currency': 'Peso', 'iban': 'NO17 0695 2754 967'}, 'company': {'address': {'address': '629 Debbie Drive', 'city': 'Nashville', 'coordinates': {'lat': 36.208114, 'lng': -86.58621199999999}, 'postalCode': '37076', 'state': 'TN'}, 'department': 'Marketing', 'name': "Blanda-O'Keefe", 'title': 'Help Desk Operator'}, 'ein': '20-9487066', 'ssn': '661-64-2976', 'userAgent': 'Mozilla/5.0 (Windows NT 6.1) AppleWebKit/534.24 (KHTML, like Gecko) Chrome/12.0.702.0 Safari/534.24', 'crypto': {'coin': 'Bitcoin', 'wallet': '0xb9fc2fe63b2a6c003f1c324c3bfa53259162181a', 'network': 'Ethereum (ERC20)'}} <class 'dict'>
[2024-05-18T15:59:49.173+0000] {python.py:237} INFO - Done. Returned value was: None
[2024-05-18T15:59:49.174+0000] {taskinstance.py:441} INFO - ::group::Post task execution logs
[2024-05-18T15:59:49.192+0000] {taskinstance.py:1206} INFO - Marking task as SUCCESS. dag_id=dummyjson_ingestion, task_id=transform_user, run_id=manual__2024-05-18T15:57:31.779949+00:00, execution_date=20240518T155731, start_date=20240518T155948, end_date=20240518T155949
[2024-05-18T15:59:49.236+0000] {local_task_job_runner.py:240} INFO - Task exited with return code 0
[2024-05-18T15:59:49.280+0000] {taskinstance.py:3498} INFO - 0 downstream tasks scheduled from follow-on schedule check
[2024-05-18T15:59:49.284+0000] {local_task_job_runner.py:222} INFO - ::endgroup::
