[2024-05-13T09:59:19.588+0000] {local_task_job_runner.py:120} INFO - ::group::Pre task execution logs
[2024-05-13T09:59:19.755+0000] {taskinstance.py:2076} INFO - Dependencies all met for dep_context=non-requeueable deps ti=<TaskInstance: demo.hello scheduled__2022-02-04T00:00:00+00:00 [queued]>
[2024-05-13T09:59:19.818+0000] {taskinstance.py:2076} INFO - Dependencies all met for dep_context=requeueable deps ti=<TaskInstance: demo.hello scheduled__2022-02-04T00:00:00+00:00 [queued]>
[2024-05-13T09:59:19.821+0000] {taskinstance.py:2306} INFO - Starting attempt 1 of 1
[2024-05-13T09:59:19.952+0000] {taskinstance.py:2330} INFO - Executing <Task(BashOperator): hello> on 2022-02-04 00:00:00+00:00
[2024-05-13T09:59:20.001+0000] {warnings.py:110} WARNING - /home/***/.local/lib/python3.12/site-packages/***/task/task_runner/standard_task_runner.py:61: DeprecationWarning: This process (pid=832) is multi-threaded, use of fork() may lead to deadlocks in the child.
  pid = os.fork()

[2024-05-13T09:59:19.992+0000] {standard_task_runner.py:90} INFO - Running: ['***', 'tasks', 'run', 'demo', 'hello', 'scheduled__2022-02-04T00:00:00+00:00', '--job-id', '70', '--raw', '--subdir', 'DAGS_FOLDER/demo.py', '--cfg-path', '/tmp/tmpb9o4u_j8']
[2024-05-13T09:59:20.011+0000] {standard_task_runner.py:63} INFO - Started process 850 to run task
[2024-05-13T09:59:20.025+0000] {standard_task_runner.py:91} INFO - Job 70: Subtask hello
[2024-05-13T09:59:20.287+0000] {task_command.py:426} INFO - Running <TaskInstance: demo.hello scheduled__2022-02-04T00:00:00+00:00 [running]> on host c2025ffc2c56
[2024-05-13T09:59:20.895+0000] {taskinstance.py:2648} INFO - Exporting env vars: AIRFLOW_CTX_DAG_OWNER='***' AIRFLOW_CTX_DAG_ID='demo' AIRFLOW_CTX_TASK_ID='hello' AIRFLOW_CTX_EXECUTION_DATE='2022-02-04T00:00:00+00:00' AIRFLOW_CTX_TRY_NUMBER='1' AIRFLOW_CTX_DAG_RUN_ID='scheduled__2022-02-04T00:00:00+00:00'
[2024-05-13T09:59:20.900+0000] {taskinstance.py:430} INFO - ::endgroup::
[2024-05-13T09:59:20.911+0000] {subprocess.py:63} INFO - Tmp dir root location: /tmp
[2024-05-13T09:59:20.922+0000] {subprocess.py:75} INFO - Running command: ['/usr/bin/bash', '-c', 'echo hello']
[2024-05-13T09:59:21.002+0000] {subprocess.py:86} INFO - Output:
[2024-05-13T09:59:21.006+0000] {subprocess.py:93} INFO - hello
[2024-05-13T09:59:21.009+0000] {subprocess.py:97} INFO - Command exited with return code 0
[2024-05-13T09:59:21.012+0000] {taskinstance.py:441} INFO - ::group::Post task execution logs
[2024-05-13T09:59:21.192+0000] {taskinstance.py:1206} INFO - Marking task as SUCCESS. dag_id=demo, task_id=hello, run_id=scheduled__2022-02-04T00:00:00+00:00, execution_date=20220204T000000, start_date=20240513T095919, end_date=20240513T095921
[2024-05-13T09:59:21.564+0000] {local_task_job_runner.py:240} INFO - Task exited with return code 0
[2024-05-13T09:59:21.600+0000] {local_task_job_runner.py:222} INFO - ::endgroup::
