[2024-05-14T14:23:51.634+0000] {local_task_job_runner.py:120} INFO - ::group::Pre task execution logs
[2024-05-14T14:23:51.687+0000] {taskinstance.py:2076} INFO - Dependencies all met for dep_context=non-requeueable deps ti=<TaskInstance: json2csv_b.customers_transform scheduled__2024-05-14T14:15:00+00:00 [queued]>
[2024-05-14T14:23:51.704+0000] {taskinstance.py:2076} INFO - Dependencies all met for dep_context=requeueable deps ti=<TaskInstance: json2csv_b.customers_transform scheduled__2024-05-14T14:15:00+00:00 [queued]>
[2024-05-14T14:23:51.705+0000] {taskinstance.py:2306} INFO - Starting attempt 1 of 1
[2024-05-14T14:23:51.735+0000] {taskinstance.py:2330} INFO - Executing <Task(_PythonDecoratedOperator): customers_transform> on 2024-05-14 14:15:00+00:00
[2024-05-14T14:23:51.747+0000] {warnings.py:110} WARNING - /home/***/.local/lib/python3.12/site-packages/***/task/task_runner/standard_task_runner.py:61: DeprecationWarning: This process (pid=1239) is multi-threaded, use of fork() may lead to deadlocks in the child.
  pid = os.fork()

[2024-05-14T14:23:51.752+0000] {standard_task_runner.py:63} INFO - Started process 1255 to run task
[2024-05-14T14:23:51.749+0000] {standard_task_runner.py:90} INFO - Running: ['***', 'tasks', 'run', 'json2csv_b', 'customers_transform', 'scheduled__2024-05-14T14:15:00+00:00', '--job-id', '733', '--raw', '--subdir', 'DAGS_FOLDER/json_to_csv_dynamic.py', '--cfg-path', '/tmp/tmp8vc_ixca']
[2024-05-14T14:23:51.755+0000] {standard_task_runner.py:91} INFO - Job 733: Subtask customers_transform
[2024-05-14T14:23:51.865+0000] {task_command.py:426} INFO - Running <TaskInstance: json2csv_b.customers_transform scheduled__2024-05-14T14:15:00+00:00 [running]> on host c2025ffc2c56
[2024-05-14T14:23:52.081+0000] {taskinstance.py:2648} INFO - Exporting env vars: AIRFLOW_CTX_DAG_OWNER='***' AIRFLOW_CTX_DAG_ID='json2csv_b' AIRFLOW_CTX_TASK_ID='customers_transform' AIRFLOW_CTX_EXECUTION_DATE='2024-05-14T14:15:00+00:00' AIRFLOW_CTX_TRY_NUMBER='1' AIRFLOW_CTX_DAG_RUN_ID='scheduled__2024-05-14T14:15:00+00:00'
[2024-05-14T14:23:52.088+0000] {taskinstance.py:430} INFO - ::endgroup::
[2024-05-14T14:23:52.090+0000] {taskinstance.py:441} INFO - ::group::Post task execution logs
[2024-05-14T14:23:52.091+0000] {taskinstance.py:2905} ERROR - Task failed with exception
Traceback (most recent call last):
  File "/home/airflow/.local/lib/python3.12/site-packages/airflow/models/taskinstance.py", line 465, in _execute_task
    result = _execute_callable(context=context, **execute_callable_kwargs)
             ^^^^^^^^^^^^^^^^^^^^^^^^^^^^^^^^^^^^^^^^^^^^^^^^^^^^^^^^^^^^^
  File "/home/airflow/.local/lib/python3.12/site-packages/airflow/models/taskinstance.py", line 432, in _execute_callable
    return execute_callable(context=context, **execute_callable_kwargs)
           ^^^^^^^^^^^^^^^^^^^^^^^^^^^^^^^^^^^^^^^^^^^^^^^^^^^^^^^^^^^^
  File "/home/airflow/.local/lib/python3.12/site-packages/airflow/models/baseoperator.py", line 400, in wrapper
    return func(self, *args, **kwargs)
           ^^^^^^^^^^^^^^^^^^^^^^^^^^^
  File "/home/airflow/.local/lib/python3.12/site-packages/airflow/decorators/base.py", line 265, in execute
    return_value = super().execute(context)
                   ^^^^^^^^^^^^^^^^^^^^^^^^
  File "/home/airflow/.local/lib/python3.12/site-packages/airflow/models/baseoperator.py", line 400, in wrapper
    return func(self, *args, **kwargs)
           ^^^^^^^^^^^^^^^^^^^^^^^^^^^
  File "/home/airflow/.local/lib/python3.12/site-packages/airflow/operators/python.py", line 235, in execute
    return_value = self.execute_callable()
                   ^^^^^^^^^^^^^^^^^^^^^^^
  File "/home/airflow/.local/lib/python3.12/site-packages/airflow/operators/python.py", line 252, in execute_callable
    return self.python_callable(*self.op_args, **self.op_kwargs)
           ^^^^^^^^^^^^^^^^^^^^^^^^^^^^^^^^^^^^^^^^^^^^^^^^^^^^^
  File "/opt/airflow/dags/json_to_csv_dynamic.py", line 76, in transform
    o += ",".join([str(a[column]) for column in columns]) + "\n"
                       ~^^^^^^^^
KeyError: 'level'
[2024-05-14T14:23:52.124+0000] {taskinstance.py:1206} INFO - Marking task as FAILED. dag_id=json2csv_b, task_id=customers_transform, run_id=scheduled__2024-05-14T14:15:00+00:00, execution_date=20240514T141500, start_date=20240514T142351, end_date=20240514T142352
[2024-05-14T14:23:52.161+0000] {standard_task_runner.py:110} ERROR - Failed to execute job 733 for task customers_transform ('level'; 1255)
[2024-05-14T14:23:52.214+0000] {local_task_job_runner.py:240} INFO - Task exited with return code 1
[2024-05-14T14:23:52.268+0000] {taskinstance.py:3498} INFO - 0 downstream tasks scheduled from follow-on schedule check
[2024-05-14T14:23:52.279+0000] {local_task_job_runner.py:222} INFO - ::endgroup::
