[2024-05-19T12:26:40.732+0000] {local_task_job_runner.py:120} INFO - ::group::Pre task execution logs
[2024-05-19T12:26:40.765+0000] {taskinstance.py:2076} INFO - Dependencies all met for dep_context=non-requeueable deps ti=<TaskInstance: dummyjson_products.write_to_csv manual__2024-05-19T12:17:10.391759+00:00 [queued]>
[2024-05-19T12:26:40.784+0000] {taskinstance.py:2076} INFO - Dependencies all met for dep_context=requeueable deps ti=<TaskInstance: dummyjson_products.write_to_csv manual__2024-05-19T12:17:10.391759+00:00 [queued]>
[2024-05-19T12:26:40.785+0000] {taskinstance.py:2306} INFO - Starting attempt 3 of 6
[2024-05-19T12:26:40.809+0000] {taskinstance.py:2330} INFO - Executing <Task(PythonOperator): write_to_csv> on 2024-05-19 12:17:10.391759+00:00
[2024-05-19T12:26:40.821+0000] {warnings.py:110} WARNING - /home/***/.local/lib/python3.12/site-packages/***/task/task_runner/standard_task_runner.py:61: DeprecationWarning: This process (pid=4138) is multi-threaded, use of fork() may lead to deadlocks in the child.
  pid = os.fork()

[2024-05-19T12:26:40.824+0000] {standard_task_runner.py:63} INFO - Started process 4144 to run task
[2024-05-19T12:26:40.823+0000] {standard_task_runner.py:90} INFO - Running: ['***', 'tasks', 'run', 'dummyjson_products', 'write_to_csv', 'manual__2024-05-19T12:17:10.391759+00:00', '--job-id', '1702', '--raw', '--subdir', 'DAGS_FOLDER/dummyjson_product.py', '--cfg-path', '/tmp/tmpkp3cpnye']
[2024-05-19T12:26:40.826+0000] {standard_task_runner.py:91} INFO - Job 1702: Subtask write_to_csv
[2024-05-19T12:26:40.918+0000] {task_command.py:426} INFO - Running <TaskInstance: dummyjson_products.write_to_csv manual__2024-05-19T12:17:10.391759+00:00 [running]> on host ca927d78a9ea
[2024-05-19T12:26:41.213+0000] {taskinstance.py:2648} INFO - Exporting env vars: AIRFLOW_CTX_DAG_EMAIL='your.email@example.com' AIRFLOW_CTX_DAG_OWNER='***' AIRFLOW_CTX_DAG_ID='dummyjson_products' AIRFLOW_CTX_TASK_ID='write_to_csv' AIRFLOW_CTX_EXECUTION_DATE='2024-05-19T12:17:10.391759+00:00' AIRFLOW_CTX_TRY_NUMBER='3' AIRFLOW_CTX_DAG_RUN_ID='manual__2024-05-19T12:17:10.391759+00:00'
[2024-05-19T12:26:41.216+0000] {taskinstance.py:430} INFO - ::endgroup::
[2024-05-19T12:26:41.222+0000] {taskinstance.py:441} INFO - ::group::Post task execution logs
[2024-05-19T12:26:41.223+0000] {taskinstance.py:2905} ERROR - Task failed with exception
Traceback (most recent call last):
  File "/home/airflow/.local/lib/python3.12/site-packages/airflow/models/taskinstance.py", line 465, in _execute_task
    result = _execute_callable(context=context, **execute_callable_kwargs)
             ^^^^^^^^^^^^^^^^^^^^^^^^^^^^^^^^^^^^^^^^^^^^^^^^^^^^^^^^^^^^^
  File "/home/airflow/.local/lib/python3.12/site-packages/airflow/models/taskinstance.py", line 432, in _execute_callable
    return execute_callable(context=context, **execute_callable_kwargs)
           ^^^^^^^^^^^^^^^^^^^^^^^^^^^^^^^^^^^^^^^^^^^^^^^^^^^^^^^^^^^^
  File "/home/airflow/.local/lib/python3.12/site-packages/airflow/models/baseoperator.py", line 400, in wrapper
    return func(self, *args, **kwargs)
           ^^^^^^^^^^^^^^^^^^^^^^^^^^^
  File "/home/airflow/.local/lib/python3.12/site-packages/airflow/operators/python.py", line 235, in execute
    return_value = self.execute_callable()
                   ^^^^^^^^^^^^^^^^^^^^^^^
  File "/home/airflow/.local/lib/python3.12/site-packages/airflow/operators/python.py", line 252, in execute_callable
    return self.python_callable(*self.op_args, **self.op_kwargs)
           ^^^^^^^^^^^^^^^^^^^^^^^^^^^^^^^^^^^^^^^^^^^^^^^^^^^^^
  File "/opt/airflow/dags/dummyjson_product.py", line 27, in write_to_csv_generic
    for cart in products.get('carts', []):
                ^^^^^^^^^^^^
AttributeError: 'str' object has no attribute 'get'
[2024-05-19T12:26:41.242+0000] {taskinstance.py:1206} INFO - Marking task as UP_FOR_RETRY. dag_id=dummyjson_products, task_id=write_to_csv, run_id=manual__2024-05-19T12:17:10.391759+00:00, execution_date=20240519T121710, start_date=20240519T122640, end_date=20240519T122641
[2024-05-19T12:26:41.275+0000] {standard_task_runner.py:110} ERROR - Failed to execute job 1702 for task write_to_csv ('str' object has no attribute 'get'; 4144)
[2024-05-19T12:26:41.322+0000] {local_task_job_runner.py:240} INFO - Task exited with return code 1
[2024-05-19T12:26:41.390+0000] {taskinstance.py:3498} INFO - 0 downstream tasks scheduled from follow-on schedule check
[2024-05-19T12:26:41.396+0000] {local_task_job_runner.py:222} INFO - ::endgroup::
