[2024-05-19T12:23:03.388+0000] {local_task_job_runner.py:120} INFO - ::group::Pre task execution logs
[2024-05-19T12:23:03.418+0000] {taskinstance.py:2076} INFO - Dependencies all met for dep_context=non-requeueable deps ti=<TaskInstance: dummyjson_products.write_to_csv manual__2024-05-19T12:17:10.391759+00:00 [queued]>
[2024-05-19T12:23:03.436+0000] {taskinstance.py:2076} INFO - Dependencies all met for dep_context=requeueable deps ti=<TaskInstance: dummyjson_products.write_to_csv manual__2024-05-19T12:17:10.391759+00:00 [queued]>
[2024-05-19T12:23:03.437+0000] {taskinstance.py:2306} INFO - Starting attempt 1 of 6
[2024-05-19T12:23:03.461+0000] {taskinstance.py:2330} INFO - Executing <Task(PythonOperator): write_to_csv> on 2024-05-19 12:17:10.391759+00:00
[2024-05-19T12:23:03.476+0000] {warnings.py:110} WARNING - /home/***/.local/lib/python3.12/site-packages/***/task/task_runner/standard_task_runner.py:61: DeprecationWarning: This process (pid=4033) is multi-threaded, use of fork() may lead to deadlocks in the child.
  pid = os.fork()

[2024-05-19T12:23:03.480+0000] {standard_task_runner.py:63} INFO - Started process 4037 to run task
[2024-05-19T12:23:03.484+0000] {standard_task_runner.py:90} INFO - Running: ['***', 'tasks', 'run', 'dummyjson_products', 'write_to_csv', 'manual__2024-05-19T12:17:10.391759+00:00', '--job-id', '1681', '--raw', '--subdir', 'DAGS_FOLDER/dummyjson_product.py', '--cfg-path', '/tmp/tmpabx5gmgs']
[2024-05-19T12:23:03.488+0000] {standard_task_runner.py:91} INFO - Job 1681: Subtask write_to_csv
[2024-05-19T12:23:03.569+0000] {task_command.py:426} INFO - Running <TaskInstance: dummyjson_products.write_to_csv manual__2024-05-19T12:17:10.391759+00:00 [running]> on host ca927d78a9ea
[2024-05-19T12:23:03.773+0000] {taskinstance.py:2648} INFO - Exporting env vars: AIRFLOW_CTX_DAG_EMAIL='your.email@example.com' AIRFLOW_CTX_DAG_OWNER='***' AIRFLOW_CTX_DAG_ID='dummyjson_products' AIRFLOW_CTX_TASK_ID='write_to_csv' AIRFLOW_CTX_EXECUTION_DATE='2024-05-19T12:17:10.391759+00:00' AIRFLOW_CTX_TRY_NUMBER='1' AIRFLOW_CTX_DAG_RUN_ID='manual__2024-05-19T12:17:10.391759+00:00'
[2024-05-19T12:23:03.775+0000] {taskinstance.py:430} INFO - ::endgroup::
[2024-05-19T12:23:03.777+0000] {taskinstance.py:441} INFO - ::group::Post task execution logs
[2024-05-19T12:23:03.778+0000] {taskinstance.py:2905} ERROR - Task failed with exception
Traceback (most recent call last):
  File "/home/airflow/.local/lib/python3.12/site-packages/airflow/models/taskinstance.py", line 465, in _execute_task
    result = _execute_callable(context=context, **execute_callable_kwargs)
             ^^^^^^^^^^^^^^^^^^^^^^^^^^^^^^^^^^^^^^^^^^^^^^^^^^^^^^^^^^^^^
  File "/home/airflow/.local/lib/python3.12/site-packages/airflow/models/taskinstance.py", line 432, in _execute_callable
    return execute_callable(context=context, **execute_callable_kwargs)
           ^^^^^^^^^^^^^^^^^^^^^^^^^^^^^^^^^^^^^^^^^^^^^^^^^^^^^^^^^^^^
  File "/home/airflow/.local/lib/python3.12/site-packages/airflow/models/baseoperator.py", line 400, in wrapper
    return func(self, *args, **kwargs)
           ^^^^^^^^^^^^^^^^^^^^^^^^^^^
  File "/home/airflow/.local/lib/python3.12/site-packages/airflow/operators/python.py", line 235, in execute
    return_value = self.execute_callable()
                   ^^^^^^^^^^^^^^^^^^^^^^^
  File "/home/airflow/.local/lib/python3.12/site-packages/airflow/operators/python.py", line 252, in execute_callable
    return self.python_callable(*self.op_args, **self.op_kwargs)
           ^^^^^^^^^^^^^^^^^^^^^^^^^^^^^^^^^^^^^^^^^^^^^^^^^^^^^
TypeError: write_to_csv_generic() missing 1 required positional argument: 'products'
[2024-05-19T12:23:03.794+0000] {taskinstance.py:1206} INFO - Marking task as UP_FOR_RETRY. dag_id=dummyjson_products, task_id=write_to_csv, run_id=manual__2024-05-19T12:17:10.391759+00:00, execution_date=20240519T121710, start_date=20240519T122303, end_date=20240519T122303
[2024-05-19T12:23:03.815+0000] {standard_task_runner.py:110} ERROR - Failed to execute job 1681 for task write_to_csv (write_to_csv_generic() missing 1 required positional argument: 'products'; 4037)
[2024-05-19T12:23:03.857+0000] {local_task_job_runner.py:240} INFO - Task exited with return code 1
[2024-05-19T12:23:03.900+0000] {taskinstance.py:3498} INFO - 0 downstream tasks scheduled from follow-on schedule check
[2024-05-19T12:23:03.904+0000] {local_task_job_runner.py:222} INFO - ::endgroup::
