[2024-05-19T08:51:51.944+0000] {local_task_job_runner.py:120} INFO - ::group::Pre task execution logs
[2024-05-19T08:51:51.967+0000] {taskinstance.py:2076} INFO - Dependencies all met for dep_context=non-requeueable deps ti=<TaskInstance: dummyjson_ingestion.gcs_to_bigquery manual__2024-05-19T08:50:36.807259+00:00 [queued]>
[2024-05-19T08:51:51.977+0000] {taskinstance.py:2076} INFO - Dependencies all met for dep_context=requeueable deps ti=<TaskInstance: dummyjson_ingestion.gcs_to_bigquery manual__2024-05-19T08:50:36.807259+00:00 [queued]>
[2024-05-19T08:51:51.979+0000] {taskinstance.py:2306} INFO - Starting attempt 2 of 7
[2024-05-19T08:51:51.998+0000] {taskinstance.py:2330} INFO - Executing <Task(GCSToBigQueryOperator): gcs_to_bigquery> on 2024-05-19 08:50:36.807259+00:00
[2024-05-19T08:51:52.008+0000] {warnings.py:110} WARNING - /home/***/.local/lib/python3.12/site-packages/***/task/task_runner/standard_task_runner.py:61: DeprecationWarning: This process (pid=361) is multi-threaded, use of fork() may lead to deadlocks in the child.
  pid = os.fork()

[2024-05-19T08:51:52.011+0000] {standard_task_runner.py:63} INFO - Started process 363 to run task
[2024-05-19T08:51:52.010+0000] {standard_task_runner.py:90} INFO - Running: ['***', 'tasks', 'run', 'dummyjson_ingestion', 'gcs_to_bigquery', 'manual__2024-05-19T08:50:36.807259+00:00', '--job-id', '1314', '--raw', '--subdir', 'DAGS_FOLDER/dummyjson_ingestion.py', '--cfg-path', '/tmp/tmpsfobqozy']
[2024-05-19T08:51:52.013+0000] {standard_task_runner.py:91} INFO - Job 1314: Subtask gcs_to_bigquery
[2024-05-19T08:51:52.080+0000] {task_command.py:426} INFO - Running <TaskInstance: dummyjson_ingestion.gcs_to_bigquery manual__2024-05-19T08:50:36.807259+00:00 [running]> on host ca927d78a9ea
[2024-05-19T08:51:52.496+0000] {taskinstance.py:2648} INFO - Exporting env vars: AIRFLOW_CTX_DAG_EMAIL='fathurrahmanhernanda@gmail.com' AIRFLOW_CTX_DAG_OWNER='***' AIRFLOW_CTX_DAG_ID='dummyjson_ingestion' AIRFLOW_CTX_TASK_ID='gcs_to_bigquery' AIRFLOW_CTX_EXECUTION_DATE='2024-05-19T08:50:36.807259+00:00' AIRFLOW_CTX_TRY_NUMBER='2' AIRFLOW_CTX_DAG_RUN_ID='manual__2024-05-19T08:50:36.807259+00:00'
[2024-05-19T08:51:52.497+0000] {taskinstance.py:430} INFO - ::endgroup::
[2024-05-19T08:51:52.508+0000] {connection.py:274} WARNING - Connection schemes (type: google_cloud_platform) shall not contain '_' according to RFC3986.
[2024-05-19T08:51:52.515+0000] {base.py:84} INFO - Using connection ID '***GCP' for task execution.
[2024-05-19T08:51:52.517+0000] {gcs_to_bigquery.py:380} INFO - Using existing BigQuery table for storing data...
[2024-05-19T08:51:52.573+0000] {gcs_to_bigquery.py:384} INFO - Executing: {'load': {'autodetect': True, 'createDisposition': 'CREATE_IF_NEEDED', 'destinationTable': {'projectId': 'iconic-indexer-418610', 'datasetId': 'weekly_assignment_5', 'tableId': 'users'}, 'sourceFormat': 'CSV', 'sourceUris': ['gs://weekly-assignment-6/users.csv'], 'writeDisposition': 'WRITE_TRUNCATE', 'ignoreUnknownValues': False, 'schema': {'fields': [{'name': 'id', 'type': 'INTEGER', 'mode': 'NULLABLE'}, {'name': 'first_name', 'type': 'STRING', 'mode': 'NULLABLE'}, {'name': 'last_name', 'type': 'STRING', 'mode': 'NULLABLE'}, {'name': 'age', 'type': 'INTEGER', 'mode': 'NULLABLE'}, {'name': 'gender', 'type': 'STRING', 'mode': 'NULLABLE'}, {'name': 'email', 'type': 'STRING', 'mode': 'NULLABLE'}, {'name': 'phoneNumber', 'type': 'STRING', 'mode': 'NULLABLE'}, {'name': 'birthDate', 'type': 'DATE', 'mode': 'NULLABLE'}, {'name': 'address', 'type': 'STRING', 'mode': 'NULLABLE'}, {'name': 'coin', 'type': 'STRING', 'mode': 'NULLABLE'}]}, 'skipLeadingRows': 1, 'fieldDelimiter': ',', 'quote': None, 'allowQuotedNewlines': False, 'encoding': 'UTF-8'}}
[2024-05-19T08:51:52.575+0000] {bigquery.py:1660} INFO - Inserting job ***_dummyjson_ingestion_gcs_to_bigquery_2024_05_19T08_50_36_807259_00_00_e274fd7244133fa1cf10178bbf0df4f8
[2024-05-19T08:51:55.277+0000] {taskinstance.py:441} INFO - ::group::Post task execution logs
[2024-05-19T08:51:55.278+0000] {taskinstance.py:2905} ERROR - Task failed with exception
Traceback (most recent call last):
  File "/home/airflow/.local/lib/python3.12/site-packages/airflow/models/taskinstance.py", line 465, in _execute_task
    result = _execute_callable(context=context, **execute_callable_kwargs)
             ^^^^^^^^^^^^^^^^^^^^^^^^^^^^^^^^^^^^^^^^^^^^^^^^^^^^^^^^^^^^^
  File "/home/airflow/.local/lib/python3.12/site-packages/airflow/models/taskinstance.py", line 432, in _execute_callable
    return execute_callable(context=context, **execute_callable_kwargs)
           ^^^^^^^^^^^^^^^^^^^^^^^^^^^^^^^^^^^^^^^^^^^^^^^^^^^^^^^^^^^^
  File "/home/airflow/.local/lib/python3.12/site-packages/airflow/models/baseoperator.py", line 400, in wrapper
    return func(self, *args, **kwargs)
           ^^^^^^^^^^^^^^^^^^^^^^^^^^^
  File "/home/airflow/.local/lib/python3.12/site-packages/airflow/providers/google/cloud/transfers/gcs_to_bigquery.py", line 445, in execute
    job.result(timeout=self.result_timeout, retry=self.result_retry)
  File "/home/airflow/.local/lib/python3.12/site-packages/google/cloud/bigquery/job/base.py", line 971, in result
    return super(_AsyncJob, self).result(timeout=timeout, **kwargs)
           ^^^^^^^^^^^^^^^^^^^^^^^^^^^^^^^^^^^^^^^^^^^^^^^^^^^^^^^^
  File "/home/airflow/.local/lib/python3.12/site-packages/google/api_core/future/polling.py", line 261, in result
    raise self._exception
google.api_core.exceptions.BadRequest: 400 Error while reading data, error message: CSV processing encountered too many errors, giving up. Rows: 61; errors: 1; max bad: 0; error percent: 0; reason: invalid, message: Error while reading data, error message: CSV processing encountered too many errors, giving up. Rows: 61; errors: 1; max bad: 0; error percent: 0; reason: invalid, location: gs://weekly-assignment-6/users.csv, message: Error while reading data, error message: Unable to parse; line_number: 32 byte_offset_to_start_of_line: 2907 column_index: 0 column_name: "id" column_type: INT64 value: "id" File: gs://weekly-assignment-6/users.csv
[2024-05-19T08:51:55.292+0000] {taskinstance.py:1206} INFO - Marking task as UP_FOR_RETRY. dag_id=dummyjson_ingestion, task_id=gcs_to_bigquery, run_id=manual__2024-05-19T08:50:36.807259+00:00, execution_date=20240519T085036, start_date=20240519T085151, end_date=20240519T085155
[2024-05-19T08:51:55.318+0000] {standard_task_runner.py:110} ERROR - Failed to execute job 1314 for task gcs_to_bigquery (400 Error while reading data, error message: CSV processing encountered too many errors, giving up. Rows: 61; errors: 1; max bad: 0; error percent: 0; reason: invalid, message: Error while reading data, error message: CSV processing encountered too many errors, giving up. Rows: 61; errors: 1; max bad: 0; error percent: 0; reason: invalid, location: gs://weekly-assignment-6/users.csv, message: Error while reading data, error message: Unable to parse; line_number: 32 byte_offset_to_start_of_line: 2907 column_index: 0 column_name: "id" column_type: INT64 value: "id" File: gs://weekly-assignment-6/users.csv; 363)
[2024-05-19T08:51:55.363+0000] {local_task_job_runner.py:240} INFO - Task exited with return code 1
[2024-05-19T08:51:55.389+0000] {taskinstance.py:3498} INFO - 0 downstream tasks scheduled from follow-on schedule check
[2024-05-19T08:51:55.392+0000] {local_task_job_runner.py:222} INFO - ::endgroup::
