[2024-05-13T09:59:08.027+0000] {local_task_job_runner.py:120} INFO - ::group::Pre task execution logs
[2024-05-13T09:59:08.115+0000] {taskinstance.py:2076} INFO - Dependencies all met for dep_context=non-requeueable deps ti=<TaskInstance: demo.airflow scheduled__2022-01-27T00:00:00+00:00 [queued]>
[2024-05-13T09:59:08.138+0000] {taskinstance.py:2076} INFO - Dependencies all met for dep_context=requeueable deps ti=<TaskInstance: demo.airflow scheduled__2022-01-27T00:00:00+00:00 [queued]>
[2024-05-13T09:59:08.142+0000] {taskinstance.py:2306} INFO - Starting attempt 1 of 1
[2024-05-13T09:59:08.223+0000] {taskinstance.py:2330} INFO - Executing <Task(_PythonDecoratedOperator): airflow> on 2022-01-27 00:00:00+00:00
[2024-05-13T09:59:08.246+0000] {warnings.py:110} WARNING - /home/***/.local/lib/python3.12/site-packages/***/task/task_runner/standard_task_runner.py:61: DeprecationWarning: This process (pid=776) is multi-threaded, use of fork() may lead to deadlocks in the child.
  pid = os.fork()

[2024-05-13T09:59:08.254+0000] {standard_task_runner.py:63} INFO - Started process 822 to run task
[2024-05-13T09:59:08.266+0000] {standard_task_runner.py:90} INFO - Running: ['***', 'tasks', 'run', 'demo', '***', 'scheduled__2022-01-27T00:00:00+00:00', '--job-id', '61', '--raw', '--subdir', 'DAGS_FOLDER/demo.py', '--cfg-path', '/tmp/tmpcm11mgo8']
[2024-05-13T09:59:08.365+0000] {standard_task_runner.py:91} INFO - Job 61: Subtask ***
[2024-05-13T09:59:08.805+0000] {task_command.py:426} INFO - Running <TaskInstance: demo.airflow scheduled__2022-01-27T00:00:00+00:00 [running]> on host c2025ffc2c56
[2024-05-13T09:59:09.116+0000] {taskinstance.py:2648} INFO - Exporting env vars: AIRFLOW_CTX_DAG_OWNER='***' AIRFLOW_CTX_DAG_ID='demo' AIRFLOW_CTX_TASK_ID='***' AIRFLOW_CTX_EXECUTION_DATE='2022-01-27T00:00:00+00:00' AIRFLOW_CTX_TRY_NUMBER='1' AIRFLOW_CTX_DAG_RUN_ID='scheduled__2022-01-27T00:00:00+00:00'
[2024-05-13T09:59:09.131+0000] {taskinstance.py:430} INFO - ::endgroup::
[2024-05-13T09:59:09.135+0000] {logging_mixin.py:188} INFO - ***
[2024-05-13T09:59:09.137+0000] {python.py:237} INFO - Done. Returned value was: None
[2024-05-13T09:59:09.147+0000] {taskinstance.py:441} INFO - ::group::Post task execution logs
[2024-05-13T09:59:09.210+0000] {taskinstance.py:1206} INFO - Marking task as SUCCESS. dag_id=demo, task_id=***, run_id=scheduled__2022-01-27T00:00:00+00:00, execution_date=20220127T000000, start_date=20240513T095908, end_date=20240513T095909
[2024-05-13T09:59:09.311+0000] {local_task_job_runner.py:240} INFO - Task exited with return code 0
[2024-05-13T09:59:09.362+0000] {taskinstance.py:3498} INFO - 0 downstream tasks scheduled from follow-on schedule check
[2024-05-13T09:59:09.382+0000] {local_task_job_runner.py:222} INFO - ::endgroup::
