[2024-05-14T14:34:06.430+0000] {local_task_job_runner.py:120} INFO - ::group::Pre task execution logs
[2024-05-14T14:34:06.467+0000] {taskinstance.py:2076} INFO - Dependencies all met for dep_context=non-requeueable deps ti=<TaskInstance: json2csv_a.courses_transform scheduled__2024-05-14T14:32:00+00:00 [queued]>
[2024-05-14T14:34:06.479+0000] {taskinstance.py:2076} INFO - Dependencies all met for dep_context=requeueable deps ti=<TaskInstance: json2csv_a.courses_transform scheduled__2024-05-14T14:32:00+00:00 [queued]>
[2024-05-14T14:34:06.480+0000] {taskinstance.py:2306} INFO - Starting attempt 1 of 1
[2024-05-14T14:34:06.500+0000] {taskinstance.py:2330} INFO - Executing <Task(_PythonDecoratedOperator): courses_transform> on 2024-05-14 14:32:00+00:00
[2024-05-14T14:34:06.508+0000] {warnings.py:110} WARNING - /home/***/.local/lib/python3.12/site-packages/***/task/task_runner/standard_task_runner.py:61: DeprecationWarning: This process (pid=1551) is multi-threaded, use of fork() may lead to deadlocks in the child.
  pid = os.fork()

[2024-05-14T14:34:06.511+0000] {standard_task_runner.py:63} INFO - Started process 1557 to run task
[2024-05-14T14:34:06.510+0000] {standard_task_runner.py:90} INFO - Running: ['***', 'tasks', 'run', 'json2csv_a', 'courses_transform', 'scheduled__2024-05-14T14:32:00+00:00', '--job-id', '793', '--raw', '--subdir', 'DAGS_FOLDER/json_to_csv_dynamic.py', '--cfg-path', '/tmp/tmpy553otup']
[2024-05-14T14:34:06.515+0000] {standard_task_runner.py:91} INFO - Job 793: Subtask courses_transform
[2024-05-14T14:34:06.593+0000] {task_command.py:426} INFO - Running <TaskInstance: json2csv_a.courses_transform scheduled__2024-05-14T14:32:00+00:00 [running]> on host c2025ffc2c56
[2024-05-14T14:34:06.763+0000] {taskinstance.py:2648} INFO - Exporting env vars: AIRFLOW_CTX_DAG_OWNER='***' AIRFLOW_CTX_DAG_ID='json2csv_a' AIRFLOW_CTX_TASK_ID='courses_transform' AIRFLOW_CTX_EXECUTION_DATE='2024-05-14T14:32:00+00:00' AIRFLOW_CTX_TRY_NUMBER='1' AIRFLOW_CTX_DAG_RUN_ID='scheduled__2024-05-14T14:32:00+00:00'
[2024-05-14T14:34:06.767+0000] {taskinstance.py:430} INFO - ::endgroup::
[2024-05-14T14:34:06.768+0000] {python.py:237} INFO - Done. Returned value was: 1,Software Engineer,Beginer
2,Engineering,Advanced

[2024-05-14T14:34:06.769+0000] {taskinstance.py:441} INFO - ::group::Post task execution logs
[2024-05-14T14:34:06.801+0000] {taskinstance.py:1206} INFO - Marking task as SUCCESS. dag_id=json2csv_a, task_id=courses_transform, run_id=scheduled__2024-05-14T14:32:00+00:00, execution_date=20240514T143200, start_date=20240514T143406, end_date=20240514T143406
[2024-05-14T14:34:06.847+0000] {local_task_job_runner.py:240} INFO - Task exited with return code 0
[2024-05-14T14:34:06.881+0000] {taskinstance.py:3498} INFO - 1 downstream tasks scheduled from follow-on schedule check
[2024-05-14T14:34:06.884+0000] {local_task_job_runner.py:222} INFO - ::endgroup::
