[2024-05-13T10:00:34.684+0000] {local_task_job_runner.py:120} INFO - ::group::Pre task execution logs
[2024-05-13T10:00:34.792+0000] {taskinstance.py:2076} INFO - Dependencies all met for dep_context=non-requeueable deps ti=<TaskInstance: demo.airflow scheduled__2022-03-15T00:00:00+00:00 [queued]>
[2024-05-13T10:00:34.832+0000] {taskinstance.py:2076} INFO - Dependencies all met for dep_context=requeueable deps ti=<TaskInstance: demo.airflow scheduled__2022-03-15T00:00:00+00:00 [queued]>
[2024-05-13T10:00:34.834+0000] {taskinstance.py:2306} INFO - Starting attempt 1 of 1
[2024-05-13T10:00:34.926+0000] {taskinstance.py:2330} INFO - Executing <Task(_PythonDecoratedOperator): airflow> on 2022-03-15 00:00:00+00:00
[2024-05-13T10:00:34.982+0000] {standard_task_runner.py:90} INFO - Running: ['***', 'tasks', 'run', 'demo', '***', 'scheduled__2022-03-15T00:00:00+00:00', '--job-id', '157', '--raw', '--subdir', 'DAGS_FOLDER/demo.py', '--cfg-path', '/tmp/tmpm_tffnxo']
[2024-05-13T10:00:35.006+0000] {standard_task_runner.py:91} INFO - Job 157: Subtask ***
[2024-05-13T10:00:34.966+0000] {warnings.py:110} WARNING - /home/***/.local/lib/python3.12/site-packages/***/task/task_runner/standard_task_runner.py:61: DeprecationWarning: This process (pid=1135) is multi-threaded, use of fork() may lead to deadlocks in the child.
  pid = os.fork()

[2024-05-13T10:00:35.028+0000] {standard_task_runner.py:63} INFO - Started process 1171 to run task
[2024-05-13T10:00:35.299+0000] {task_command.py:426} INFO - Running <TaskInstance: demo.airflow scheduled__2022-03-15T00:00:00+00:00 [running]> on host c2025ffc2c56
[2024-05-13T10:00:35.694+0000] {taskinstance.py:2648} INFO - Exporting env vars: AIRFLOW_CTX_DAG_OWNER='***' AIRFLOW_CTX_DAG_ID='demo' AIRFLOW_CTX_TASK_ID='***' AIRFLOW_CTX_EXECUTION_DATE='2022-03-15T00:00:00+00:00' AIRFLOW_CTX_TRY_NUMBER='1' AIRFLOW_CTX_DAG_RUN_ID='scheduled__2022-03-15T00:00:00+00:00'
[2024-05-13T10:00:35.706+0000] {taskinstance.py:430} INFO - ::endgroup::
[2024-05-13T10:00:35.710+0000] {logging_mixin.py:188} INFO - ***
[2024-05-13T10:00:35.711+0000] {python.py:237} INFO - Done. Returned value was: None
[2024-05-13T10:00:35.712+0000] {taskinstance.py:441} INFO - ::group::Post task execution logs
[2024-05-13T10:00:35.735+0000] {taskinstance.py:1206} INFO - Marking task as SUCCESS. dag_id=demo, task_id=***, run_id=scheduled__2022-03-15T00:00:00+00:00, execution_date=20220315T000000, start_date=20240513T100034, end_date=20240513T100035
[2024-05-13T10:00:35.803+0000] {local_task_job_runner.py:240} INFO - Task exited with return code 0
[2024-05-13T10:00:35.851+0000] {taskinstance.py:3498} INFO - 0 downstream tasks scheduled from follow-on schedule check
[2024-05-13T10:00:35.857+0000] {local_task_job_runner.py:222} INFO - ::endgroup::
