[2024-05-19T15:17:42.817+0000] {local_task_job_runner.py:120} INFO - ::group::Pre task execution logs
[2024-05-19T15:17:42.875+0000] {taskinstance.py:2076} INFO - Dependencies all met for dep_context=non-requeueable deps ti=<TaskInstance: dummyjson.is_todo_api_available manual__2024-05-19T15:17:18.366686+00:00 [queued]>
[2024-05-19T15:17:42.901+0000] {taskinstance.py:2076} INFO - Dependencies all met for dep_context=requeueable deps ti=<TaskInstance: dummyjson.is_todo_api_available manual__2024-05-19T15:17:18.366686+00:00 [queued]>
[2024-05-19T15:17:42.902+0000] {taskinstance.py:2306} INFO - Starting attempt 1 of 6
[2024-05-19T15:17:42.972+0000] {taskinstance.py:2330} INFO - Executing <Task(HttpSensor): is_todo_api_available> on 2024-05-19 15:17:18.366686+00:00
[2024-05-19T15:17:43.036+0000] {warnings.py:110} WARNING - /home/***/.local/lib/python3.12/site-packages/***/task/task_runner/standard_task_runner.py:61: DeprecationWarning: This process (pid=1457) is multi-threaded, use of fork() may lead to deadlocks in the child.
  pid = os.fork()

[2024-05-19T15:17:43.043+0000] {standard_task_runner.py:63} INFO - Started process 1484 to run task
[2024-05-19T15:17:43.050+0000] {standard_task_runner.py:90} INFO - Running: ['***', 'tasks', 'run', 'dummyjson', 'is_todo_api_available', 'manual__2024-05-19T15:17:18.366686+00:00', '--job-id', '1955', '--raw', '--subdir', 'DAGS_FOLDER/dummyjson.py', '--cfg-path', '/tmp/tmpioep4uwq']
[2024-05-19T15:17:43.054+0000] {standard_task_runner.py:91} INFO - Job 1955: Subtask is_todo_api_available
[2024-05-19T15:17:43.281+0000] {task_command.py:426} INFO - Running <TaskInstance: dummyjson.is_todo_api_available manual__2024-05-19T15:17:18.366686+00:00 [running]> on host ca927d78a9ea
[2024-05-19T15:17:44.336+0000] {taskinstance.py:2648} INFO - Exporting env vars: AIRFLOW_CTX_DAG_EMAIL='fathurrahmanhernanda@gmail.com' AIRFLOW_CTX_DAG_OWNER='***' AIRFLOW_CTX_DAG_ID='dummyjson' AIRFLOW_CTX_TASK_ID='is_todo_api_available' AIRFLOW_CTX_EXECUTION_DATE='2024-05-19T15:17:18.366686+00:00' AIRFLOW_CTX_TRY_NUMBER='1' AIRFLOW_CTX_DAG_RUN_ID='manual__2024-05-19T15:17:18.366686+00:00'
[2024-05-19T15:17:44.354+0000] {taskinstance.py:430} INFO - ::endgroup::
[2024-05-19T15:17:44.355+0000] {baseoperator.py:399} WARNING - HttpSensor.execute cannot be called outside TaskInstance!
[2024-05-19T15:17:44.383+0000] {http.py:137} INFO - Poking: /todos/
[2024-05-19T15:17:44.429+0000] {base.py:84} INFO - Using connection ID 'dummyjson_api' for task execution.
[2024-05-19T15:17:46.689+0000] {base.py:294} INFO - Success criteria met. Exiting.
[2024-05-19T15:17:46.691+0000] {taskinstance.py:441} INFO - ::group::Post task execution logs
[2024-05-19T15:17:46.749+0000] {taskinstance.py:1206} INFO - Marking task as SUCCESS. dag_id=dummyjson, task_id=is_todo_api_available, run_id=manual__2024-05-19T15:17:18.366686+00:00, execution_date=20240519T151718, start_date=20240519T151742, end_date=20240519T151746
[2024-05-19T15:17:46.871+0000] {local_task_job_runner.py:240} INFO - Task exited with return code 0
[2024-05-19T15:17:46.900+0000] {local_task_job_runner.py:222} INFO - ::endgroup::
