[2024-05-19T15:23:13.746+0000] {local_task_job_runner.py:120} INFO - ::group::Pre task execution logs
[2024-05-19T15:23:13.816+0000] {taskinstance.py:2076} INFO - Dependencies all met for dep_context=non-requeueable deps ti=<TaskInstance: dummyjson.is_todo_api_available manual__2024-05-19T15:17:18.366686+00:00 [queued]>
[2024-05-19T15:23:13.833+0000] {taskinstance.py:2076} INFO - Dependencies all met for dep_context=requeueable deps ti=<TaskInstance: dummyjson.is_todo_api_available manual__2024-05-19T15:17:18.366686+00:00 [queued]>
[2024-05-19T15:23:13.835+0000] {taskinstance.py:2306} INFO - Starting attempt 2 of 7
[2024-05-19T15:23:13.890+0000] {taskinstance.py:2330} INFO - Executing <Task(HttpSensor): is_todo_api_available> on 2024-05-19 15:17:18.366686+00:00
[2024-05-19T15:23:13.909+0000] {warnings.py:110} WARNING - /home/***/.local/lib/python3.12/site-packages/***/task/task_runner/standard_task_runner.py:61: DeprecationWarning: This process (pid=1697) is multi-threaded, use of fork() may lead to deadlocks in the child.
  pid = os.fork()

[2024-05-19T15:23:13.915+0000] {standard_task_runner.py:63} INFO - Started process 1714 to run task
[2024-05-19T15:23:13.933+0000] {standard_task_runner.py:90} INFO - Running: ['***', 'tasks', 'run', 'dummyjson', 'is_todo_api_available', 'manual__2024-05-19T15:17:18.366686+00:00', '--job-id', '2010', '--raw', '--subdir', 'DAGS_FOLDER/dummyjson.py', '--cfg-path', '/tmp/tmppvcxe2ui']
[2024-05-19T15:23:13.941+0000] {standard_task_runner.py:91} INFO - Job 2010: Subtask is_todo_api_available
[2024-05-19T15:23:14.131+0000] {task_command.py:426} INFO - Running <TaskInstance: dummyjson.is_todo_api_available manual__2024-05-19T15:17:18.366686+00:00 [running]> on host ca927d78a9ea
[2024-05-19T15:23:15.590+0000] {taskinstance.py:2648} INFO - Exporting env vars: AIRFLOW_CTX_DAG_EMAIL='fathurrahmanhernanda@gmail.com' AIRFLOW_CTX_DAG_OWNER='***' AIRFLOW_CTX_DAG_ID='dummyjson' AIRFLOW_CTX_TASK_ID='is_todo_api_available' AIRFLOW_CTX_EXECUTION_DATE='2024-05-19T15:17:18.366686+00:00' AIRFLOW_CTX_TRY_NUMBER='2' AIRFLOW_CTX_DAG_RUN_ID='manual__2024-05-19T15:17:18.366686+00:00'
[2024-05-19T15:23:15.596+0000] {taskinstance.py:430} INFO - ::endgroup::
[2024-05-19T15:23:15.597+0000] {baseoperator.py:399} WARNING - HttpSensor.execute cannot be called outside TaskInstance!
[2024-05-19T15:23:15.609+0000] {http.py:137} INFO - Poking: /todos/
[2024-05-19T15:23:15.639+0000] {base.py:84} INFO - Using connection ID 'dummyjson_api' for task execution.
[2024-05-19T15:23:17.412+0000] {base.py:294} INFO - Success criteria met. Exiting.
[2024-05-19T15:23:17.418+0000] {taskinstance.py:441} INFO - ::group::Post task execution logs
[2024-05-19T15:23:17.458+0000] {taskinstance.py:1206} INFO - Marking task as SUCCESS. dag_id=dummyjson, task_id=is_todo_api_available, run_id=manual__2024-05-19T15:17:18.366686+00:00, execution_date=20240519T151718, start_date=20240519T152313, end_date=20240519T152317
[2024-05-19T15:23:17.575+0000] {local_task_job_runner.py:240} INFO - Task exited with return code 0
[2024-05-19T15:23:17.600+0000] {warnings.py:110} WARNING - /home/***/.local/lib/python3.12/site-packages/***/models/baseoperator.py:1296: AirflowProviderDeprecationWarning: Call to deprecated class SimpleHttpOperator. (Class `SimpleHttpOperator` is deprecated and will be removed in a future release. Please use `HttpOperator` instead.)
  result = cls.__new__(cls)

[2024-05-19T15:23:17.664+0000] {taskinstance.py:3498} INFO - 1 downstream tasks scheduled from follow-on schedule check
[2024-05-19T15:23:17.669+0000] {local_task_job_runner.py:222} INFO - ::endgroup::
