[2024-05-19T11:43:20.569+0000] {local_task_job_runner.py:120} INFO - ::group::Pre task execution logs
[2024-05-19T11:43:20.606+0000] {taskinstance.py:2076} INFO - Dependencies all met for dep_context=non-requeueable deps ti=<TaskInstance: dummyjson.gcs_to_bigquery_user manual__2024-05-19T11:42:44.447631+00:00 [queued]>
[2024-05-19T11:43:20.620+0000] {taskinstance.py:2076} INFO - Dependencies all met for dep_context=requeueable deps ti=<TaskInstance: dummyjson.gcs_to_bigquery_user manual__2024-05-19T11:42:44.447631+00:00 [queued]>
[2024-05-19T11:43:20.621+0000] {taskinstance.py:2306} INFO - Starting attempt 1 of 6
[2024-05-19T11:43:20.640+0000] {taskinstance.py:2330} INFO - Executing <Task(GCSToBigQueryOperator): gcs_to_bigquery_user> on 2024-05-19 11:42:44.447631+00:00
[2024-05-19T11:43:20.649+0000] {warnings.py:110} WARNING - /home/***/.local/lib/python3.12/site-packages/***/task/task_runner/standard_task_runner.py:61: DeprecationWarning: This process (pid=3092) is multi-threaded, use of fork() may lead to deadlocks in the child.
  pid = os.fork()

[2024-05-19T11:43:20.653+0000] {standard_task_runner.py:63} INFO - Started process 3100 to run task
[2024-05-19T11:43:20.654+0000] {standard_task_runner.py:90} INFO - Running: ['***', 'tasks', 'run', 'dummyjson', 'gcs_to_bigquery_user', 'manual__2024-05-19T11:42:44.447631+00:00', '--job-id', '1531', '--raw', '--subdir', 'DAGS_FOLDER/dummyjson.py', '--cfg-path', '/tmp/tmp5lzebue3']
[2024-05-19T11:43:20.657+0000] {standard_task_runner.py:91} INFO - Job 1531: Subtask gcs_to_bigquery_user
[2024-05-19T11:43:20.744+0000] {task_command.py:426} INFO - Running <TaskInstance: dummyjson.gcs_to_bigquery_user manual__2024-05-19T11:42:44.447631+00:00 [running]> on host ca927d78a9ea
[2024-05-19T11:43:21.268+0000] {taskinstance.py:2648} INFO - Exporting env vars: AIRFLOW_CTX_DAG_EMAIL='fathurrahmanhernanda@gmail.com' AIRFLOW_CTX_DAG_OWNER='***' AIRFLOW_CTX_DAG_ID='dummyjson' AIRFLOW_CTX_TASK_ID='gcs_to_bigquery_user' AIRFLOW_CTX_EXECUTION_DATE='2024-05-19T11:42:44.447631+00:00' AIRFLOW_CTX_TRY_NUMBER='1' AIRFLOW_CTX_DAG_RUN_ID='manual__2024-05-19T11:42:44.447631+00:00'
[2024-05-19T11:43:21.270+0000] {taskinstance.py:430} INFO - ::endgroup::
[2024-05-19T11:43:21.282+0000] {connection.py:274} WARNING - Connection schemes (type: google_cloud_platform) shall not contain '_' according to RFC3986.
[2024-05-19T11:43:21.288+0000] {base.py:84} INFO - Using connection ID '***GCP' for task execution.
[2024-05-19T11:43:21.291+0000] {gcs_to_bigquery.py:380} INFO - Using existing BigQuery table for storing data...
[2024-05-19T11:43:21.348+0000] {gcs_to_bigquery.py:384} INFO - Executing: {'load': {'autodetect': True, 'createDisposition': 'CREATE_IF_NEEDED', 'destinationTable': {'projectId': 'iconic-indexer-418610', 'datasetId': 'weekly_assignment_6', 'tableId': 'users'}, 'sourceFormat': 'CSV', 'sourceUris': ['gs://weekly-assignment-6/users.csv'], 'writeDisposition': 'WRITE_TRUNCATE', 'ignoreUnknownValues': False, 'schema': {'fields': [{'name': 'user_id', 'type': 'STRING', 'mode': 'NULLABLE'}, {'name': 'first_name', 'type': 'STRING', 'mode': 'NULLABLE'}, {'name': 'last_name', 'type': 'STRING', 'mode': 'NULLABLE'}, {'name': 'age', 'type': 'STRING', 'mode': 'NULLABLE'}, {'name': 'gender', 'type': 'STRING', 'mode': 'NULLABLE'}, {'name': 'email', 'type': 'STRING', 'mode': 'NULLABLE'}, {'name': 'phoneNumber', 'type': 'STRING', 'mode': 'NULLABLE'}, {'name': 'birthDate', 'type': 'STRING', 'mode': 'NULLABLE'}, {'name': 'address', 'type': 'STRING', 'mode': 'NULLABLE'}, {'name': 'coin', 'type': 'STRING', 'mode': 'NULLABLE'}]}, 'skipLeadingRows': 1, 'fieldDelimiter': ',', 'quote': None, 'allowQuotedNewlines': False, 'encoding': 'UTF-8'}}
[2024-05-19T11:43:21.350+0000] {bigquery.py:1660} INFO - Inserting job ***_dummyjson_gcs_to_bigquery_user_2024_05_19T11_42_44_447631_00_00_fab9a1d15de3ae145a4a928b9e5fc5dc
[2024-05-19T11:43:24.475+0000] {taskinstance.py:441} INFO - ::group::Post task execution logs
[2024-05-19T11:43:24.491+0000] {taskinstance.py:1206} INFO - Marking task as SUCCESS. dag_id=dummyjson, task_id=gcs_to_bigquery_user, run_id=manual__2024-05-19T11:42:44.447631+00:00, execution_date=20240519T114244, start_date=20240519T114320, end_date=20240519T114324
[2024-05-19T11:43:24.533+0000] {local_task_job_runner.py:240} INFO - Task exited with return code 0
[2024-05-19T11:43:24.557+0000] {taskinstance.py:3498} INFO - 0 downstream tasks scheduled from follow-on schedule check
[2024-05-19T11:43:24.561+0000] {local_task_job_runner.py:222} INFO - ::endgroup::
