[2024-05-14T15:30:00.307+0000] {local_task_job_runner.py:120} INFO - ::group::Pre task execution logs
[2024-05-14T15:30:00.389+0000] {taskinstance.py:2076} INFO - Dependencies all met for dep_context=non-requeueable deps ti=<TaskInstance: json2csv_b.products_transform scheduled__2024-05-14T15:20:00+00:00 [queued]>
[2024-05-14T15:30:00.412+0000] {taskinstance.py:2076} INFO - Dependencies all met for dep_context=requeueable deps ti=<TaskInstance: json2csv_b.products_transform scheduled__2024-05-14T15:20:00+00:00 [queued]>
[2024-05-14T15:30:00.414+0000] {taskinstance.py:2306} INFO - Starting attempt 1 of 1
[2024-05-14T15:30:00.469+0000] {taskinstance.py:2330} INFO - Executing <Task(_PythonDecoratedOperator): products_transform> on 2024-05-14 15:20:00+00:00
[2024-05-14T15:30:00.488+0000] {warnings.py:110} WARNING - /home/***/.local/lib/python3.12/site-packages/***/task/task_runner/standard_task_runner.py:61: DeprecationWarning: This process (pid=2475) is multi-threaded, use of fork() may lead to deadlocks in the child.
  pid = os.fork()

[2024-05-14T15:30:00.495+0000] {standard_task_runner.py:63} INFO - Started process 2482 to run task
[2024-05-14T15:30:00.497+0000] {standard_task_runner.py:90} INFO - Running: ['***', 'tasks', 'run', 'json2csv_b', 'products_transform', 'scheduled__2024-05-14T15:20:00+00:00', '--job-id', '872', '--raw', '--subdir', 'DAGS_FOLDER/json_to_csv_dynamic_config.py', '--cfg-path', '/tmp/tmpa1e53mfg']
[2024-05-14T15:30:00.517+0000] {standard_task_runner.py:91} INFO - Job 872: Subtask products_transform
[2024-05-14T15:30:00.726+0000] {task_command.py:426} INFO - Running <TaskInstance: json2csv_b.products_transform scheduled__2024-05-14T15:20:00+00:00 [running]> on host c2025ffc2c56
[2024-05-14T15:30:01.015+0000] {taskinstance.py:2648} INFO - Exporting env vars: AIRFLOW_CTX_DAG_OWNER='***' AIRFLOW_CTX_DAG_ID='json2csv_b' AIRFLOW_CTX_TASK_ID='products_transform' AIRFLOW_CTX_EXECUTION_DATE='2024-05-14T15:20:00+00:00' AIRFLOW_CTX_TRY_NUMBER='1' AIRFLOW_CTX_DAG_RUN_ID='scheduled__2024-05-14T15:20:00+00:00'
[2024-05-14T15:30:01.022+0000] {taskinstance.py:430} INFO - ::endgroup::
[2024-05-14T15:30:01.024+0000] {python.py:237} INFO - Done. Returned value was: 1,Macbook Pro,2020
2,HP Envy,2024

[2024-05-14T15:30:01.026+0000] {taskinstance.py:441} INFO - ::group::Post task execution logs
[2024-05-14T15:30:01.093+0000] {taskinstance.py:1206} INFO - Marking task as SUCCESS. dag_id=json2csv_b, task_id=products_transform, run_id=scheduled__2024-05-14T15:20:00+00:00, execution_date=20240514T152000, start_date=20240514T153000, end_date=20240514T153001
[2024-05-14T15:30:01.187+0000] {local_task_job_runner.py:240} INFO - Task exited with return code 0
[2024-05-14T15:30:01.230+0000] {taskinstance.py:3498} INFO - 1 downstream tasks scheduled from follow-on schedule check
[2024-05-14T15:30:01.234+0000] {local_task_job_runner.py:222} INFO - ::endgroup::
