[2024-05-19T12:01:29.189+0000] {local_task_job_runner.py:120} INFO - ::group::Pre task execution logs
[2024-05-19T12:01:29.230+0000] {taskinstance.py:2076} INFO - Dependencies all met for dep_context=non-requeueable deps ti=<TaskInstance: dummyjson_products.extract_products manual__2024-05-19T12:01:19.389977+00:00 [queued]>
[2024-05-19T12:01:29.243+0000] {taskinstance.py:2076} INFO - Dependencies all met for dep_context=requeueable deps ti=<TaskInstance: dummyjson_products.extract_products manual__2024-05-19T12:01:19.389977+00:00 [queued]>
[2024-05-19T12:01:29.244+0000] {taskinstance.py:2306} INFO - Starting attempt 1 of 6
[2024-05-19T12:01:29.262+0000] {taskinstance.py:2330} INFO - Executing <Task(SimpleHttpOperator): extract_products> on 2024-05-19 12:01:19.389977+00:00
[2024-05-19T12:01:29.272+0000] {warnings.py:110} WARNING - /home/***/.local/lib/python3.12/site-packages/***/task/task_runner/standard_task_runner.py:61: DeprecationWarning: This process (pid=3412) is multi-threaded, use of fork() may lead to deadlocks in the child.
  pid = os.fork()

[2024-05-19T12:01:29.274+0000] {standard_task_runner.py:63} INFO - Started process 3414 to run task
[2024-05-19T12:01:29.275+0000] {standard_task_runner.py:90} INFO - Running: ['***', 'tasks', 'run', 'dummyjson_products', 'extract_products', 'manual__2024-05-19T12:01:19.389977+00:00', '--job-id', '1560', '--raw', '--subdir', 'DAGS_FOLDER/dummyjson_product.py', '--cfg-path', '/tmp/tmp18eovmdk']
[2024-05-19T12:01:29.277+0000] {standard_task_runner.py:91} INFO - Job 1560: Subtask extract_products
[2024-05-19T12:01:29.343+0000] {task_command.py:426} INFO - Running <TaskInstance: dummyjson_products.extract_products manual__2024-05-19T12:01:19.389977+00:00 [running]> on host ca927d78a9ea
[2024-05-19T12:01:29.823+0000] {taskinstance.py:2648} INFO - Exporting env vars: AIRFLOW_CTX_DAG_EMAIL='fathurrahmanhernanda@gmail.com' AIRFLOW_CTX_DAG_OWNER='***' AIRFLOW_CTX_DAG_ID='dummyjson_products' AIRFLOW_CTX_TASK_ID='extract_products' AIRFLOW_CTX_EXECUTION_DATE='2024-05-19T12:01:19.389977+00:00' AIRFLOW_CTX_TRY_NUMBER='1' AIRFLOW_CTX_DAG_RUN_ID='manual__2024-05-19T12:01:19.389977+00:00'
[2024-05-19T12:01:29.824+0000] {taskinstance.py:430} INFO - ::endgroup::
[2024-05-19T12:01:29.825+0000] {http.py:169} INFO - Calling HTTP method
[2024-05-19T12:01:29.842+0000] {base.py:84} INFO - Using connection ID 'dummyjson_api' for task execution.
[2024-05-19T12:01:29.853+0000] {base.py:84} INFO - Using connection ID 'dummyjson_api' for task execution.
[2024-05-19T12:01:31.184+0000] {taskinstance.py:441} INFO - ::group::Post task execution logs
[2024-05-19T12:01:31.232+0000] {taskinstance.py:1206} INFO - Marking task as SUCCESS. dag_id=dummyjson_products, task_id=extract_products, run_id=manual__2024-05-19T12:01:19.389977+00:00, execution_date=20240519T120119, start_date=20240519T120129, end_date=20240519T120131
[2024-05-19T12:01:31.420+0000] {local_task_job_runner.py:240} INFO - Task exited with return code 0
[2024-05-19T12:01:31.443+0000] {warnings.py:110} WARNING - /home/***/.local/lib/python3.12/site-packages/***/models/baseoperator.py:1296: AirflowProviderDeprecationWarning: Call to deprecated class SimpleHttpOperator. (Class `SimpleHttpOperator` is deprecated and will be removed in a future release. Please use `HttpOperator` instead.)
  result = cls.__new__(cls)

[2024-05-19T12:01:31.473+0000] {taskinstance.py:3498} INFO - 1 downstream tasks scheduled from follow-on schedule check
[2024-05-19T12:01:31.476+0000] {local_task_job_runner.py:222} INFO - ::endgroup::
