[2024-05-16T12:20:59.614+0000] {local_task_job_runner.py:120} INFO - ::group::Pre task execution logs
[2024-05-16T12:20:59.643+0000] {taskinstance.py:2076} INFO - Dependencies all met for dep_context=non-requeueable deps ti=<TaskInstance: randomuser_ingestion.extract_user manual__2024-05-16T12:20:52.814529+00:00 [queued]>
[2024-05-16T12:20:59.659+0000] {taskinstance.py:2076} INFO - Dependencies all met for dep_context=requeueable deps ti=<TaskInstance: randomuser_ingestion.extract_user manual__2024-05-16T12:20:52.814529+00:00 [queued]>
[2024-05-16T12:20:59.661+0000] {taskinstance.py:2306} INFO - Starting attempt 1 of 1
[2024-05-16T12:20:59.681+0000] {taskinstance.py:2330} INFO - Executing <Task(SimpleHttpOperator): extract_user> on 2024-05-16 12:20:52.814529+00:00
[2024-05-16T12:20:59.689+0000] {warnings.py:110} WARNING - /home/***/.local/lib/python3.12/site-packages/***/task/task_runner/standard_task_runner.py:61: DeprecationWarning: This process (pid=2516) is multi-threaded, use of fork() may lead to deadlocks in the child.
  pid = os.fork()

[2024-05-16T12:20:59.692+0000] {standard_task_runner.py:63} INFO - Started process 2518 to run task
[2024-05-16T12:20:59.693+0000] {standard_task_runner.py:90} INFO - Running: ['***', 'tasks', 'run', 'randomuser_ingestion', 'extract_user', 'manual__2024-05-16T12:20:52.814529+00:00', '--job-id', '1092', '--raw', '--subdir', 'DAGS_FOLDER/randomuser_ingestion.py', '--cfg-path', '/tmp/tmpbpzukxy9']
[2024-05-16T12:20:59.697+0000] {standard_task_runner.py:91} INFO - Job 1092: Subtask extract_user
[2024-05-16T12:20:59.773+0000] {task_command.py:426} INFO - Running <TaskInstance: randomuser_ingestion.extract_user manual__2024-05-16T12:20:52.814529+00:00 [running]> on host 8d1d9b6df744
[2024-05-16T12:20:59.927+0000] {taskinstance.py:2648} INFO - Exporting env vars: AIRFLOW_CTX_DAG_OWNER='***' AIRFLOW_CTX_DAG_ID='randomuser_ingestion' AIRFLOW_CTX_TASK_ID='extract_user' AIRFLOW_CTX_EXECUTION_DATE='2024-05-16T12:20:52.814529+00:00' AIRFLOW_CTX_TRY_NUMBER='1' AIRFLOW_CTX_DAG_RUN_ID='manual__2024-05-16T12:20:52.814529+00:00'
[2024-05-16T12:20:59.930+0000] {taskinstance.py:430} INFO - ::endgroup::
[2024-05-16T12:20:59.931+0000] {http.py:169} INFO - Calling HTTP method
[2024-05-16T12:20:59.945+0000] {base.py:84} INFO - Using connection ID 'randomuser_api' for task execution.
[2024-05-16T12:20:59.956+0000] {base.py:84} INFO - Using connection ID 'randomuser_api' for task execution.
[2024-05-16T12:21:01.195+0000] {taskinstance.py:441} INFO - ::group::Post task execution logs
[2024-05-16T12:21:01.233+0000] {taskinstance.py:1206} INFO - Marking task as SUCCESS. dag_id=randomuser_ingestion, task_id=extract_user, run_id=manual__2024-05-16T12:20:52.814529+00:00, execution_date=20240516T122052, start_date=20240516T122059, end_date=20240516T122101
[2024-05-16T12:21:01.273+0000] {local_task_job_runner.py:240} INFO - Task exited with return code 0
[2024-05-16T12:21:01.288+0000] {warnings.py:110} WARNING - /home/***/.local/lib/python3.12/site-packages/***/models/baseoperator.py:1296: AirflowProviderDeprecationWarning: Call to deprecated class SimpleHttpOperator. (Class `SimpleHttpOperator` is deprecated and will be removed in a future release. Please use `HttpOperator` instead.)
  result = cls.__new__(cls)

[2024-05-16T12:21:01.308+0000] {taskinstance.py:3498} INFO - 1 downstream tasks scheduled from follow-on schedule check
[2024-05-16T12:21:01.312+0000] {local_task_job_runner.py:222} INFO - ::endgroup::
