[2024-05-15T06:01:31.659+0000] {local_task_job_runner.py:120} INFO - ::group::Pre task execution logs
[2024-05-15T06:01:31.716+0000] {taskinstance.py:2076} INFO - Dependencies all met for dep_context=non-requeueable deps ti=<TaskInstance: demo.hello manual__2024-05-15T06:01:27.922256+00:00 [queued]>
[2024-05-15T06:01:31.731+0000] {taskinstance.py:2076} INFO - Dependencies all met for dep_context=requeueable deps ti=<TaskInstance: demo.hello manual__2024-05-15T06:01:27.922256+00:00 [queued]>
[2024-05-15T06:01:31.732+0000] {taskinstance.py:2306} INFO - Starting attempt 1 of 1
[2024-05-15T06:01:31.760+0000] {taskinstance.py:2330} INFO - Executing <Task(BashOperator): hello> on 2024-05-15 06:01:27.922256+00:00
[2024-05-15T06:01:31.777+0000] {warnings.py:110} WARNING - /home/***/.local/lib/python3.12/site-packages/***/task/task_runner/standard_task_runner.py:61: DeprecationWarning: This process (pid=1780) is multi-threaded, use of fork() may lead to deadlocks in the child.
  pid = os.fork()

[2024-05-15T06:01:31.780+0000] {standard_task_runner.py:63} INFO - Started process 1785 to run task
[2024-05-15T06:01:31.778+0000] {standard_task_runner.py:90} INFO - Running: ['***', 'tasks', 'run', 'demo', 'hello', 'manual__2024-05-15T06:01:27.922256+00:00', '--job-id', '991', '--raw', '--subdir', 'DAGS_FOLDER/demo.py', '--cfg-path', '/tmp/tmpjzzo5r7o']
[2024-05-15T06:01:31.784+0000] {standard_task_runner.py:91} INFO - Job 991: Subtask hello
[2024-05-15T06:01:31.951+0000] {task_command.py:426} INFO - Running <TaskInstance: demo.hello manual__2024-05-15T06:01:27.922256+00:00 [running]> on host c2025ffc2c56
[2024-05-15T06:01:32.251+0000] {taskinstance.py:2648} INFO - Exporting env vars: AIRFLOW_CTX_DAG_OWNER='***' AIRFLOW_CTX_DAG_ID='demo' AIRFLOW_CTX_TASK_ID='hello' AIRFLOW_CTX_EXECUTION_DATE='2024-05-15T06:01:27.922256+00:00' AIRFLOW_CTX_TRY_NUMBER='1' AIRFLOW_CTX_DAG_RUN_ID='manual__2024-05-15T06:01:27.922256+00:00'
[2024-05-15T06:01:32.261+0000] {taskinstance.py:430} INFO - ::endgroup::
[2024-05-15T06:01:32.263+0000] {subprocess.py:63} INFO - Tmp dir root location: /tmp
[2024-05-15T06:01:32.264+0000] {subprocess.py:75} INFO - Running command: ['/usr/bin/bash', '-c', 'echo hello']
[2024-05-15T06:01:32.295+0000] {subprocess.py:86} INFO - Output:
[2024-05-15T06:01:32.314+0000] {subprocess.py:93} INFO - hello
[2024-05-15T06:01:32.315+0000] {subprocess.py:97} INFO - Command exited with return code 0
[2024-05-15T06:01:32.317+0000] {taskinstance.py:441} INFO - ::group::Post task execution logs
[2024-05-15T06:01:32.372+0000] {taskinstance.py:1206} INFO - Marking task as SUCCESS. dag_id=demo, task_id=hello, run_id=manual__2024-05-15T06:01:27.922256+00:00, execution_date=20240515T060127, start_date=20240515T060131, end_date=20240515T060132
[2024-05-15T06:01:32.445+0000] {local_task_job_runner.py:240} INFO - Task exited with return code 0
[2024-05-15T06:01:32.485+0000] {taskinstance.py:3498} INFO - 1 downstream tasks scheduled from follow-on schedule check
[2024-05-15T06:01:32.489+0000] {local_task_job_runner.py:222} INFO - ::endgroup::
