[2024-05-16T13:53:31.994+0000] {local_task_job_runner.py:120} INFO - ::group::Pre task execution logs
[2024-05-16T13:53:32.046+0000] {taskinstance.py:2076} INFO - Dependencies all met for dep_context=non-requeueable deps ti=<TaskInstance: randomuser_ingestion.extract_user manual__2024-05-16T13:53:24.543446+00:00 [queued]>
[2024-05-16T13:53:32.061+0000] {taskinstance.py:2076} INFO - Dependencies all met for dep_context=requeueable deps ti=<TaskInstance: randomuser_ingestion.extract_user manual__2024-05-16T13:53:24.543446+00:00 [queued]>
[2024-05-16T13:53:32.063+0000] {taskinstance.py:2306} INFO - Starting attempt 1 of 1
[2024-05-16T13:53:32.087+0000] {taskinstance.py:2330} INFO - Executing <Task(SimpleHttpOperator): extract_user> on 2024-05-16 13:53:24.543446+00:00
[2024-05-16T13:53:32.100+0000] {warnings.py:110} WARNING - /home/***/.local/lib/python3.12/site-packages/***/task/task_runner/standard_task_runner.py:61: DeprecationWarning: This process (pid=3778) is multi-threaded, use of fork() may lead to deadlocks in the child.
  pid = os.fork()

[2024-05-16T13:53:32.103+0000] {standard_task_runner.py:63} INFO - Started process 3780 to run task
[2024-05-16T13:53:32.102+0000] {standard_task_runner.py:90} INFO - Running: ['***', 'tasks', 'run', 'randomuser_ingestion', 'extract_user', 'manual__2024-05-16T13:53:24.543446+00:00', '--job-id', '1134', '--raw', '--subdir', 'DAGS_FOLDER/randomuser_ingestion.py', '--cfg-path', '/tmp/tmpkrnnwfl_']
[2024-05-16T13:53:32.106+0000] {standard_task_runner.py:91} INFO - Job 1134: Subtask extract_user
[2024-05-16T13:53:32.211+0000] {task_command.py:426} INFO - Running <TaskInstance: randomuser_ingestion.extract_user manual__2024-05-16T13:53:24.543446+00:00 [running]> on host 8d1d9b6df744
[2024-05-16T13:53:32.391+0000] {taskinstance.py:2648} INFO - Exporting env vars: AIRFLOW_CTX_DAG_OWNER='***' AIRFLOW_CTX_DAG_ID='randomuser_ingestion' AIRFLOW_CTX_TASK_ID='extract_user' AIRFLOW_CTX_EXECUTION_DATE='2024-05-16T13:53:24.543446+00:00' AIRFLOW_CTX_TRY_NUMBER='1' AIRFLOW_CTX_DAG_RUN_ID='manual__2024-05-16T13:53:24.543446+00:00'
[2024-05-16T13:53:32.397+0000] {taskinstance.py:430} INFO - ::endgroup::
[2024-05-16T13:53:32.399+0000] {http.py:169} INFO - Calling HTTP method
[2024-05-16T13:53:32.421+0000] {base.py:84} INFO - Using connection ID 'randomuser_api' for task execution.
[2024-05-16T13:53:32.440+0000] {base.py:84} INFO - Using connection ID 'randomuser_api' for task execution.
[2024-05-16T13:53:33.504+0000] {taskinstance.py:441} INFO - ::group::Post task execution logs
[2024-05-16T13:53:33.540+0000] {taskinstance.py:1206} INFO - Marking task as SUCCESS. dag_id=randomuser_ingestion, task_id=extract_user, run_id=manual__2024-05-16T13:53:24.543446+00:00, execution_date=20240516T135324, start_date=20240516T135332, end_date=20240516T135333
[2024-05-16T13:53:33.604+0000] {local_task_job_runner.py:240} INFO - Task exited with return code 0
[2024-05-16T13:53:33.629+0000] {warnings.py:110} WARNING - /home/***/.local/lib/python3.12/site-packages/***/models/baseoperator.py:1296: AirflowProviderDeprecationWarning: Call to deprecated class SimpleHttpOperator. (Class `SimpleHttpOperator` is deprecated and will be removed in a future release. Please use `HttpOperator` instead.)
  result = cls.__new__(cls)

[2024-05-16T13:53:33.664+0000] {taskinstance.py:3498} INFO - 1 downstream tasks scheduled from follow-on schedule check
[2024-05-16T13:53:33.667+0000] {local_task_job_runner.py:222} INFO - ::endgroup::
