[2024-05-19T11:58:28.124+0000] {local_task_job_runner.py:120} INFO - ::group::Pre task execution logs
[2024-05-19T11:58:28.177+0000] {taskinstance.py:2076} INFO - Dependencies all met for dep_context=non-requeueable deps ti=<TaskInstance: dummyjson_products.is_products_api_available manual__2024-05-19T11:57:58.039773+00:00 [queued]>
[2024-05-19T11:58:28.199+0000] {taskinstance.py:2076} INFO - Dependencies all met for dep_context=requeueable deps ti=<TaskInstance: dummyjson_products.is_products_api_available manual__2024-05-19T11:57:58.039773+00:00 [queued]>
[2024-05-19T11:58:28.200+0000] {taskinstance.py:2306} INFO - Starting attempt 1 of 6
[2024-05-19T11:58:28.249+0000] {taskinstance.py:2330} INFO - Executing <Task(HttpSensor): is_products_api_available> on 2024-05-19 11:57:58.039773+00:00
[2024-05-19T11:58:28.262+0000] {warnings.py:110} WARNING - /home/***/.local/lib/python3.12/site-packages/***/task/task_runner/standard_task_runner.py:61: DeprecationWarning: This process (pid=3327) is multi-threaded, use of fork() may lead to deadlocks in the child.
  pid = os.fork()

[2024-05-19T11:58:28.265+0000] {standard_task_runner.py:63} INFO - Started process 3361 to run task
[2024-05-19T11:58:28.266+0000] {standard_task_runner.py:90} INFO - Running: ['***', 'tasks', 'run', 'dummyjson_products', 'is_products_api_available', 'manual__2024-05-19T11:57:58.039773+00:00', '--job-id', '1550', '--raw', '--subdir', 'DAGS_FOLDER/dummyjson_product.py', '--cfg-path', '/tmp/tmp85f9ntcg']
[2024-05-19T11:58:28.269+0000] {standard_task_runner.py:91} INFO - Job 1550: Subtask is_products_api_available
[2024-05-19T11:58:28.400+0000] {task_command.py:426} INFO - Running <TaskInstance: dummyjson_products.is_products_api_available manual__2024-05-19T11:57:58.039773+00:00 [running]> on host ca927d78a9ea
[2024-05-19T11:58:29.221+0000] {taskinstance.py:2648} INFO - Exporting env vars: AIRFLOW_CTX_DAG_EMAIL='fathurrahmanhernanda@gmail.com' AIRFLOW_CTX_DAG_OWNER='***' AIRFLOW_CTX_DAG_ID='dummyjson_products' AIRFLOW_CTX_TASK_ID='is_products_api_available' AIRFLOW_CTX_EXECUTION_DATE='2024-05-19T11:57:58.039773+00:00' AIRFLOW_CTX_TRY_NUMBER='1' AIRFLOW_CTX_DAG_RUN_ID='manual__2024-05-19T11:57:58.039773+00:00'
[2024-05-19T11:58:29.227+0000] {taskinstance.py:430} INFO - ::endgroup::
[2024-05-19T11:58:29.227+0000] {baseoperator.py:399} WARNING - HttpSensor.execute cannot be called outside TaskInstance!
[2024-05-19T11:58:29.228+0000] {http.py:137} INFO - Poking: /carts/
[2024-05-19T11:58:29.254+0000] {base.py:84} INFO - Using connection ID 'dummyjson_api' for task execution.
[2024-05-19T11:58:30.675+0000] {base.py:294} INFO - Success criteria met. Exiting.
[2024-05-19T11:58:30.678+0000] {taskinstance.py:441} INFO - ::group::Post task execution logs
[2024-05-19T11:58:30.697+0000] {taskinstance.py:1206} INFO - Marking task as SUCCESS. dag_id=dummyjson_products, task_id=is_products_api_available, run_id=manual__2024-05-19T11:57:58.039773+00:00, execution_date=20240519T115758, start_date=20240519T115828, end_date=20240519T115830
[2024-05-19T11:58:30.752+0000] {local_task_job_runner.py:240} INFO - Task exited with return code 0
[2024-05-19T11:58:30.772+0000] {warnings.py:110} WARNING - /home/***/.local/lib/python3.12/site-packages/***/models/baseoperator.py:1296: AirflowProviderDeprecationWarning: Call to deprecated class SimpleHttpOperator. (Class `SimpleHttpOperator` is deprecated and will be removed in a future release. Please use `HttpOperator` instead.)
  result = cls.__new__(cls)

[2024-05-19T11:58:30.829+0000] {taskinstance.py:3498} INFO - 1 downstream tasks scheduled from follow-on schedule check
[2024-05-19T11:58:30.833+0000] {local_task_job_runner.py:222} INFO - ::endgroup::
