[2024-05-19T12:58:19.053+0000] {local_task_job_runner.py:120} INFO - ::group::Pre task execution logs
[2024-05-19T12:58:19.077+0000] {taskinstance.py:2076} INFO - Dependencies all met for dep_context=non-requeueable deps ti=<TaskInstance: extract_products_from_api.load_to_bigquery manual__2024-05-19T12:53:01.394282+00:00 [queued]>
[2024-05-19T12:58:19.090+0000] {taskinstance.py:2076} INFO - Dependencies all met for dep_context=requeueable deps ti=<TaskInstance: extract_products_from_api.load_to_bigquery manual__2024-05-19T12:53:01.394282+00:00 [queued]>
[2024-05-19T12:58:19.091+0000] {taskinstance.py:2306} INFO - Starting attempt 2 of 4
[2024-05-19T12:58:19.114+0000] {taskinstance.py:2330} INFO - Executing <Task(PythonOperator): load_to_bigquery> on 2024-05-19 12:53:01.394282+00:00
[2024-05-19T12:58:19.126+0000] {warnings.py:110} WARNING - /home/***/.local/lib/python3.12/site-packages/***/task/task_runner/standard_task_runner.py:61: DeprecationWarning: This process (pid=4865) is multi-threaded, use of fork() may lead to deadlocks in the child.
  pid = os.fork()

[2024-05-19T12:58:19.129+0000] {standard_task_runner.py:63} INFO - Started process 4869 to run task
[2024-05-19T12:58:19.131+0000] {standard_task_runner.py:90} INFO - Running: ['***', 'tasks', 'run', 'extract_products_from_api', 'load_to_bigquery', 'manual__2024-05-19T12:53:01.394282+00:00', '--job-id', '1817', '--raw', '--subdir', 'DAGS_FOLDER/dummyjson_product.py', '--cfg-path', '/tmp/tmp3t7tufqn']
[2024-05-19T12:58:19.134+0000] {standard_task_runner.py:91} INFO - Job 1817: Subtask load_to_bigquery
[2024-05-19T12:58:19.216+0000] {task_command.py:426} INFO - Running <TaskInstance: extract_products_from_api.load_to_bigquery manual__2024-05-19T12:53:01.394282+00:00 [running]> on host ca927d78a9ea
[2024-05-19T12:58:19.371+0000] {taskinstance.py:2648} INFO - Exporting env vars: AIRFLOW_CTX_DAG_EMAIL='your_email@example.com' AIRFLOW_CTX_DAG_OWNER='***' AIRFLOW_CTX_DAG_ID='extract_products_from_api' AIRFLOW_CTX_TASK_ID='load_to_bigquery' AIRFLOW_CTX_EXECUTION_DATE='2024-05-19T12:53:01.394282+00:00' AIRFLOW_CTX_TRY_NUMBER='2' AIRFLOW_CTX_DAG_RUN_ID='manual__2024-05-19T12:53:01.394282+00:00'
[2024-05-19T12:58:19.373+0000] {taskinstance.py:430} INFO - ::endgroup::
[2024-05-19T12:58:19.375+0000] {taskinstance.py:441} INFO - ::group::Post task execution logs
[2024-05-19T12:58:19.376+0000] {taskinstance.py:2905} ERROR - Task failed with exception
Traceback (most recent call last):
  File "/home/airflow/.local/lib/python3.12/site-packages/airflow/models/taskinstance.py", line 465, in _execute_task
    result = _execute_callable(context=context, **execute_callable_kwargs)
             ^^^^^^^^^^^^^^^^^^^^^^^^^^^^^^^^^^^^^^^^^^^^^^^^^^^^^^^^^^^^^
  File "/home/airflow/.local/lib/python3.12/site-packages/airflow/models/taskinstance.py", line 432, in _execute_callable
    return execute_callable(context=context, **execute_callable_kwargs)
           ^^^^^^^^^^^^^^^^^^^^^^^^^^^^^^^^^^^^^^^^^^^^^^^^^^^^^^^^^^^^
  File "/home/airflow/.local/lib/python3.12/site-packages/airflow/models/baseoperator.py", line 400, in wrapper
    return func(self, *args, **kwargs)
           ^^^^^^^^^^^^^^^^^^^^^^^^^^^
  File "/home/airflow/.local/lib/python3.12/site-packages/airflow/operators/python.py", line 235, in execute
    return_value = self.execute_callable()
                   ^^^^^^^^^^^^^^^^^^^^^^^
  File "/home/airflow/.local/lib/python3.12/site-packages/airflow/operators/python.py", line 252, in execute_callable
    return self.python_callable(*self.op_args, **self.op_kwargs)
           ^^^^^^^^^^^^^^^^^^^^^^^^^^^^^^^^^^^^^^^^^^^^^^^^^^^^^
TypeError: load_to_bigquery() missing 1 required positional argument: 'context'
[2024-05-19T12:58:19.388+0000] {taskinstance.py:1206} INFO - Marking task as UP_FOR_RETRY. dag_id=extract_products_from_api, task_id=load_to_bigquery, run_id=manual__2024-05-19T12:53:01.394282+00:00, execution_date=20240519T125301, start_date=20240519T125819, end_date=20240519T125819
[2024-05-19T12:58:19.407+0000] {standard_task_runner.py:110} ERROR - Failed to execute job 1817 for task load_to_bigquery (load_to_bigquery() missing 1 required positional argument: 'context'; 4869)
[2024-05-19T12:58:19.426+0000] {local_task_job_runner.py:240} INFO - Task exited with return code 1
[2024-05-19T12:58:19.451+0000] {taskinstance.py:3498} INFO - 0 downstream tasks scheduled from follow-on schedule check
[2024-05-19T12:58:19.454+0000] {local_task_job_runner.py:222} INFO - ::endgroup::
