[2024-05-19T10:13:31.262+0000] {local_task_job_runner.py:120} INFO - ::group::Pre task execution logs
[2024-05-19T10:13:31.291+0000] {taskinstance.py:2076} INFO - Dependencies all met for dep_context=non-requeueable deps ti=<TaskInstance: dummyjson.write_to_csv_post manual__2024-05-19T10:12:02.912276+00:00 [queued]>
[2024-05-19T10:13:31.310+0000] {taskinstance.py:2076} INFO - Dependencies all met for dep_context=requeueable deps ti=<TaskInstance: dummyjson.write_to_csv_post manual__2024-05-19T10:12:02.912276+00:00 [queued]>
[2024-05-19T10:13:31.311+0000] {taskinstance.py:2306} INFO - Starting attempt 1 of 6
[2024-05-19T10:13:31.337+0000] {taskinstance.py:2330} INFO - Executing <Task(PythonOperator): write_to_csv_post> on 2024-05-19 10:12:02.912276+00:00
[2024-05-19T10:13:31.350+0000] {warnings.py:110} WARNING - /home/***/.local/lib/python3.12/site-packages/***/task/task_runner/standard_task_runner.py:61: DeprecationWarning: This process (pid=1557) is multi-threaded, use of fork() may lead to deadlocks in the child.
  pid = os.fork()

[2024-05-19T10:13:31.353+0000] {standard_task_runner.py:63} INFO - Started process 1561 to run task
[2024-05-19T10:13:31.353+0000] {standard_task_runner.py:90} INFO - Running: ['***', 'tasks', 'run', 'dummyjson', 'write_to_csv_post', 'manual__2024-05-19T10:12:02.912276+00:00', '--job-id', '1384', '--raw', '--subdir', 'DAGS_FOLDER/dummyjson.py', '--cfg-path', '/tmp/tmp8s9_c2ao']
[2024-05-19T10:13:31.356+0000] {standard_task_runner.py:91} INFO - Job 1384: Subtask write_to_csv_post
[2024-05-19T10:13:31.446+0000] {task_command.py:426} INFO - Running <TaskInstance: dummyjson.write_to_csv_post manual__2024-05-19T10:12:02.912276+00:00 [running]> on host ca927d78a9ea
[2024-05-19T10:13:31.887+0000] {taskinstance.py:2648} INFO - Exporting env vars: AIRFLOW_CTX_DAG_EMAIL='fathurrahmanhernanda@gmail.com' AIRFLOW_CTX_DAG_OWNER='***' AIRFLOW_CTX_DAG_ID='dummyjson' AIRFLOW_CTX_TASK_ID='write_to_csv_post' AIRFLOW_CTX_EXECUTION_DATE='2024-05-19T10:12:02.912276+00:00' AIRFLOW_CTX_TRY_NUMBER='1' AIRFLOW_CTX_DAG_RUN_ID='manual__2024-05-19T10:12:02.912276+00:00'
[2024-05-19T10:13:31.888+0000] {taskinstance.py:430} INFO - ::endgroup::
[2024-05-19T10:13:31.910+0000] {dummyjson.py:109} INFO - CSV file has been written successfully to /opt/***/dags/playground/target/dummyjson/posts.csv.
[2024-05-19T10:13:31.911+0000] {python.py:237} INFO - Done. Returned value was: None
[2024-05-19T10:13:31.911+0000] {taskinstance.py:441} INFO - ::group::Post task execution logs
[2024-05-19T10:13:31.925+0000] {taskinstance.py:1206} INFO - Marking task as SUCCESS. dag_id=dummyjson, task_id=write_to_csv_post, run_id=manual__2024-05-19T10:12:02.912276+00:00, execution_date=20240519T101202, start_date=20240519T101331, end_date=20240519T101331
[2024-05-19T10:13:31.969+0000] {local_task_job_runner.py:240} INFO - Task exited with return code 0
[2024-05-19T10:13:32.012+0000] {taskinstance.py:3498} INFO - 1 downstream tasks scheduled from follow-on schedule check
[2024-05-19T10:13:32.016+0000] {local_task_job_runner.py:222} INFO - ::endgroup::
