[2024-05-13T14:52:06.058+0000] {local_task_job_runner.py:120} INFO - ::group::Pre task execution logs
[2024-05-13T14:52:06.092+0000] {taskinstance.py:2076} INFO - Dependencies all met for dep_context=non-requeueable deps ti=<TaskInstance: students.transform scheduled__2024-05-13T14:50:00+00:00 [queued]>
[2024-05-13T14:52:06.104+0000] {taskinstance.py:2076} INFO - Dependencies all met for dep_context=requeueable deps ti=<TaskInstance: students.transform scheduled__2024-05-13T14:50:00+00:00 [queued]>
[2024-05-13T14:52:06.105+0000] {taskinstance.py:2306} INFO - Starting attempt 1 of 1
[2024-05-13T14:52:06.128+0000] {taskinstance.py:2330} INFO - Executing <Task(_PythonDecoratedOperator): transform> on 2024-05-13 14:50:00+00:00
[2024-05-13T14:52:06.138+0000] {warnings.py:110} WARNING - /home/***/.local/lib/python3.12/site-packages/***/task/task_runner/standard_task_runner.py:61: DeprecationWarning: This process (pid=1590) is multi-threaded, use of fork() may lead to deadlocks in the child.
  pid = os.fork()

[2024-05-13T14:52:06.140+0000] {standard_task_runner.py:63} INFO - Started process 1592 to run task
[2024-05-13T14:52:06.140+0000] {standard_task_runner.py:90} INFO - Running: ['***', 'tasks', 'run', 'students', 'transform', 'scheduled__2024-05-13T14:50:00+00:00', '--job-id', '272', '--raw', '--subdir', 'DAGS_FOLDER/students.py', '--cfg-path', '/tmp/tmp65rdszd5']
[2024-05-13T14:52:06.144+0000] {standard_task_runner.py:91} INFO - Job 272: Subtask transform
[2024-05-13T14:52:06.215+0000] {task_command.py:426} INFO - Running <TaskInstance: students.transform scheduled__2024-05-13T14:50:00+00:00 [running]> on host c2025ffc2c56
[2024-05-13T14:52:06.373+0000] {taskinstance.py:2648} INFO - Exporting env vars: AIRFLOW_CTX_DAG_OWNER='***' AIRFLOW_CTX_DAG_ID='students' AIRFLOW_CTX_TASK_ID='transform' AIRFLOW_CTX_EXECUTION_DATE='2024-05-13T14:50:00+00:00' AIRFLOW_CTX_TRY_NUMBER='1' AIRFLOW_CTX_DAG_RUN_ID='scheduled__2024-05-13T14:50:00+00:00'
[2024-05-13T14:52:06.376+0000] {taskinstance.py:430} INFO - ::endgroup::
[2024-05-13T14:52:06.378+0000] {python.py:237} INFO - Done. Returned value was: 1,Fariz Wakan
2,Fathurrahman Hernanda

[2024-05-13T14:52:06.379+0000] {taskinstance.py:441} INFO - ::group::Post task execution logs
[2024-05-13T14:52:06.413+0000] {taskinstance.py:1206} INFO - Marking task as SUCCESS. dag_id=students, task_id=transform, run_id=scheduled__2024-05-13T14:50:00+00:00, execution_date=20240513T145000, start_date=20240513T145206, end_date=20240513T145206
[2024-05-13T14:52:06.476+0000] {local_task_job_runner.py:240} INFO - Task exited with return code 0
[2024-05-13T14:52:06.507+0000] {taskinstance.py:3498} INFO - 1 downstream tasks scheduled from follow-on schedule check
[2024-05-13T14:52:06.511+0000] {local_task_job_runner.py:222} INFO - ::endgroup::
