[2024-05-19T10:13:10.785+0000] {local_task_job_runner.py:120} INFO - ::group::Pre task execution logs
[2024-05-19T10:13:10.841+0000] {taskinstance.py:2076} INFO - Dependencies all met for dep_context=non-requeueable deps ti=<TaskInstance: dummyjson.local_to_gcs_user scheduled__2024-05-01T00:00:00+00:00 [queued]>
[2024-05-19T10:13:10.876+0000] {taskinstance.py:2076} INFO - Dependencies all met for dep_context=requeueable deps ti=<TaskInstance: dummyjson.local_to_gcs_user scheduled__2024-05-01T00:00:00+00:00 [queued]>
[2024-05-19T10:13:10.877+0000] {taskinstance.py:2306} INFO - Starting attempt 1 of 6
[2024-05-19T10:13:10.916+0000] {taskinstance.py:2330} INFO - Executing <Task(LocalFilesystemToGCSOperator): local_to_gcs_user> on 2024-05-01 00:00:00+00:00
[2024-05-19T10:13:10.942+0000] {warnings.py:110} WARNING - /home/***/.local/lib/python3.12/site-packages/***/task/task_runner/standard_task_runner.py:61: DeprecationWarning: This process (pid=1509) is multi-threaded, use of fork() may lead to deadlocks in the child.
  pid = os.fork()

[2024-05-19T10:13:10.945+0000] {standard_task_runner.py:63} INFO - Started process 1530 to run task
[2024-05-19T10:13:10.962+0000] {standard_task_runner.py:90} INFO - Running: ['***', 'tasks', 'run', 'dummyjson', 'local_to_gcs_user', 'scheduled__2024-05-01T00:00:00+00:00', '--job-id', '1371', '--raw', '--subdir', 'DAGS_FOLDER/dummyjson.py', '--cfg-path', '/tmp/tmpbfht8ujt']
[2024-05-19T10:13:10.965+0000] {standard_task_runner.py:91} INFO - Job 1371: Subtask local_to_gcs_user
[2024-05-19T10:13:11.116+0000] {task_command.py:426} INFO - Running <TaskInstance: dummyjson.local_to_gcs_user scheduled__2024-05-01T00:00:00+00:00 [running]> on host ca927d78a9ea
[2024-05-19T10:13:12.029+0000] {taskinstance.py:2648} INFO - Exporting env vars: AIRFLOW_CTX_DAG_EMAIL='fathurrahmanhernanda@gmail.com' AIRFLOW_CTX_DAG_OWNER='***' AIRFLOW_CTX_DAG_ID='dummyjson' AIRFLOW_CTX_TASK_ID='local_to_gcs_user' AIRFLOW_CTX_EXECUTION_DATE='2024-05-01T00:00:00+00:00' AIRFLOW_CTX_TRY_NUMBER='1' AIRFLOW_CTX_DAG_RUN_ID='scheduled__2024-05-01T00:00:00+00:00'
[2024-05-19T10:13:12.035+0000] {taskinstance.py:430} INFO - ::endgroup::
[2024-05-19T10:13:12.081+0000] {connection.py:274} WARNING - Connection schemes (type: google_cloud_platform) shall not contain '_' according to RFC3986.
[2024-05-19T10:13:12.099+0000] {base.py:84} INFO - Using connection ID '***GCP' for task execution.
[2024-05-19T10:13:13.915+0000] {gcs.py:556} INFO - File /opt/***/dags/playground/target/dummyjson/users.csv uploaded to users.csv in weekly-assignment-6 bucket
[2024-05-19T10:13:13.917+0000] {taskinstance.py:441} INFO - ::group::Post task execution logs
[2024-05-19T10:13:13.949+0000] {taskinstance.py:1206} INFO - Marking task as SUCCESS. dag_id=dummyjson, task_id=local_to_gcs_user, run_id=scheduled__2024-05-01T00:00:00+00:00, execution_date=20240501T000000, start_date=20240519T101310, end_date=20240519T101313
[2024-05-19T10:13:14.057+0000] {local_task_job_runner.py:240} INFO - Task exited with return code 0
[2024-05-19T10:13:14.114+0000] {taskinstance.py:3498} INFO - 1 downstream tasks scheduled from follow-on schedule check
[2024-05-19T10:13:14.123+0000] {local_task_job_runner.py:222} INFO - ::endgroup::
