[2024-05-19T12:09:42.324+0000] {local_task_job_runner.py:120} INFO - ::group::Pre task execution logs
[2024-05-19T12:09:42.345+0000] {taskinstance.py:2076} INFO - Dependencies all met for dep_context=non-requeueable deps ti=<TaskInstance: dummyjson_products.local_to_gcs_products manual__2024-05-19T12:09:18.640156+00:00 [queued]>
[2024-05-19T12:09:42.362+0000] {taskinstance.py:2076} INFO - Dependencies all met for dep_context=requeueable deps ti=<TaskInstance: dummyjson_products.local_to_gcs_products manual__2024-05-19T12:09:18.640156+00:00 [queued]>
[2024-05-19T12:09:42.363+0000] {taskinstance.py:2306} INFO - Starting attempt 1 of 6
[2024-05-19T12:09:42.387+0000] {taskinstance.py:2330} INFO - Executing <Task(LocalFilesystemToGCSOperator): local_to_gcs_products> on 2024-05-19 12:09:18.640156+00:00
[2024-05-19T12:09:42.398+0000] {warnings.py:110} WARNING - /home/***/.local/lib/python3.12/site-packages/***/task/task_runner/standard_task_runner.py:61: DeprecationWarning: This process (pid=3681) is multi-threaded, use of fork() may lead to deadlocks in the child.
  pid = os.fork()

[2024-05-19T12:09:42.400+0000] {standard_task_runner.py:63} INFO - Started process 3683 to run task
[2024-05-19T12:09:42.401+0000] {standard_task_runner.py:90} INFO - Running: ['***', 'tasks', 'run', 'dummyjson_products', 'local_to_gcs_products', 'manual__2024-05-19T12:09:18.640156+00:00', '--job-id', '1618', '--raw', '--subdir', 'DAGS_FOLDER/dummyjson.py', '--cfg-path', '/tmp/tmpj_rh0t04']
[2024-05-19T12:09:42.403+0000] {standard_task_runner.py:91} INFO - Job 1618: Subtask local_to_gcs_products
[2024-05-19T12:09:42.476+0000] {task_command.py:426} INFO - Running <TaskInstance: dummyjson_products.local_to_gcs_products manual__2024-05-19T12:09:18.640156+00:00 [running]> on host ca927d78a9ea
[2024-05-19T12:09:42.867+0000] {taskinstance.py:2648} INFO - Exporting env vars: AIRFLOW_CTX_DAG_EMAIL='fathurrahmanhernanda@gmail.com' AIRFLOW_CTX_DAG_OWNER='***' AIRFLOW_CTX_DAG_ID='dummyjson_products' AIRFLOW_CTX_TASK_ID='local_to_gcs_products' AIRFLOW_CTX_EXECUTION_DATE='2024-05-19T12:09:18.640156+00:00' AIRFLOW_CTX_TRY_NUMBER='1' AIRFLOW_CTX_DAG_RUN_ID='manual__2024-05-19T12:09:18.640156+00:00'
[2024-05-19T12:09:42.868+0000] {taskinstance.py:430} INFO - ::endgroup::
[2024-05-19T12:09:42.879+0000] {connection.py:274} WARNING - Connection schemes (type: google_cloud_platform) shall not contain '_' according to RFC3986.
[2024-05-19T12:09:42.887+0000] {base.py:84} INFO - Using connection ID '***GCP' for task execution.
[2024-05-19T12:09:44.004+0000] {gcs.py:556} INFO - File /opt/***/dags/playground/target/dummyjson/products.csv uploaded to products.csv in weekly-assignment-6 bucket
[2024-05-19T12:09:44.005+0000] {taskinstance.py:441} INFO - ::group::Post task execution logs
[2024-05-19T12:09:44.017+0000] {taskinstance.py:1206} INFO - Marking task as SUCCESS. dag_id=dummyjson_products, task_id=local_to_gcs_products, run_id=manual__2024-05-19T12:09:18.640156+00:00, execution_date=20240519T120918, start_date=20240519T120942, end_date=20240519T120944
[2024-05-19T12:09:44.064+0000] {local_task_job_runner.py:240} INFO - Task exited with return code 0
[2024-05-19T12:09:44.094+0000] {taskinstance.py:3498} INFO - 1 downstream tasks scheduled from follow-on schedule check
[2024-05-19T12:09:44.097+0000] {local_task_job_runner.py:222} INFO - ::endgroup::
