[2024-05-13T11:14:06.982+0000] {local_task_job_runner.py:120} INFO - ::group::Pre task execution logs
[2024-05-13T11:14:07.107+0000] {taskinstance.py:2076} INFO - Dependencies all met for dep_context=non-requeueable deps ti=<TaskInstance: demo.hello scheduled__2024-05-02T00:00:00+00:00 [queued]>
[2024-05-13T11:14:07.156+0000] {taskinstance.py:2076} INFO - Dependencies all met for dep_context=requeueable deps ti=<TaskInstance: demo.hello scheduled__2024-05-02T00:00:00+00:00 [queued]>
[2024-05-13T11:14:07.157+0000] {taskinstance.py:2306} INFO - Starting attempt 1 of 1
[2024-05-13T11:14:07.242+0000] {taskinstance.py:2330} INFO - Executing <Task(BashOperator): hello> on 2024-05-02 00:00:00+00:00
[2024-05-13T11:14:07.288+0000] {warnings.py:110} WARNING - /home/***/.local/lib/python3.12/site-packages/***/task/task_runner/standard_task_runner.py:61: DeprecationWarning: This process (pid=2145) is multi-threaded, use of fork() may lead to deadlocks in the child.
  pid = os.fork()

[2024-05-13T11:14:07.293+0000] {standard_task_runner.py:63} INFO - Started process 2164 to run task
[2024-05-13T11:14:07.323+0000] {standard_task_runner.py:90} INFO - Running: ['***', 'tasks', 'run', 'demo', 'hello', 'scheduled__2024-05-02T00:00:00+00:00', '--job-id', '177', '--raw', '--subdir', 'DAGS_FOLDER/demo.py', '--cfg-path', '/tmp/tmpq6qiu9by']
[2024-05-13T11:14:07.343+0000] {standard_task_runner.py:91} INFO - Job 177: Subtask hello
[2024-05-13T11:14:07.725+0000] {task_command.py:426} INFO - Running <TaskInstance: demo.hello scheduled__2024-05-02T00:00:00+00:00 [running]> on host c2025ffc2c56
[2024-05-13T11:14:08.802+0000] {taskinstance.py:2648} INFO - Exporting env vars: AIRFLOW_CTX_DAG_OWNER='***' AIRFLOW_CTX_DAG_ID='demo' AIRFLOW_CTX_TASK_ID='hello' AIRFLOW_CTX_EXECUTION_DATE='2024-05-02T00:00:00+00:00' AIRFLOW_CTX_TRY_NUMBER='1' AIRFLOW_CTX_DAG_RUN_ID='scheduled__2024-05-02T00:00:00+00:00'
[2024-05-13T11:14:08.810+0000] {taskinstance.py:430} INFO - ::endgroup::
[2024-05-13T11:14:08.822+0000] {subprocess.py:63} INFO - Tmp dir root location: /tmp
[2024-05-13T11:14:08.830+0000] {subprocess.py:75} INFO - Running command: ['/usr/bin/bash', '-c', 'echo hello']
[2024-05-13T11:14:09.040+0000] {subprocess.py:86} INFO - Output:
[2024-05-13T11:14:09.088+0000] {subprocess.py:93} INFO - hello
[2024-05-13T11:14:09.090+0000] {subprocess.py:97} INFO - Command exited with return code 0
[2024-05-13T11:14:09.096+0000] {taskinstance.py:441} INFO - ::group::Post task execution logs
[2024-05-13T11:14:09.338+0000] {taskinstance.py:1206} INFO - Marking task as SUCCESS. dag_id=demo, task_id=hello, run_id=scheduled__2024-05-02T00:00:00+00:00, execution_date=20240502T000000, start_date=20240513T111407, end_date=20240513T111409
[2024-05-13T11:14:09.507+0000] {local_task_job_runner.py:240} INFO - Task exited with return code 0
[2024-05-13T11:14:09.587+0000] {local_task_job_runner.py:222} INFO - ::endgroup::
