[2024-05-19T12:10:59.971+0000] {local_task_job_runner.py:120} INFO - ::group::Pre task execution logs
[2024-05-19T12:11:00.001+0000] {taskinstance.py:2076} INFO - Dependencies all met for dep_context=non-requeueable deps ti=<TaskInstance: dummyjson_products.transform_products manual__2024-05-19T12:08:41.939068+00:00 [queued]>
[2024-05-19T12:11:00.017+0000] {taskinstance.py:2076} INFO - Dependencies all met for dep_context=requeueable deps ti=<TaskInstance: dummyjson_products.transform_products manual__2024-05-19T12:08:41.939068+00:00 [queued]>
[2024-05-19T12:11:00.018+0000] {taskinstance.py:2306} INFO - Starting attempt 2 of 6
[2024-05-19T12:11:00.042+0000] {taskinstance.py:2330} INFO - Executing <Task(PythonOperator): transform_products> on 2024-05-19 12:08:41.939068+00:00
[2024-05-19T12:11:00.056+0000] {warnings.py:110} WARNING - /home/***/.local/lib/python3.12/site-packages/***/task/task_runner/standard_task_runner.py:61: DeprecationWarning: This process (pid=3702) is multi-threaded, use of fork() may lead to deadlocks in the child.
  pid = os.fork()

[2024-05-19T12:11:00.059+0000] {standard_task_runner.py:63} INFO - Started process 3706 to run task
[2024-05-19T12:11:00.059+0000] {standard_task_runner.py:90} INFO - Running: ['***', 'tasks', 'run', 'dummyjson_products', 'transform_products', 'manual__2024-05-19T12:08:41.939068+00:00', '--job-id', '1621', '--raw', '--subdir', 'DAGS_FOLDER/dummyjson.py', '--cfg-path', '/tmp/tmpe4tmo_bq']
[2024-05-19T12:11:00.061+0000] {standard_task_runner.py:91} INFO - Job 1621: Subtask transform_products
[2024-05-19T12:11:00.131+0000] {task_command.py:426} INFO - Running <TaskInstance: dummyjson_products.transform_products manual__2024-05-19T12:08:41.939068+00:00 [running]> on host ca927d78a9ea
[2024-05-19T12:11:00.624+0000] {taskinstance.py:2648} INFO - Exporting env vars: AIRFLOW_CTX_DAG_EMAIL='fathurrahmanhernanda@gmail.com' AIRFLOW_CTX_DAG_OWNER='***' AIRFLOW_CTX_DAG_ID='dummyjson_products' AIRFLOW_CTX_TASK_ID='transform_products' AIRFLOW_CTX_EXECUTION_DATE='2024-05-19T12:08:41.939068+00:00' AIRFLOW_CTX_TRY_NUMBER='2' AIRFLOW_CTX_DAG_RUN_ID='manual__2024-05-19T12:08:41.939068+00:00'
[2024-05-19T12:11:00.625+0000] {taskinstance.py:430} INFO - ::endgroup::
[2024-05-19T12:11:00.640+0000] {taskinstance.py:441} INFO - ::group::Post task execution logs
[2024-05-19T12:11:00.641+0000] {taskinstance.py:2905} ERROR - Task failed with exception
Traceback (most recent call last):
  File "/home/airflow/.local/lib/python3.12/site-packages/airflow/models/taskinstance.py", line 465, in _execute_task
    result = _execute_callable(context=context, **execute_callable_kwargs)
             ^^^^^^^^^^^^^^^^^^^^^^^^^^^^^^^^^^^^^^^^^^^^^^^^^^^^^^^^^^^^^
  File "/home/airflow/.local/lib/python3.12/site-packages/airflow/models/taskinstance.py", line 432, in _execute_callable
    return execute_callable(context=context, **execute_callable_kwargs)
           ^^^^^^^^^^^^^^^^^^^^^^^^^^^^^^^^^^^^^^^^^^^^^^^^^^^^^^^^^^^^
  File "/home/airflow/.local/lib/python3.12/site-packages/airflow/models/baseoperator.py", line 400, in wrapper
    return func(self, *args, **kwargs)
           ^^^^^^^^^^^^^^^^^^^^^^^^^^^
  File "/home/airflow/.local/lib/python3.12/site-packages/airflow/operators/python.py", line 235, in execute
    return_value = self.execute_callable()
                   ^^^^^^^^^^^^^^^^^^^^^^^
  File "/home/airflow/.local/lib/python3.12/site-packages/airflow/operators/python.py", line 252, in execute_callable
    return self.python_callable(*self.op_args, **self.op_kwargs)
           ^^^^^^^^^^^^^^^^^^^^^^^^^^^^^^^^^^^^^^^^^^^^^^^^^^^^^
  File "/opt/airflow/dags/dummyjson.py", line 39, in transform_generic_cart
    response = json.loads(ti.xcom_pull(task_ids='extract_products'))
               ^^^^^^^^^^^^^^^^^^^^^^^^^^^^^^^^^^^^^^^^^^^^^^^^^^^^^
  File "/usr/local/lib/python3.12/json/__init__.py", line 339, in loads
    raise TypeError(f'the JSON object must be str, bytes or bytearray, '
TypeError: the JSON object must be str, bytes or bytearray, not list
[2024-05-19T12:11:00.658+0000] {taskinstance.py:1206} INFO - Marking task as UP_FOR_RETRY. dag_id=dummyjson_products, task_id=transform_products, run_id=manual__2024-05-19T12:08:41.939068+00:00, execution_date=20240519T120841, start_date=20240519T121100, end_date=20240519T121100
[2024-05-19T12:11:00.682+0000] {standard_task_runner.py:110} ERROR - Failed to execute job 1621 for task transform_products (the JSON object must be str, bytes or bytearray, not list; 3706)
[2024-05-19T12:11:00.715+0000] {local_task_job_runner.py:240} INFO - Task exited with return code 1
[2024-05-19T12:11:00.752+0000] {taskinstance.py:3498} INFO - 0 downstream tasks scheduled from follow-on schedule check
[2024-05-19T12:11:00.755+0000] {local_task_job_runner.py:222} INFO - ::endgroup::
