[2024-05-19T12:14:04.101+0000] {local_task_job_runner.py:120} INFO - ::group::Pre task execution logs
[2024-05-19T12:14:04.125+0000] {taskinstance.py:2076} INFO - Dependencies all met for dep_context=non-requeueable deps ti=<TaskInstance: dummyjson_products.transform_products manual__2024-05-19T12:08:41.939068+00:00 [queued]>
[2024-05-19T12:14:04.142+0000] {taskinstance.py:2076} INFO - Dependencies all met for dep_context=requeueable deps ti=<TaskInstance: dummyjson_products.transform_products manual__2024-05-19T12:08:41.939068+00:00 [queued]>
[2024-05-19T12:14:04.143+0000] {taskinstance.py:2306} INFO - Starting attempt 4 of 6
[2024-05-19T12:14:04.167+0000] {taskinstance.py:2330} INFO - Executing <Task(PythonOperator): transform_products> on 2024-05-19 12:08:41.939068+00:00
[2024-05-19T12:14:04.181+0000] {warnings.py:110} WARNING - /home/***/.local/lib/python3.12/site-packages/***/task/task_runner/standard_task_runner.py:61: DeprecationWarning: This process (pid=3767) is multi-threaded, use of fork() may lead to deadlocks in the child.
  pid = os.fork()

[2024-05-19T12:14:04.184+0000] {standard_task_runner.py:63} INFO - Started process 3780 to run task
[2024-05-19T12:14:04.184+0000] {standard_task_runner.py:90} INFO - Running: ['***', 'tasks', 'run', 'dummyjson_products', 'transform_products', 'manual__2024-05-19T12:08:41.939068+00:00', '--job-id', '1632', '--raw', '--subdir', 'DAGS_FOLDER/dummyjson.py', '--cfg-path', '/tmp/tmp_91jart0']
[2024-05-19T12:14:04.186+0000] {standard_task_runner.py:91} INFO - Job 1632: Subtask transform_products
[2024-05-19T12:14:04.267+0000] {task_command.py:426} INFO - Running <TaskInstance: dummyjson_products.transform_products manual__2024-05-19T12:08:41.939068+00:00 [running]> on host ca927d78a9ea
[2024-05-19T12:14:04.795+0000] {taskinstance.py:2648} INFO - Exporting env vars: AIRFLOW_CTX_DAG_EMAIL='fathurrahmanhernanda@gmail.com' AIRFLOW_CTX_DAG_OWNER='***' AIRFLOW_CTX_DAG_ID='dummyjson_products' AIRFLOW_CTX_TASK_ID='transform_products' AIRFLOW_CTX_EXECUTION_DATE='2024-05-19T12:08:41.939068+00:00' AIRFLOW_CTX_TRY_NUMBER='4' AIRFLOW_CTX_DAG_RUN_ID='manual__2024-05-19T12:08:41.939068+00:00'
[2024-05-19T12:14:04.796+0000] {taskinstance.py:430} INFO - ::endgroup::
[2024-05-19T12:14:04.819+0000] {taskinstance.py:441} INFO - ::group::Post task execution logs
[2024-05-19T12:14:04.820+0000] {taskinstance.py:2905} ERROR - Task failed with exception
Traceback (most recent call last):
  File "/home/airflow/.local/lib/python3.12/site-packages/airflow/models/taskinstance.py", line 465, in _execute_task
    result = _execute_callable(context=context, **execute_callable_kwargs)
             ^^^^^^^^^^^^^^^^^^^^^^^^^^^^^^^^^^^^^^^^^^^^^^^^^^^^^^^^^^^^^
  File "/home/airflow/.local/lib/python3.12/site-packages/airflow/models/taskinstance.py", line 432, in _execute_callable
    return execute_callable(context=context, **execute_callable_kwargs)
           ^^^^^^^^^^^^^^^^^^^^^^^^^^^^^^^^^^^^^^^^^^^^^^^^^^^^^^^^^^^^
  File "/home/airflow/.local/lib/python3.12/site-packages/airflow/models/baseoperator.py", line 400, in wrapper
    return func(self, *args, **kwargs)
           ^^^^^^^^^^^^^^^^^^^^^^^^^^^
  File "/home/airflow/.local/lib/python3.12/site-packages/airflow/operators/python.py", line 235, in execute
    return_value = self.execute_callable()
                   ^^^^^^^^^^^^^^^^^^^^^^^
  File "/home/airflow/.local/lib/python3.12/site-packages/airflow/operators/python.py", line 252, in execute_callable
    return self.python_callable(*self.op_args, **self.op_kwargs)
           ^^^^^^^^^^^^^^^^^^^^^^^^^^^^^^^^^^^^^^^^^^^^^^^^^^^^^
  File "/opt/airflow/dags/dummyjson.py", line 39, in transform_generic_cart
    response = json.loads(ti.xcom_pull(task_ids='extract_products'))
               ^^^^^^^^^^^^^^^^^^^^^^^^^^^^^^^^^^^^^^^^^^^^^^^^^^^^^
  File "/usr/local/lib/python3.12/json/__init__.py", line 339, in loads
    raise TypeError(f'the JSON object must be str, bytes or bytearray, '
TypeError: the JSON object must be str, bytes or bytearray, not list
[2024-05-19T12:14:04.842+0000] {taskinstance.py:1206} INFO - Marking task as UP_FOR_RETRY. dag_id=dummyjson_products, task_id=transform_products, run_id=manual__2024-05-19T12:08:41.939068+00:00, execution_date=20240519T120841, start_date=20240519T121404, end_date=20240519T121404
[2024-05-19T12:14:04.864+0000] {standard_task_runner.py:110} ERROR - Failed to execute job 1632 for task transform_products (the JSON object must be str, bytes or bytearray, not list; 3780)
[2024-05-19T12:14:04.928+0000] {local_task_job_runner.py:240} INFO - Task exited with return code 1
[2024-05-19T12:14:04.966+0000] {taskinstance.py:3498} INFO - 0 downstream tasks scheduled from follow-on schedule check
[2024-05-19T12:14:04.969+0000] {local_task_job_runner.py:222} INFO - ::endgroup::
