[2024-05-13T09:58:34.928+0000] {local_task_job_runner.py:120} INFO - ::group::Pre task execution logs
[2024-05-13T09:58:34.965+0000] {taskinstance.py:2076} INFO - Dependencies all met for dep_context=non-requeueable deps ti=<TaskInstance: demo.airflow scheduled__2022-01-03T00:00:00+00:00 [queued]>
[2024-05-13T09:58:34.979+0000] {taskinstance.py:2076} INFO - Dependencies all met for dep_context=requeueable deps ti=<TaskInstance: demo.airflow scheduled__2022-01-03T00:00:00+00:00 [queued]>
[2024-05-13T09:58:34.980+0000] {taskinstance.py:2306} INFO - Starting attempt 1 of 1
[2024-05-13T09:58:34.999+0000] {taskinstance.py:2330} INFO - Executing <Task(_PythonDecoratedOperator): airflow> on 2022-01-03 00:00:00+00:00
[2024-05-13T09:58:35.010+0000] {warnings.py:110} WARNING - /home/***/.local/lib/python3.12/site-packages/***/task/task_runner/standard_task_runner.py:61: DeprecationWarning: This process (pid=694) is multi-threaded, use of fork() may lead to deadlocks in the child.
  pid = os.fork()

[2024-05-13T09:58:35.013+0000] {standard_task_runner.py:63} INFO - Started process 710 to run task
[2024-05-13T09:58:35.013+0000] {standard_task_runner.py:90} INFO - Running: ['***', 'tasks', 'run', 'demo', '***', 'scheduled__2022-01-03T00:00:00+00:00', '--job-id', '35', '--raw', '--subdir', 'DAGS_FOLDER/demo.py', '--cfg-path', '/tmp/tmplciusbwt']
[2024-05-13T09:58:35.017+0000] {standard_task_runner.py:91} INFO - Job 35: Subtask ***
[2024-05-13T09:58:35.087+0000] {task_command.py:426} INFO - Running <TaskInstance: demo.airflow scheduled__2022-01-03T00:00:00+00:00 [running]> on host c2025ffc2c56
[2024-05-13T09:58:35.245+0000] {taskinstance.py:2648} INFO - Exporting env vars: AIRFLOW_CTX_DAG_OWNER='***' AIRFLOW_CTX_DAG_ID='demo' AIRFLOW_CTX_TASK_ID='***' AIRFLOW_CTX_EXECUTION_DATE='2022-01-03T00:00:00+00:00' AIRFLOW_CTX_TRY_NUMBER='1' AIRFLOW_CTX_DAG_RUN_ID='scheduled__2022-01-03T00:00:00+00:00'
[2024-05-13T09:58:35.248+0000] {taskinstance.py:430} INFO - ::endgroup::
[2024-05-13T09:58:35.250+0000] {logging_mixin.py:188} INFO - ***
[2024-05-13T09:58:35.251+0000] {python.py:237} INFO - Done. Returned value was: None
[2024-05-13T09:58:35.252+0000] {taskinstance.py:441} INFO - ::group::Post task execution logs
[2024-05-13T09:58:35.269+0000] {taskinstance.py:1206} INFO - Marking task as SUCCESS. dag_id=demo, task_id=***, run_id=scheduled__2022-01-03T00:00:00+00:00, execution_date=20220103T000000, start_date=20240513T095834, end_date=20240513T095835
[2024-05-13T09:58:35.309+0000] {local_task_job_runner.py:240} INFO - Task exited with return code 0
[2024-05-13T09:58:35.335+0000] {taskinstance.py:3498} INFO - 0 downstream tasks scheduled from follow-on schedule check
[2024-05-13T09:58:35.346+0000] {local_task_job_runner.py:222} INFO - ::endgroup::
