[2024-05-19T05:27:49.491+0000] {local_task_job_runner.py:120} INFO - ::group::Pre task execution logs
[2024-05-19T05:27:49.543+0000] {taskinstance.py:2076} INFO - Dependencies all met for dep_context=non-requeueable deps ti=<TaskInstance: local_to_gcs.todo_local_to_gcs_task manual__2024-05-19T05:27:44.484717+00:00 [queued]>
[2024-05-19T05:27:49.558+0000] {taskinstance.py:2076} INFO - Dependencies all met for dep_context=requeueable deps ti=<TaskInstance: local_to_gcs.todo_local_to_gcs_task manual__2024-05-19T05:27:44.484717+00:00 [queued]>
[2024-05-19T05:27:49.559+0000] {taskinstance.py:2306} INFO - Starting attempt 1 of 2
[2024-05-19T05:27:49.606+0000] {taskinstance.py:2330} INFO - Executing <Task(LocalFilesystemToGCSOperator): todo_local_to_gcs_task> on 2024-05-19 05:27:44.484717+00:00
[2024-05-19T05:27:49.624+0000] {warnings.py:110} WARNING - /home/***/.local/lib/python3.12/site-packages/***/task/task_runner/standard_task_runner.py:61: DeprecationWarning: This process (pid=691) is multi-threaded, use of fork() may lead to deadlocks in the child.
  pid = os.fork()

[2024-05-19T05:27:49.629+0000] {standard_task_runner.py:63} INFO - Started process 693 to run task
[2024-05-19T05:27:49.626+0000] {standard_task_runner.py:90} INFO - Running: ['***', 'tasks', 'run', 'local_to_gcs', 'todo_local_to_gcs_task', 'manual__2024-05-19T05:27:44.484717+00:00', '--job-id', '1284', '--raw', '--subdir', 'DAGS_FOLDER/cek_gcs.py', '--cfg-path', '/tmp/tmpp2c3_02s']
[2024-05-19T05:27:49.639+0000] {standard_task_runner.py:91} INFO - Job 1284: Subtask todo_local_to_gcs_task
[2024-05-19T05:27:49.770+0000] {task_command.py:426} INFO - Running <TaskInstance: local_to_gcs.todo_local_to_gcs_task manual__2024-05-19T05:27:44.484717+00:00 [running]> on host ca927d78a9ea
[2024-05-19T05:27:50.075+0000] {taskinstance.py:2648} INFO - Exporting env vars: AIRFLOW_CTX_DAG_EMAIL='admin@localhost.com' AIRFLOW_CTX_DAG_OWNER='***' AIRFLOW_CTX_DAG_ID='local_to_gcs' AIRFLOW_CTX_TASK_ID='todo_local_to_gcs_task' AIRFLOW_CTX_EXECUTION_DATE='2024-05-19T05:27:44.484717+00:00' AIRFLOW_CTX_TRY_NUMBER='1' AIRFLOW_CTX_DAG_RUN_ID='manual__2024-05-19T05:27:44.484717+00:00'
[2024-05-19T05:27:50.081+0000] {taskinstance.py:430} INFO - ::endgroup::
[2024-05-19T05:27:50.101+0000] {connection.py:274} WARNING - Connection schemes (type: google_cloud_platform) shall not contain '_' according to RFC3986.
[2024-05-19T05:27:50.106+0000] {base.py:84} INFO - Using connection ID '***GCS' for task execution.
[2024-05-19T05:27:50.953+0000] {gcs.py:556} INFO - File /opt/***/dags/users.csv uploaded to users.csv in weekly-assignment-5 bucket
[2024-05-19T05:27:50.954+0000] {taskinstance.py:441} INFO - ::group::Post task execution logs
[2024-05-19T05:27:50.971+0000] {taskinstance.py:1206} INFO - Marking task as SUCCESS. dag_id=local_to_gcs, task_id=todo_local_to_gcs_task, run_id=manual__2024-05-19T05:27:44.484717+00:00, execution_date=20240519T052744, start_date=20240519T052749, end_date=20240519T052750
[2024-05-19T05:27:51.015+0000] {local_task_job_runner.py:240} INFO - Task exited with return code 0
[2024-05-19T05:27:51.054+0000] {taskinstance.py:3498} INFO - 0 downstream tasks scheduled from follow-on schedule check
[2024-05-19T05:27:51.058+0000] {local_task_job_runner.py:222} INFO - ::endgroup::
