[2024-05-19T10:17:50.868+0000] {local_task_job_runner.py:120} INFO - ::group::Pre task execution logs
[2024-05-19T10:17:50.898+0000] {taskinstance.py:2076} INFO - Dependencies all met for dep_context=non-requeueable deps ti=<TaskInstance: dummyjson.extract_cart scheduled__2024-05-01T00:00:00+00:00 [queued]>
[2024-05-19T10:17:50.917+0000] {taskinstance.py:2076} INFO - Dependencies all met for dep_context=requeueable deps ti=<TaskInstance: dummyjson.extract_cart scheduled__2024-05-01T00:00:00+00:00 [queued]>
[2024-05-19T10:17:50.919+0000] {taskinstance.py:2306} INFO - Starting attempt 1 of 6
[2024-05-19T10:17:50.944+0000] {taskinstance.py:2330} INFO - Executing <Task(SimpleHttpOperator): extract_cart> on 2024-05-01 00:00:00+00:00
[2024-05-19T10:17:50.956+0000] {warnings.py:110} WARNING - /home/***/.local/lib/python3.12/site-packages/***/task/task_runner/standard_task_runner.py:61: DeprecationWarning: This process (pid=1628) is multi-threaded, use of fork() may lead to deadlocks in the child.
  pid = os.fork()

[2024-05-19T10:17:50.958+0000] {standard_task_runner.py:63} INFO - Started process 1631 to run task
[2024-05-19T10:17:50.959+0000] {standard_task_runner.py:90} INFO - Running: ['***', 'tasks', 'run', 'dummyjson', 'extract_cart', 'scheduled__2024-05-01T00:00:00+00:00', '--job-id', '1391', '--raw', '--subdir', 'DAGS_FOLDER/dummyjson.py', '--cfg-path', '/tmp/tmpsjsz44wf']
[2024-05-19T10:17:50.961+0000] {standard_task_runner.py:91} INFO - Job 1391: Subtask extract_cart
[2024-05-19T10:17:51.029+0000] {task_command.py:426} INFO - Running <TaskInstance: dummyjson.extract_cart scheduled__2024-05-01T00:00:00+00:00 [running]> on host ca927d78a9ea
[2024-05-19T10:17:51.479+0000] {taskinstance.py:2648} INFO - Exporting env vars: AIRFLOW_CTX_DAG_EMAIL='fathurrahmanhernanda@gmail.com' AIRFLOW_CTX_DAG_OWNER='***' AIRFLOW_CTX_DAG_ID='dummyjson' AIRFLOW_CTX_TASK_ID='extract_cart' AIRFLOW_CTX_EXECUTION_DATE='2024-05-01T00:00:00+00:00' AIRFLOW_CTX_TRY_NUMBER='1' AIRFLOW_CTX_DAG_RUN_ID='scheduled__2024-05-01T00:00:00+00:00'
[2024-05-19T10:17:51.481+0000] {taskinstance.py:430} INFO - ::endgroup::
[2024-05-19T10:17:51.482+0000] {http.py:169} INFO - Calling HTTP method
[2024-05-19T10:17:51.507+0000] {base.py:84} INFO - Using connection ID 'dummyjson_api' for task execution.
[2024-05-19T10:17:51.522+0000] {base.py:84} INFO - Using connection ID 'dummyjson_api' for task execution.
[2024-05-19T10:17:57.554+0000] {taskinstance.py:441} INFO - ::group::Post task execution logs
[2024-05-19T10:17:57.589+0000] {taskinstance.py:1206} INFO - Marking task as SUCCESS. dag_id=dummyjson, task_id=extract_cart, run_id=scheduled__2024-05-01T00:00:00+00:00, execution_date=20240501T000000, start_date=20240519T101750, end_date=20240519T101757
[2024-05-19T10:17:57.636+0000] {local_task_job_runner.py:240} INFO - Task exited with return code 0
[2024-05-19T10:17:57.650+0000] {warnings.py:110} WARNING - /home/***/.local/lib/python3.12/site-packages/***/models/baseoperator.py:1296: AirflowProviderDeprecationWarning: Call to deprecated class SimpleHttpOperator. (Class `SimpleHttpOperator` is deprecated and will be removed in a future release. Please use `HttpOperator` instead.)
  result = cls.__new__(cls)

[2024-05-19T10:17:57.683+0000] {taskinstance.py:3498} INFO - 1 downstream tasks scheduled from follow-on schedule check
[2024-05-19T10:17:57.688+0000] {local_task_job_runner.py:222} INFO - ::endgroup::
