[2024-05-19T09:03:25.864+0000] {local_task_job_runner.py:120} INFO - ::group::Pre task execution logs
[2024-05-19T09:03:25.888+0000] {taskinstance.py:2076} INFO - Dependencies all met for dep_context=non-requeueable deps ti=<TaskInstance: dummyjson_ingestion.gcs_to_bigquery manual__2024-05-19T09:02:49.048346+00:00 [queued]>
[2024-05-19T09:03:25.900+0000] {taskinstance.py:2076} INFO - Dependencies all met for dep_context=requeueable deps ti=<TaskInstance: dummyjson_ingestion.gcs_to_bigquery manual__2024-05-19T09:02:49.048346+00:00 [queued]>
[2024-05-19T09:03:25.901+0000] {taskinstance.py:2306} INFO - Starting attempt 1 of 6
[2024-05-19T09:03:25.922+0000] {taskinstance.py:2330} INFO - Executing <Task(GCSToBigQueryOperator): gcs_to_bigquery> on 2024-05-19 09:02:49.048346+00:00
[2024-05-19T09:03:25.931+0000] {warnings.py:110} WARNING - /home/***/.local/lib/python3.12/site-packages/***/task/task_runner/standard_task_runner.py:61: DeprecationWarning: This process (pid=563) is multi-threaded, use of fork() may lead to deadlocks in the child.
  pid = os.fork()

[2024-05-19T09:03:25.934+0000] {standard_task_runner.py:63} INFO - Started process 565 to run task
[2024-05-19T09:03:25.934+0000] {standard_task_runner.py:90} INFO - Running: ['***', 'tasks', 'run', 'dummyjson_ingestion', 'gcs_to_bigquery', 'manual__2024-05-19T09:02:49.048346+00:00', '--job-id', '1334', '--raw', '--subdir', 'DAGS_FOLDER/dummyjson_ingestion.py', '--cfg-path', '/tmp/tmpjqutd3yy']
[2024-05-19T09:03:25.936+0000] {standard_task_runner.py:91} INFO - Job 1334: Subtask gcs_to_bigquery
[2024-05-19T09:03:26.012+0000] {task_command.py:426} INFO - Running <TaskInstance: dummyjson_ingestion.gcs_to_bigquery manual__2024-05-19T09:02:49.048346+00:00 [running]> on host ca927d78a9ea
[2024-05-19T09:03:26.559+0000] {taskinstance.py:2648} INFO - Exporting env vars: AIRFLOW_CTX_DAG_EMAIL='fathurrahmanhernanda@gmail.com' AIRFLOW_CTX_DAG_OWNER='***' AIRFLOW_CTX_DAG_ID='dummyjson_ingestion' AIRFLOW_CTX_TASK_ID='gcs_to_bigquery' AIRFLOW_CTX_EXECUTION_DATE='2024-05-19T09:02:49.048346+00:00' AIRFLOW_CTX_TRY_NUMBER='1' AIRFLOW_CTX_DAG_RUN_ID='manual__2024-05-19T09:02:49.048346+00:00'
[2024-05-19T09:03:26.561+0000] {taskinstance.py:430} INFO - ::endgroup::
[2024-05-19T09:03:26.577+0000] {connection.py:274} WARNING - Connection schemes (type: google_cloud_platform) shall not contain '_' according to RFC3986.
[2024-05-19T09:03:26.584+0000] {base.py:84} INFO - Using connection ID '***GCP' for task execution.
[2024-05-19T09:03:26.587+0000] {gcs_to_bigquery.py:380} INFO - Using existing BigQuery table for storing data...
[2024-05-19T09:03:26.660+0000] {gcs_to_bigquery.py:384} INFO - Executing: {'load': {'autodetect': True, 'createDisposition': 'CREATE_IF_NEEDED', 'destinationTable': {'projectId': 'iconic-indexer-418610', 'datasetId': 'weekly_assignment_6', 'tableId': 'users'}, 'sourceFormat': 'CSV', 'sourceUris': ['gs://weekly-assignment-6/users.csv'], 'writeDisposition': 'WRITE_TRUNCATE', 'ignoreUnknownValues': False, 'schema': {'fields': [{'name': 'id', 'type': 'STRING', 'mode': 'NULLABLE'}, {'name': 'first_name', 'type': 'STRING', 'mode': 'NULLABLE'}, {'name': 'last_name', 'type': 'STRING', 'mode': 'NULLABLE'}, {'name': 'age', 'type': 'STRING', 'mode': 'NULLABLE'}, {'name': 'gender', 'type': 'STRING', 'mode': 'NULLABLE'}, {'name': 'email', 'type': 'STRING', 'mode': 'NULLABLE'}, {'name': 'phoneNumber', 'type': 'STRING', 'mode': 'NULLABLE'}, {'name': 'birthDate', 'type': 'STRING', 'mode': 'NULLABLE'}, {'name': 'address', 'type': 'STRING', 'mode': 'NULLABLE'}, {'name': 'coin', 'type': 'STRING', 'mode': 'NULLABLE'}]}, 'skipLeadingRows': 1, 'fieldDelimiter': ',', 'quote': None, 'allowQuotedNewlines': False, 'encoding': 'UTF-8'}}
[2024-05-19T09:03:26.665+0000] {bigquery.py:1660} INFO - Inserting job ***_dummyjson_ingestion_gcs_to_bigquery_2024_05_19T09_02_49_048346_00_00_2c91f44828f5766aa2b56339fd292d0e
[2024-05-19T09:03:30.995+0000] {taskinstance.py:441} INFO - ::group::Post task execution logs
[2024-05-19T09:03:31.014+0000] {taskinstance.py:1206} INFO - Marking task as SUCCESS. dag_id=dummyjson_ingestion, task_id=gcs_to_bigquery, run_id=manual__2024-05-19T09:02:49.048346+00:00, execution_date=20240519T090249, start_date=20240519T090325, end_date=20240519T090331
[2024-05-19T09:03:31.094+0000] {local_task_job_runner.py:240} INFO - Task exited with return code 0
[2024-05-19T09:03:31.117+0000] {taskinstance.py:3498} INFO - 0 downstream tasks scheduled from follow-on schedule check
[2024-05-19T09:03:31.148+0000] {local_task_job_runner.py:222} INFO - ::endgroup::
