[2024-05-19T11:42:49.559+0000] {local_task_job_runner.py:120} INFO - ::group::Pre task execution logs
[2024-05-19T11:42:49.585+0000] {taskinstance.py:2076} INFO - Dependencies all met for dep_context=non-requeueable deps ti=<TaskInstance: dummyjson.is_user_api_available manual__2024-05-19T11:42:44.447631+00:00 [queued]>
[2024-05-19T11:42:49.600+0000] {taskinstance.py:2076} INFO - Dependencies all met for dep_context=requeueable deps ti=<TaskInstance: dummyjson.is_user_api_available manual__2024-05-19T11:42:44.447631+00:00 [queued]>
[2024-05-19T11:42:49.601+0000] {taskinstance.py:2306} INFO - Starting attempt 1 of 6
[2024-05-19T11:42:49.626+0000] {taskinstance.py:2330} INFO - Executing <Task(HttpSensor): is_user_api_available> on 2024-05-19 11:42:44.447631+00:00
[2024-05-19T11:42:49.635+0000] {warnings.py:110} WARNING - /home/***/.local/lib/python3.12/site-packages/***/task/task_runner/standard_task_runner.py:61: DeprecationWarning: This process (pid=3028) is multi-threaded, use of fork() may lead to deadlocks in the child.
  pid = os.fork()

[2024-05-19T11:42:49.638+0000] {standard_task_runner.py:63} INFO - Started process 3036 to run task
[2024-05-19T11:42:49.639+0000] {standard_task_runner.py:90} INFO - Running: ['***', 'tasks', 'run', 'dummyjson', 'is_user_api_available', 'manual__2024-05-19T11:42:44.447631+00:00', '--job-id', '1514', '--raw', '--subdir', 'DAGS_FOLDER/dummyjson.py', '--cfg-path', '/tmp/tmp40cvydvw']
[2024-05-19T11:42:49.641+0000] {standard_task_runner.py:91} INFO - Job 1514: Subtask is_user_api_available
[2024-05-19T11:42:49.715+0000] {task_command.py:426} INFO - Running <TaskInstance: dummyjson.is_user_api_available manual__2024-05-19T11:42:44.447631+00:00 [running]> on host ca927d78a9ea
[2024-05-19T11:42:50.300+0000] {taskinstance.py:2648} INFO - Exporting env vars: AIRFLOW_CTX_DAG_EMAIL='fathurrahmanhernanda@gmail.com' AIRFLOW_CTX_DAG_OWNER='***' AIRFLOW_CTX_DAG_ID='dummyjson' AIRFLOW_CTX_TASK_ID='is_user_api_available' AIRFLOW_CTX_EXECUTION_DATE='2024-05-19T11:42:44.447631+00:00' AIRFLOW_CTX_TRY_NUMBER='1' AIRFLOW_CTX_DAG_RUN_ID='manual__2024-05-19T11:42:44.447631+00:00'
[2024-05-19T11:42:50.301+0000] {taskinstance.py:430} INFO - ::endgroup::
[2024-05-19T11:42:50.302+0000] {baseoperator.py:399} WARNING - HttpSensor.execute cannot be called outside TaskInstance!
[2024-05-19T11:42:50.303+0000] {http.py:137} INFO - Poking: /users/
[2024-05-19T11:42:50.317+0000] {base.py:84} INFO - Using connection ID 'dummyjson_api' for task execution.
[2024-05-19T11:42:51.897+0000] {base.py:294} INFO - Success criteria met. Exiting.
[2024-05-19T11:42:51.899+0000] {taskinstance.py:441} INFO - ::group::Post task execution logs
[2024-05-19T11:42:51.916+0000] {taskinstance.py:1206} INFO - Marking task as SUCCESS. dag_id=dummyjson, task_id=is_user_api_available, run_id=manual__2024-05-19T11:42:44.447631+00:00, execution_date=20240519T114244, start_date=20240519T114249, end_date=20240519T114251
[2024-05-19T11:42:52.027+0000] {local_task_job_runner.py:240} INFO - Task exited with return code 0
[2024-05-19T11:42:52.056+0000] {local_task_job_runner.py:222} INFO - ::endgroup::
