[2024-05-19T11:07:40.397+0000] {local_task_job_runner.py:120} INFO - ::group::Pre task execution logs
[2024-05-19T11:07:40.453+0000] {taskinstance.py:2076} INFO - Dependencies all met for dep_context=non-requeueable deps ti=<TaskInstance: dummyjson.is_post_api_available manual__2024-05-19T11:07:31.553907+00:00 [queued]>
[2024-05-19T11:07:40.469+0000] {taskinstance.py:2076} INFO - Dependencies all met for dep_context=requeueable deps ti=<TaskInstance: dummyjson.is_post_api_available manual__2024-05-19T11:07:31.553907+00:00 [queued]>
[2024-05-19T11:07:40.470+0000] {taskinstance.py:2306} INFO - Starting attempt 1 of 6
[2024-05-19T11:07:40.503+0000] {taskinstance.py:2330} INFO - Executing <Task(HttpSensor): is_post_api_available> on 2024-05-19 11:07:31.553907+00:00
[2024-05-19T11:07:40.528+0000] {warnings.py:110} WARNING - /home/***/.local/lib/python3.12/site-packages/***/task/task_runner/standard_task_runner.py:61: DeprecationWarning: This process (pid=2263) is multi-threaded, use of fork() may lead to deadlocks in the child.
  pid = os.fork()

[2024-05-19T11:07:40.544+0000] {standard_task_runner.py:63} INFO - Started process 2270 to run task
[2024-05-19T11:07:40.543+0000] {standard_task_runner.py:90} INFO - Running: ['***', 'tasks', 'run', 'dummyjson', 'is_post_api_available', 'manual__2024-05-19T11:07:31.553907+00:00', '--job-id', '1401', '--raw', '--subdir', 'DAGS_FOLDER/dummyjson.py', '--cfg-path', '/tmp/tmph5iuccqd']
[2024-05-19T11:07:40.547+0000] {standard_task_runner.py:91} INFO - Job 1401: Subtask is_post_api_available
[2024-05-19T11:07:40.865+0000] {task_command.py:426} INFO - Running <TaskInstance: dummyjson.is_post_api_available manual__2024-05-19T11:07:31.553907+00:00 [running]> on host ca927d78a9ea
[2024-05-19T11:07:42.585+0000] {taskinstance.py:2648} INFO - Exporting env vars: AIRFLOW_CTX_DAG_EMAIL='fathurrahmanhernanda@gmail.com' AIRFLOW_CTX_DAG_OWNER='***' AIRFLOW_CTX_DAG_ID='dummyjson' AIRFLOW_CTX_TASK_ID='is_post_api_available' AIRFLOW_CTX_EXECUTION_DATE='2024-05-19T11:07:31.553907+00:00' AIRFLOW_CTX_TRY_NUMBER='1' AIRFLOW_CTX_DAG_RUN_ID='manual__2024-05-19T11:07:31.553907+00:00'
[2024-05-19T11:07:42.593+0000] {taskinstance.py:430} INFO - ::endgroup::
[2024-05-19T11:07:42.594+0000] {baseoperator.py:399} WARNING - HttpSensor.execute cannot be called outside TaskInstance!
[2024-05-19T11:07:42.597+0000] {http.py:137} INFO - Poking: /posts/
[2024-05-19T11:07:42.621+0000] {base.py:84} INFO - Using connection ID 'dummyjson_api' for task execution.
[2024-05-19T11:07:45.791+0000] {base.py:294} INFO - Success criteria met. Exiting.
[2024-05-19T11:07:45.794+0000] {taskinstance.py:441} INFO - ::group::Post task execution logs
[2024-05-19T11:07:45.816+0000] {taskinstance.py:1206} INFO - Marking task as SUCCESS. dag_id=dummyjson, task_id=is_post_api_available, run_id=manual__2024-05-19T11:07:31.553907+00:00, execution_date=20240519T110731, start_date=20240519T110740, end_date=20240519T110745
[2024-05-19T11:07:45.911+0000] {local_task_job_runner.py:240} INFO - Task exited with return code 0
[2024-05-19T11:07:45.943+0000] {warnings.py:110} WARNING - /home/***/.local/lib/python3.12/site-packages/***/models/baseoperator.py:1296: AirflowProviderDeprecationWarning: Call to deprecated class SimpleHttpOperator. (Class `SimpleHttpOperator` is deprecated and will be removed in a future release. Please use `HttpOperator` instead.)
  result = cls.__new__(cls)

[2024-05-19T11:07:46.068+0000] {taskinstance.py:3498} INFO - 1 downstream tasks scheduled from follow-on schedule check
[2024-05-19T11:07:46.102+0000] {local_task_job_runner.py:222} INFO - ::endgroup::
