[2024-05-19T12:06:42.927+0000] {local_task_job_runner.py:120} INFO - ::group::Pre task execution logs
[2024-05-19T12:06:42.970+0000] {taskinstance.py:2076} INFO - Dependencies all met for dep_context=non-requeueable deps ti=<TaskInstance: dummyjson_products.extract_products manual__2024-05-19T12:06:32.572092+00:00 [queued]>
[2024-05-19T12:06:42.997+0000] {taskinstance.py:2076} INFO - Dependencies all met for dep_context=requeueable deps ti=<TaskInstance: dummyjson_products.extract_products manual__2024-05-19T12:06:32.572092+00:00 [queued]>
[2024-05-19T12:06:43.007+0000] {taskinstance.py:2306} INFO - Starting attempt 1 of 6
[2024-05-19T12:06:43.034+0000] {taskinstance.py:2330} INFO - Executing <Task(SimpleHttpOperator): extract_products> on 2024-05-19 12:06:32.572092+00:00
[2024-05-19T12:06:43.045+0000] {warnings.py:110} WARNING - /home/***/.local/lib/python3.12/site-packages/***/task/task_runner/standard_task_runner.py:61: DeprecationWarning: This process (pid=3606) is multi-threaded, use of fork() may lead to deadlocks in the child.
  pid = os.fork()

[2024-05-19T12:06:43.047+0000] {standard_task_runner.py:63} INFO - Started process 3610 to run task
[2024-05-19T12:06:43.048+0000] {standard_task_runner.py:90} INFO - Running: ['***', 'tasks', 'run', 'dummyjson_products', 'extract_products', 'manual__2024-05-19T12:06:32.572092+00:00', '--job-id', '1604', '--raw', '--subdir', 'DAGS_FOLDER/dummyjson_product.py', '--cfg-path', '/tmp/tmp8u06_n87']
[2024-05-19T12:06:43.051+0000] {standard_task_runner.py:91} INFO - Job 1604: Subtask extract_products
[2024-05-19T12:06:43.126+0000] {task_command.py:426} INFO - Running <TaskInstance: dummyjson_products.extract_products manual__2024-05-19T12:06:32.572092+00:00 [running]> on host ca927d78a9ea
[2024-05-19T12:06:43.611+0000] {taskinstance.py:2648} INFO - Exporting env vars: AIRFLOW_CTX_DAG_EMAIL='fathurrahmanhernanda@gmail.com' AIRFLOW_CTX_DAG_OWNER='***' AIRFLOW_CTX_DAG_ID='dummyjson_products' AIRFLOW_CTX_TASK_ID='extract_products' AIRFLOW_CTX_EXECUTION_DATE='2024-05-19T12:06:32.572092+00:00' AIRFLOW_CTX_TRY_NUMBER='1' AIRFLOW_CTX_DAG_RUN_ID='manual__2024-05-19T12:06:32.572092+00:00'
[2024-05-19T12:06:43.613+0000] {taskinstance.py:430} INFO - ::endgroup::
[2024-05-19T12:06:43.614+0000] {http.py:169} INFO - Calling HTTP method
[2024-05-19T12:06:43.628+0000] {base.py:84} INFO - Using connection ID 'dummyjson_api' for task execution.
[2024-05-19T12:06:43.639+0000] {base.py:84} INFO - Using connection ID 'dummyjson_api' for task execution.
[2024-05-19T12:06:44.914+0000] {taskinstance.py:441} INFO - ::group::Post task execution logs
[2024-05-19T12:06:44.915+0000] {taskinstance.py:2905} ERROR - Task failed with exception
Traceback (most recent call last):
  File "/home/airflow/.local/lib/python3.12/site-packages/airflow/models/taskinstance.py", line 465, in _execute_task
    result = _execute_callable(context=context, **execute_callable_kwargs)
             ^^^^^^^^^^^^^^^^^^^^^^^^^^^^^^^^^^^^^^^^^^^^^^^^^^^^^^^^^^^^^
  File "/home/airflow/.local/lib/python3.12/site-packages/airflow/models/taskinstance.py", line 432, in _execute_callable
    return execute_callable(context=context, **execute_callable_kwargs)
           ^^^^^^^^^^^^^^^^^^^^^^^^^^^^^^^^^^^^^^^^^^^^^^^^^^^^^^^^^^^^
  File "/home/airflow/.local/lib/python3.12/site-packages/airflow/models/baseoperator.py", line 400, in wrapper
    return func(self, *args, **kwargs)
           ^^^^^^^^^^^^^^^^^^^^^^^^^^^
  File "/home/airflow/.local/lib/python3.12/site-packages/airflow/providers/http/operators/http.py", line 166, in execute
    return self.execute_sync(context=context)
           ^^^^^^^^^^^^^^^^^^^^^^^^^^^^^^^^^^
  File "/home/airflow/.local/lib/python3.12/site-packages/airflow/providers/http/operators/http.py", line 172, in execute_sync
    return self.process_response(context=context, response=response)
           ^^^^^^^^^^^^^^^^^^^^^^^^^^^^^^^^^^^^^^^^^^^^^^^^^^^^^^^^^
  File "/home/airflow/.local/lib/python3.12/site-packages/airflow/providers/http/operators/http.py", line 215, in process_response
    return self.response_filter(response, **kwargs)
           ^^^^^^^^^^^^^^^^^^^^^^^^^^^^^^^^^^^^^^^^
  File "/opt/airflow/dags/dummyjson_product.py", line 22, in extract_products
    carts = response.get('carts', [])
            ^^^^^^^^^^^^
AttributeError: 'Response' object has no attribute 'get'
[2024-05-19T12:06:44.937+0000] {taskinstance.py:1206} INFO - Marking task as UP_FOR_RETRY. dag_id=dummyjson_products, task_id=extract_products, run_id=manual__2024-05-19T12:06:32.572092+00:00, execution_date=20240519T120632, start_date=20240519T120642, end_date=20240519T120644
[2024-05-19T12:06:44.960+0000] {standard_task_runner.py:110} ERROR - Failed to execute job 1604 for task extract_products ('Response' object has no attribute 'get'; 3610)
[2024-05-19T12:06:44.990+0000] {local_task_job_runner.py:240} INFO - Task exited with return code 1
[2024-05-19T12:06:45.010+0000] {warnings.py:110} WARNING - /home/***/.local/lib/python3.12/site-packages/***/models/baseoperator.py:1296: AirflowProviderDeprecationWarning: Call to deprecated class SimpleHttpOperator. (Class `SimpleHttpOperator` is deprecated and will be removed in a future release. Please use `HttpOperator` instead.)
  result = cls.__new__(cls)

[2024-05-19T12:06:45.036+0000] {taskinstance.py:3498} INFO - 0 downstream tasks scheduled from follow-on schedule check
[2024-05-19T12:06:45.039+0000] {local_task_job_runner.py:222} INFO - ::endgroup::
