[2024-05-19T12:11:47.940+0000] {local_task_job_runner.py:120} INFO - ::group::Pre task execution logs
[2024-05-19T12:11:47.972+0000] {taskinstance.py:2076} INFO - Dependencies all met for dep_context=non-requeueable deps ti=<TaskInstance: dummyjson_products.extract_products manual__2024-05-19T12:06:32.572092+00:00 [queued]>
[2024-05-19T12:11:47.989+0000] {taskinstance.py:2076} INFO - Dependencies all met for dep_context=requeueable deps ti=<TaskInstance: dummyjson_products.extract_products manual__2024-05-19T12:06:32.572092+00:00 [queued]>
[2024-05-19T12:11:47.990+0000] {taskinstance.py:2306} INFO - Starting attempt 2 of 6
[2024-05-19T12:11:48.011+0000] {taskinstance.py:2330} INFO - Executing <Task(SimpleHttpOperator): extract_products> on 2024-05-19 12:06:32.572092+00:00
[2024-05-19T12:11:48.020+0000] {warnings.py:110} WARNING - /home/***/.local/lib/python3.12/site-packages/***/task/task_runner/standard_task_runner.py:61: DeprecationWarning: This process (pid=3722) is multi-threaded, use of fork() may lead to deadlocks in the child.
  pid = os.fork()

[2024-05-19T12:11:48.024+0000] {standard_task_runner.py:63} INFO - Started process 3726 to run task
[2024-05-19T12:11:48.024+0000] {standard_task_runner.py:90} INFO - Running: ['***', 'tasks', 'run', 'dummyjson_products', 'extract_products', 'manual__2024-05-19T12:06:32.572092+00:00', '--job-id', '1623', '--raw', '--subdir', 'DAGS_FOLDER/dummyjson.py', '--cfg-path', '/tmp/tmpom2jg19s']
[2024-05-19T12:11:48.027+0000] {standard_task_runner.py:91} INFO - Job 1623: Subtask extract_products
[2024-05-19T12:11:48.089+0000] {task_command.py:426} INFO - Running <TaskInstance: dummyjson_products.extract_products manual__2024-05-19T12:06:32.572092+00:00 [running]> on host ca927d78a9ea
[2024-05-19T12:11:48.527+0000] {taskinstance.py:2648} INFO - Exporting env vars: AIRFLOW_CTX_DAG_EMAIL='fathurrahmanhernanda@gmail.com' AIRFLOW_CTX_DAG_OWNER='***' AIRFLOW_CTX_DAG_ID='dummyjson_products' AIRFLOW_CTX_TASK_ID='extract_products' AIRFLOW_CTX_EXECUTION_DATE='2024-05-19T12:06:32.572092+00:00' AIRFLOW_CTX_TRY_NUMBER='2' AIRFLOW_CTX_DAG_RUN_ID='manual__2024-05-19T12:06:32.572092+00:00'
[2024-05-19T12:11:48.528+0000] {taskinstance.py:430} INFO - ::endgroup::
[2024-05-19T12:11:48.529+0000] {http.py:169} INFO - Calling HTTP method
[2024-05-19T12:11:48.541+0000] {base.py:84} INFO - Using connection ID 'dummyjson_api' for task execution.
[2024-05-19T12:11:48.552+0000] {base.py:84} INFO - Using connection ID 'dummyjson_api' for task execution.
[2024-05-19T12:11:49.803+0000] {taskinstance.py:441} INFO - ::group::Post task execution logs
[2024-05-19T12:11:49.845+0000] {taskinstance.py:1206} INFO - Marking task as SUCCESS. dag_id=dummyjson_products, task_id=extract_products, run_id=manual__2024-05-19T12:06:32.572092+00:00, execution_date=20240519T120632, start_date=20240519T121147, end_date=20240519T121149
[2024-05-19T12:11:49.888+0000] {local_task_job_runner.py:240} INFO - Task exited with return code 0
[2024-05-19T12:11:49.909+0000] {warnings.py:110} WARNING - /home/***/.local/lib/python3.12/site-packages/***/models/baseoperator.py:1296: AirflowProviderDeprecationWarning: Call to deprecated class SimpleHttpOperator. (Class `SimpleHttpOperator` is deprecated and will be removed in a future release. Please use `HttpOperator` instead.)
  result = cls.__new__(cls)

[2024-05-19T12:11:50.198+0000] {taskinstance.py:3498} INFO - 1 downstream tasks scheduled from follow-on schedule check
[2024-05-19T12:11:50.201+0000] {local_task_job_runner.py:222} INFO - ::endgroup::
