[2024-05-13T14:47:39.447+0000] {local_task_job_runner.py:120} INFO - ::group::Pre task execution logs
[2024-05-13T14:47:39.486+0000] {taskinstance.py:2076} INFO - Dependencies all met for dep_context=non-requeueable deps ti=<TaskInstance: students.transform manual__2024-05-13T14:47:33.855952+00:00 [queued]>
[2024-05-13T14:47:39.506+0000] {taskinstance.py:2076} INFO - Dependencies all met for dep_context=requeueable deps ti=<TaskInstance: students.transform manual__2024-05-13T14:47:33.855952+00:00 [queued]>
[2024-05-13T14:47:39.508+0000] {taskinstance.py:2306} INFO - Starting attempt 1 of 1
[2024-05-13T14:47:39.528+0000] {taskinstance.py:2330} INFO - Executing <Task(_PythonDecoratedOperator): transform> on 2024-05-13 14:47:33.855952+00:00
[2024-05-13T14:47:39.535+0000] {warnings.py:110} WARNING - /home/***/.local/lib/python3.12/site-packages/***/task/task_runner/standard_task_runner.py:61: DeprecationWarning: This process (pid=1498) is multi-threaded, use of fork() may lead to deadlocks in the child.
  pid = os.fork()

[2024-05-13T14:47:39.537+0000] {standard_task_runner.py:63} INFO - Started process 1500 to run task
[2024-05-13T14:47:39.538+0000] {standard_task_runner.py:90} INFO - Running: ['***', 'tasks', 'run', 'students', 'transform', 'manual__2024-05-13T14:47:33.855952+00:00', '--job-id', '260', '--raw', '--subdir', 'DAGS_FOLDER/students.py', '--cfg-path', '/tmp/tmpk96_fbf5']
[2024-05-13T14:47:39.541+0000] {standard_task_runner.py:91} INFO - Job 260: Subtask transform
[2024-05-13T14:47:39.600+0000] {task_command.py:426} INFO - Running <TaskInstance: students.transform manual__2024-05-13T14:47:33.855952+00:00 [running]> on host c2025ffc2c56
[2024-05-13T14:47:39.779+0000] {taskinstance.py:2648} INFO - Exporting env vars: AIRFLOW_CTX_DAG_OWNER='***' AIRFLOW_CTX_DAG_ID='students' AIRFLOW_CTX_TASK_ID='transform' AIRFLOW_CTX_EXECUTION_DATE='2024-05-13T14:47:33.855952+00:00' AIRFLOW_CTX_TRY_NUMBER='1' AIRFLOW_CTX_DAG_RUN_ID='manual__2024-05-13T14:47:33.855952+00:00'
[2024-05-13T14:47:39.782+0000] {taskinstance.py:430} INFO - ::endgroup::
[2024-05-13T14:47:39.784+0000] {python.py:237} INFO - Done. Returned value was: 1,Fariz Wakan
2,Fathurrahman Hernanda

[2024-05-13T14:47:39.784+0000] {taskinstance.py:441} INFO - ::group::Post task execution logs
[2024-05-13T14:47:39.821+0000] {taskinstance.py:1206} INFO - Marking task as SUCCESS. dag_id=students, task_id=transform, run_id=manual__2024-05-13T14:47:33.855952+00:00, execution_date=20240513T144733, start_date=20240513T144739, end_date=20240513T144739
[2024-05-13T14:47:39.872+0000] {local_task_job_runner.py:240} INFO - Task exited with return code 0
[2024-05-13T14:47:39.902+0000] {taskinstance.py:3498} INFO - 1 downstream tasks scheduled from follow-on schedule check
[2024-05-13T14:47:39.905+0000] {local_task_job_runner.py:222} INFO - ::endgroup::
