[2024-05-19T12:28:55.029+0000] {local_task_job_runner.py:120} INFO - ::group::Pre task execution logs
[2024-05-19T12:28:55.098+0000] {taskinstance.py:2076} INFO - Dependencies all met for dep_context=non-requeueable deps ti=<TaskInstance: dummyjson_products.transform_products manual__2024-05-19T12:23:40.469322+00:00 [queued]>
[2024-05-19T12:28:55.126+0000] {taskinstance.py:2076} INFO - Dependencies all met for dep_context=requeueable deps ti=<TaskInstance: dummyjson_products.transform_products manual__2024-05-19T12:23:40.469322+00:00 [queued]>
[2024-05-19T12:28:55.128+0000] {taskinstance.py:2306} INFO - Starting attempt 4 of 6
[2024-05-19T12:28:55.197+0000] {taskinstance.py:2330} INFO - Executing <Task(PythonOperator): transform_products> on 2024-05-19 12:23:40.469322+00:00
[2024-05-19T12:28:55.219+0000] {warnings.py:110} WARNING - /home/***/.local/lib/python3.12/site-packages/***/task/task_runner/standard_task_runner.py:61: DeprecationWarning: This process (pid=4214) is multi-threaded, use of fork() may lead to deadlocks in the child.
  pid = os.fork()

[2024-05-19T12:28:55.238+0000] {standard_task_runner.py:63} INFO - Started process 4223 to run task
[2024-05-19T12:28:55.234+0000] {standard_task_runner.py:90} INFO - Running: ['***', 'tasks', 'run', 'dummyjson_products', 'transform_products', 'manual__2024-05-19T12:23:40.469322+00:00', '--job-id', '1716', '--raw', '--subdir', 'DAGS_FOLDER/dummyjson.py', '--cfg-path', '/tmp/tmpmbky8uvt']
[2024-05-19T12:28:55.250+0000] {standard_task_runner.py:91} INFO - Job 1716: Subtask transform_products
[2024-05-19T12:28:55.472+0000] {task_command.py:426} INFO - Running <TaskInstance: dummyjson_products.transform_products manual__2024-05-19T12:23:40.469322+00:00 [running]> on host ca927d78a9ea
[2024-05-19T12:28:56.359+0000] {taskinstance.py:2648} INFO - Exporting env vars: AIRFLOW_CTX_DAG_EMAIL='fathurrahmanhernanda@gmail.com' AIRFLOW_CTX_DAG_OWNER='***' AIRFLOW_CTX_DAG_ID='dummyjson_products' AIRFLOW_CTX_TASK_ID='transform_products' AIRFLOW_CTX_EXECUTION_DATE='2024-05-19T12:23:40.469322+00:00' AIRFLOW_CTX_TRY_NUMBER='4' AIRFLOW_CTX_DAG_RUN_ID='manual__2024-05-19T12:23:40.469322+00:00'
[2024-05-19T12:28:56.363+0000] {taskinstance.py:430} INFO - ::endgroup::
[2024-05-19T12:28:56.402+0000] {taskinstance.py:441} INFO - ::group::Post task execution logs
[2024-05-19T12:28:56.405+0000] {taskinstance.py:2905} ERROR - Task failed with exception
Traceback (most recent call last):
  File "/home/airflow/.local/lib/python3.12/site-packages/airflow/models/taskinstance.py", line 465, in _execute_task
    result = _execute_callable(context=context, **execute_callable_kwargs)
             ^^^^^^^^^^^^^^^^^^^^^^^^^^^^^^^^^^^^^^^^^^^^^^^^^^^^^^^^^^^^^
  File "/home/airflow/.local/lib/python3.12/site-packages/airflow/models/taskinstance.py", line 432, in _execute_callable
    return execute_callable(context=context, **execute_callable_kwargs)
           ^^^^^^^^^^^^^^^^^^^^^^^^^^^^^^^^^^^^^^^^^^^^^^^^^^^^^^^^^^^^
  File "/home/airflow/.local/lib/python3.12/site-packages/airflow/models/baseoperator.py", line 400, in wrapper
    return func(self, *args, **kwargs)
           ^^^^^^^^^^^^^^^^^^^^^^^^^^^
  File "/home/airflow/.local/lib/python3.12/site-packages/airflow/operators/python.py", line 235, in execute
    return_value = self.execute_callable()
                   ^^^^^^^^^^^^^^^^^^^^^^^
  File "/home/airflow/.local/lib/python3.12/site-packages/airflow/operators/python.py", line 252, in execute_callable
    return self.python_callable(*self.op_args, **self.op_kwargs)
           ^^^^^^^^^^^^^^^^^^^^^^^^^^^^^^^^^^^^^^^^^^^^^^^^^^^^^
  File "/opt/airflow/dags/dummyjson.py", line 39, in transform_generic_cart
    response = json.loads(ti.xcom_pull(task_ids='extract_products'))
               ^^^^^^^^^^^^^^^^^^^^^^^^^^^^^^^^^^^^^^^^^^^^^^^^^^^^^
  File "/usr/local/lib/python3.12/json/__init__.py", line 339, in loads
    raise TypeError(f'the JSON object must be str, bytes or bytearray, '
TypeError: the JSON object must be str, bytes or bytearray, not dict
[2024-05-19T12:28:56.445+0000] {taskinstance.py:1206} INFO - Marking task as UP_FOR_RETRY. dag_id=dummyjson_products, task_id=transform_products, run_id=manual__2024-05-19T12:23:40.469322+00:00, execution_date=20240519T122340, start_date=20240519T122855, end_date=20240519T122856
[2024-05-19T12:28:56.536+0000] {standard_task_runner.py:110} ERROR - Failed to execute job 1716 for task transform_products (the JSON object must be str, bytes or bytearray, not dict; 4223)
[2024-05-19T12:28:56.599+0000] {local_task_job_runner.py:240} INFO - Task exited with return code 1
[2024-05-19T12:28:56.643+0000] {local_task_job_runner.py:222} INFO - ::endgroup::
