[2024-05-15T05:00:06.016+0000] {local_task_job_runner.py:120} INFO - ::group::Pre task execution logs
[2024-05-15T05:00:06.043+0000] {taskinstance.py:2076} INFO - Dependencies all met for dep_context=non-requeueable deps ti=<TaskInstance: json2csv_b.products_transform scheduled__2024-05-15T04:55:00+00:00 [queued]>
[2024-05-15T05:00:06.053+0000] {taskinstance.py:2076} INFO - Dependencies all met for dep_context=requeueable deps ti=<TaskInstance: json2csv_b.products_transform scheduled__2024-05-15T04:55:00+00:00 [queued]>
[2024-05-15T05:00:06.054+0000] {taskinstance.py:2306} INFO - Starting attempt 1 of 1
[2024-05-15T05:00:06.071+0000] {taskinstance.py:2330} INFO - Executing <Task(_PythonDecoratedOperator): products_transform> on 2024-05-15 04:55:00+00:00
[2024-05-15T05:00:06.080+0000] {warnings.py:110} WARNING - /home/***/.local/lib/python3.12/site-packages/***/task/task_runner/standard_task_runner.py:61: DeprecationWarning: This process (pid=922) is multi-threaded, use of fork() may lead to deadlocks in the child.
  pid = os.fork()

[2024-05-15T05:00:06.082+0000] {standard_task_runner.py:63} INFO - Started process 925 to run task
[2024-05-15T05:00:06.082+0000] {standard_task_runner.py:90} INFO - Running: ['***', 'tasks', 'run', 'json2csv_b', 'products_transform', 'scheduled__2024-05-15T04:55:00+00:00', '--job-id', '957', '--raw', '--subdir', 'DAGS_FOLDER/json_to_csv_dynamic_config.py', '--cfg-path', '/tmp/tmp_fnwvkhn']
[2024-05-15T05:00:06.086+0000] {standard_task_runner.py:91} INFO - Job 957: Subtask products_transform
[2024-05-15T05:00:06.149+0000] {task_command.py:426} INFO - Running <TaskInstance: json2csv_b.products_transform scheduled__2024-05-15T04:55:00+00:00 [running]> on host c2025ffc2c56
[2024-05-15T05:00:06.285+0000] {taskinstance.py:2648} INFO - Exporting env vars: AIRFLOW_CTX_DAG_OWNER='***' AIRFLOW_CTX_DAG_ID='json2csv_b' AIRFLOW_CTX_TASK_ID='products_transform' AIRFLOW_CTX_EXECUTION_DATE='2024-05-15T04:55:00+00:00' AIRFLOW_CTX_TRY_NUMBER='1' AIRFLOW_CTX_DAG_RUN_ID='scheduled__2024-05-15T04:55:00+00:00'
[2024-05-15T05:00:06.287+0000] {taskinstance.py:430} INFO - ::endgroup::
[2024-05-15T05:00:06.288+0000] {python.py:237} INFO - Done. Returned value was: 1,Macbook Pro,2020
2,HP Envy,2024

[2024-05-15T05:00:06.289+0000] {taskinstance.py:441} INFO - ::group::Post task execution logs
[2024-05-15T05:00:06.315+0000] {taskinstance.py:1206} INFO - Marking task as SUCCESS. dag_id=json2csv_b, task_id=products_transform, run_id=scheduled__2024-05-15T04:55:00+00:00, execution_date=20240515T045500, start_date=20240515T050006, end_date=20240515T050006
[2024-05-15T05:00:06.377+0000] {local_task_job_runner.py:240} INFO - Task exited with return code 0
[2024-05-15T05:00:06.406+0000] {taskinstance.py:3498} INFO - 1 downstream tasks scheduled from follow-on schedule check
[2024-05-15T05:00:06.409+0000] {local_task_job_runner.py:222} INFO - ::endgroup::
