[2024-05-18T16:04:41.377+0000] {local_task_job_runner.py:120} INFO - ::group::Pre task execution logs
[2024-05-18T16:04:41.407+0000] {taskinstance.py:2076} INFO - Dependencies all met for dep_context=non-requeueable deps ti=<TaskInstance: dummyjson_ingestion.extract_user manual__2024-05-18T16:04:35.127135+00:00 [queued]>
[2024-05-18T16:04:41.419+0000] {taskinstance.py:2076} INFO - Dependencies all met for dep_context=requeueable deps ti=<TaskInstance: dummyjson_ingestion.extract_user manual__2024-05-18T16:04:35.127135+00:00 [queued]>
[2024-05-18T16:04:41.420+0000] {taskinstance.py:2306} INFO - Starting attempt 1 of 6
[2024-05-18T16:04:41.440+0000] {taskinstance.py:2330} INFO - Executing <Task(SimpleHttpOperator): extract_user> on 2024-05-18 16:04:35.127135+00:00
[2024-05-18T16:04:41.451+0000] {warnings.py:110} WARNING - /home/***/.local/lib/python3.12/site-packages/***/task/task_runner/standard_task_runner.py:61: DeprecationWarning: This process (pid=1422) is multi-threaded, use of fork() may lead to deadlocks in the child.
  pid = os.fork()

[2024-05-18T16:04:41.453+0000] {standard_task_runner.py:63} INFO - Started process 1424 to run task
[2024-05-18T16:04:41.454+0000] {standard_task_runner.py:90} INFO - Running: ['***', 'tasks', 'run', 'dummyjson_ingestion', 'extract_user', 'manual__2024-05-18T16:04:35.127135+00:00', '--job-id', '1199', '--raw', '--subdir', 'DAGS_FOLDER/dummyjson_ingestion.py', '--cfg-path', '/tmp/tmp1jv9gwt_']
[2024-05-18T16:04:41.458+0000] {standard_task_runner.py:91} INFO - Job 1199: Subtask extract_user
[2024-05-18T16:04:41.524+0000] {task_command.py:426} INFO - Running <TaskInstance: dummyjson_ingestion.extract_user manual__2024-05-18T16:04:35.127135+00:00 [running]> on host 8d1d9b6df744
[2024-05-18T16:04:41.657+0000] {taskinstance.py:2648} INFO - Exporting env vars: AIRFLOW_CTX_DAG_EMAIL='fathurrahmanhernanda@gmail.com' AIRFLOW_CTX_DAG_OWNER='***' AIRFLOW_CTX_DAG_ID='dummyjson_ingestion' AIRFLOW_CTX_TASK_ID='extract_user' AIRFLOW_CTX_EXECUTION_DATE='2024-05-18T16:04:35.127135+00:00' AIRFLOW_CTX_TRY_NUMBER='1' AIRFLOW_CTX_DAG_RUN_ID='manual__2024-05-18T16:04:35.127135+00:00'
[2024-05-18T16:04:41.662+0000] {taskinstance.py:430} INFO - ::endgroup::
[2024-05-18T16:04:41.664+0000] {http.py:169} INFO - Calling HTTP method
[2024-05-18T16:04:41.679+0000] {base.py:84} INFO - Using connection ID 'dummyjson_api' for task execution.
[2024-05-18T16:04:41.694+0000] {base.py:84} INFO - Using connection ID 'dummyjson_api' for task execution.
[2024-05-18T16:04:43.127+0000] {taskinstance.py:441} INFO - ::group::Post task execution logs
[2024-05-18T16:04:43.192+0000] {taskinstance.py:1206} INFO - Marking task as SUCCESS. dag_id=dummyjson_ingestion, task_id=extract_user, run_id=manual__2024-05-18T16:04:35.127135+00:00, execution_date=20240518T160435, start_date=20240518T160441, end_date=20240518T160443
[2024-05-18T16:04:43.237+0000] {local_task_job_runner.py:240} INFO - Task exited with return code 0
[2024-05-18T16:04:43.252+0000] {warnings.py:110} WARNING - /home/***/.local/lib/python3.12/site-packages/***/models/baseoperator.py:1296: AirflowProviderDeprecationWarning: Call to deprecated class SimpleHttpOperator. (Class `SimpleHttpOperator` is deprecated and will be removed in a future release. Please use `HttpOperator` instead.)
  result = cls.__new__(cls)

[2024-05-18T16:04:43.269+0000] {taskinstance.py:3498} INFO - 1 downstream tasks scheduled from follow-on schedule check
[2024-05-18T16:04:43.273+0000] {local_task_job_runner.py:222} INFO - ::endgroup::
