[2024-05-19T05:33:29.401+0000] {local_task_job_runner.py:120} INFO - ::group::Pre task execution logs
[2024-05-19T05:33:29.428+0000] {taskinstance.py:2076} INFO - Dependencies all met for dep_context=non-requeueable deps ti=<TaskInstance: dummyjson_ingestion.is_api_available manual__2024-05-19T05:33:25.650326+00:00 [queued]>
[2024-05-19T05:33:29.438+0000] {taskinstance.py:2076} INFO - Dependencies all met for dep_context=requeueable deps ti=<TaskInstance: dummyjson_ingestion.is_api_available manual__2024-05-19T05:33:25.650326+00:00 [queued]>
[2024-05-19T05:33:29.439+0000] {taskinstance.py:2306} INFO - Starting attempt 1 of 6
[2024-05-19T05:33:29.459+0000] {taskinstance.py:2330} INFO - Executing <Task(HttpSensor): is_api_available> on 2024-05-19 05:33:25.650326+00:00
[2024-05-19T05:33:29.468+0000] {warnings.py:110} WARNING - /home/***/.local/lib/python3.12/site-packages/***/task/task_runner/standard_task_runner.py:61: DeprecationWarning: This process (pid=767) is multi-threaded, use of fork() may lead to deadlocks in the child.
  pid = os.fork()

[2024-05-19T05:33:29.470+0000] {standard_task_runner.py:63} INFO - Started process 769 to run task
[2024-05-19T05:33:29.470+0000] {standard_task_runner.py:90} INFO - Running: ['***', 'tasks', 'run', 'dummyjson_ingestion', 'is_api_available', 'manual__2024-05-19T05:33:25.650326+00:00', '--job-id', '1286', '--raw', '--subdir', 'DAGS_FOLDER/dummyjson_ingestion.py', '--cfg-path', '/tmp/tmp46e43dj6']
[2024-05-19T05:33:29.474+0000] {standard_task_runner.py:91} INFO - Job 1286: Subtask is_api_available
[2024-05-19T05:33:29.535+0000] {task_command.py:426} INFO - Running <TaskInstance: dummyjson_ingestion.is_api_available manual__2024-05-19T05:33:25.650326+00:00 [running]> on host ca927d78a9ea
[2024-05-19T05:33:29.707+0000] {taskinstance.py:2648} INFO - Exporting env vars: AIRFLOW_CTX_DAG_EMAIL='fathurrahmanhernanda@gmail.com' AIRFLOW_CTX_DAG_OWNER='***' AIRFLOW_CTX_DAG_ID='dummyjson_ingestion' AIRFLOW_CTX_TASK_ID='is_api_available' AIRFLOW_CTX_EXECUTION_DATE='2024-05-19T05:33:25.650326+00:00' AIRFLOW_CTX_TRY_NUMBER='1' AIRFLOW_CTX_DAG_RUN_ID='manual__2024-05-19T05:33:25.650326+00:00'
[2024-05-19T05:33:29.711+0000] {taskinstance.py:430} INFO - ::endgroup::
[2024-05-19T05:33:29.712+0000] {baseoperator.py:399} WARNING - HttpSensor.execute cannot be called outside TaskInstance!
[2024-05-19T05:33:29.713+0000] {http.py:137} INFO - Poking: /users/
[2024-05-19T05:33:29.727+0000] {base.py:84} INFO - Using connection ID 'dummyjson_api' for task execution.
[2024-05-19T05:33:31.158+0000] {base.py:294} INFO - Success criteria met. Exiting.
[2024-05-19T05:33:31.160+0000] {taskinstance.py:441} INFO - ::group::Post task execution logs
[2024-05-19T05:33:31.178+0000] {taskinstance.py:1206} INFO - Marking task as SUCCESS. dag_id=dummyjson_ingestion, task_id=is_api_available, run_id=manual__2024-05-19T05:33:25.650326+00:00, execution_date=20240519T053325, start_date=20240519T053329, end_date=20240519T053331
[2024-05-19T05:33:31.215+0000] {local_task_job_runner.py:240} INFO - Task exited with return code 0
[2024-05-19T05:33:31.238+0000] {warnings.py:110} WARNING - /home/***/.local/lib/python3.12/site-packages/***/models/baseoperator.py:1296: AirflowProviderDeprecationWarning: Call to deprecated class SimpleHttpOperator. (Class `SimpleHttpOperator` is deprecated and will be removed in a future release. Please use `HttpOperator` instead.)
  result = cls.__new__(cls)

[2024-05-19T05:33:31.300+0000] {taskinstance.py:3498} INFO - 1 downstream tasks scheduled from follow-on schedule check
[2024-05-19T05:33:31.305+0000] {local_task_job_runner.py:222} INFO - ::endgroup::
