[2024-05-14T15:30:01.233+0000] {local_task_job_runner.py:120} INFO - ::group::Pre task execution logs
[2024-05-14T15:30:01.293+0000] {taskinstance.py:2076} INFO - Dependencies all met for dep_context=non-requeueable deps ti=<TaskInstance: json2csv_b.products_transform manual__2024-05-14T15:29:50.824034+00:00 [queued]>
[2024-05-14T15:30:01.311+0000] {taskinstance.py:2076} INFO - Dependencies all met for dep_context=requeueable deps ti=<TaskInstance: json2csv_b.products_transform manual__2024-05-14T15:29:50.824034+00:00 [queued]>
[2024-05-14T15:30:01.312+0000] {taskinstance.py:2306} INFO - Starting attempt 1 of 1
[2024-05-14T15:30:01.339+0000] {taskinstance.py:2330} INFO - Executing <Task(_PythonDecoratedOperator): products_transform> on 2024-05-14 15:29:50.824034+00:00
[2024-05-14T15:30:01.348+0000] {warnings.py:110} WARNING - /home/***/.local/lib/python3.12/site-packages/***/task/task_runner/standard_task_runner.py:61: DeprecationWarning: This process (pid=2477) is multi-threaded, use of fork() may lead to deadlocks in the child.
  pid = os.fork()

[2024-05-14T15:30:01.350+0000] {standard_task_runner.py:63} INFO - Started process 2487 to run task
[2024-05-14T15:30:01.351+0000] {standard_task_runner.py:90} INFO - Running: ['***', 'tasks', 'run', 'json2csv_b', 'products_transform', 'manual__2024-05-14T15:29:50.824034+00:00', '--job-id', '875', '--raw', '--subdir', 'DAGS_FOLDER/json_to_csv_dynamic_config.py', '--cfg-path', '/tmp/tmpq90k8ag6']
[2024-05-14T15:30:01.357+0000] {standard_task_runner.py:91} INFO - Job 875: Subtask products_transform
[2024-05-14T15:30:01.429+0000] {task_command.py:426} INFO - Running <TaskInstance: json2csv_b.products_transform manual__2024-05-14T15:29:50.824034+00:00 [running]> on host c2025ffc2c56
[2024-05-14T15:30:01.647+0000] {taskinstance.py:2648} INFO - Exporting env vars: AIRFLOW_CTX_DAG_OWNER='***' AIRFLOW_CTX_DAG_ID='json2csv_b' AIRFLOW_CTX_TASK_ID='products_transform' AIRFLOW_CTX_EXECUTION_DATE='2024-05-14T15:29:50.824034+00:00' AIRFLOW_CTX_TRY_NUMBER='1' AIRFLOW_CTX_DAG_RUN_ID='manual__2024-05-14T15:29:50.824034+00:00'
[2024-05-14T15:30:01.650+0000] {taskinstance.py:430} INFO - ::endgroup::
[2024-05-14T15:30:01.651+0000] {python.py:237} INFO - Done. Returned value was: 1,Macbook Pro,2020
2,HP Envy,2024

[2024-05-14T15:30:01.652+0000] {taskinstance.py:441} INFO - ::group::Post task execution logs
[2024-05-14T15:30:01.685+0000] {taskinstance.py:1206} INFO - Marking task as SUCCESS. dag_id=json2csv_b, task_id=products_transform, run_id=manual__2024-05-14T15:29:50.824034+00:00, execution_date=20240514T152950, start_date=20240514T153001, end_date=20240514T153001
[2024-05-14T15:30:01.726+0000] {local_task_job_runner.py:240} INFO - Task exited with return code 0
[2024-05-14T15:30:01.772+0000] {taskinstance.py:3498} INFO - 1 downstream tasks scheduled from follow-on schedule check
[2024-05-14T15:30:01.777+0000] {local_task_job_runner.py:222} INFO - ::endgroup::
