[2024-05-13T09:58:33.255+0000] {local_task_job_runner.py:120} INFO - ::group::Pre task execution logs
[2024-05-13T09:58:33.332+0000] {taskinstance.py:2076} INFO - Dependencies all met for dep_context=non-requeueable deps ti=<TaskInstance: demo.airflow scheduled__2022-01-05T00:00:00+00:00 [queued]>
[2024-05-13T09:58:33.360+0000] {taskinstance.py:2076} INFO - Dependencies all met for dep_context=requeueable deps ti=<TaskInstance: demo.airflow scheduled__2022-01-05T00:00:00+00:00 [queued]>
[2024-05-13T09:58:33.363+0000] {taskinstance.py:2306} INFO - Starting attempt 1 of 1
[2024-05-13T09:58:33.396+0000] {taskinstance.py:2330} INFO - Executing <Task(_PythonDecoratedOperator): airflow> on 2022-01-05 00:00:00+00:00
[2024-05-13T09:58:33.414+0000] {warnings.py:110} WARNING - /home/***/.local/lib/python3.12/site-packages/***/task/task_runner/standard_task_runner.py:61: DeprecationWarning: This process (pid=690) is multi-threaded, use of fork() may lead to deadlocks in the child.
  pid = os.fork()

[2024-05-13T09:58:33.417+0000] {standard_task_runner.py:63} INFO - Started process 707 to run task
[2024-05-13T09:58:33.417+0000] {standard_task_runner.py:90} INFO - Running: ['***', 'tasks', 'run', 'demo', '***', 'scheduled__2022-01-05T00:00:00+00:00', '--job-id', '33', '--raw', '--subdir', 'DAGS_FOLDER/demo.py', '--cfg-path', '/tmp/tmpdt4gyggi']
[2024-05-13T09:58:33.424+0000] {standard_task_runner.py:91} INFO - Job 33: Subtask ***
[2024-05-13T09:58:33.535+0000] {task_command.py:426} INFO - Running <TaskInstance: demo.airflow scheduled__2022-01-05T00:00:00+00:00 [running]> on host c2025ffc2c56
[2024-05-13T09:58:33.718+0000] {taskinstance.py:2648} INFO - Exporting env vars: AIRFLOW_CTX_DAG_OWNER='***' AIRFLOW_CTX_DAG_ID='demo' AIRFLOW_CTX_TASK_ID='***' AIRFLOW_CTX_EXECUTION_DATE='2022-01-05T00:00:00+00:00' AIRFLOW_CTX_TRY_NUMBER='1' AIRFLOW_CTX_DAG_RUN_ID='scheduled__2022-01-05T00:00:00+00:00'
[2024-05-13T09:58:33.723+0000] {taskinstance.py:430} INFO - ::endgroup::
[2024-05-13T09:58:33.725+0000] {logging_mixin.py:188} INFO - ***
[2024-05-13T09:58:33.727+0000] {python.py:237} INFO - Done. Returned value was: None
[2024-05-13T09:58:33.728+0000] {taskinstance.py:441} INFO - ::group::Post task execution logs
[2024-05-13T09:58:33.743+0000] {taskinstance.py:1206} INFO - Marking task as SUCCESS. dag_id=demo, task_id=***, run_id=scheduled__2022-01-05T00:00:00+00:00, execution_date=20220105T000000, start_date=20240513T095833, end_date=20240513T095833
[2024-05-13T09:58:33.793+0000] {local_task_job_runner.py:240} INFO - Task exited with return code 0
[2024-05-13T09:58:33.827+0000] {taskinstance.py:3498} INFO - 0 downstream tasks scheduled from follow-on schedule check
[2024-05-13T09:58:33.831+0000] {local_task_job_runner.py:222} INFO - ::endgroup::
