[2024-05-19T11:35:51.584+0000] {local_task_job_runner.py:120} INFO - ::group::Pre task execution logs
[2024-05-19T11:35:51.628+0000] {taskinstance.py:2076} INFO - Dependencies all met for dep_context=non-requeueable deps ti=<TaskInstance: dummyjson_products.write_to_csv_products manual__2024-05-19T11:30:27.191769+00:00 [queued]>
[2024-05-19T11:35:51.650+0000] {taskinstance.py:2076} INFO - Dependencies all met for dep_context=requeueable deps ti=<TaskInstance: dummyjson_products.write_to_csv_products manual__2024-05-19T11:30:27.191769+00:00 [queued]>
[2024-05-19T11:35:51.655+0000] {taskinstance.py:2306} INFO - Starting attempt 2 of 6
[2024-05-19T11:35:51.687+0000] {taskinstance.py:2330} INFO - Executing <Task(PythonOperator): write_to_csv_products> on 2024-05-19 11:30:27.191769+00:00
[2024-05-19T11:35:51.696+0000] {warnings.py:110} WARNING - /home/***/.local/lib/python3.12/site-packages/***/task/task_runner/standard_task_runner.py:61: DeprecationWarning: This process (pid=2883) is multi-threaded, use of fork() may lead to deadlocks in the child.
  pid = os.fork()

[2024-05-19T11:35:51.699+0000] {standard_task_runner.py:63} INFO - Started process 2885 to run task
[2024-05-19T11:35:51.700+0000] {standard_task_runner.py:90} INFO - Running: ['***', 'tasks', 'run', 'dummyjson_products', 'write_to_csv_products', 'manual__2024-05-19T11:30:27.191769+00:00', '--job-id', '1493', '--raw', '--subdir', 'DAGS_FOLDER/dummyjson_product.py', '--cfg-path', '/tmp/tmpy8y1l71b']
[2024-05-19T11:35:51.702+0000] {standard_task_runner.py:91} INFO - Job 1493: Subtask write_to_csv_products
[2024-05-19T11:35:51.784+0000] {task_command.py:426} INFO - Running <TaskInstance: dummyjson_products.write_to_csv_products manual__2024-05-19T11:30:27.191769+00:00 [running]> on host ca927d78a9ea
[2024-05-19T11:35:52.225+0000] {taskinstance.py:2648} INFO - Exporting env vars: AIRFLOW_CTX_DAG_EMAIL='fathurrahmanhernanda@gmail.com' AIRFLOW_CTX_DAG_OWNER='***' AIRFLOW_CTX_DAG_ID='dummyjson_products' AIRFLOW_CTX_TASK_ID='write_to_csv_products' AIRFLOW_CTX_EXECUTION_DATE='2024-05-19T11:30:27.191769+00:00' AIRFLOW_CTX_TRY_NUMBER='2' AIRFLOW_CTX_DAG_RUN_ID='manual__2024-05-19T11:30:27.191769+00:00'
[2024-05-19T11:35:52.226+0000] {taskinstance.py:430} INFO - ::endgroup::
[2024-05-19T11:35:52.239+0000] {dummyjson_product.py:43} INFO - Transformed data: None
[2024-05-19T11:35:52.246+0000] {taskinstance.py:441} INFO - ::group::Post task execution logs
[2024-05-19T11:35:52.247+0000] {taskinstance.py:2905} ERROR - Task failed with exception
Traceback (most recent call last):
  File "/home/airflow/.local/lib/python3.12/site-packages/airflow/models/taskinstance.py", line 465, in _execute_task
    result = _execute_callable(context=context, **execute_callable_kwargs)
             ^^^^^^^^^^^^^^^^^^^^^^^^^^^^^^^^^^^^^^^^^^^^^^^^^^^^^^^^^^^^^
  File "/home/airflow/.local/lib/python3.12/site-packages/airflow/models/taskinstance.py", line 432, in _execute_callable
    return execute_callable(context=context, **execute_callable_kwargs)
           ^^^^^^^^^^^^^^^^^^^^^^^^^^^^^^^^^^^^^^^^^^^^^^^^^^^^^^^^^^^^
  File "/home/airflow/.local/lib/python3.12/site-packages/airflow/models/baseoperator.py", line 400, in wrapper
    return func(self, *args, **kwargs)
           ^^^^^^^^^^^^^^^^^^^^^^^^^^^
  File "/home/airflow/.local/lib/python3.12/site-packages/airflow/operators/python.py", line 235, in execute
    return_value = self.execute_callable()
                   ^^^^^^^^^^^^^^^^^^^^^^^
  File "/home/airflow/.local/lib/python3.12/site-packages/airflow/operators/python.py", line 252, in execute_callable
    return self.python_callable(*self.op_args, **self.op_kwargs)
           ^^^^^^^^^^^^^^^^^^^^^^^^^^^^^^^^^^^^^^^^^^^^^^^^^^^^^
  File "/opt/airflow/dags/dummyjson_product.py", line 47, in write_to_csv_products
    writer.writerows(transformed_data)
  File "/usr/local/lib/python3.12/csv.py", line 167, in writerows
    return self.writer.writerows(map(self._dict_to_list, rowdicts))
                                 ^^^^^^^^^^^^^^^^^^^^^^^^^^^^^^^^^
TypeError: 'NoneType' object is not iterable
[2024-05-19T11:35:52.267+0000] {taskinstance.py:1206} INFO - Marking task as UP_FOR_RETRY. dag_id=dummyjson_products, task_id=write_to_csv_products, run_id=manual__2024-05-19T11:30:27.191769+00:00, execution_date=20240519T113027, start_date=20240519T113551, end_date=20240519T113552
[2024-05-19T11:35:52.285+0000] {standard_task_runner.py:110} ERROR - Failed to execute job 1493 for task write_to_csv_products ('NoneType' object is not iterable; 2885)
[2024-05-19T11:35:52.315+0000] {local_task_job_runner.py:240} INFO - Task exited with return code 1
[2024-05-19T11:35:52.351+0000] {taskinstance.py:3498} INFO - 0 downstream tasks scheduled from follow-on schedule check
[2024-05-19T11:35:52.364+0000] {local_task_job_runner.py:222} INFO - ::endgroup::
