[2024-05-19T11:40:56.049+0000] {local_task_job_runner.py:120} INFO - ::group::Pre task execution logs
[2024-05-19T11:40:56.077+0000] {taskinstance.py:2076} INFO - Dependencies all met for dep_context=non-requeueable deps ti=<TaskInstance: dummyjson_products.write_to_csv_products manual__2024-05-19T11:30:27.191769+00:00 [queued]>
[2024-05-19T11:40:56.091+0000] {taskinstance.py:2076} INFO - Dependencies all met for dep_context=requeueable deps ti=<TaskInstance: dummyjson_products.write_to_csv_products manual__2024-05-19T11:30:27.191769+00:00 [queued]>
[2024-05-19T11:40:56.092+0000] {taskinstance.py:2306} INFO - Starting attempt 3 of 6
[2024-05-19T11:40:56.116+0000] {taskinstance.py:2330} INFO - Executing <Task(PythonOperator): write_to_csv_products> on 2024-05-19 11:30:27.191769+00:00
[2024-05-19T11:40:56.129+0000] {warnings.py:110} WARNING - /home/***/.local/lib/python3.12/site-packages/***/task/task_runner/standard_task_runner.py:61: DeprecationWarning: This process (pid=3001) is multi-threaded, use of fork() may lead to deadlocks in the child.
  pid = os.fork()

[2024-05-19T11:40:56.132+0000] {standard_task_runner.py:63} INFO - Started process 3003 to run task
[2024-05-19T11:40:56.135+0000] {standard_task_runner.py:90} INFO - Running: ['***', 'tasks', 'run', 'dummyjson_products', 'write_to_csv_products', 'manual__2024-05-19T11:30:27.191769+00:00', '--job-id', '1510', '--raw', '--subdir', 'DAGS_FOLDER/dummyjson_product.py', '--cfg-path', '/tmp/tmp_g4vm22p']
[2024-05-19T11:40:56.137+0000] {standard_task_runner.py:91} INFO - Job 1510: Subtask write_to_csv_products
[2024-05-19T11:40:56.241+0000] {task_command.py:426} INFO - Running <TaskInstance: dummyjson_products.write_to_csv_products manual__2024-05-19T11:30:27.191769+00:00 [running]> on host ca927d78a9ea
[2024-05-19T11:40:56.649+0000] {taskinstance.py:2648} INFO - Exporting env vars: AIRFLOW_CTX_DAG_EMAIL='fathurrahmanhernanda@gmail.com' AIRFLOW_CTX_DAG_OWNER='***' AIRFLOW_CTX_DAG_ID='dummyjson_products' AIRFLOW_CTX_TASK_ID='write_to_csv_products' AIRFLOW_CTX_EXECUTION_DATE='2024-05-19T11:30:27.191769+00:00' AIRFLOW_CTX_TRY_NUMBER='3' AIRFLOW_CTX_DAG_RUN_ID='manual__2024-05-19T11:30:27.191769+00:00'
[2024-05-19T11:40:56.653+0000] {taskinstance.py:430} INFO - ::endgroup::
[2024-05-19T11:40:56.672+0000] {taskinstance.py:441} INFO - ::group::Post task execution logs
[2024-05-19T11:40:56.673+0000] {taskinstance.py:2905} ERROR - Task failed with exception
Traceback (most recent call last):
  File "/home/airflow/.local/lib/python3.12/site-packages/airflow/models/taskinstance.py", line 465, in _execute_task
    result = _execute_callable(context=context, **execute_callable_kwargs)
             ^^^^^^^^^^^^^^^^^^^^^^^^^^^^^^^^^^^^^^^^^^^^^^^^^^^^^^^^^^^^^
  File "/home/airflow/.local/lib/python3.12/site-packages/airflow/models/taskinstance.py", line 432, in _execute_callable
    return execute_callable(context=context, **execute_callable_kwargs)
           ^^^^^^^^^^^^^^^^^^^^^^^^^^^^^^^^^^^^^^^^^^^^^^^^^^^^^^^^^^^^
  File "/home/airflow/.local/lib/python3.12/site-packages/airflow/models/baseoperator.py", line 400, in wrapper
    return func(self, *args, **kwargs)
           ^^^^^^^^^^^^^^^^^^^^^^^^^^^
  File "/home/airflow/.local/lib/python3.12/site-packages/airflow/operators/python.py", line 235, in execute
    return_value = self.execute_callable()
                   ^^^^^^^^^^^^^^^^^^^^^^^
  File "/home/airflow/.local/lib/python3.12/site-packages/airflow/operators/python.py", line 252, in execute_callable
    return self.python_callable(*self.op_args, **self.op_kwargs)
           ^^^^^^^^^^^^^^^^^^^^^^^^^^^^^^^^^^^^^^^^^^^^^^^^^^^^^
  File "/opt/airflow/dags/dummyjson_product.py", line 45, in write_to_csv_products
    writer.writerows(transformed_data)
  File "/usr/local/lib/python3.12/csv.py", line 167, in writerows
    return self.writer.writerows(map(self._dict_to_list, rowdicts))
                                 ^^^^^^^^^^^^^^^^^^^^^^^^^^^^^^^^^
TypeError: 'NoneType' object is not iterable
[2024-05-19T11:40:56.689+0000] {taskinstance.py:1206} INFO - Marking task as UP_FOR_RETRY. dag_id=dummyjson_products, task_id=write_to_csv_products, run_id=manual__2024-05-19T11:30:27.191769+00:00, execution_date=20240519T113027, start_date=20240519T114056, end_date=20240519T114056
[2024-05-19T11:40:56.708+0000] {standard_task_runner.py:110} ERROR - Failed to execute job 1510 for task write_to_csv_products ('NoneType' object is not iterable; 3003)
[2024-05-19T11:40:56.754+0000] {local_task_job_runner.py:240} INFO - Task exited with return code 1
[2024-05-19T11:40:56.790+0000] {taskinstance.py:3498} INFO - 0 downstream tasks scheduled from follow-on schedule check
[2024-05-19T11:40:56.798+0000] {local_task_job_runner.py:222} INFO - ::endgroup::
