[2024-05-19T12:03:50.933+0000] {local_task_job_runner.py:120} INFO - ::group::Pre task execution logs
[2024-05-19T12:03:50.991+0000] {taskinstance.py:2076} INFO - Dependencies all met for dep_context=non-requeueable deps ti=<TaskInstance: dummyjson_products.write_to_csv_products manual__2024-05-19T11:30:27.191769+00:00 [queued]>
[2024-05-19T12:03:51.019+0000] {taskinstance.py:2076} INFO - Dependencies all met for dep_context=requeueable deps ti=<TaskInstance: dummyjson_products.write_to_csv_products manual__2024-05-19T11:30:27.191769+00:00 [queued]>
[2024-05-19T12:03:51.020+0000] {taskinstance.py:2306} INFO - Starting attempt 5 of 6
[2024-05-19T12:03:51.056+0000] {taskinstance.py:2330} INFO - Executing <Task(PythonOperator): write_to_csv_products> on 2024-05-19 11:30:27.191769+00:00
[2024-05-19T12:03:51.070+0000] {warnings.py:110} WARNING - /home/***/.local/lib/python3.12/site-packages/***/task/task_runner/standard_task_runner.py:61: DeprecationWarning: This process (pid=3499) is multi-threaded, use of fork() may lead to deadlocks in the child.
  pid = os.fork()

[2024-05-19T12:03:51.081+0000] {standard_task_runner.py:63} INFO - Started process 3520 to run task
[2024-05-19T12:03:51.100+0000] {standard_task_runner.py:90} INFO - Running: ['***', 'tasks', 'run', 'dummyjson_products', 'write_to_csv_products', 'manual__2024-05-19T11:30:27.191769+00:00', '--job-id', '1586', '--raw', '--subdir', 'DAGS_FOLDER/dummyjson.py', '--cfg-path', '/tmp/tmpru4dlvyo']
[2024-05-19T12:03:51.109+0000] {standard_task_runner.py:91} INFO - Job 1586: Subtask write_to_csv_products
[2024-05-19T12:03:51.239+0000] {task_command.py:426} INFO - Running <TaskInstance: dummyjson_products.write_to_csv_products manual__2024-05-19T11:30:27.191769+00:00 [running]> on host ca927d78a9ea
[2024-05-19T12:03:51.915+0000] {taskinstance.py:2648} INFO - Exporting env vars: AIRFLOW_CTX_DAG_EMAIL='fathurrahmanhernanda@gmail.com' AIRFLOW_CTX_DAG_OWNER='***' AIRFLOW_CTX_DAG_ID='dummyjson_products' AIRFLOW_CTX_TASK_ID='write_to_csv_products' AIRFLOW_CTX_EXECUTION_DATE='2024-05-19T11:30:27.191769+00:00' AIRFLOW_CTX_TRY_NUMBER='5' AIRFLOW_CTX_DAG_RUN_ID='manual__2024-05-19T11:30:27.191769+00:00'
[2024-05-19T12:03:51.917+0000] {taskinstance.py:430} INFO - ::endgroup::
[2024-05-19T12:03:51.947+0000] {dummyjson.py:50} INFO - CSV file has been written successfully to /opt/***/dags/playground/target/dummyjson/products.csv.
[2024-05-19T12:03:51.951+0000] {python.py:237} INFO - Done. Returned value was: None
[2024-05-19T12:03:51.954+0000] {taskinstance.py:441} INFO - ::group::Post task execution logs
[2024-05-19T12:03:51.984+0000] {taskinstance.py:1206} INFO - Marking task as SUCCESS. dag_id=dummyjson_products, task_id=write_to_csv_products, run_id=manual__2024-05-19T11:30:27.191769+00:00, execution_date=20240519T113027, start_date=20240519T120350, end_date=20240519T120351
[2024-05-19T12:03:52.087+0000] {local_task_job_runner.py:240} INFO - Task exited with return code 0
[2024-05-19T12:03:52.158+0000] {taskinstance.py:3498} INFO - 1 downstream tasks scheduled from follow-on schedule check
[2024-05-19T12:03:52.168+0000] {local_task_job_runner.py:222} INFO - ::endgroup::
