[2024-05-19T15:23:52.703+0000] {local_task_job_runner.py:120} INFO - ::group::Pre task execution logs
[2024-05-19T15:23:52.761+0000] {taskinstance.py:2076} INFO - Dependencies all met for dep_context=non-requeueable deps ti=<TaskInstance: dummyjson.local_to_gcs_cart manual__2024-05-19T15:17:18.366686+00:00 [queued]>
[2024-05-19T15:23:52.789+0000] {taskinstance.py:2076} INFO - Dependencies all met for dep_context=requeueable deps ti=<TaskInstance: dummyjson.local_to_gcs_cart manual__2024-05-19T15:17:18.366686+00:00 [queued]>
[2024-05-19T15:23:52.793+0000] {taskinstance.py:2306} INFO - Starting attempt 1 of 6
[2024-05-19T15:23:52.839+0000] {taskinstance.py:2330} INFO - Executing <Task(LocalFilesystemToGCSOperator): local_to_gcs_cart> on 2024-05-19 15:17:18.366686+00:00
[2024-05-19T15:23:52.901+0000] {warnings.py:110} WARNING - /home/***/.local/lib/python3.12/site-packages/***/task/task_runner/standard_task_runner.py:61: DeprecationWarning: This process (pid=1796) is multi-threaded, use of fork() may lead to deadlocks in the child.
  pid = os.fork()

[2024-05-19T15:23:52.912+0000] {standard_task_runner.py:63} INFO - Started process 1819 to run task
[2024-05-19T15:23:52.916+0000] {standard_task_runner.py:90} INFO - Running: ['***', 'tasks', 'run', 'dummyjson', 'local_to_gcs_cart', 'manual__2024-05-19T15:17:18.366686+00:00', '--job-id', '2043', '--raw', '--subdir', 'DAGS_FOLDER/dummyjson.py', '--cfg-path', '/tmp/tmpmqbts2gs']
[2024-05-19T15:23:52.941+0000] {standard_task_runner.py:91} INFO - Job 2043: Subtask local_to_gcs_cart
[2024-05-19T15:23:53.163+0000] {task_command.py:426} INFO - Running <TaskInstance: dummyjson.local_to_gcs_cart manual__2024-05-19T15:17:18.366686+00:00 [running]> on host ca927d78a9ea
[2024-05-19T15:23:54.057+0000] {taskinstance.py:2648} INFO - Exporting env vars: AIRFLOW_CTX_DAG_EMAIL='fathurrahmanhernanda@gmail.com' AIRFLOW_CTX_DAG_OWNER='***' AIRFLOW_CTX_DAG_ID='dummyjson' AIRFLOW_CTX_TASK_ID='local_to_gcs_cart' AIRFLOW_CTX_EXECUTION_DATE='2024-05-19T15:17:18.366686+00:00' AIRFLOW_CTX_TRY_NUMBER='1' AIRFLOW_CTX_DAG_RUN_ID='manual__2024-05-19T15:17:18.366686+00:00'
[2024-05-19T15:23:54.063+0000] {taskinstance.py:430} INFO - ::endgroup::
[2024-05-19T15:23:54.089+0000] {connection.py:274} WARNING - Connection schemes (type: google_cloud_platform) shall not contain '_' according to RFC3986.
[2024-05-19T15:23:54.107+0000] {base.py:84} INFO - Using connection ID '***GCP' for task execution.
[2024-05-19T15:23:55.801+0000] {gcs.py:556} INFO - File /opt/***/dags/playground/target/dummyjson/carts.csv uploaded to carts.csv in weekly-assignment-6 bucket
[2024-05-19T15:23:55.802+0000] {taskinstance.py:441} INFO - ::group::Post task execution logs
[2024-05-19T15:23:55.829+0000] {taskinstance.py:1206} INFO - Marking task as SUCCESS. dag_id=dummyjson, task_id=local_to_gcs_cart, run_id=manual__2024-05-19T15:17:18.366686+00:00, execution_date=20240519T151718, start_date=20240519T152352, end_date=20240519T152355
[2024-05-19T15:23:56.011+0000] {local_task_job_runner.py:240} INFO - Task exited with return code 0
[2024-05-19T15:23:56.119+0000] {taskinstance.py:3498} INFO - 1 downstream tasks scheduled from follow-on schedule check
[2024-05-19T15:23:56.139+0000] {local_task_job_runner.py:222} INFO - ::endgroup::
