[2024-05-16T10:05:55.215+0000] {local_task_job_runner.py:120} INFO - ::group::Pre task execution logs
[2024-05-16T10:05:55.241+0000] {taskinstance.py:2076} INFO - Dependencies all met for dep_context=non-requeueable deps ti=<TaskInstance: randomuser_ingestion.extract_user scheduled__2024-05-16T09:00:00+00:00 [queued]>
[2024-05-16T10:05:55.253+0000] {taskinstance.py:2076} INFO - Dependencies all met for dep_context=requeueable deps ti=<TaskInstance: randomuser_ingestion.extract_user scheduled__2024-05-16T09:00:00+00:00 [queued]>
[2024-05-16T10:05:55.258+0000] {taskinstance.py:2306} INFO - Starting attempt 2 of 2
[2024-05-16T10:05:55.315+0000] {taskinstance.py:2330} INFO - Executing <Task(SimpleHttpOperator): extract_user> on 2024-05-16 09:00:00+00:00
[2024-05-16T10:05:55.334+0000] {warnings.py:110} WARNING - /home/***/.local/lib/python3.12/site-packages/***/task/task_runner/standard_task_runner.py:61: DeprecationWarning: This process (pid=765) is multi-threaded, use of fork() may lead to deadlocks in the child.
  pid = os.fork()

[2024-05-16T10:05:55.339+0000] {standard_task_runner.py:63} INFO - Started process 767 to run task
[2024-05-16T10:05:55.337+0000] {standard_task_runner.py:90} INFO - Running: ['***', 'tasks', 'run', 'randomuser_ingestion', 'extract_user', 'scheduled__2024-05-16T09:00:00+00:00', '--job-id', '1058', '--raw', '--subdir', 'DAGS_FOLDER/randomuser_ingestion.py', '--cfg-path', '/tmp/tmpd941pajy']
[2024-05-16T10:05:55.346+0000] {standard_task_runner.py:91} INFO - Job 1058: Subtask extract_user
[2024-05-16T10:05:55.414+0000] {task_command.py:426} INFO - Running <TaskInstance: randomuser_ingestion.extract_user scheduled__2024-05-16T09:00:00+00:00 [running]> on host 8d1d9b6df744
[2024-05-16T10:05:55.540+0000] {taskinstance.py:2648} INFO - Exporting env vars: AIRFLOW_CTX_DAG_OWNER='***' AIRFLOW_CTX_DAG_ID='randomuser_ingestion' AIRFLOW_CTX_TASK_ID='extract_user' AIRFLOW_CTX_EXECUTION_DATE='2024-05-16T09:00:00+00:00' AIRFLOW_CTX_TRY_NUMBER='2' AIRFLOW_CTX_DAG_RUN_ID='scheduled__2024-05-16T09:00:00+00:00'
[2024-05-16T10:05:55.544+0000] {taskinstance.py:430} INFO - ::endgroup::
[2024-05-16T10:05:55.545+0000] {http.py:169} INFO - Calling HTTP method
[2024-05-16T10:05:55.559+0000] {base.py:84} INFO - Using connection ID 'randomuser_api' for task execution.
[2024-05-16T10:05:55.570+0000] {base.py:84} INFO - Using connection ID 'randomuser_api' for task execution.
[2024-05-16T10:05:56.340+0000] {taskinstance.py:441} INFO - ::group::Post task execution logs
[2024-05-16T10:05:56.376+0000] {taskinstance.py:1206} INFO - Marking task as SUCCESS. dag_id=randomuser_ingestion, task_id=extract_user, run_id=scheduled__2024-05-16T09:00:00+00:00, execution_date=20240516T090000, start_date=20240516T100555, end_date=20240516T100556
[2024-05-16T10:05:56.402+0000] {local_task_job_runner.py:240} INFO - Task exited with return code 0
[2024-05-16T10:05:56.425+0000] {taskinstance.py:3498} INFO - 0 downstream tasks scheduled from follow-on schedule check
[2024-05-16T10:05:56.429+0000] {local_task_job_runner.py:222} INFO - ::endgroup::
