[2024-05-19T15:23:45.787+0000] {local_task_job_runner.py:120} INFO - ::group::Pre task execution logs
[2024-05-19T15:23:45.849+0000] {taskinstance.py:2076} INFO - Dependencies all met for dep_context=non-requeueable deps ti=<TaskInstance: dummyjson.local_to_gcs_todo scheduled__2024-05-17T17:00:00+00:00 [queued]>
[2024-05-19T15:23:45.871+0000] {taskinstance.py:2076} INFO - Dependencies all met for dep_context=requeueable deps ti=<TaskInstance: dummyjson.local_to_gcs_todo scheduled__2024-05-17T17:00:00+00:00 [queued]>
[2024-05-19T15:23:45.872+0000] {taskinstance.py:2306} INFO - Starting attempt 1 of 6
[2024-05-19T15:23:45.908+0000] {taskinstance.py:2330} INFO - Executing <Task(LocalFilesystemToGCSOperator): local_to_gcs_todo> on 2024-05-17 17:00:00+00:00
[2024-05-19T15:23:45.931+0000] {warnings.py:110} WARNING - /home/***/.local/lib/python3.12/site-packages/***/task/task_runner/standard_task_runner.py:61: DeprecationWarning: This process (pid=1776) is multi-threaded, use of fork() may lead to deadlocks in the child.
  pid = os.fork()

[2024-05-19T15:23:45.934+0000] {standard_task_runner.py:63} INFO - Started process 1797 to run task
[2024-05-19T15:23:45.946+0000] {standard_task_runner.py:90} INFO - Running: ['***', 'tasks', 'run', 'dummyjson', 'local_to_gcs_todo', 'scheduled__2024-05-17T17:00:00+00:00', '--job-id', '2037', '--raw', '--subdir', 'DAGS_FOLDER/dummyjson.py', '--cfg-path', '/tmp/tmpvge5yg3l']
[2024-05-19T15:23:45.955+0000] {standard_task_runner.py:91} INFO - Job 2037: Subtask local_to_gcs_todo
[2024-05-19T15:23:46.176+0000] {task_command.py:426} INFO - Running <TaskInstance: dummyjson.local_to_gcs_todo scheduled__2024-05-17T17:00:00+00:00 [running]> on host ca927d78a9ea
[2024-05-19T15:23:47.068+0000] {taskinstance.py:2648} INFO - Exporting env vars: AIRFLOW_CTX_DAG_EMAIL='fathurrahmanhernanda@gmail.com' AIRFLOW_CTX_DAG_OWNER='***' AIRFLOW_CTX_DAG_ID='dummyjson' AIRFLOW_CTX_TASK_ID='local_to_gcs_todo' AIRFLOW_CTX_EXECUTION_DATE='2024-05-17T17:00:00+00:00' AIRFLOW_CTX_TRY_NUMBER='1' AIRFLOW_CTX_DAG_RUN_ID='scheduled__2024-05-17T17:00:00+00:00'
[2024-05-19T15:23:47.071+0000] {taskinstance.py:430} INFO - ::endgroup::
[2024-05-19T15:23:47.126+0000] {connection.py:274} WARNING - Connection schemes (type: google_cloud_platform) shall not contain '_' according to RFC3986.
[2024-05-19T15:23:47.135+0000] {base.py:84} INFO - Using connection ID '***GCP' for task execution.
[2024-05-19T15:23:48.742+0000] {gcs.py:556} INFO - File /opt/***/dags/playground/target/dummyjson/todos.csv uploaded to todos.csv in weekly-assignment-6 bucket
[2024-05-19T15:23:48.746+0000] {taskinstance.py:441} INFO - ::group::Post task execution logs
[2024-05-19T15:23:48.785+0000] {taskinstance.py:1206} INFO - Marking task as SUCCESS. dag_id=dummyjson, task_id=local_to_gcs_todo, run_id=scheduled__2024-05-17T17:00:00+00:00, execution_date=20240517T170000, start_date=20240519T152345, end_date=20240519T152348
[2024-05-19T15:23:48.898+0000] {local_task_job_runner.py:240} INFO - Task exited with return code 0
[2024-05-19T15:23:48.961+0000] {taskinstance.py:3498} INFO - 0 downstream tasks scheduled from follow-on schedule check
[2024-05-19T15:23:48.980+0000] {local_task_job_runner.py:222} INFO - ::endgroup::
