[2024-05-19T11:21:21.546+0000] {local_task_job_runner.py:120} INFO - ::group::Pre task execution logs
[2024-05-19T11:21:21.570+0000] {taskinstance.py:2076} INFO - Dependencies all met for dep_context=non-requeueable deps ti=<TaskInstance: dummyjson_products.transform_products scheduled__2024-05-01T00:00:00+00:00 [queued]>
[2024-05-19T11:21:21.581+0000] {taskinstance.py:2076} INFO - Dependencies all met for dep_context=requeueable deps ti=<TaskInstance: dummyjson_products.transform_products scheduled__2024-05-01T00:00:00+00:00 [queued]>
[2024-05-19T11:21:21.582+0000] {taskinstance.py:2306} INFO - Starting attempt 1 of 6
[2024-05-19T11:21:21.604+0000] {taskinstance.py:2330} INFO - Executing <Task(PythonOperator): transform_products> on 2024-05-01 00:00:00+00:00
[2024-05-19T11:21:21.613+0000] {warnings.py:110} WARNING - /home/***/.local/lib/python3.12/site-packages/***/task/task_runner/standard_task_runner.py:61: DeprecationWarning: This process (pid=2597) is multi-threaded, use of fork() may lead to deadlocks in the child.
  pid = os.fork()

[2024-05-19T11:21:21.615+0000] {standard_task_runner.py:63} INFO - Started process 2601 to run task
[2024-05-19T11:21:21.617+0000] {standard_task_runner.py:90} INFO - Running: ['***', 'tasks', 'run', 'dummyjson_products', 'transform_products', 'scheduled__2024-05-01T00:00:00+00:00', '--job-id', '1456', '--raw', '--subdir', 'DAGS_FOLDER/dummyjson_product.py', '--cfg-path', '/tmp/tmpxuke4gu9']
[2024-05-19T11:21:21.619+0000] {standard_task_runner.py:91} INFO - Job 1456: Subtask transform_products
[2024-05-19T11:21:21.681+0000] {task_command.py:426} INFO - Running <TaskInstance: dummyjson_products.transform_products scheduled__2024-05-01T00:00:00+00:00 [running]> on host ca927d78a9ea
[2024-05-19T11:21:22.159+0000] {taskinstance.py:2648} INFO - Exporting env vars: AIRFLOW_CTX_DAG_EMAIL='fathurrahmanhernanda@gmail.com' AIRFLOW_CTX_DAG_OWNER='***' AIRFLOW_CTX_DAG_ID='dummyjson_products' AIRFLOW_CTX_TASK_ID='transform_products' AIRFLOW_CTX_EXECUTION_DATE='2024-05-01T00:00:00+00:00' AIRFLOW_CTX_TRY_NUMBER='1' AIRFLOW_CTX_DAG_RUN_ID='scheduled__2024-05-01T00:00:00+00:00'
[2024-05-19T11:21:22.161+0000] {taskinstance.py:430} INFO - ::endgroup::
[2024-05-19T11:21:22.162+0000] {taskinstance.py:441} INFO - ::group::Post task execution logs
[2024-05-19T11:21:22.163+0000] {taskinstance.py:2905} ERROR - Task failed with exception
Traceback (most recent call last):
  File "/home/airflow/.local/lib/python3.12/site-packages/airflow/models/taskinstance.py", line 465, in _execute_task
    result = _execute_callable(context=context, **execute_callable_kwargs)
             ^^^^^^^^^^^^^^^^^^^^^^^^^^^^^^^^^^^^^^^^^^^^^^^^^^^^^^^^^^^^^
  File "/home/airflow/.local/lib/python3.12/site-packages/airflow/models/taskinstance.py", line 432, in _execute_callable
    return execute_callable(context=context, **execute_callable_kwargs)
           ^^^^^^^^^^^^^^^^^^^^^^^^^^^^^^^^^^^^^^^^^^^^^^^^^^^^^^^^^^^^
  File "/home/airflow/.local/lib/python3.12/site-packages/airflow/models/baseoperator.py", line 400, in wrapper
    return func(self, *args, **kwargs)
           ^^^^^^^^^^^^^^^^^^^^^^^^^^^
  File "/home/airflow/.local/lib/python3.12/site-packages/airflow/operators/python.py", line 235, in execute
    return_value = self.execute_callable()
                   ^^^^^^^^^^^^^^^^^^^^^^^
  File "/home/airflow/.local/lib/python3.12/site-packages/airflow/operators/python.py", line 252, in execute_callable
    return self.python_callable(*self.op_args, **self.op_kwargs)
           ^^^^^^^^^^^^^^^^^^^^^^^^^^^^^^^^^^^^^^^^^^^^^^^^^^^^^
  File "/opt/airflow/dags/dummyjson_product.py", line 22, in transform_products
    carts = response['carts']
            ~~~~~~~~^^^^^^^^^
TypeError: string indices must be integers, not 'str'
[2024-05-19T11:21:22.181+0000] {taskinstance.py:1206} INFO - Marking task as UP_FOR_RETRY. dag_id=dummyjson_products, task_id=transform_products, run_id=scheduled__2024-05-01T00:00:00+00:00, execution_date=20240501T000000, start_date=20240519T112121, end_date=20240519T112122
[2024-05-19T11:21:22.202+0000] {standard_task_runner.py:110} ERROR - Failed to execute job 1456 for task transform_products (string indices must be integers, not 'str'; 2601)
[2024-05-19T11:21:22.232+0000] {local_task_job_runner.py:240} INFO - Task exited with return code 1
[2024-05-19T11:21:22.267+0000] {taskinstance.py:3498} INFO - 0 downstream tasks scheduled from follow-on schedule check
[2024-05-19T11:21:22.270+0000] {local_task_job_runner.py:222} INFO - ::endgroup::
