[2024-05-19T15:19:47.402+0000] {local_task_job_runner.py:120} INFO - ::group::Pre task execution logs
[2024-05-19T15:19:47.439+0000] {taskinstance.py:2076} INFO - Dependencies all met for dep_context=non-requeueable deps ti=<TaskInstance: dummyjson.extract_cart manual__2024-05-19T15:19:35.360091+00:00 [queued]>
[2024-05-19T15:19:47.457+0000] {taskinstance.py:2076} INFO - Dependencies all met for dep_context=requeueable deps ti=<TaskInstance: dummyjson.extract_cart manual__2024-05-19T15:19:35.360091+00:00 [queued]>
[2024-05-19T15:19:47.458+0000] {taskinstance.py:2306} INFO - Starting attempt 1 of 6
[2024-05-19T15:19:47.482+0000] {taskinstance.py:2330} INFO - Executing <Task(SimpleHttpOperator): extract_cart> on 2024-05-19 15:19:35.360091+00:00
[2024-05-19T15:19:47.493+0000] {warnings.py:110} WARNING - /home/***/.local/lib/python3.12/site-packages/***/task/task_runner/standard_task_runner.py:61: DeprecationWarning: This process (pid=1572) is multi-threaded, use of fork() may lead to deadlocks in the child.
  pid = os.fork()

[2024-05-19T15:19:47.497+0000] {standard_task_runner.py:63} INFO - Started process 1581 to run task
[2024-05-19T15:19:47.500+0000] {standard_task_runner.py:90} INFO - Running: ['***', 'tasks', 'run', 'dummyjson', 'extract_cart', 'manual__2024-05-19T15:19:35.360091+00:00', '--job-id', '1980', '--raw', '--subdir', 'DAGS_FOLDER/dummyjson.py', '--cfg-path', '/tmp/tmp_e93_idl']
[2024-05-19T15:19:47.502+0000] {standard_task_runner.py:91} INFO - Job 1980: Subtask extract_cart
[2024-05-19T15:19:47.605+0000] {task_command.py:426} INFO - Running <TaskInstance: dummyjson.extract_cart manual__2024-05-19T15:19:35.360091+00:00 [running]> on host ca927d78a9ea
[2024-05-19T15:19:48.237+0000] {taskinstance.py:2648} INFO - Exporting env vars: AIRFLOW_CTX_DAG_EMAIL='fathurrahmanhernanda@gmail.com' AIRFLOW_CTX_DAG_OWNER='***' AIRFLOW_CTX_DAG_ID='dummyjson' AIRFLOW_CTX_TASK_ID='extract_cart' AIRFLOW_CTX_EXECUTION_DATE='2024-05-19T15:19:35.360091+00:00' AIRFLOW_CTX_TRY_NUMBER='1' AIRFLOW_CTX_DAG_RUN_ID='manual__2024-05-19T15:19:35.360091+00:00'
[2024-05-19T15:19:48.239+0000] {taskinstance.py:430} INFO - ::endgroup::
[2024-05-19T15:19:48.241+0000] {http.py:169} INFO - Calling HTTP method
[2024-05-19T15:19:48.259+0000] {base.py:84} INFO - Using connection ID 'dummyjson_api' for task execution.
[2024-05-19T15:19:48.272+0000] {base.py:84} INFO - Using connection ID 'dummyjson_api' for task execution.
[2024-05-19T15:19:49.951+0000] {taskinstance.py:441} INFO - ::group::Post task execution logs
[2024-05-19T15:19:49.999+0000] {taskinstance.py:1206} INFO - Marking task as SUCCESS. dag_id=dummyjson, task_id=extract_cart, run_id=manual__2024-05-19T15:19:35.360091+00:00, execution_date=20240519T151935, start_date=20240519T151947, end_date=20240519T151949
[2024-05-19T15:19:50.063+0000] {local_task_job_runner.py:240} INFO - Task exited with return code 0
[2024-05-19T15:19:50.081+0000] {warnings.py:110} WARNING - /home/***/.local/lib/python3.12/site-packages/***/models/baseoperator.py:1296: AirflowProviderDeprecationWarning: Call to deprecated class SimpleHttpOperator. (Class `SimpleHttpOperator` is deprecated and will be removed in a future release. Please use `HttpOperator` instead.)
  result = cls.__new__(cls)

[2024-05-19T15:19:50.113+0000] {taskinstance.py:3498} INFO - 1 downstream tasks scheduled from follow-on schedule check
[2024-05-19T15:19:50.116+0000] {local_task_job_runner.py:222} INFO - ::endgroup::
