[2024-05-19T11:13:35.890+0000] {local_task_job_runner.py:120} INFO - ::group::Pre task execution logs
[2024-05-19T11:13:35.929+0000] {taskinstance.py:2076} INFO - Dependencies all met for dep_context=non-requeueable deps ti=<TaskInstance: dummyjson.write_to_csv_user manual__2024-05-19T11:07:31.553907+00:00 [queued]>
[2024-05-19T11:13:35.951+0000] {taskinstance.py:2076} INFO - Dependencies all met for dep_context=requeueable deps ti=<TaskInstance: dummyjson.write_to_csv_user manual__2024-05-19T11:07:31.553907+00:00 [queued]>
[2024-05-19T11:13:35.952+0000] {taskinstance.py:2306} INFO - Starting attempt 1 of 6
[2024-05-19T11:13:35.988+0000] {taskinstance.py:2330} INFO - Executing <Task(PythonOperator): write_to_csv_user> on 2024-05-19 11:07:31.553907+00:00
[2024-05-19T11:13:36.002+0000] {warnings.py:110} WARNING - /home/***/.local/lib/python3.12/site-packages/***/task/task_runner/standard_task_runner.py:61: DeprecationWarning: This process (pid=2463) is multi-threaded, use of fork() may lead to deadlocks in the child.
  pid = os.fork()

[2024-05-19T11:13:36.007+0000] {standard_task_runner.py:63} INFO - Started process 2470 to run task
[2024-05-19T11:13:36.007+0000] {standard_task_runner.py:90} INFO - Running: ['***', 'tasks', 'run', 'dummyjson', 'write_to_csv_user', 'manual__2024-05-19T11:07:31.553907+00:00', '--job-id', '1445', '--raw', '--subdir', 'DAGS_FOLDER/dummyjson.py', '--cfg-path', '/tmp/tmps9vdq36g']
[2024-05-19T11:13:36.009+0000] {standard_task_runner.py:91} INFO - Job 1445: Subtask write_to_csv_user
[2024-05-19T11:13:36.095+0000] {task_command.py:426} INFO - Running <TaskInstance: dummyjson.write_to_csv_user manual__2024-05-19T11:07:31.553907+00:00 [running]> on host ca927d78a9ea
[2024-05-19T11:13:36.645+0000] {taskinstance.py:2648} INFO - Exporting env vars: AIRFLOW_CTX_DAG_EMAIL='fathurrahmanhernanda@gmail.com' AIRFLOW_CTX_DAG_OWNER='***' AIRFLOW_CTX_DAG_ID='dummyjson' AIRFLOW_CTX_TASK_ID='write_to_csv_user' AIRFLOW_CTX_EXECUTION_DATE='2024-05-19T11:07:31.553907+00:00' AIRFLOW_CTX_TRY_NUMBER='1' AIRFLOW_CTX_DAG_RUN_ID='manual__2024-05-19T11:07:31.553907+00:00'
[2024-05-19T11:13:36.646+0000] {taskinstance.py:430} INFO - ::endgroup::
[2024-05-19T11:13:36.672+0000] {dummyjson.py:109} INFO - CSV file has been written successfully to /opt/***/dags/playground/target/dummyjson/users.csv.
[2024-05-19T11:13:36.674+0000] {python.py:237} INFO - Done. Returned value was: None
[2024-05-19T11:13:36.675+0000] {taskinstance.py:441} INFO - ::group::Post task execution logs
[2024-05-19T11:13:36.692+0000] {taskinstance.py:1206} INFO - Marking task as SUCCESS. dag_id=dummyjson, task_id=write_to_csv_user, run_id=manual__2024-05-19T11:07:31.553907+00:00, execution_date=20240519T110731, start_date=20240519T111335, end_date=20240519T111336
[2024-05-19T11:13:36.784+0000] {local_task_job_runner.py:240} INFO - Task exited with return code 0
[2024-05-19T11:13:36.903+0000] {taskinstance.py:3498} INFO - 1 downstream tasks scheduled from follow-on schedule check
[2024-05-19T11:13:36.909+0000] {local_task_job_runner.py:222} INFO - ::endgroup::
