[2024-05-13T11:14:11.003+0000] {local_task_job_runner.py:120} INFO - ::group::Pre task execution logs
[2024-05-13T11:14:11.130+0000] {taskinstance.py:2076} INFO - Dependencies all met for dep_context=non-requeueable deps ti=<TaskInstance: demo.hello scheduled__2024-05-06T00:00:00+00:00 [queued]>
[2024-05-13T11:14:11.171+0000] {taskinstance.py:2076} INFO - Dependencies all met for dep_context=requeueable deps ti=<TaskInstance: demo.hello scheduled__2024-05-06T00:00:00+00:00 [queued]>
[2024-05-13T11:14:11.172+0000] {taskinstance.py:2306} INFO - Starting attempt 1 of 1
[2024-05-13T11:14:11.260+0000] {taskinstance.py:2330} INFO - Executing <Task(BashOperator): hello> on 2024-05-06 00:00:00+00:00
[2024-05-13T11:14:11.297+0000] {standard_task_runner.py:90} INFO - Running: ['***', 'tasks', 'run', 'demo', 'hello', 'scheduled__2024-05-06T00:00:00+00:00', '--job-id', '181', '--raw', '--subdir', 'DAGS_FOLDER/demo.py', '--cfg-path', '/tmp/tmp3x7av9j2']
[2024-05-13T11:14:11.295+0000] {warnings.py:110} WARNING - /home/***/.local/lib/python3.12/site-packages/***/task/task_runner/standard_task_runner.py:61: DeprecationWarning: This process (pid=2149) is multi-threaded, use of fork() may lead to deadlocks in the child.
  pid = os.fork()

[2024-05-13T11:14:11.321+0000] {standard_task_runner.py:63} INFO - Started process 2176 to run task
[2024-05-13T11:14:11.320+0000] {standard_task_runner.py:91} INFO - Job 181: Subtask hello
[2024-05-13T11:14:11.657+0000] {task_command.py:426} INFO - Running <TaskInstance: demo.hello scheduled__2024-05-06T00:00:00+00:00 [running]> on host c2025ffc2c56
[2024-05-13T11:14:12.154+0000] {taskinstance.py:2648} INFO - Exporting env vars: AIRFLOW_CTX_DAG_OWNER='***' AIRFLOW_CTX_DAG_ID='demo' AIRFLOW_CTX_TASK_ID='hello' AIRFLOW_CTX_EXECUTION_DATE='2024-05-06T00:00:00+00:00' AIRFLOW_CTX_TRY_NUMBER='1' AIRFLOW_CTX_DAG_RUN_ID='scheduled__2024-05-06T00:00:00+00:00'
[2024-05-13T11:14:12.162+0000] {taskinstance.py:430} INFO - ::endgroup::
[2024-05-13T11:14:12.172+0000] {subprocess.py:63} INFO - Tmp dir root location: /tmp
[2024-05-13T11:14:12.174+0000] {subprocess.py:75} INFO - Running command: ['/usr/bin/bash', '-c', 'echo hello']
[2024-05-13T11:14:12.269+0000] {subprocess.py:86} INFO - Output:
[2024-05-13T11:14:12.279+0000] {subprocess.py:93} INFO - hello
[2024-05-13T11:14:12.290+0000] {subprocess.py:97} INFO - Command exited with return code 0
[2024-05-13T11:14:12.296+0000] {taskinstance.py:441} INFO - ::group::Post task execution logs
[2024-05-13T11:14:12.493+0000] {taskinstance.py:1206} INFO - Marking task as SUCCESS. dag_id=demo, task_id=hello, run_id=scheduled__2024-05-06T00:00:00+00:00, execution_date=20240506T000000, start_date=20240513T111411, end_date=20240513T111412
[2024-05-13T11:14:12.602+0000] {local_task_job_runner.py:240} INFO - Task exited with return code 0
[2024-05-13T11:14:12.669+0000] {taskinstance.py:3498} INFO - 1 downstream tasks scheduled from follow-on schedule check
[2024-05-13T11:14:12.675+0000] {local_task_job_runner.py:222} INFO - ::endgroup::
