[2024-05-19T11:58:11.900+0000] {local_task_job_runner.py:120} INFO - ::group::Pre task execution logs
[2024-05-19T11:58:12.185+0000] {taskinstance.py:2076} INFO - Dependencies all met for dep_context=non-requeueable deps ti=<TaskInstance: dummyjson_products.is_products_api_available manual__2024-05-19T11:22:47.972161+00:00 [queued]>
[2024-05-19T11:58:12.225+0000] {taskinstance.py:2076} INFO - Dependencies all met for dep_context=requeueable deps ti=<TaskInstance: dummyjson_products.is_products_api_available manual__2024-05-19T11:22:47.972161+00:00 [queued]>
[2024-05-19T11:58:12.227+0000] {taskinstance.py:2306} INFO - Starting attempt 2 of 6
[2024-05-19T11:58:12.285+0000] {taskinstance.py:2330} INFO - Executing <Task(HttpSensor): is_products_api_available> on 2024-05-19 11:22:47.972161+00:00
[2024-05-19T11:58:12.337+0000] {warnings.py:110} WARNING - /home/***/.local/lib/python3.12/site-packages/***/task/task_runner/standard_task_runner.py:61: DeprecationWarning: This process (pid=3316) is multi-threaded, use of fork() may lead to deadlocks in the child.
  pid = os.fork()

[2024-05-19T11:58:12.343+0000] {standard_task_runner.py:63} INFO - Started process 3339 to run task
[2024-05-19T11:58:12.352+0000] {standard_task_runner.py:90} INFO - Running: ['***', 'tasks', 'run', 'dummyjson_products', 'is_products_api_available', 'manual__2024-05-19T11:22:47.972161+00:00', '--job-id', '1544', '--raw', '--subdir', 'DAGS_FOLDER/dummyjson_product.py', '--cfg-path', '/tmp/tmpez77wrg3']
[2024-05-19T11:58:12.363+0000] {standard_task_runner.py:91} INFO - Job 1544: Subtask is_products_api_available
[2024-05-19T11:58:12.703+0000] {task_command.py:426} INFO - Running <TaskInstance: dummyjson_products.is_products_api_available manual__2024-05-19T11:22:47.972161+00:00 [running]> on host ca927d78a9ea
[2024-05-19T11:58:17.773+0000] {taskinstance.py:2648} INFO - Exporting env vars: AIRFLOW_CTX_DAG_EMAIL='fathurrahmanhernanda@gmail.com' AIRFLOW_CTX_DAG_OWNER='***' AIRFLOW_CTX_DAG_ID='dummyjson_products' AIRFLOW_CTX_TASK_ID='is_products_api_available' AIRFLOW_CTX_EXECUTION_DATE='2024-05-19T11:22:47.972161+00:00' AIRFLOW_CTX_TRY_NUMBER='2' AIRFLOW_CTX_DAG_RUN_ID='manual__2024-05-19T11:22:47.972161+00:00'
[2024-05-19T11:58:17.790+0000] {taskinstance.py:430} INFO - ::endgroup::
[2024-05-19T11:58:17.794+0000] {baseoperator.py:399} WARNING - HttpSensor.execute cannot be called outside TaskInstance!
[2024-05-19T11:58:17.797+0000] {http.py:137} INFO - Poking: /carts/
[2024-05-19T11:58:17.936+0000] {base.py:84} INFO - Using connection ID 'dummyjson_api' for task execution.
[2024-05-19T11:58:20.285+0000] {base.py:294} INFO - Success criteria met. Exiting.
[2024-05-19T11:58:20.287+0000] {taskinstance.py:441} INFO - ::group::Post task execution logs
[2024-05-19T11:58:20.310+0000] {taskinstance.py:1206} INFO - Marking task as SUCCESS. dag_id=dummyjson_products, task_id=is_products_api_available, run_id=manual__2024-05-19T11:22:47.972161+00:00, execution_date=20240519T112247, start_date=20240519T115812, end_date=20240519T115820
[2024-05-19T11:58:20.374+0000] {local_task_job_runner.py:240} INFO - Task exited with return code 0
[2024-05-19T11:58:20.393+0000] {warnings.py:110} WARNING - /home/***/.local/lib/python3.12/site-packages/***/models/baseoperator.py:1296: AirflowProviderDeprecationWarning: Call to deprecated class SimpleHttpOperator. (Class `SimpleHttpOperator` is deprecated and will be removed in a future release. Please use `HttpOperator` instead.)
  result = cls.__new__(cls)

[2024-05-19T11:58:20.447+0000] {taskinstance.py:3498} INFO - 0 downstream tasks scheduled from follow-on schedule check
[2024-05-19T11:58:20.452+0000] {local_task_job_runner.py:222} INFO - ::endgroup::
