[2024-05-19T13:51:58.817+0000] {local_task_job_runner.py:120} INFO - ::group::Pre task execution logs
[2024-05-19T13:51:58.841+0000] {taskinstance.py:2076} INFO - Dependencies all met for dep_context=non-requeueable deps ti=<TaskInstance: extract_products_from_api.upload_to_gcs manual__2024-05-19T13:51:49.529011+00:00 [queued]>
[2024-05-19T13:51:58.854+0000] {taskinstance.py:2076} INFO - Dependencies all met for dep_context=requeueable deps ti=<TaskInstance: extract_products_from_api.upload_to_gcs manual__2024-05-19T13:51:49.529011+00:00 [queued]>
[2024-05-19T13:51:58.855+0000] {taskinstance.py:2306} INFO - Starting attempt 1 of 4
[2024-05-19T13:51:58.876+0000] {taskinstance.py:2330} INFO - Executing <Task(PythonOperator): upload_to_gcs> on 2024-05-19 13:51:49.529011+00:00
[2024-05-19T13:51:58.884+0000] {warnings.py:110} WARNING - /home/***/.local/lib/python3.12/site-packages/***/task/task_runner/standard_task_runner.py:61: DeprecationWarning: This process (pid=202) is multi-threaded, use of fork() may lead to deadlocks in the child.
  pid = os.fork()

[2024-05-19T13:51:58.886+0000] {standard_task_runner.py:63} INFO - Started process 211 to run task
[2024-05-19T13:51:58.887+0000] {standard_task_runner.py:90} INFO - Running: ['***', 'tasks', 'run', 'extract_products_from_api', 'upload_to_gcs', 'manual__2024-05-19T13:51:49.529011+00:00', '--job-id', '1881', '--raw', '--subdir', 'DAGS_FOLDER/dummyjson_product.py', '--cfg-path', '/tmp/tmpg20eeu0v']
[2024-05-19T13:51:58.888+0000] {standard_task_runner.py:91} INFO - Job 1881: Subtask upload_to_gcs
[2024-05-19T13:51:58.954+0000] {task_command.py:426} INFO - Running <TaskInstance: extract_products_from_api.upload_to_gcs manual__2024-05-19T13:51:49.529011+00:00 [running]> on host ca927d78a9ea
[2024-05-19T13:51:59.095+0000] {taskinstance.py:2648} INFO - Exporting env vars: AIRFLOW_CTX_DAG_EMAIL='your_email@example.com' AIRFLOW_CTX_DAG_OWNER='***' AIRFLOW_CTX_DAG_ID='extract_products_from_api' AIRFLOW_CTX_TASK_ID='upload_to_gcs' AIRFLOW_CTX_EXECUTION_DATE='2024-05-19T13:51:49.529011+00:00' AIRFLOW_CTX_TRY_NUMBER='1' AIRFLOW_CTX_DAG_RUN_ID='manual__2024-05-19T13:51:49.529011+00:00'
[2024-05-19T13:51:59.098+0000] {taskinstance.py:430} INFO - ::endgroup::
[2024-05-19T13:51:59.100+0000] {baseoperator.py:399} WARNING - LocalFilesystemToGCSOperator.execute cannot be called outside TaskInstance!
[2024-05-19T13:51:59.453+0000] {connection.py:274} WARNING - Connection schemes (type: google_cloud_platform) shall not contain '_' according to RFC3986.
[2024-05-19T13:51:59.458+0000] {base.py:84} INFO - Using connection ID '***GCP' for task execution.
[2024-05-19T13:52:00.404+0000] {gcs.py:556} INFO - File /opt/***/dags/playground/target/dummyjson/products.csv uploaded to products.csv in weekly-assignment-6 bucket
[2024-05-19T13:52:00.405+0000] {python.py:237} INFO - Done. Returned value was: None
[2024-05-19T13:52:00.406+0000] {taskinstance.py:441} INFO - ::group::Post task execution logs
[2024-05-19T13:52:00.421+0000] {taskinstance.py:1206} INFO - Marking task as SUCCESS. dag_id=extract_products_from_api, task_id=upload_to_gcs, run_id=manual__2024-05-19T13:51:49.529011+00:00, execution_date=20240519T135149, start_date=20240519T135158, end_date=20240519T135200
[2024-05-19T13:52:00.467+0000] {local_task_job_runner.py:240} INFO - Task exited with return code 0
[2024-05-19T13:52:00.510+0000] {taskinstance.py:3498} INFO - 1 downstream tasks scheduled from follow-on schedule check
[2024-05-19T13:52:00.513+0000] {local_task_job_runner.py:222} INFO - ::endgroup::
