[2024-05-18T15:32:26.070+0000] {local_task_job_runner.py:120} INFO - ::group::Pre task execution logs
[2024-05-18T15:32:26.093+0000] {taskinstance.py:2076} INFO - Dependencies all met for dep_context=non-requeueable deps ti=<TaskInstance: dummyjson_ingestion.is_api_available manual__2024-05-18T15:31:39.987354+00:00 [queued]>
[2024-05-18T15:32:26.104+0000] {taskinstance.py:2076} INFO - Dependencies all met for dep_context=requeueable deps ti=<TaskInstance: dummyjson_ingestion.is_api_available manual__2024-05-18T15:31:39.987354+00:00 [queued]>
[2024-05-18T15:32:26.105+0000] {taskinstance.py:2306} INFO - Starting attempt 2 of 2
[2024-05-18T15:32:26.125+0000] {taskinstance.py:2330} INFO - Executing <Task(HttpSensor): is_api_available> on 2024-05-18 15:31:39.987354+00:00
[2024-05-18T15:32:26.134+0000] {warnings.py:110} WARNING - /home/***/.local/lib/python3.12/site-packages/***/task/task_runner/standard_task_runner.py:61: DeprecationWarning: This process (pid=889) is multi-threaded, use of fork() may lead to deadlocks in the child.
  pid = os.fork()

[2024-05-18T15:32:26.137+0000] {standard_task_runner.py:63} INFO - Started process 891 to run task
[2024-05-18T15:32:26.137+0000] {standard_task_runner.py:90} INFO - Running: ['***', 'tasks', 'run', 'dummyjson_ingestion', 'is_api_available', 'manual__2024-05-18T15:31:39.987354+00:00', '--job-id', '1154', '--raw', '--subdir', 'DAGS_FOLDER/weekly_assignment.py', '--cfg-path', '/tmp/tmp8od_q1w3']
[2024-05-18T15:32:26.141+0000] {standard_task_runner.py:91} INFO - Job 1154: Subtask is_api_available
[2024-05-18T15:32:26.212+0000] {task_command.py:426} INFO - Running <TaskInstance: dummyjson_ingestion.is_api_available manual__2024-05-18T15:31:39.987354+00:00 [running]> on host 8d1d9b6df744
[2024-05-18T15:32:26.374+0000] {taskinstance.py:2648} INFO - Exporting env vars: AIRFLOW_CTX_DAG_OWNER='***' AIRFLOW_CTX_DAG_ID='dummyjson_ingestion' AIRFLOW_CTX_TASK_ID='is_api_available' AIRFLOW_CTX_EXECUTION_DATE='2024-05-18T15:31:39.987354+00:00' AIRFLOW_CTX_TRY_NUMBER='2' AIRFLOW_CTX_DAG_RUN_ID='manual__2024-05-18T15:31:39.987354+00:00'
[2024-05-18T15:32:26.378+0000] {taskinstance.py:430} INFO - ::endgroup::
[2024-05-18T15:32:26.379+0000] {baseoperator.py:399} WARNING - HttpSensor.execute cannot be called outside TaskInstance!
[2024-05-18T15:32:26.380+0000] {http.py:137} INFO - Poking: /users
[2024-05-18T15:32:26.415+0000] {base.py:84} INFO - Using connection ID 'dummyjson_api' for task execution.
[2024-05-18T15:32:27.170+0000] {http.py:199} ERROR - HTTP error: Not Found
[2024-05-18T15:32:27.171+0000] {http.py:200} ERROR - not found!
[2024-05-18T15:33:27.174+0000] {http.py:137} INFO - Poking: /users
[2024-05-18T15:33:27.184+0000] {base.py:84} INFO - Using connection ID 'dummyjson_api' for task execution.
[2024-05-18T15:33:28.152+0000] {http.py:199} ERROR - HTTP error: Not Found
[2024-05-18T15:33:28.153+0000] {http.py:200} ERROR - not found!
[2024-05-18T15:34:28.157+0000] {http.py:137} INFO - Poking: /users
[2024-05-18T15:34:28.183+0000] {base.py:84} INFO - Using connection ID 'dummyjson_api' for task execution.
[2024-05-18T15:34:28.796+0000] {http.py:199} ERROR - HTTP error: Not Found
[2024-05-18T15:34:28.799+0000] {http.py:200} ERROR - not found!
[2024-05-18T15:35:28.805+0000] {http.py:137} INFO - Poking: /users
[2024-05-18T15:35:28.823+0000] {base.py:84} INFO - Using connection ID 'dummyjson_api' for task execution.
[2024-05-18T15:35:30.129+0000] {http.py:199} ERROR - HTTP error: Not Found
[2024-05-18T15:35:30.131+0000] {http.py:200} ERROR - not found!
[2024-05-18T15:36:30.140+0000] {http.py:137} INFO - Poking: /users
[2024-05-18T15:36:30.150+0000] {base.py:84} INFO - Using connection ID 'dummyjson_api' for task execution.
[2024-05-18T15:36:31.102+0000] {http.py:199} ERROR - HTTP error: Not Found
[2024-05-18T15:36:31.103+0000] {http.py:200} ERROR - not found!
[2024-05-18T15:37:31.107+0000] {http.py:137} INFO - Poking: /users
[2024-05-18T15:37:31.119+0000] {base.py:84} INFO - Using connection ID 'dummyjson_api' for task execution.
[2024-05-18T15:37:32.036+0000] {http.py:199} ERROR - HTTP error: Not Found
[2024-05-18T15:37:32.037+0000] {http.py:200} ERROR - not found!
[2024-05-18T15:38:32.041+0000] {http.py:137} INFO - Poking: /users
[2024-05-18T15:38:32.054+0000] {base.py:84} INFO - Using connection ID 'dummyjson_api' for task execution.
[2024-05-18T15:38:32.791+0000] {http.py:199} ERROR - HTTP error: Not Found
[2024-05-18T15:38:32.792+0000] {http.py:200} ERROR - not found!
[2024-05-18T15:39:32.794+0000] {http.py:137} INFO - Poking: /users
[2024-05-18T15:39:32.805+0000] {base.py:84} INFO - Using connection ID 'dummyjson_api' for task execution.
[2024-05-18T15:39:35.161+0000] {http.py:199} ERROR - HTTP error: Not Found
[2024-05-18T15:39:35.162+0000] {http.py:200} ERROR - not found!
[2024-05-18T15:40:35.164+0000] {http.py:137} INFO - Poking: /users
[2024-05-18T15:40:35.178+0000] {base.py:84} INFO - Using connection ID 'dummyjson_api' for task execution.
[2024-05-18T15:40:35.833+0000] {http.py:199} ERROR - HTTP error: Not Found
[2024-05-18T15:40:35.834+0000] {http.py:200} ERROR - not found!
[2024-05-18T15:41:35.837+0000] {http.py:137} INFO - Poking: /users
[2024-05-18T15:41:35.847+0000] {base.py:84} INFO - Using connection ID 'dummyjson_api' for task execution.
[2024-05-18T15:41:36.753+0000] {http.py:199} ERROR - HTTP error: Not Found
[2024-05-18T15:41:36.755+0000] {http.py:200} ERROR - not found!
[2024-05-18T15:42:36.759+0000] {http.py:137} INFO - Poking: /users
[2024-05-18T15:42:36.778+0000] {base.py:84} INFO - Using connection ID 'dummyjson_api' for task execution.
[2024-05-18T15:42:37.448+0000] {http.py:199} ERROR - HTTP error: Not Found
[2024-05-18T15:42:37.448+0000] {http.py:200} ERROR - not found!
[2024-05-18T15:43:37.452+0000] {http.py:137} INFO - Poking: /users
[2024-05-18T15:43:37.461+0000] {base.py:84} INFO - Using connection ID 'dummyjson_api' for task execution.
[2024-05-18T15:43:38.086+0000] {http.py:199} ERROR - HTTP error: Not Found
[2024-05-18T15:43:38.087+0000] {http.py:200} ERROR - not found!
[2024-05-18T15:44:38.088+0000] {http.py:137} INFO - Poking: /users
[2024-05-18T15:44:38.103+0000] {base.py:84} INFO - Using connection ID 'dummyjson_api' for task execution.
[2024-05-18T15:44:38.723+0000] {http.py:199} ERROR - HTTP error: Not Found
[2024-05-18T15:44:38.724+0000] {http.py:200} ERROR - not found!
[2024-05-18T15:45:38.727+0000] {http.py:137} INFO - Poking: /users
[2024-05-18T15:45:38.736+0000] {base.py:84} INFO - Using connection ID 'dummyjson_api' for task execution.
[2024-05-18T15:45:39.344+0000] {http.py:199} ERROR - HTTP error: Not Found
[2024-05-18T15:45:39.345+0000] {http.py:200} ERROR - not found!
[2024-05-18T15:46:39.350+0000] {http.py:137} INFO - Poking: /users
[2024-05-18T15:46:39.383+0000] {base.py:84} INFO - Using connection ID 'dummyjson_api' for task execution.
[2024-05-18T15:46:40.008+0000] {http.py:199} ERROR - HTTP error: Not Found
[2024-05-18T15:46:40.010+0000] {http.py:200} ERROR - not found!
[2024-05-18T15:47:40.019+0000] {http.py:137} INFO - Poking: /users
[2024-05-18T15:47:40.028+0000] {base.py:84} INFO - Using connection ID 'dummyjson_api' for task execution.
[2024-05-18T15:47:41.748+0000] {http.py:199} ERROR - HTTP error: Not Found
[2024-05-18T15:47:41.749+0000] {http.py:200} ERROR - not found!
[2024-05-18T15:48:41.751+0000] {http.py:137} INFO - Poking: /users
[2024-05-18T15:48:41.760+0000] {base.py:84} INFO - Using connection ID 'dummyjson_api' for task execution.
[2024-05-18T15:48:42.393+0000] {http.py:199} ERROR - HTTP error: Not Found
[2024-05-18T15:48:42.394+0000] {http.py:200} ERROR - not found!
[2024-05-18T15:49:42.397+0000] {http.py:137} INFO - Poking: /users
[2024-05-18T15:49:42.409+0000] {base.py:84} INFO - Using connection ID 'dummyjson_api' for task execution.
[2024-05-18T15:49:43.044+0000] {http.py:199} ERROR - HTTP error: Not Found
[2024-05-18T15:49:43.045+0000] {http.py:200} ERROR - not found!
[2024-05-18T15:50:43.048+0000] {http.py:137} INFO - Poking: /users
[2024-05-18T15:50:43.057+0000] {base.py:84} INFO - Using connection ID 'dummyjson_api' for task execution.
[2024-05-18T15:50:43.675+0000] {http.py:199} ERROR - HTTP error: Not Found
[2024-05-18T15:50:43.676+0000] {http.py:200} ERROR - not found!
[2024-05-18T15:51:43.679+0000] {http.py:137} INFO - Poking: /users
[2024-05-18T15:51:43.690+0000] {base.py:84} INFO - Using connection ID 'dummyjson_api' for task execution.
[2024-05-18T15:51:44.299+0000] {http.py:199} ERROR - HTTP error: Not Found
[2024-05-18T15:51:44.301+0000] {http.py:200} ERROR - not found!
[2024-05-18T15:52:44.306+0000] {http.py:137} INFO - Poking: /users
[2024-05-18T15:52:44.319+0000] {base.py:84} INFO - Using connection ID 'dummyjson_api' for task execution.
[2024-05-18T15:52:44.978+0000] {http.py:199} ERROR - HTTP error: Not Found
[2024-05-18T15:52:44.979+0000] {http.py:200} ERROR - not found!
[2024-05-18T15:53:44.981+0000] {http.py:137} INFO - Poking: /users
[2024-05-18T15:53:45.009+0000] {base.py:84} INFO - Using connection ID 'dummyjson_api' for task execution.
[2024-05-18T15:53:45.858+0000] {http.py:199} ERROR - HTTP error: Not Found
[2024-05-18T15:53:45.859+0000] {http.py:200} ERROR - not found!
[2024-05-18T15:54:45.862+0000] {http.py:137} INFO - Poking: /users
[2024-05-18T15:54:45.873+0000] {base.py:84} INFO - Using connection ID 'dummyjson_api' for task execution.
[2024-05-18T15:54:47.016+0000] {http.py:199} ERROR - HTTP error: Not Found
[2024-05-18T15:54:47.017+0000] {http.py:200} ERROR - not found!
[2024-05-18T15:55:47.018+0000] {http.py:137} INFO - Poking: /users
[2024-05-18T15:55:47.029+0000] {base.py:84} INFO - Using connection ID 'dummyjson_api' for task execution.
[2024-05-18T15:55:47.909+0000] {http.py:199} ERROR - HTTP error: Not Found
[2024-05-18T15:55:47.922+0000] {http.py:200} ERROR - not found!
[2024-05-18T15:56:47.931+0000] {http.py:137} INFO - Poking: /users
[2024-05-18T15:56:47.945+0000] {base.py:84} INFO - Using connection ID 'dummyjson_api' for task execution.
[2024-05-18T15:56:49.038+0000] {http.py:199} ERROR - HTTP error: Not Found
[2024-05-18T15:56:49.040+0000] {http.py:200} ERROR - not found!
[2024-05-18T15:57:49.046+0000] {http.py:137} INFO - Poking: /users
[2024-05-18T15:57:49.072+0000] {base.py:84} INFO - Using connection ID 'dummyjson_api' for task execution.
[2024-05-18T15:57:49.752+0000] {http.py:199} ERROR - HTTP error: Not Found
[2024-05-18T15:57:49.755+0000] {http.py:200} ERROR - not found!
[2024-05-18T15:58:49.766+0000] {http.py:137} INFO - Poking: /users
[2024-05-18T15:58:49.779+0000] {base.py:84} INFO - Using connection ID 'dummyjson_api' for task execution.
[2024-05-18T15:58:50.789+0000] {http.py:199} ERROR - HTTP error: Not Found
[2024-05-18T15:58:50.791+0000] {http.py:200} ERROR - not found!
[2024-05-18T15:59:50.796+0000] {http.py:137} INFO - Poking: /users
[2024-05-18T15:59:50.808+0000] {base.py:84} INFO - Using connection ID 'dummyjson_api' for task execution.
[2024-05-18T15:59:51.433+0000] {http.py:199} ERROR - HTTP error: Not Found
[2024-05-18T15:59:51.434+0000] {http.py:200} ERROR - not found!
[2024-05-18T16:00:51.437+0000] {http.py:137} INFO - Poking: /users
[2024-05-18T16:00:51.451+0000] {base.py:84} INFO - Using connection ID 'dummyjson_api' for task execution.
[2024-05-18T16:00:52.253+0000] {http.py:199} ERROR - HTTP error: Not Found
[2024-05-18T16:00:52.254+0000] {http.py:200} ERROR - not found!
[2024-05-18T16:01:52.257+0000] {http.py:137} INFO - Poking: /users
[2024-05-18T16:01:52.268+0000] {base.py:84} INFO - Using connection ID 'dummyjson_api' for task execution.
[2024-05-18T16:01:53.142+0000] {http.py:199} ERROR - HTTP error: Not Found
[2024-05-18T16:01:53.144+0000] {http.py:200} ERROR - not found!
[2024-05-18T16:02:53.150+0000] {http.py:137} INFO - Poking: /users
[2024-05-18T16:02:53.164+0000] {base.py:84} INFO - Using connection ID 'dummyjson_api' for task execution.
[2024-05-18T16:02:55.479+0000] {http.py:199} ERROR - HTTP error: Not Found
[2024-05-18T16:02:55.480+0000] {http.py:200} ERROR - not found!
[2024-05-18T16:03:55.484+0000] {http.py:137} INFO - Poking: /users
[2024-05-18T16:03:55.499+0000] {base.py:84} INFO - Using connection ID 'dummyjson_api' for task execution.
[2024-05-18T16:03:56.161+0000] {http.py:199} ERROR - HTTP error: Not Found
[2024-05-18T16:03:56.162+0000] {http.py:200} ERROR - not found!
[2024-05-18T16:04:56.165+0000] {http.py:137} INFO - Poking: /users
[2024-05-18T16:04:56.175+0000] {base.py:84} INFO - Using connection ID 'dummyjson_api' for task execution.
[2024-05-18T16:04:56.797+0000] {http.py:199} ERROR - HTTP error: Not Found
[2024-05-18T16:04:56.798+0000] {http.py:200} ERROR - not found!
[2024-05-18T16:05:56.801+0000] {http.py:137} INFO - Poking: /users
[2024-05-18T16:05:56.814+0000] {base.py:84} INFO - Using connection ID 'dummyjson_api' for task execution.
[2024-05-18T16:05:57.487+0000] {http.py:199} ERROR - HTTP error: Not Found
[2024-05-18T16:05:57.487+0000] {http.py:200} ERROR - not found!
[2024-05-18T16:06:57.490+0000] {http.py:137} INFO - Poking: /users
[2024-05-18T16:06:57.501+0000] {base.py:84} INFO - Using connection ID 'dummyjson_api' for task execution.
[2024-05-18T16:06:58.327+0000] {http.py:199} ERROR - HTTP error: Not Found
[2024-05-18T16:06:58.328+0000] {http.py:200} ERROR - not found!
[2024-05-18T16:07:58.330+0000] {http.py:137} INFO - Poking: /users
[2024-05-18T16:07:58.341+0000] {base.py:84} INFO - Using connection ID 'dummyjson_api' for task execution.
[2024-05-18T16:07:59.383+0000] {http.py:199} ERROR - HTTP error: Not Found
[2024-05-18T16:07:59.383+0000] {http.py:200} ERROR - not found!
[2024-05-18T16:08:59.386+0000] {http.py:137} INFO - Poking: /users
[2024-05-18T16:08:59.396+0000] {base.py:84} INFO - Using connection ID 'dummyjson_api' for task execution.
[2024-05-18T16:09:00.123+0000] {http.py:199} ERROR - HTTP error: Not Found
[2024-05-18T16:09:00.124+0000] {http.py:200} ERROR - not found!
[2024-05-18T16:10:00.127+0000] {http.py:137} INFO - Poking: /users
[2024-05-18T16:10:00.149+0000] {base.py:84} INFO - Using connection ID 'dummyjson_api' for task execution.
[2024-05-18T16:10:00.766+0000] {http.py:199} ERROR - HTTP error: Not Found
[2024-05-18T16:10:00.767+0000] {http.py:200} ERROR - not found!
[2024-05-18T16:11:00.769+0000] {http.py:137} INFO - Poking: /users
[2024-05-18T16:11:00.781+0000] {base.py:84} INFO - Using connection ID 'dummyjson_api' for task execution.
[2024-05-18T16:11:01.403+0000] {http.py:199} ERROR - HTTP error: Not Found
[2024-05-18T16:11:01.405+0000] {http.py:200} ERROR - not found!
[2024-05-18T16:12:01.413+0000] {http.py:137} INFO - Poking: /users
[2024-05-18T16:12:01.423+0000] {base.py:84} INFO - Using connection ID 'dummyjson_api' for task execution.
[2024-05-18T16:12:02.038+0000] {http.py:199} ERROR - HTTP error: Not Found
[2024-05-18T16:12:02.039+0000] {http.py:200} ERROR - not found!
[2024-05-18T16:13:02.042+0000] {http.py:137} INFO - Poking: /users
[2024-05-18T16:13:02.074+0000] {base.py:84} INFO - Using connection ID 'dummyjson_api' for task execution.
[2024-05-18T16:13:02.781+0000] {http.py:199} ERROR - HTTP error: Not Found
[2024-05-18T16:13:02.782+0000] {http.py:200} ERROR - not found!
[2024-05-18T16:14:02.785+0000] {http.py:137} INFO - Poking: /users
[2024-05-18T16:14:02.797+0000] {base.py:84} INFO - Using connection ID 'dummyjson_api' for task execution.
[2024-05-18T16:14:03.424+0000] {http.py:199} ERROR - HTTP error: Not Found
[2024-05-18T16:14:03.425+0000] {http.py:200} ERROR - not found!
[2024-05-18T16:15:03.430+0000] {http.py:137} INFO - Poking: /users
[2024-05-18T16:15:03.440+0000] {base.py:84} INFO - Using connection ID 'dummyjson_api' for task execution.
[2024-05-18T16:15:04.078+0000] {http.py:199} ERROR - HTTP error: Not Found
[2024-05-18T16:15:04.079+0000] {http.py:200} ERROR - not found!
[2024-05-18T16:16:04.083+0000] {http.py:137} INFO - Poking: /users
[2024-05-18T16:16:04.093+0000] {base.py:84} INFO - Using connection ID 'dummyjson_api' for task execution.
[2024-05-18T16:16:04.717+0000] {http.py:199} ERROR - HTTP error: Not Found
[2024-05-18T16:16:04.718+0000] {http.py:200} ERROR - not found!
[2024-05-18T16:17:04.721+0000] {http.py:137} INFO - Poking: /users
[2024-05-18T16:17:04.730+0000] {base.py:84} INFO - Using connection ID 'dummyjson_api' for task execution.
[2024-05-18T16:17:05.337+0000] {http.py:199} ERROR - HTTP error: Not Found
[2024-05-18T16:17:05.338+0000] {http.py:200} ERROR - not found!
[2024-05-18T16:18:05.341+0000] {http.py:137} INFO - Poking: /users
[2024-05-18T16:18:05.351+0000] {base.py:84} INFO - Using connection ID 'dummyjson_api' for task execution.
[2024-05-18T16:18:05.978+0000] {http.py:199} ERROR - HTTP error: Not Found
[2024-05-18T16:18:05.978+0000] {http.py:200} ERROR - not found!
[2024-05-18T16:19:05.982+0000] {http.py:137} INFO - Poking: /users
[2024-05-18T16:19:05.992+0000] {base.py:84} INFO - Using connection ID 'dummyjson_api' for task execution.
[2024-05-18T16:19:06.608+0000] {http.py:199} ERROR - HTTP error: Not Found
[2024-05-18T16:19:06.608+0000] {http.py:200} ERROR - not found!
[2024-05-18T16:20:06.611+0000] {http.py:137} INFO - Poking: /users
[2024-05-18T16:20:06.622+0000] {base.py:84} INFO - Using connection ID 'dummyjson_api' for task execution.
[2024-05-18T16:20:07.250+0000] {http.py:199} ERROR - HTTP error: Not Found
[2024-05-18T16:20:07.251+0000] {http.py:200} ERROR - not found!
[2024-05-18T16:21:07.253+0000] {http.py:137} INFO - Poking: /users
[2024-05-18T16:21:07.262+0000] {base.py:84} INFO - Using connection ID 'dummyjson_api' for task execution.
[2024-05-18T16:21:07.869+0000] {http.py:199} ERROR - HTTP error: Not Found
[2024-05-18T16:21:07.870+0000] {http.py:200} ERROR - not found!
[2024-05-18T16:22:07.873+0000] {http.py:137} INFO - Poking: /users
[2024-05-18T16:22:07.885+0000] {base.py:84} INFO - Using connection ID 'dummyjson_api' for task execution.
[2024-05-18T16:22:08.516+0000] {http.py:199} ERROR - HTTP error: Not Found
[2024-05-18T16:22:08.517+0000] {http.py:200} ERROR - not found!
[2024-05-18T16:23:08.520+0000] {http.py:137} INFO - Poking: /users
[2024-05-18T16:23:08.532+0000] {base.py:84} INFO - Using connection ID 'dummyjson_api' for task execution.
[2024-05-18T16:23:09.171+0000] {http.py:199} ERROR - HTTP error: Not Found
[2024-05-18T16:23:09.173+0000] {http.py:200} ERROR - not found!
[2024-05-18T16:24:09.178+0000] {http.py:137} INFO - Poking: /users
[2024-05-18T16:24:09.188+0000] {base.py:84} INFO - Using connection ID 'dummyjson_api' for task execution.
[2024-05-18T16:24:09.814+0000] {http.py:199} ERROR - HTTP error: Not Found
[2024-05-18T16:24:09.815+0000] {http.py:200} ERROR - not found!
[2024-05-18T16:25:09.818+0000] {http.py:137} INFO - Poking: /users
[2024-05-18T16:25:09.828+0000] {base.py:84} INFO - Using connection ID 'dummyjson_api' for task execution.
[2024-05-18T16:25:10.442+0000] {http.py:199} ERROR - HTTP error: Not Found
[2024-05-18T16:25:10.443+0000] {http.py:200} ERROR - not found!
[2024-05-18T16:26:10.446+0000] {http.py:137} INFO - Poking: /users
[2024-05-18T16:26:10.463+0000] {base.py:84} INFO - Using connection ID 'dummyjson_api' for task execution.
[2024-05-18T16:26:11.074+0000] {http.py:199} ERROR - HTTP error: Not Found
[2024-05-18T16:26:11.076+0000] {http.py:200} ERROR - not found!
[2024-05-18T16:27:11.082+0000] {http.py:137} INFO - Poking: /users
[2024-05-18T16:27:11.096+0000] {base.py:84} INFO - Using connection ID 'dummyjson_api' for task execution.
[2024-05-18T16:27:11.709+0000] {http.py:199} ERROR - HTTP error: Not Found
[2024-05-18T16:27:11.710+0000] {http.py:200} ERROR - not found!
[2024-05-18T16:28:11.713+0000] {http.py:137} INFO - Poking: /users
[2024-05-18T16:28:11.725+0000] {base.py:84} INFO - Using connection ID 'dummyjson_api' for task execution.
[2024-05-18T16:28:12.353+0000] {http.py:199} ERROR - HTTP error: Not Found
[2024-05-18T16:28:12.354+0000] {http.py:200} ERROR - not found!
[2024-05-18T16:29:12.358+0000] {http.py:137} INFO - Poking: /users
[2024-05-18T16:29:12.368+0000] {base.py:84} INFO - Using connection ID 'dummyjson_api' for task execution.
[2024-05-18T16:29:12.983+0000] {http.py:199} ERROR - HTTP error: Not Found
[2024-05-18T16:29:12.984+0000] {http.py:200} ERROR - not found!
[2024-05-18T16:30:12.988+0000] {http.py:137} INFO - Poking: /users
[2024-05-18T16:30:13.015+0000] {base.py:84} INFO - Using connection ID 'dummyjson_api' for task execution.
[2024-05-18T16:30:13.688+0000] {http.py:199} ERROR - HTTP error: Not Found
[2024-05-18T16:30:13.689+0000] {http.py:200} ERROR - not found!
[2024-05-18T16:31:13.691+0000] {http.py:137} INFO - Poking: /users
[2024-05-18T16:31:13.704+0000] {base.py:84} INFO - Using connection ID 'dummyjson_api' for task execution.
[2024-05-18T16:31:14.365+0000] {http.py:199} ERROR - HTTP error: Not Found
[2024-05-18T16:31:14.366+0000] {http.py:200} ERROR - not found!
[2024-05-18T16:32:14.371+0000] {http.py:137} INFO - Poking: /users
[2024-05-18T16:32:14.381+0000] {base.py:84} INFO - Using connection ID 'dummyjson_api' for task execution.
[2024-05-18T16:32:14.994+0000] {http.py:199} ERROR - HTTP error: Not Found
[2024-05-18T16:32:14.995+0000] {http.py:200} ERROR - not found!
[2024-05-18T16:33:14.999+0000] {http.py:137} INFO - Poking: /users
[2024-05-18T16:33:15.009+0000] {base.py:84} INFO - Using connection ID 'dummyjson_api' for task execution.
[2024-05-18T16:33:15.734+0000] {http.py:199} ERROR - HTTP error: Not Found
[2024-05-18T16:33:15.735+0000] {http.py:200} ERROR - not found!
[2024-05-18T16:34:15.739+0000] {http.py:137} INFO - Poking: /users
[2024-05-18T16:34:15.749+0000] {base.py:84} INFO - Using connection ID 'dummyjson_api' for task execution.
[2024-05-18T16:34:16.363+0000] {http.py:199} ERROR - HTTP error: Not Found
[2024-05-18T16:34:16.364+0000] {http.py:200} ERROR - not found!
[2024-05-18T16:35:16.367+0000] {http.py:137} INFO - Poking: /users
[2024-05-18T16:35:16.378+0000] {base.py:84} INFO - Using connection ID 'dummyjson_api' for task execution.
[2024-05-18T16:35:16.987+0000] {http.py:199} ERROR - HTTP error: Not Found
[2024-05-18T16:35:16.988+0000] {http.py:200} ERROR - not found!
[2024-05-18T16:36:16.991+0000] {http.py:137} INFO - Poking: /users
[2024-05-18T16:36:17.003+0000] {base.py:84} INFO - Using connection ID 'dummyjson_api' for task execution.
[2024-05-18T16:36:17.629+0000] {http.py:199} ERROR - HTTP error: Not Found
[2024-05-18T16:36:17.630+0000] {http.py:200} ERROR - not found!
[2024-05-18T16:37:17.632+0000] {http.py:137} INFO - Poking: /users
[2024-05-18T16:37:17.641+0000] {base.py:84} INFO - Using connection ID 'dummyjson_api' for task execution.
[2024-05-18T16:37:18.295+0000] {http.py:199} ERROR - HTTP error: Not Found
[2024-05-18T16:37:18.296+0000] {http.py:200} ERROR - not found!
[2024-05-18T16:38:18.300+0000] {http.py:137} INFO - Poking: /users
[2024-05-18T16:38:18.310+0000] {base.py:84} INFO - Using connection ID 'dummyjson_api' for task execution.
[2024-05-18T16:38:19.788+0000] {http.py:199} ERROR - HTTP error: Not Found
[2024-05-18T16:38:19.789+0000] {http.py:200} ERROR - not found!
[2024-05-18T16:39:19.791+0000] {http.py:137} INFO - Poking: /users
[2024-05-18T16:39:19.804+0000] {base.py:84} INFO - Using connection ID 'dummyjson_api' for task execution.
[2024-05-18T16:39:20.424+0000] {http.py:199} ERROR - HTTP error: Not Found
[2024-05-18T16:39:20.425+0000] {http.py:200} ERROR - not found!
[2024-05-18T16:40:20.429+0000] {http.py:137} INFO - Poking: /users
[2024-05-18T16:40:20.445+0000] {base.py:84} INFO - Using connection ID 'dummyjson_api' for task execution.
[2024-05-18T16:40:21.059+0000] {http.py:199} ERROR - HTTP error: Not Found
[2024-05-18T16:40:21.060+0000] {http.py:200} ERROR - not found!
[2024-05-18T16:41:21.064+0000] {http.py:137} INFO - Poking: /users
[2024-05-18T16:41:21.092+0000] {base.py:84} INFO - Using connection ID 'dummyjson_api' for task execution.
[2024-05-18T16:41:21.744+0000] {http.py:199} ERROR - HTTP error: Not Found
[2024-05-18T16:41:21.747+0000] {http.py:200} ERROR - not found!
[2024-05-18T16:42:21.761+0000] {http.py:137} INFO - Poking: /users
[2024-05-18T16:42:21.770+0000] {base.py:84} INFO - Using connection ID 'dummyjson_api' for task execution.
[2024-05-18T16:42:22.388+0000] {http.py:199} ERROR - HTTP error: Not Found
[2024-05-18T16:42:22.389+0000] {http.py:200} ERROR - not found!
[2024-05-18T16:43:22.385+0000] {http.py:137} INFO - Poking: /users
[2024-05-18T16:43:22.397+0000] {base.py:84} INFO - Using connection ID 'dummyjson_api' for task execution.
[2024-05-18T16:43:23.036+0000] {http.py:199} ERROR - HTTP error: Not Found
[2024-05-18T16:43:23.037+0000] {http.py:200} ERROR - not found!
[2024-05-18T16:44:23.038+0000] {http.py:137} INFO - Poking: /users
[2024-05-18T16:44:23.047+0000] {base.py:84} INFO - Using connection ID 'dummyjson_api' for task execution.
[2024-05-18T16:44:23.691+0000] {http.py:199} ERROR - HTTP error: Not Found
[2024-05-18T16:44:23.692+0000] {http.py:200} ERROR - not found!
[2024-05-18T16:45:23.694+0000] {http.py:137} INFO - Poking: /users
[2024-05-18T16:45:23.726+0000] {base.py:84} INFO - Using connection ID 'dummyjson_api' for task execution.
[2024-05-18T16:45:24.387+0000] {http.py:199} ERROR - HTTP error: Not Found
[2024-05-18T16:45:24.388+0000] {http.py:200} ERROR - not found!
[2024-05-18T16:46:24.391+0000] {http.py:137} INFO - Poking: /users
[2024-05-18T16:46:24.404+0000] {base.py:84} INFO - Using connection ID 'dummyjson_api' for task execution.
[2024-05-18T16:46:25.075+0000] {http.py:199} ERROR - HTTP error: Not Found
[2024-05-18T16:46:25.076+0000] {http.py:200} ERROR - not found!
[2024-05-18T16:47:25.080+0000] {http.py:137} INFO - Poking: /users
[2024-05-18T16:47:25.095+0000] {base.py:84} INFO - Using connection ID 'dummyjson_api' for task execution.
[2024-05-18T16:47:25.753+0000] {http.py:199} ERROR - HTTP error: Not Found
[2024-05-18T16:47:25.754+0000] {http.py:200} ERROR - not found!
[2024-05-18T16:48:25.758+0000] {http.py:137} INFO - Poking: /users
[2024-05-18T16:48:25.769+0000] {base.py:84} INFO - Using connection ID 'dummyjson_api' for task execution.
[2024-05-18T16:48:26.492+0000] {http.py:199} ERROR - HTTP error: Not Found
[2024-05-18T16:48:26.493+0000] {http.py:200} ERROR - not found!
[2024-05-18T16:49:26.496+0000] {http.py:137} INFO - Poking: /users
[2024-05-18T16:49:26.506+0000] {base.py:84} INFO - Using connection ID 'dummyjson_api' for task execution.
[2024-05-18T16:49:27.129+0000] {http.py:199} ERROR - HTTP error: Not Found
[2024-05-18T16:49:27.130+0000] {http.py:200} ERROR - not found!
[2024-05-18T16:50:27.133+0000] {http.py:137} INFO - Poking: /users
[2024-05-18T16:50:27.144+0000] {base.py:84} INFO - Using connection ID 'dummyjson_api' for task execution.
[2024-05-18T16:50:27.807+0000] {http.py:199} ERROR - HTTP error: Not Found
[2024-05-18T16:50:27.807+0000] {http.py:200} ERROR - not found!
[2024-05-18T16:51:27.810+0000] {http.py:137} INFO - Poking: /users
[2024-05-18T16:51:27.821+0000] {base.py:84} INFO - Using connection ID 'dummyjson_api' for task execution.
[2024-05-18T16:51:28.452+0000] {http.py:199} ERROR - HTTP error: Not Found
[2024-05-18T16:51:28.454+0000] {http.py:200} ERROR - not found!
[2024-05-18T16:52:28.463+0000] {http.py:137} INFO - Poking: /users
[2024-05-18T16:52:28.477+0000] {base.py:84} INFO - Using connection ID 'dummyjson_api' for task execution.
[2024-05-18T16:52:29.114+0000] {http.py:199} ERROR - HTTP error: Not Found
[2024-05-18T16:52:29.115+0000] {http.py:200} ERROR - not found!
[2024-05-18T16:53:29.118+0000] {http.py:137} INFO - Poking: /users
[2024-05-18T16:53:29.128+0000] {base.py:84} INFO - Using connection ID 'dummyjson_api' for task execution.
[2024-05-18T16:53:29.755+0000] {http.py:199} ERROR - HTTP error: Not Found
[2024-05-18T16:53:29.756+0000] {http.py:200} ERROR - not found!
[2024-05-18T16:54:29.758+0000] {http.py:137} INFO - Poking: /users
[2024-05-18T16:54:29.769+0000] {base.py:84} INFO - Using connection ID 'dummyjson_api' for task execution.
[2024-05-18T16:54:30.376+0000] {http.py:199} ERROR - HTTP error: Not Found
[2024-05-18T16:54:30.377+0000] {http.py:200} ERROR - not found!
[2024-05-18T16:55:30.379+0000] {http.py:137} INFO - Poking: /users
[2024-05-18T16:55:30.391+0000] {base.py:84} INFO - Using connection ID 'dummyjson_api' for task execution.
[2024-05-18T16:55:31.010+0000] {http.py:199} ERROR - HTTP error: Not Found
[2024-05-18T16:55:31.011+0000] {http.py:200} ERROR - not found!
[2024-05-18T16:56:31.015+0000] {http.py:137} INFO - Poking: /users
[2024-05-18T16:56:31.027+0000] {base.py:84} INFO - Using connection ID 'dummyjson_api' for task execution.
[2024-05-18T16:56:31.658+0000] {http.py:199} ERROR - HTTP error: Not Found
[2024-05-18T16:56:31.659+0000] {http.py:200} ERROR - not found!
[2024-05-18T16:57:31.662+0000] {http.py:137} INFO - Poking: /users
[2024-05-18T16:57:31.673+0000] {base.py:84} INFO - Using connection ID 'dummyjson_api' for task execution.
[2024-05-18T16:57:32.293+0000] {http.py:199} ERROR - HTTP error: Not Found
[2024-05-18T16:57:32.294+0000] {http.py:200} ERROR - not found!
[2024-05-18T16:58:32.297+0000] {http.py:137} INFO - Poking: /users
[2024-05-18T16:58:32.307+0000] {base.py:84} INFO - Using connection ID 'dummyjson_api' for task execution.
[2024-05-18T16:58:32.919+0000] {http.py:199} ERROR - HTTP error: Not Found
[2024-05-18T16:58:32.921+0000] {http.py:200} ERROR - not found!
[2024-05-18T16:59:32.925+0000] {http.py:137} INFO - Poking: /users
[2024-05-18T16:59:32.937+0000] {base.py:84} INFO - Using connection ID 'dummyjson_api' for task execution.
[2024-05-18T16:59:33.547+0000] {http.py:199} ERROR - HTTP error: Not Found
[2024-05-18T16:59:33.548+0000] {http.py:200} ERROR - not found!
[2024-05-18T17:00:33.552+0000] {http.py:137} INFO - Poking: /users
[2024-05-18T17:00:33.561+0000] {base.py:84} INFO - Using connection ID 'dummyjson_api' for task execution.
[2024-05-18T17:00:34.284+0000] {http.py:199} ERROR - HTTP error: Not Found
[2024-05-18T17:00:34.285+0000] {http.py:200} ERROR - not found!
[2024-05-18T17:01:34.288+0000] {http.py:137} INFO - Poking: /users
[2024-05-18T17:01:34.300+0000] {base.py:84} INFO - Using connection ID 'dummyjson_api' for task execution.
[2024-05-18T17:01:35.104+0000] {http.py:199} ERROR - HTTP error: Not Found
[2024-05-18T17:01:35.105+0000] {http.py:200} ERROR - not found!
[2024-05-18T17:02:35.108+0000] {http.py:137} INFO - Poking: /users
[2024-05-18T17:02:35.118+0000] {base.py:84} INFO - Using connection ID 'dummyjson_api' for task execution.
[2024-05-18T17:02:37.710+0000] {http.py:199} ERROR - HTTP error: Not Found
[2024-05-18T17:02:37.711+0000] {http.py:200} ERROR - not found!
[2024-05-18T17:03:37.715+0000] {http.py:137} INFO - Poking: /users
[2024-05-18T17:03:37.724+0000] {base.py:84} INFO - Using connection ID 'dummyjson_api' for task execution.
[2024-05-18T17:03:38.332+0000] {http.py:199} ERROR - HTTP error: Not Found
[2024-05-18T17:03:38.333+0000] {http.py:200} ERROR - not found!
[2024-05-18T17:04:38.336+0000] {http.py:137} INFO - Poking: /users
[2024-05-18T17:04:38.364+0000] {base.py:84} INFO - Using connection ID 'dummyjson_api' for task execution.
[2024-05-18T17:04:39.017+0000] {http.py:199} ERROR - HTTP error: Not Found
[2024-05-18T17:04:39.019+0000] {http.py:200} ERROR - not found!
