[2024-05-19T11:28:05.773+0000] {local_task_job_runner.py:120} INFO - ::group::Pre task execution logs
[2024-05-19T11:28:05.815+0000] {taskinstance.py:2076} INFO - Dependencies all met for dep_context=non-requeueable deps ti=<TaskInstance: dummyjson_products.transform_products manual__2024-05-19T11:22:47.972161+00:00 [queued]>
[2024-05-19T11:28:05.829+0000] {taskinstance.py:2076} INFO - Dependencies all met for dep_context=requeueable deps ti=<TaskInstance: dummyjson_products.transform_products manual__2024-05-19T11:22:47.972161+00:00 [queued]>
[2024-05-19T11:28:05.830+0000] {taskinstance.py:2306} INFO - Starting attempt 2 of 6
[2024-05-19T11:28:05.853+0000] {taskinstance.py:2330} INFO - Executing <Task(PythonOperator): transform_products> on 2024-05-19 11:22:47.972161+00:00
[2024-05-19T11:28:05.864+0000] {warnings.py:110} WARNING - /home/***/.local/lib/python3.12/site-packages/***/task/task_runner/standard_task_runner.py:61: DeprecationWarning: This process (pid=2704) is multi-threaded, use of fork() may lead to deadlocks in the child.
  pid = os.fork()

[2024-05-19T11:28:05.867+0000] {standard_task_runner.py:63} INFO - Started process 2706 to run task
[2024-05-19T11:28:05.868+0000] {standard_task_runner.py:90} INFO - Running: ['***', 'tasks', 'run', 'dummyjson_products', 'transform_products', 'manual__2024-05-19T11:22:47.972161+00:00', '--job-id', '1466', '--raw', '--subdir', 'DAGS_FOLDER/dummyjson_product.py', '--cfg-path', '/tmp/tmpw_v5fb86']
[2024-05-19T11:28:05.870+0000] {standard_task_runner.py:91} INFO - Job 1466: Subtask transform_products
[2024-05-19T11:28:05.943+0000] {task_command.py:426} INFO - Running <TaskInstance: dummyjson_products.transform_products manual__2024-05-19T11:22:47.972161+00:00 [running]> on host ca927d78a9ea
[2024-05-19T11:28:06.365+0000] {taskinstance.py:2648} INFO - Exporting env vars: AIRFLOW_CTX_DAG_EMAIL='fathurrahmanhernanda@gmail.com' AIRFLOW_CTX_DAG_OWNER='***' AIRFLOW_CTX_DAG_ID='dummyjson_products' AIRFLOW_CTX_TASK_ID='transform_products' AIRFLOW_CTX_EXECUTION_DATE='2024-05-19T11:22:47.972161+00:00' AIRFLOW_CTX_TRY_NUMBER='2' AIRFLOW_CTX_DAG_RUN_ID='manual__2024-05-19T11:22:47.972161+00:00'
[2024-05-19T11:28:06.366+0000] {taskinstance.py:430} INFO - ::endgroup::
[2024-05-19T11:28:06.367+0000] {taskinstance.py:441} INFO - ::group::Post task execution logs
[2024-05-19T11:28:06.368+0000] {taskinstance.py:2905} ERROR - Task failed with exception
Traceback (most recent call last):
  File "/home/airflow/.local/lib/python3.12/site-packages/airflow/models/taskinstance.py", line 465, in _execute_task
    result = _execute_callable(context=context, **execute_callable_kwargs)
             ^^^^^^^^^^^^^^^^^^^^^^^^^^^^^^^^^^^^^^^^^^^^^^^^^^^^^^^^^^^^^
  File "/home/airflow/.local/lib/python3.12/site-packages/airflow/models/taskinstance.py", line 432, in _execute_callable
    return execute_callable(context=context, **execute_callable_kwargs)
           ^^^^^^^^^^^^^^^^^^^^^^^^^^^^^^^^^^^^^^^^^^^^^^^^^^^^^^^^^^^^
  File "/home/airflow/.local/lib/python3.12/site-packages/airflow/models/baseoperator.py", line 400, in wrapper
    return func(self, *args, **kwargs)
           ^^^^^^^^^^^^^^^^^^^^^^^^^^^
  File "/home/airflow/.local/lib/python3.12/site-packages/airflow/operators/python.py", line 235, in execute
    return_value = self.execute_callable()
                   ^^^^^^^^^^^^^^^^^^^^^^^
  File "/home/airflow/.local/lib/python3.12/site-packages/airflow/operators/python.py", line 252, in execute_callable
    return self.python_callable(*self.op_args, **self.op_kwargs)
           ^^^^^^^^^^^^^^^^^^^^^^^^^^^^^^^^^^^^^^^^^^^^^^^^^^^^^
  File "/opt/airflow/dags/dummyjson_product.py", line 22, in transform_products
    response_dict = json.loads(response)
            ^^^^^^^^^^^^^^^^^
TypeError: string indices must be integers, not 'str'
[2024-05-19T11:28:06.390+0000] {taskinstance.py:1206} INFO - Marking task as UP_FOR_RETRY. dag_id=dummyjson_products, task_id=transform_products, run_id=manual__2024-05-19T11:22:47.972161+00:00, execution_date=20240519T112247, start_date=20240519T112805, end_date=20240519T112806
[2024-05-19T11:28:06.411+0000] {standard_task_runner.py:110} ERROR - Failed to execute job 1466 for task transform_products (string indices must be integers, not 'str'; 2706)
[2024-05-19T11:28:06.444+0000] {local_task_job_runner.py:240} INFO - Task exited with return code 1
[2024-05-19T11:28:06.459+0000] {local_task_job_runner.py:222} INFO - ::endgroup::
