[2024-05-19T14:23:07.938+0000] {local_task_job_runner.py:120} INFO - ::group::Pre task execution logs
[2024-05-19T14:23:07.965+0000] {taskinstance.py:2076} INFO - Dependencies all met for dep_context=non-requeueable deps ti=<TaskInstance: extract_products_from_api.load_to_bigquery manual__2024-05-19T14:12:43.654971+00:00 [queued]>
[2024-05-19T14:23:07.979+0000] {taskinstance.py:2076} INFO - Dependencies all met for dep_context=requeueable deps ti=<TaskInstance: extract_products_from_api.load_to_bigquery manual__2024-05-19T14:12:43.654971+00:00 [queued]>
[2024-05-19T14:23:07.981+0000] {taskinstance.py:2306} INFO - Starting attempt 3 of 4
[2024-05-19T14:23:08.004+0000] {taskinstance.py:2330} INFO - Executing <Task(GCSToBigQueryOperator): load_to_bigquery> on 2024-05-19 14:12:43.654971+00:00
[2024-05-19T14:23:08.014+0000] {warnings.py:110} WARNING - /home/***/.local/lib/python3.12/site-packages/***/task/task_runner/standard_task_runner.py:61: DeprecationWarning: This process (pid=720) is multi-threaded, use of fork() may lead to deadlocks in the child.
  pid = os.fork()

[2024-05-19T14:23:08.016+0000] {standard_task_runner.py:63} INFO - Started process 722 to run task
[2024-05-19T14:23:08.017+0000] {standard_task_runner.py:90} INFO - Running: ['***', 'tasks', 'run', 'extract_products_from_api', 'load_to_bigquery', 'manual__2024-05-19T14:12:43.654971+00:00', '--job-id', '1927', '--raw', '--subdir', 'DAGS_FOLDER/dummyjson_product.py', '--cfg-path', '/tmp/tmp32090twn']
[2024-05-19T14:23:08.020+0000] {standard_task_runner.py:91} INFO - Job 1927: Subtask load_to_bigquery
[2024-05-19T14:23:08.091+0000] {task_command.py:426} INFO - Running <TaskInstance: extract_products_from_api.load_to_bigquery manual__2024-05-19T14:12:43.654971+00:00 [running]> on host ca927d78a9ea
[2024-05-19T14:23:08.227+0000] {taskinstance.py:2648} INFO - Exporting env vars: AIRFLOW_CTX_DAG_EMAIL='your_email@example.com' AIRFLOW_CTX_DAG_OWNER='***' AIRFLOW_CTX_DAG_ID='extract_products_from_api' AIRFLOW_CTX_TASK_ID='load_to_bigquery' AIRFLOW_CTX_EXECUTION_DATE='2024-05-19T14:12:43.654971+00:00' AIRFLOW_CTX_TRY_NUMBER='3' AIRFLOW_CTX_DAG_RUN_ID='manual__2024-05-19T14:12:43.654971+00:00'
[2024-05-19T14:23:08.229+0000] {taskinstance.py:430} INFO - ::endgroup::
[2024-05-19T14:23:08.242+0000] {connection.py:274} WARNING - Connection schemes (type: google_cloud_platform) shall not contain '_' according to RFC3986.
[2024-05-19T14:23:08.251+0000] {base.py:84} INFO - Using connection ID '***GCP' for task execution.
[2024-05-19T14:23:08.254+0000] {gcs_to_bigquery.py:380} INFO - Using existing BigQuery table for storing data...
[2024-05-19T14:23:08.317+0000] {gcs_to_bigquery.py:384} INFO - Executing: {'load': {'autodetect': True, 'createDisposition': 'CREATE_IF_NEEDED', 'destinationTable': {'projectId': 'iconic-indexer-418610', 'datasetId': 'weekly_assignment_6', 'tableId': 'products'}, 'sourceFormat': 'CSV', 'sourceUris': ['gs://weekly-assignment-6/products.csv'], 'writeDisposition': 'WRITE_TRUNCATE', 'ignoreUnknownValues': False, 'schema': {'fields': [{'name': 'cartid', 'type': 'INTEGER', 'mode': 'NULLABLE'}, {'name': 'productid', 'type': 'INTEGER', 'mode': 'NULLABLE'}, {'name': 'title', 'type': 'STRING', 'mode': 'NULLABLE'}, {'name': 'price', 'type': 'FLOAT', 'mode': 'NULLABLE'}, {'name': 'quantity', 'type': 'INTEGER', 'mode': 'NULLABLE'}, {'name': 'total', 'type': 'FLOAT', 'mode': 'NULLABLE'}, {'name': 'discountPercentage', 'type': 'FLOAT', 'mode': 'NULLABLE'}, {'name': 'discountedPrice', 'type': 'FLOAT', 'mode': 'NULLABLE'}, {'name': 'thumbnail', 'type': 'STRING', 'mode': 'NULLABLE'}]}, 'skipLeadingRows': 1, 'fieldDelimiter': ',', 'quote': None, 'allowQuotedNewlines': False, 'encoding': 'UTF-8'}}
[2024-05-19T14:23:08.319+0000] {bigquery.py:1660} INFO - Inserting job ***_extract_products_from_api_load_to_bigquery_2024_05_19T14_12_43_654971_00_00_82265f6dffa0ec344d84858c35e23b37
[2024-05-19T14:23:11.996+0000] {taskinstance.py:441} INFO - ::group::Post task execution logs
[2024-05-19T14:23:12.011+0000] {taskinstance.py:1206} INFO - Marking task as SUCCESS. dag_id=extract_products_from_api, task_id=load_to_bigquery, run_id=manual__2024-05-19T14:12:43.654971+00:00, execution_date=20240519T141243, start_date=20240519T142307, end_date=20240519T142312
[2024-05-19T14:23:12.049+0000] {local_task_job_runner.py:240} INFO - Task exited with return code 0
[2024-05-19T14:23:12.074+0000] {taskinstance.py:3498} INFO - 0 downstream tasks scheduled from follow-on schedule check
[2024-05-19T14:23:12.079+0000] {local_task_job_runner.py:222} INFO - ::endgroup::
