[2024-05-16T09:27:34.087+0000] {local_task_job_runner.py:120} INFO - ::group::Pre task execution logs
[2024-05-16T09:27:34.147+0000] {taskinstance.py:2076} INFO - Dependencies all met for dep_context=non-requeueable deps ti=<TaskInstance: randomuser_ingestion.is_api_available scheduled__2024-05-16T08:00:00+00:00 [queued]>
[2024-05-16T09:27:34.172+0000] {taskinstance.py:2076} INFO - Dependencies all met for dep_context=requeueable deps ti=<TaskInstance: randomuser_ingestion.is_api_available scheduled__2024-05-16T08:00:00+00:00 [queued]>
[2024-05-16T09:27:34.174+0000] {taskinstance.py:2306} INFO - Starting attempt 1 of 1
[2024-05-16T09:27:34.214+0000] {taskinstance.py:2330} INFO - Executing <Task(HttpSensor): is_api_available> on 2024-05-16 08:00:00+00:00
[2024-05-16T09:27:34.228+0000] {warnings.py:110} WARNING - /home/***/.local/lib/python3.12/site-packages/***/task/task_runner/standard_task_runner.py:61: DeprecationWarning: This process (pid=243) is multi-threaded, use of fork() may lead to deadlocks in the child.
  pid = os.fork()

[2024-05-16T09:27:34.232+0000] {standard_task_runner.py:63} INFO - Started process 255 to run task
[2024-05-16T09:27:34.235+0000] {standard_task_runner.py:90} INFO - Running: ['***', 'tasks', 'run', 'randomuser_ingestion', 'is_api_available', 'scheduled__2024-05-16T08:00:00+00:00', '--job-id', '1039', '--raw', '--subdir', 'DAGS_FOLDER/randomuser_ingestion.py', '--cfg-path', '/tmp/tmppyd6igpz']
[2024-05-16T09:27:34.243+0000] {standard_task_runner.py:91} INFO - Job 1039: Subtask is_api_available
[2024-05-16T09:27:34.391+0000] {task_command.py:426} INFO - Running <TaskInstance: randomuser_ingestion.is_api_available scheduled__2024-05-16T08:00:00+00:00 [running]> on host 8d1d9b6df744
[2024-05-16T09:27:34.638+0000] {taskinstance.py:2648} INFO - Exporting env vars: AIRFLOW_CTX_DAG_OWNER='***' AIRFLOW_CTX_DAG_ID='randomuser_ingestion' AIRFLOW_CTX_TASK_ID='is_api_available' AIRFLOW_CTX_EXECUTION_DATE='2024-05-16T08:00:00+00:00' AIRFLOW_CTX_TRY_NUMBER='1' AIRFLOW_CTX_DAG_RUN_ID='scheduled__2024-05-16T08:00:00+00:00'
[2024-05-16T09:27:34.642+0000] {taskinstance.py:430} INFO - ::endgroup::
[2024-05-16T09:27:34.643+0000] {baseoperator.py:399} WARNING - HttpSensor.execute cannot be called outside TaskInstance!
[2024-05-16T09:27:34.644+0000] {http.py:137} INFO - Poking: /api
[2024-05-16T09:27:34.661+0000] {base.py:84} INFO - Using connection ID 'randomuser_api' for task execution.
[2024-05-16T09:27:41.693+0000] {base.py:294} INFO - Success criteria met. Exiting.
[2024-05-16T09:27:41.696+0000] {taskinstance.py:441} INFO - ::group::Post task execution logs
[2024-05-16T09:27:41.719+0000] {taskinstance.py:1206} INFO - Marking task as SUCCESS. dag_id=randomuser_ingestion, task_id=is_api_available, run_id=scheduled__2024-05-16T08:00:00+00:00, execution_date=20240516T080000, start_date=20240516T092734, end_date=20240516T092741
[2024-05-16T09:27:41.826+0000] {local_task_job_runner.py:240} INFO - Task exited with return code 0
[2024-05-16T09:27:41.838+0000] {local_task_job_runner.py:222} INFO - ::endgroup::
