[2024-05-13T10:00:35.141+0000] {local_task_job_runner.py:120} INFO - ::group::Pre task execution logs
[2024-05-13T10:00:35.208+0000] {taskinstance.py:2076} INFO - Dependencies all met for dep_context=non-requeueable deps ti=<TaskInstance: demo.airflow scheduled__2022-03-16T00:00:00+00:00 [queued]>
[2024-05-13T10:00:35.226+0000] {taskinstance.py:2076} INFO - Dependencies all met for dep_context=requeueable deps ti=<TaskInstance: demo.airflow scheduled__2022-03-16T00:00:00+00:00 [queued]>
[2024-05-13T10:00:35.228+0000] {taskinstance.py:2306} INFO - Starting attempt 1 of 1
[2024-05-13T10:00:35.268+0000] {taskinstance.py:2330} INFO - Executing <Task(_PythonDecoratedOperator): airflow> on 2022-03-16 00:00:00+00:00
[2024-05-13T10:00:35.310+0000] {warnings.py:110} WARNING - /home/***/.local/lib/python3.12/site-packages/***/task/task_runner/standard_task_runner.py:61: DeprecationWarning: This process (pid=1136) is multi-threaded, use of fork() may lead to deadlocks in the child.
  pid = os.fork()

[2024-05-13T10:00:35.330+0000] {standard_task_runner.py:63} INFO - Started process 1172 to run task
[2024-05-13T10:00:35.305+0000] {standard_task_runner.py:90} INFO - Running: ['***', 'tasks', 'run', 'demo', '***', 'scheduled__2022-03-16T00:00:00+00:00', '--job-id', '158', '--raw', '--subdir', 'DAGS_FOLDER/demo.py', '--cfg-path', '/tmp/tmpdas6ob4c']
[2024-05-13T10:00:35.332+0000] {standard_task_runner.py:91} INFO - Job 158: Subtask ***
[2024-05-13T10:00:35.527+0000] {task_command.py:426} INFO - Running <TaskInstance: demo.airflow scheduled__2022-03-16T00:00:00+00:00 [running]> on host c2025ffc2c56
[2024-05-13T10:00:35.844+0000] {taskinstance.py:2648} INFO - Exporting env vars: AIRFLOW_CTX_DAG_OWNER='***' AIRFLOW_CTX_DAG_ID='demo' AIRFLOW_CTX_TASK_ID='***' AIRFLOW_CTX_EXECUTION_DATE='2022-03-16T00:00:00+00:00' AIRFLOW_CTX_TRY_NUMBER='1' AIRFLOW_CTX_DAG_RUN_ID='scheduled__2022-03-16T00:00:00+00:00'
[2024-05-13T10:00:35.850+0000] {taskinstance.py:430} INFO - ::endgroup::
[2024-05-13T10:00:35.855+0000] {logging_mixin.py:188} INFO - ***
[2024-05-13T10:00:35.857+0000] {python.py:237} INFO - Done. Returned value was: None
[2024-05-13T10:00:35.860+0000] {taskinstance.py:441} INFO - ::group::Post task execution logs
[2024-05-13T10:00:35.886+0000] {taskinstance.py:1206} INFO - Marking task as SUCCESS. dag_id=demo, task_id=***, run_id=scheduled__2022-03-16T00:00:00+00:00, execution_date=20220316T000000, start_date=20240513T100035, end_date=20240513T100035
[2024-05-13T10:00:36.000+0000] {local_task_job_runner.py:240} INFO - Task exited with return code 0
[2024-05-13T10:00:36.051+0000] {taskinstance.py:3498} INFO - 0 downstream tasks scheduled from follow-on schedule check
[2024-05-13T10:00:36.054+0000] {local_task_job_runner.py:222} INFO - ::endgroup::
