[2024-05-14T08:30:06.599+0000] {local_task_job_runner.py:120} INFO - ::group::Pre task execution logs
[2024-05-14T08:30:06.643+0000] {taskinstance.py:2076} INFO - Dependencies all met for dep_context=non-requeueable deps ti=<TaskInstance: json_to_csv.courses_transform scheduled__2024-05-14T08:28:00+00:00 [queued]>
[2024-05-14T08:30:06.660+0000] {taskinstance.py:2076} INFO - Dependencies all met for dep_context=requeueable deps ti=<TaskInstance: json_to_csv.courses_transform scheduled__2024-05-14T08:28:00+00:00 [queued]>
[2024-05-14T08:30:06.661+0000] {taskinstance.py:2306} INFO - Starting attempt 1 of 1
[2024-05-14T08:30:06.689+0000] {taskinstance.py:2330} INFO - Executing <Task(_PythonDecoratedOperator): courses_transform> on 2024-05-14 08:28:00+00:00
[2024-05-14T08:30:06.698+0000] {warnings.py:110} WARNING - /home/***/.local/lib/python3.12/site-packages/***/task/task_runner/standard_task_runner.py:61: DeprecationWarning: This process (pid=1340) is multi-threaded, use of fork() may lead to deadlocks in the child.
  pid = os.fork()

[2024-05-14T08:30:06.701+0000] {standard_task_runner.py:63} INFO - Started process 1345 to run task
[2024-05-14T08:30:06.701+0000] {standard_task_runner.py:90} INFO - Running: ['***', 'tasks', 'run', 'json_to_csv', 'courses_transform', 'scheduled__2024-05-14T08:28:00+00:00', '--job-id', '427', '--raw', '--subdir', 'DAGS_FOLDER/json_to_csv.py', '--cfg-path', '/tmp/tmputisbxpb']
[2024-05-14T08:30:06.705+0000] {standard_task_runner.py:91} INFO - Job 427: Subtask courses_transform
[2024-05-14T08:30:06.776+0000] {task_command.py:426} INFO - Running <TaskInstance: json_to_csv.courses_transform scheduled__2024-05-14T08:28:00+00:00 [running]> on host c2025ffc2c56
[2024-05-14T08:30:06.920+0000] {taskinstance.py:2648} INFO - Exporting env vars: AIRFLOW_CTX_DAG_OWNER='***' AIRFLOW_CTX_DAG_ID='json_to_csv' AIRFLOW_CTX_TASK_ID='courses_transform' AIRFLOW_CTX_EXECUTION_DATE='2024-05-14T08:28:00+00:00' AIRFLOW_CTX_TRY_NUMBER='1' AIRFLOW_CTX_DAG_RUN_ID='scheduled__2024-05-14T08:28:00+00:00'
[2024-05-14T08:30:06.923+0000] {taskinstance.py:430} INFO - ::endgroup::
[2024-05-14T08:30:06.924+0000] {python.py:237} INFO - Done. Returned value was: 1,Software Engineer,Beginer
2,Engineering,Advanced

[2024-05-14T08:30:06.925+0000] {taskinstance.py:441} INFO - ::group::Post task execution logs
[2024-05-14T08:30:06.961+0000] {taskinstance.py:1206} INFO - Marking task as SUCCESS. dag_id=json_to_csv, task_id=courses_transform, run_id=scheduled__2024-05-14T08:28:00+00:00, execution_date=20240514T082800, start_date=20240514T083006, end_date=20240514T083006
[2024-05-14T08:30:06.997+0000] {local_task_job_runner.py:240} INFO - Task exited with return code 0
[2024-05-14T08:30:07.027+0000] {taskinstance.py:3498} INFO - 1 downstream tasks scheduled from follow-on schedule check
[2024-05-14T08:30:07.030+0000] {local_task_job_runner.py:222} INFO - ::endgroup::
