[2024-05-19T09:10:32.403+0000] {local_task_job_runner.py:120} INFO - ::group::Pre task execution logs
[2024-05-19T09:10:32.425+0000] {taskinstance.py:2076} INFO - Dependencies all met for dep_context=non-requeueable deps ti=<TaskInstance: dummyjson_ingestion.local_to_gcs_task manual__2024-05-19T09:09:12.636391+00:00 [queued]>
[2024-05-19T09:10:32.436+0000] {taskinstance.py:2076} INFO - Dependencies all met for dep_context=requeueable deps ti=<TaskInstance: dummyjson_ingestion.local_to_gcs_task manual__2024-05-19T09:09:12.636391+00:00 [queued]>
[2024-05-19T09:10:32.437+0000] {taskinstance.py:2306} INFO - Starting attempt 1 of 6
[2024-05-19T09:10:32.456+0000] {taskinstance.py:2330} INFO - Executing <Task(LocalFilesystemToGCSOperator): local_to_gcs_task> on 2024-05-19 09:09:12.636391+00:00
[2024-05-19T09:10:32.465+0000] {warnings.py:110} WARNING - /home/***/.local/lib/python3.12/site-packages/***/task/task_runner/standard_task_runner.py:61: DeprecationWarning: This process (pid=674) is multi-threaded, use of fork() may lead to deadlocks in the child.
  pid = os.fork()

[2024-05-19T09:10:32.467+0000] {standard_task_runner.py:63} INFO - Started process 676 to run task
[2024-05-19T09:10:32.467+0000] {standard_task_runner.py:90} INFO - Running: ['***', 'tasks', 'run', 'dummyjson_ingestion', 'local_to_gcs_task', 'manual__2024-05-19T09:09:12.636391+00:00', '--job-id', '1343', '--raw', '--subdir', 'DAGS_FOLDER/dummyjson_ingestion.py', '--cfg-path', '/tmp/tmpqz3lbbye']
[2024-05-19T09:10:32.470+0000] {standard_task_runner.py:91} INFO - Job 1343: Subtask local_to_gcs_task
[2024-05-19T09:10:32.533+0000] {task_command.py:426} INFO - Running <TaskInstance: dummyjson_ingestion.local_to_gcs_task manual__2024-05-19T09:09:12.636391+00:00 [running]> on host ca927d78a9ea
[2024-05-19T09:10:32.939+0000] {taskinstance.py:2648} INFO - Exporting env vars: AIRFLOW_CTX_DAG_EMAIL='fathurrahmanhernanda@gmail.com' AIRFLOW_CTX_DAG_OWNER='***' AIRFLOW_CTX_DAG_ID='dummyjson_ingestion' AIRFLOW_CTX_TASK_ID='local_to_gcs_task' AIRFLOW_CTX_EXECUTION_DATE='2024-05-19T09:09:12.636391+00:00' AIRFLOW_CTX_TRY_NUMBER='1' AIRFLOW_CTX_DAG_RUN_ID='manual__2024-05-19T09:09:12.636391+00:00'
[2024-05-19T09:10:32.941+0000] {taskinstance.py:430} INFO - ::endgroup::
[2024-05-19T09:10:32.957+0000] {connection.py:274} WARNING - Connection schemes (type: google_cloud_platform) shall not contain '_' according to RFC3986.
[2024-05-19T09:10:32.964+0000] {base.py:84} INFO - Using connection ID '***GCP' for task execution.
[2024-05-19T09:10:33.971+0000] {gcs.py:556} INFO - File /opt/***/dags/playground/target/dummyjson/users.csv uploaded to users.csv in weekly-assignment-6 bucket
[2024-05-19T09:10:33.972+0000] {taskinstance.py:441} INFO - ::group::Post task execution logs
[2024-05-19T09:10:33.983+0000] {taskinstance.py:1206} INFO - Marking task as SUCCESS. dag_id=dummyjson_ingestion, task_id=local_to_gcs_task, run_id=manual__2024-05-19T09:09:12.636391+00:00, execution_date=20240519T090912, start_date=20240519T091032, end_date=20240519T091033
[2024-05-19T09:10:34.051+0000] {local_task_job_runner.py:240} INFO - Task exited with return code 0
[2024-05-19T09:10:34.087+0000] {taskinstance.py:3498} INFO - 1 downstream tasks scheduled from follow-on schedule check
[2024-05-19T09:10:34.091+0000] {local_task_job_runner.py:222} INFO - ::endgroup::
