[2024-05-13T09:59:09.755+0000] {local_task_job_runner.py:120} INFO - ::group::Pre task execution logs
[2024-05-13T09:59:09.817+0000] {taskinstance.py:2076} INFO - Dependencies all met for dep_context=non-requeueable deps ti=<TaskInstance: demo.airflow scheduled__2022-01-29T00:00:00+00:00 [queued]>
[2024-05-13T09:59:09.837+0000] {taskinstance.py:2076} INFO - Dependencies all met for dep_context=requeueable deps ti=<TaskInstance: demo.airflow scheduled__2022-01-29T00:00:00+00:00 [queued]>
[2024-05-13T09:59:09.838+0000] {taskinstance.py:2306} INFO - Starting attempt 1 of 1
[2024-05-13T09:59:09.870+0000] {taskinstance.py:2330} INFO - Executing <Task(_PythonDecoratedOperator): airflow> on 2022-01-29 00:00:00+00:00
[2024-05-13T09:59:09.883+0000] {warnings.py:110} WARNING - /home/***/.local/lib/python3.12/site-packages/***/task/task_runner/standard_task_runner.py:61: DeprecationWarning: This process (pid=792) is multi-threaded, use of fork() may lead to deadlocks in the child.
  pid = os.fork()

[2024-05-13T09:59:09.887+0000] {standard_task_runner.py:63} INFO - Started process 825 to run task
[2024-05-13T09:59:09.890+0000] {standard_task_runner.py:90} INFO - Running: ['***', 'tasks', 'run', 'demo', '***', 'scheduled__2022-01-29T00:00:00+00:00', '--job-id', '63', '--raw', '--subdir', 'DAGS_FOLDER/demo.py', '--cfg-path', '/tmp/tmpit2az4wm']
[2024-05-13T09:59:09.896+0000] {standard_task_runner.py:91} INFO - Job 63: Subtask ***
[2024-05-13T09:59:10.095+0000] {task_command.py:426} INFO - Running <TaskInstance: demo.airflow scheduled__2022-01-29T00:00:00+00:00 [running]> on host c2025ffc2c56
[2024-05-13T09:59:10.432+0000] {taskinstance.py:2648} INFO - Exporting env vars: AIRFLOW_CTX_DAG_OWNER='***' AIRFLOW_CTX_DAG_ID='demo' AIRFLOW_CTX_TASK_ID='***' AIRFLOW_CTX_EXECUTION_DATE='2022-01-29T00:00:00+00:00' AIRFLOW_CTX_TRY_NUMBER='1' AIRFLOW_CTX_DAG_RUN_ID='scheduled__2022-01-29T00:00:00+00:00'
[2024-05-13T09:59:10.436+0000] {taskinstance.py:430} INFO - ::endgroup::
[2024-05-13T09:59:10.439+0000] {logging_mixin.py:188} INFO - ***
[2024-05-13T09:59:10.441+0000] {python.py:237} INFO - Done. Returned value was: None
[2024-05-13T09:59:10.445+0000] {taskinstance.py:441} INFO - ::group::Post task execution logs
[2024-05-13T09:59:10.467+0000] {taskinstance.py:1206} INFO - Marking task as SUCCESS. dag_id=demo, task_id=***, run_id=scheduled__2022-01-29T00:00:00+00:00, execution_date=20220129T000000, start_date=20240513T095909, end_date=20240513T095910
[2024-05-13T09:59:10.553+0000] {local_task_job_runner.py:240} INFO - Task exited with return code 0
[2024-05-13T09:59:10.598+0000] {taskinstance.py:3498} INFO - 0 downstream tasks scheduled from follow-on schedule check
[2024-05-13T09:59:10.603+0000] {local_task_job_runner.py:222} INFO - ::endgroup::
