[2024-05-19T12:48:42.367+0000] {local_task_job_runner.py:120} INFO - ::group::Pre task execution logs
[2024-05-19T12:48:42.437+0000] {taskinstance.py:2076} INFO - Dependencies all met for dep_context=non-requeueable deps ti=<TaskInstance: extract_products_from_api.extract_and_write_to_csv manual__2024-05-19T12:39:45.424936+00:00 [queued]>
[2024-05-19T12:48:42.475+0000] {taskinstance.py:2076} INFO - Dependencies all met for dep_context=requeueable deps ti=<TaskInstance: extract_products_from_api.extract_and_write_to_csv manual__2024-05-19T12:39:45.424936+00:00 [queued]>
[2024-05-19T12:48:42.477+0000] {taskinstance.py:2306} INFO - Starting attempt 2 of 4
[2024-05-19T12:48:42.522+0000] {taskinstance.py:2330} INFO - Executing <Task(PythonOperator): extract_and_write_to_csv> on 2024-05-19 12:39:45.424936+00:00
[2024-05-19T12:48:42.547+0000] {warnings.py:110} WARNING - /home/***/.local/lib/python3.12/site-packages/***/task/task_runner/standard_task_runner.py:61: DeprecationWarning: This process (pid=4592) is multi-threaded, use of fork() may lead to deadlocks in the child.
  pid = os.fork()

[2024-05-19T12:48:42.556+0000] {standard_task_runner.py:63} INFO - Started process 4605 to run task
[2024-05-19T12:48:42.565+0000] {standard_task_runner.py:90} INFO - Running: ['***', 'tasks', 'run', 'extract_products_from_api', 'extract_and_write_to_csv', 'manual__2024-05-19T12:39:45.424936+00:00', '--job-id', '1765', '--raw', '--subdir', 'DAGS_FOLDER/dummyjson_product.py', '--cfg-path', '/tmp/tmph21ygo3v']
[2024-05-19T12:48:42.569+0000] {standard_task_runner.py:91} INFO - Job 1765: Subtask extract_and_write_to_csv
[2024-05-19T12:48:42.735+0000] {task_command.py:426} INFO - Running <TaskInstance: extract_products_from_api.extract_and_write_to_csv manual__2024-05-19T12:39:45.424936+00:00 [running]> on host ca927d78a9ea
[2024-05-19T12:48:43.755+0000] {taskinstance.py:2648} INFO - Exporting env vars: AIRFLOW_CTX_DAG_EMAIL='your_email@example.com' AIRFLOW_CTX_DAG_OWNER='***' AIRFLOW_CTX_DAG_ID='extract_products_from_api' AIRFLOW_CTX_TASK_ID='extract_and_write_to_csv' AIRFLOW_CTX_EXECUTION_DATE='2024-05-19T12:39:45.424936+00:00' AIRFLOW_CTX_TRY_NUMBER='2' AIRFLOW_CTX_DAG_RUN_ID='manual__2024-05-19T12:39:45.424936+00:00'
[2024-05-19T12:48:43.757+0000] {taskinstance.py:430} INFO - ::endgroup::
[2024-05-19T12:48:44.588+0000] {dummyjson_product.py:46} INFO - Products extracted and written to CSV successfully.
[2024-05-19T12:48:44.590+0000] {python.py:237} INFO - Done. Returned value was: None
[2024-05-19T12:48:44.591+0000] {taskinstance.py:441} INFO - ::group::Post task execution logs
[2024-05-19T12:48:44.616+0000] {taskinstance.py:1206} INFO - Marking task as SUCCESS. dag_id=extract_products_from_api, task_id=extract_and_write_to_csv, run_id=manual__2024-05-19T12:39:45.424936+00:00, execution_date=20240519T123945, start_date=20240519T124842, end_date=20240519T124844
[2024-05-19T12:48:44.734+0000] {local_task_job_runner.py:240} INFO - Task exited with return code 0
[2024-05-19T12:48:44.870+0000] {taskinstance.py:3498} INFO - 1 downstream tasks scheduled from follow-on schedule check
[2024-05-19T12:48:44.901+0000] {local_task_job_runner.py:222} INFO - ::endgroup::
