[2024-05-14T09:12:06.522+0000] {local_task_job_runner.py:120} INFO - ::group::Pre task execution logs
[2024-05-14T09:12:06.571+0000] {taskinstance.py:2076} INFO - Dependencies all met for dep_context=non-requeueable deps ti=<TaskInstance: json_to_csv.courses_transform scheduled__2024-05-14T09:10:00+00:00 [queued]>
[2024-05-14T09:12:06.592+0000] {taskinstance.py:2076} INFO - Dependencies all met for dep_context=requeueable deps ti=<TaskInstance: json_to_csv.courses_transform scheduled__2024-05-14T09:10:00+00:00 [queued]>
[2024-05-14T09:12:06.594+0000] {taskinstance.py:2306} INFO - Starting attempt 1 of 1
[2024-05-14T09:12:06.619+0000] {taskinstance.py:2330} INFO - Executing <Task(_PythonDecoratedOperator): courses_transform> on 2024-05-14 09:10:00+00:00
[2024-05-14T09:12:06.628+0000] {warnings.py:110} WARNING - /home/***/.local/lib/python3.12/site-packages/***/task/task_runner/standard_task_runner.py:61: DeprecationWarning: This process (pid=2360) is multi-threaded, use of fork() may lead to deadlocks in the child.
  pid = os.fork()

[2024-05-14T09:12:06.630+0000] {standard_task_runner.py:63} INFO - Started process 2366 to run task
[2024-05-14T09:12:06.631+0000] {standard_task_runner.py:90} INFO - Running: ['***', 'tasks', 'run', 'json_to_csv', 'courses_transform', 'scheduled__2024-05-14T09:10:00+00:00', '--job-id', '597', '--raw', '--subdir', 'DAGS_FOLDER/json_to_csv.py', '--cfg-path', '/tmp/tmphufbwrog']
[2024-05-14T09:12:06.636+0000] {standard_task_runner.py:91} INFO - Job 597: Subtask courses_transform
[2024-05-14T09:12:06.720+0000] {task_command.py:426} INFO - Running <TaskInstance: json_to_csv.courses_transform scheduled__2024-05-14T09:10:00+00:00 [running]> on host c2025ffc2c56
[2024-05-14T09:12:06.892+0000] {taskinstance.py:2648} INFO - Exporting env vars: AIRFLOW_CTX_DAG_OWNER='***' AIRFLOW_CTX_DAG_ID='json_to_csv' AIRFLOW_CTX_TASK_ID='courses_transform' AIRFLOW_CTX_EXECUTION_DATE='2024-05-14T09:10:00+00:00' AIRFLOW_CTX_TRY_NUMBER='1' AIRFLOW_CTX_DAG_RUN_ID='scheduled__2024-05-14T09:10:00+00:00'
[2024-05-14T09:12:06.895+0000] {taskinstance.py:430} INFO - ::endgroup::
[2024-05-14T09:12:06.897+0000] {python.py:237} INFO - Done. Returned value was: 1,Software Engineer,Beginer
2,Engineering,Advanced

[2024-05-14T09:12:06.898+0000] {taskinstance.py:441} INFO - ::group::Post task execution logs
[2024-05-14T09:12:06.935+0000] {taskinstance.py:1206} INFO - Marking task as SUCCESS. dag_id=json_to_csv, task_id=courses_transform, run_id=scheduled__2024-05-14T09:10:00+00:00, execution_date=20240514T091000, start_date=20240514T091206, end_date=20240514T091206
[2024-05-14T09:12:06.966+0000] {local_task_job_runner.py:240} INFO - Task exited with return code 0
[2024-05-14T09:12:07.003+0000] {taskinstance.py:3498} INFO - 1 downstream tasks scheduled from follow-on schedule check
[2024-05-14T09:12:07.007+0000] {local_task_job_runner.py:222} INFO - ::endgroup::
