[2024-05-19T08:57:16.275+0000] {local_task_job_runner.py:120} INFO - ::group::Pre task execution logs
[2024-05-19T08:57:16.303+0000] {taskinstance.py:2076} INFO - Dependencies all met for dep_context=non-requeueable deps ti=<TaskInstance: dummyjson_ingestion.local_to_gcs_task manual__2024-05-19T08:56:52.536997+00:00 [queued]>
[2024-05-19T08:57:16.318+0000] {taskinstance.py:2076} INFO - Dependencies all met for dep_context=requeueable deps ti=<TaskInstance: dummyjson_ingestion.local_to_gcs_task manual__2024-05-19T08:56:52.536997+00:00 [queued]>
[2024-05-19T08:57:16.319+0000] {taskinstance.py:2306} INFO - Starting attempt 1 of 6
[2024-05-19T08:57:16.342+0000] {taskinstance.py:2330} INFO - Executing <Task(LocalFilesystemToGCSOperator): local_to_gcs_task> on 2024-05-19 08:56:52.536997+00:00
[2024-05-19T08:57:16.353+0000] {warnings.py:110} WARNING - /home/***/.local/lib/python3.12/site-packages/***/task/task_runner/standard_task_runner.py:61: DeprecationWarning: This process (pid=443) is multi-threaded, use of fork() may lead to deadlocks in the child.
  pid = os.fork()

[2024-05-19T08:57:16.356+0000] {standard_task_runner.py:63} INFO - Started process 445 to run task
[2024-05-19T08:57:16.357+0000] {standard_task_runner.py:90} INFO - Running: ['***', 'tasks', 'run', 'dummyjson_ingestion', 'local_to_gcs_task', 'manual__2024-05-19T08:56:52.536997+00:00', '--job-id', '1320', '--raw', '--subdir', 'DAGS_FOLDER/dummyjson_ingestion.py', '--cfg-path', '/tmp/tmpc6oh1vgs']
[2024-05-19T08:57:16.358+0000] {standard_task_runner.py:91} INFO - Job 1320: Subtask local_to_gcs_task
[2024-05-19T08:57:16.428+0000] {task_command.py:426} INFO - Running <TaskInstance: dummyjson_ingestion.local_to_gcs_task manual__2024-05-19T08:56:52.536997+00:00 [running]> on host ca927d78a9ea
[2024-05-19T08:57:16.910+0000] {taskinstance.py:2648} INFO - Exporting env vars: AIRFLOW_CTX_DAG_EMAIL='fathurrahmanhernanda@gmail.com' AIRFLOW_CTX_DAG_OWNER='***' AIRFLOW_CTX_DAG_ID='dummyjson_ingestion' AIRFLOW_CTX_TASK_ID='local_to_gcs_task' AIRFLOW_CTX_EXECUTION_DATE='2024-05-19T08:56:52.536997+00:00' AIRFLOW_CTX_TRY_NUMBER='1' AIRFLOW_CTX_DAG_RUN_ID='manual__2024-05-19T08:56:52.536997+00:00'
[2024-05-19T08:57:16.912+0000] {taskinstance.py:430} INFO - ::endgroup::
[2024-05-19T08:57:16.926+0000] {connection.py:274} WARNING - Connection schemes (type: google_cloud_platform) shall not contain '_' according to RFC3986.
[2024-05-19T08:57:16.933+0000] {base.py:84} INFO - Using connection ID '***GCP' for task execution.
[2024-05-19T08:57:18.853+0000] {gcs.py:556} INFO - File /opt/***/dags/playground/target/dummyjson/users.csv uploaded to users.csv in weekly-assignment-6 bucket
[2024-05-19T08:57:18.855+0000] {taskinstance.py:441} INFO - ::group::Post task execution logs
[2024-05-19T08:57:18.877+0000] {taskinstance.py:1206} INFO - Marking task as SUCCESS. dag_id=dummyjson_ingestion, task_id=local_to_gcs_task, run_id=manual__2024-05-19T08:56:52.536997+00:00, execution_date=20240519T085652, start_date=20240519T085716, end_date=20240519T085718
[2024-05-19T08:57:18.942+0000] {local_task_job_runner.py:240} INFO - Task exited with return code 0
[2024-05-19T08:57:19.012+0000] {taskinstance.py:3498} INFO - 1 downstream tasks scheduled from follow-on schedule check
[2024-05-19T08:57:19.015+0000] {local_task_job_runner.py:222} INFO - ::endgroup::
