[2024-05-19T08:56:55.847+0000] {local_task_job_runner.py:120} INFO - ::group::Pre task execution logs
[2024-05-19T08:56:55.871+0000] {taskinstance.py:2076} INFO - Dependencies all met for dep_context=non-requeueable deps ti=<TaskInstance: dummyjson_ingestion.is_api_available manual__2024-05-19T08:56:52.536997+00:00 [queued]>
[2024-05-19T08:56:55.884+0000] {taskinstance.py:2076} INFO - Dependencies all met for dep_context=requeueable deps ti=<TaskInstance: dummyjson_ingestion.is_api_available manual__2024-05-19T08:56:52.536997+00:00 [queued]>
[2024-05-19T08:56:55.886+0000] {taskinstance.py:2306} INFO - Starting attempt 1 of 6
[2024-05-19T08:56:55.909+0000] {taskinstance.py:2330} INFO - Executing <Task(HttpSensor): is_api_available> on 2024-05-19 08:56:52.536997+00:00
[2024-05-19T08:56:55.921+0000] {warnings.py:110} WARNING - /home/***/.local/lib/python3.12/site-packages/***/task/task_runner/standard_task_runner.py:61: DeprecationWarning: This process (pid=431) is multi-threaded, use of fork() may lead to deadlocks in the child.
  pid = os.fork()

[2024-05-19T08:56:55.924+0000] {standard_task_runner.py:63} INFO - Started process 433 to run task
[2024-05-19T08:56:55.926+0000] {standard_task_runner.py:90} INFO - Running: ['***', 'tasks', 'run', 'dummyjson_ingestion', 'is_api_available', 'manual__2024-05-19T08:56:52.536997+00:00', '--job-id', '1316', '--raw', '--subdir', 'DAGS_FOLDER/dummyjson_ingestion.py', '--cfg-path', '/tmp/tmpsugbpovx']
[2024-05-19T08:56:55.928+0000] {standard_task_runner.py:91} INFO - Job 1316: Subtask is_api_available
[2024-05-19T08:56:56.004+0000] {task_command.py:426} INFO - Running <TaskInstance: dummyjson_ingestion.is_api_available manual__2024-05-19T08:56:52.536997+00:00 [running]> on host ca927d78a9ea
[2024-05-19T08:56:56.443+0000] {taskinstance.py:2648} INFO - Exporting env vars: AIRFLOW_CTX_DAG_EMAIL='fathurrahmanhernanda@gmail.com' AIRFLOW_CTX_DAG_OWNER='***' AIRFLOW_CTX_DAG_ID='dummyjson_ingestion' AIRFLOW_CTX_TASK_ID='is_api_available' AIRFLOW_CTX_EXECUTION_DATE='2024-05-19T08:56:52.536997+00:00' AIRFLOW_CTX_TRY_NUMBER='1' AIRFLOW_CTX_DAG_RUN_ID='manual__2024-05-19T08:56:52.536997+00:00'
[2024-05-19T08:56:56.445+0000] {taskinstance.py:430} INFO - ::endgroup::
[2024-05-19T08:56:56.445+0000] {baseoperator.py:399} WARNING - HttpSensor.execute cannot be called outside TaskInstance!
[2024-05-19T08:56:56.447+0000] {http.py:137} INFO - Poking: /users/
[2024-05-19T08:56:56.462+0000] {base.py:84} INFO - Using connection ID 'dummyjson_api' for task execution.
[2024-05-19T08:56:58.985+0000] {base.py:294} INFO - Success criteria met. Exiting.
[2024-05-19T08:56:58.986+0000] {taskinstance.py:441} INFO - ::group::Post task execution logs
[2024-05-19T08:56:59.002+0000] {taskinstance.py:1206} INFO - Marking task as SUCCESS. dag_id=dummyjson_ingestion, task_id=is_api_available, run_id=manual__2024-05-19T08:56:52.536997+00:00, execution_date=20240519T085652, start_date=20240519T085655, end_date=20240519T085659
[2024-05-19T08:56:59.076+0000] {local_task_job_runner.py:240} INFO - Task exited with return code 0
[2024-05-19T08:56:59.094+0000] {warnings.py:110} WARNING - /home/***/.local/lib/python3.12/site-packages/***/models/baseoperator.py:1296: AirflowProviderDeprecationWarning: Call to deprecated class SimpleHttpOperator. (Class `SimpleHttpOperator` is deprecated and will be removed in a future release. Please use `HttpOperator` instead.)
  result = cls.__new__(cls)

[2024-05-19T08:56:59.135+0000] {taskinstance.py:3498} INFO - 1 downstream tasks scheduled from follow-on schedule check
[2024-05-19T08:56:59.138+0000] {local_task_job_runner.py:222} INFO - ::endgroup::
