[2024-05-19T15:23:20.022+0000] {local_task_job_runner.py:120} INFO - ::group::Pre task execution logs
[2024-05-19T15:23:20.080+0000] {taskinstance.py:2076} INFO - Dependencies all met for dep_context=non-requeueable deps ti=<TaskInstance: dummyjson.extract_post scheduled__2024-05-17T17:00:00+00:00 [queued]>
[2024-05-19T15:23:20.120+0000] {taskinstance.py:2076} INFO - Dependencies all met for dep_context=requeueable deps ti=<TaskInstance: dummyjson.extract_post scheduled__2024-05-17T17:00:00+00:00 [queued]>
[2024-05-19T15:23:20.122+0000] {taskinstance.py:2306} INFO - Starting attempt 2 of 7
[2024-05-19T15:23:20.176+0000] {taskinstance.py:2330} INFO - Executing <Task(SimpleHttpOperator): extract_post> on 2024-05-17 17:00:00+00:00
[2024-05-19T15:23:20.194+0000] {warnings.py:110} WARNING - /home/***/.local/lib/python3.12/site-packages/***/task/task_runner/standard_task_runner.py:61: DeprecationWarning: This process (pid=1708) is multi-threaded, use of fork() may lead to deadlocks in the child.
  pid = os.fork()

[2024-05-19T15:23:20.197+0000] {standard_task_runner.py:63} INFO - Started process 1725 to run task
[2024-05-19T15:23:20.206+0000] {standard_task_runner.py:90} INFO - Running: ['***', 'tasks', 'run', 'dummyjson', 'extract_post', 'scheduled__2024-05-17T17:00:00+00:00', '--job-id', '2013', '--raw', '--subdir', 'DAGS_FOLDER/dummyjson.py', '--cfg-path', '/tmp/tmp2iekz2xr']
[2024-05-19T15:23:20.210+0000] {standard_task_runner.py:91} INFO - Job 2013: Subtask extract_post
[2024-05-19T15:23:20.344+0000] {task_command.py:426} INFO - Running <TaskInstance: dummyjson.extract_post scheduled__2024-05-17T17:00:00+00:00 [running]> on host ca927d78a9ea
[2024-05-19T15:23:21.177+0000] {taskinstance.py:2648} INFO - Exporting env vars: AIRFLOW_CTX_DAG_EMAIL='fathurrahmanhernanda@gmail.com' AIRFLOW_CTX_DAG_OWNER='***' AIRFLOW_CTX_DAG_ID='dummyjson' AIRFLOW_CTX_TASK_ID='extract_post' AIRFLOW_CTX_EXECUTION_DATE='2024-05-17T17:00:00+00:00' AIRFLOW_CTX_TRY_NUMBER='2' AIRFLOW_CTX_DAG_RUN_ID='scheduled__2024-05-17T17:00:00+00:00'
[2024-05-19T15:23:21.182+0000] {taskinstance.py:430} INFO - ::endgroup::
[2024-05-19T15:23:21.185+0000] {http.py:169} INFO - Calling HTTP method
[2024-05-19T15:23:21.227+0000] {base.py:84} INFO - Using connection ID 'dummyjson_api' for task execution.
[2024-05-19T15:23:21.280+0000] {base.py:84} INFO - Using connection ID 'dummyjson_api' for task execution.
[2024-05-19T15:23:23.168+0000] {taskinstance.py:441} INFO - ::group::Post task execution logs
[2024-05-19T15:23:23.217+0000] {taskinstance.py:1206} INFO - Marking task as SUCCESS. dag_id=dummyjson, task_id=extract_post, run_id=scheduled__2024-05-17T17:00:00+00:00, execution_date=20240517T170000, start_date=20240519T152320, end_date=20240519T152323
[2024-05-19T15:23:23.283+0000] {local_task_job_runner.py:240} INFO - Task exited with return code 0
[2024-05-19T15:23:23.307+0000] {warnings.py:110} WARNING - /home/***/.local/lib/python3.12/site-packages/***/models/baseoperator.py:1296: AirflowProviderDeprecationWarning: Call to deprecated class SimpleHttpOperator. (Class `SimpleHttpOperator` is deprecated and will be removed in a future release. Please use `HttpOperator` instead.)
  result = cls.__new__(cls)

[2024-05-19T15:23:23.353+0000] {taskinstance.py:3498} INFO - 1 downstream tasks scheduled from follow-on schedule check
[2024-05-19T15:23:23.358+0000] {local_task_job_runner.py:222} INFO - ::endgroup::
