[2024-05-19T09:15:34.063+0000] {processor.py:161} INFO - Started process (PID=60) to work on /opt/airflow/dags/dummyjson_ingestion_users.py
[2024-05-19T09:15:34.065+0000] {processor.py:830} INFO - Processing file /opt/airflow/dags/dummyjson_ingestion_users.py for tasks to queue
[2024-05-19T09:15:34.070+0000] {logging_mixin.py:188} INFO - [2024-05-19T09:15:34.069+0000] {dagbag.py:545} INFO - Filling up the DagBag from /opt/airflow/dags/dummyjson_ingestion_users.py
[2024-05-19T09:15:34.147+0000] {processor.py:840} INFO - DAG(s) 'dummyjson_ingestion_users' retrieved from /opt/airflow/dags/dummyjson_ingestion_users.py
[2024-05-19T09:15:34.411+0000] {logging_mixin.py:188} INFO - [2024-05-19T09:15:34.410+0000] {override.py:1829} INFO - Created Permission View: can read on DAG:dummyjson_ingestion_users
[2024-05-19T09:15:34.435+0000] {logging_mixin.py:188} INFO - [2024-05-19T09:15:34.434+0000] {override.py:1829} INFO - Created Permission View: can edit on DAG:dummyjson_ingestion_users
[2024-05-19T09:15:34.465+0000] {logging_mixin.py:188} INFO - [2024-05-19T09:15:34.464+0000] {override.py:1829} INFO - Created Permission View: can delete on DAG:dummyjson_ingestion_users
[2024-05-19T09:15:34.467+0000] {logging_mixin.py:188} INFO - [2024-05-19T09:15:34.466+0000] {dag.py:3096} INFO - Sync 1 DAGs
[2024-05-19T09:15:34.491+0000] {logging_mixin.py:188} INFO - [2024-05-19T09:15:34.490+0000] {dag.py:3118} INFO - Creating ORM DAG for dummyjson_ingestion_users
[2024-05-19T09:15:34.514+0000] {logging_mixin.py:188} INFO - [2024-05-19T09:15:34.513+0000] {dag.py:3954} INFO - Setting next_dagrun for dummyjson_ingestion_users to 2024-05-01 00:00:00+00:00, run_after=2024-05-01 00:00:00+00:00
[2024-05-19T09:15:35.163+0000] {processor.py:183} INFO - Processing /opt/airflow/dags/dummyjson_ingestion_users.py took 1.128 seconds
[2024-05-19T09:16:05.826+0000] {processor.py:161} INFO - Started process (PID=129) to work on /opt/airflow/dags/dummyjson_ingestion_users.py
[2024-05-19T09:16:05.828+0000] {processor.py:830} INFO - Processing file /opt/airflow/dags/dummyjson_ingestion_users.py for tasks to queue
[2024-05-19T09:16:05.832+0000] {logging_mixin.py:188} INFO - [2024-05-19T09:16:05.831+0000] {dagbag.py:545} INFO - Filling up the DagBag from /opt/airflow/dags/dummyjson_ingestion_users.py
[2024-05-19T09:16:05.875+0000] {processor.py:840} INFO - DAG(s) 'dummyjson_ingestion_users' retrieved from /opt/airflow/dags/dummyjson_ingestion_users.py
[2024-05-19T09:16:05.915+0000] {logging_mixin.py:188} INFO - [2024-05-19T09:16:05.914+0000] {dag.py:3096} INFO - Sync 1 DAGs
[2024-05-19T09:16:05.945+0000] {logging_mixin.py:188} INFO - [2024-05-19T09:16:05.945+0000] {dag.py:3954} INFO - Setting next_dagrun for dummyjson_ingestion_users to 2024-05-01 00:00:00+00:00, run_after=2024-05-01 00:00:00+00:00
[2024-05-19T09:16:06.023+0000] {processor.py:183} INFO - Processing /opt/airflow/dags/dummyjson_ingestion_users.py took 0.208 seconds
[2024-05-19T09:16:36.274+0000] {processor.py:161} INFO - Started process (PID=196) to work on /opt/airflow/dags/dummyjson_ingestion_users.py
[2024-05-19T09:16:36.277+0000] {processor.py:830} INFO - Processing file /opt/airflow/dags/dummyjson_ingestion_users.py for tasks to queue
[2024-05-19T09:16:36.282+0000] {logging_mixin.py:188} INFO - [2024-05-19T09:16:36.281+0000] {dagbag.py:545} INFO - Filling up the DagBag from /opt/airflow/dags/dummyjson_ingestion_users.py
[2024-05-19T09:16:36.319+0000] {processor.py:840} INFO - DAG(s) 'dummyjson_ingestion_users' retrieved from /opt/airflow/dags/dummyjson_ingestion_users.py
[2024-05-19T09:16:36.353+0000] {logging_mixin.py:188} INFO - [2024-05-19T09:16:36.352+0000] {dag.py:3096} INFO - Sync 1 DAGs
[2024-05-19T09:16:36.386+0000] {logging_mixin.py:188} INFO - [2024-05-19T09:16:36.385+0000] {dag.py:3954} INFO - Setting next_dagrun for dummyjson_ingestion_users to 2024-05-01 00:00:00+00:00, run_after=2024-05-01 00:00:00+00:00
[2024-05-19T09:16:36.418+0000] {processor.py:183} INFO - Processing /opt/airflow/dags/dummyjson_ingestion_users.py took 0.155 seconds
[2024-05-19T09:17:06.690+0000] {processor.py:161} INFO - Started process (PID=263) to work on /opt/airflow/dags/dummyjson_ingestion_users.py
[2024-05-19T09:17:06.692+0000] {processor.py:830} INFO - Processing file /opt/airflow/dags/dummyjson_ingestion_users.py for tasks to queue
[2024-05-19T09:17:06.695+0000] {logging_mixin.py:188} INFO - [2024-05-19T09:17:06.695+0000] {dagbag.py:545} INFO - Filling up the DagBag from /opt/airflow/dags/dummyjson_ingestion_users.py
[2024-05-19T09:17:06.726+0000] {processor.py:840} INFO - DAG(s) 'dummyjson_ingestion_users' retrieved from /opt/airflow/dags/dummyjson_ingestion_users.py
[2024-05-19T09:17:06.759+0000] {logging_mixin.py:188} INFO - [2024-05-19T09:17:06.759+0000] {dag.py:3096} INFO - Sync 1 DAGs
[2024-05-19T09:17:06.790+0000] {logging_mixin.py:188} INFO - [2024-05-19T09:17:06.789+0000] {dag.py:3954} INFO - Setting next_dagrun for dummyjson_ingestion_users to 2024-05-01 00:00:00+00:00, run_after=2024-05-01 00:00:00+00:00
[2024-05-19T09:17:06.819+0000] {processor.py:183} INFO - Processing /opt/airflow/dags/dummyjson_ingestion_users.py took 0.139 seconds
[2024-05-19T09:17:37.573+0000] {processor.py:161} INFO - Started process (PID=330) to work on /opt/airflow/dags/dummyjson_ingestion_users.py
[2024-05-19T09:17:37.575+0000] {processor.py:830} INFO - Processing file /opt/airflow/dags/dummyjson_ingestion_users.py for tasks to queue
[2024-05-19T09:17:37.579+0000] {logging_mixin.py:188} INFO - [2024-05-19T09:17:37.578+0000] {dagbag.py:545} INFO - Filling up the DagBag from /opt/airflow/dags/dummyjson_ingestion_users.py
[2024-05-19T09:17:37.620+0000] {processor.py:840} INFO - DAG(s) 'dummyjson_ingestion_users' retrieved from /opt/airflow/dags/dummyjson_ingestion_users.py
[2024-05-19T09:17:37.655+0000] {logging_mixin.py:188} INFO - [2024-05-19T09:17:37.654+0000] {dag.py:3096} INFO - Sync 1 DAGs
[2024-05-19T09:17:37.684+0000] {logging_mixin.py:188} INFO - [2024-05-19T09:17:37.684+0000] {dag.py:3954} INFO - Setting next_dagrun for dummyjson_ingestion_users to 2024-05-01 00:00:00+00:00, run_after=2024-05-01 00:00:00+00:00
[2024-05-19T09:17:37.710+0000] {processor.py:183} INFO - Processing /opt/airflow/dags/dummyjson_ingestion_users.py took 0.152 seconds
[2024-05-19T09:18:08.076+0000] {processor.py:161} INFO - Started process (PID=397) to work on /opt/airflow/dags/dummyjson_ingestion_users.py
[2024-05-19T09:18:08.079+0000] {processor.py:830} INFO - Processing file /opt/airflow/dags/dummyjson_ingestion_users.py for tasks to queue
[2024-05-19T09:18:08.082+0000] {logging_mixin.py:188} INFO - [2024-05-19T09:18:08.081+0000] {dagbag.py:545} INFO - Filling up the DagBag from /opt/airflow/dags/dummyjson_ingestion_users.py
[2024-05-19T09:18:08.121+0000] {processor.py:840} INFO - DAG(s) 'dummyjson_ingestion_users' retrieved from /opt/airflow/dags/dummyjson_ingestion_users.py
[2024-05-19T09:18:08.157+0000] {logging_mixin.py:188} INFO - [2024-05-19T09:18:08.156+0000] {dag.py:3096} INFO - Sync 1 DAGs
[2024-05-19T09:18:08.189+0000] {logging_mixin.py:188} INFO - [2024-05-19T09:18:08.189+0000] {dag.py:3954} INFO - Setting next_dagrun for dummyjson_ingestion_users to 2024-05-01 00:00:00+00:00, run_after=2024-05-01 00:00:00+00:00
[2024-05-19T09:18:08.220+0000] {processor.py:183} INFO - Processing /opt/airflow/dags/dummyjson_ingestion_users.py took 0.153 seconds
[2024-05-19T09:18:39.207+0000] {processor.py:161} INFO - Started process (PID=464) to work on /opt/airflow/dags/dummyjson_ingestion_users.py
[2024-05-19T09:18:39.209+0000] {processor.py:830} INFO - Processing file /opt/airflow/dags/dummyjson_ingestion_users.py for tasks to queue
[2024-05-19T09:18:39.215+0000] {logging_mixin.py:188} INFO - [2024-05-19T09:18:39.214+0000] {dagbag.py:545} INFO - Filling up the DagBag from /opt/airflow/dags/dummyjson_ingestion_users.py
[2024-05-19T09:18:39.262+0000] {processor.py:840} INFO - DAG(s) 'dummyjson_ingestion_users' retrieved from /opt/airflow/dags/dummyjson_ingestion_users.py
[2024-05-19T09:18:39.313+0000] {logging_mixin.py:188} INFO - [2024-05-19T09:18:39.312+0000] {dag.py:3096} INFO - Sync 1 DAGs
[2024-05-19T09:18:39.364+0000] {logging_mixin.py:188} INFO - [2024-05-19T09:18:39.363+0000] {dag.py:3954} INFO - Setting next_dagrun for dummyjson_ingestion_users to 2024-05-01 00:00:00+00:00, run_after=2024-05-01 00:00:00+00:00
[2024-05-19T09:18:39.417+0000] {processor.py:183} INFO - Processing /opt/airflow/dags/dummyjson_ingestion_users.py took 0.227 seconds
[2024-05-19T09:19:10.254+0000] {processor.py:161} INFO - Started process (PID=531) to work on /opt/airflow/dags/dummyjson_ingestion_users.py
[2024-05-19T09:19:10.256+0000] {processor.py:830} INFO - Processing file /opt/airflow/dags/dummyjson_ingestion_users.py for tasks to queue
[2024-05-19T09:19:10.261+0000] {logging_mixin.py:188} INFO - [2024-05-19T09:19:10.260+0000] {dagbag.py:545} INFO - Filling up the DagBag from /opt/airflow/dags/dummyjson_ingestion_users.py
[2024-05-19T09:19:10.296+0000] {processor.py:840} INFO - DAG(s) 'dummyjson_ingestion_users' retrieved from /opt/airflow/dags/dummyjson_ingestion_users.py
[2024-05-19T09:19:10.334+0000] {logging_mixin.py:188} INFO - [2024-05-19T09:19:10.333+0000] {dag.py:3096} INFO - Sync 1 DAGs
[2024-05-19T09:19:10.379+0000] {logging_mixin.py:188} INFO - [2024-05-19T09:19:10.379+0000] {dag.py:3954} INFO - Setting next_dagrun for dummyjson_ingestion_users to 2024-05-01 00:00:00+00:00, run_after=2024-05-01 00:00:00+00:00
[2024-05-19T09:19:10.411+0000] {processor.py:183} INFO - Processing /opt/airflow/dags/dummyjson_ingestion_users.py took 0.168 seconds
[2024-05-19T09:19:40.848+0000] {processor.py:161} INFO - Started process (PID=598) to work on /opt/airflow/dags/dummyjson_ingestion_users.py
[2024-05-19T09:19:40.850+0000] {processor.py:830} INFO - Processing file /opt/airflow/dags/dummyjson_ingestion_users.py for tasks to queue
[2024-05-19T09:19:40.854+0000] {logging_mixin.py:188} INFO - [2024-05-19T09:19:40.853+0000] {dagbag.py:545} INFO - Filling up the DagBag from /opt/airflow/dags/dummyjson_ingestion_users.py
[2024-05-19T09:19:40.898+0000] {processor.py:840} INFO - DAG(s) 'dummyjson_ingestion_users' retrieved from /opt/airflow/dags/dummyjson_ingestion_users.py
[2024-05-19T09:19:41.248+0000] {logging_mixin.py:188} INFO - [2024-05-19T09:19:41.247+0000] {dag.py:3096} INFO - Sync 1 DAGs
[2024-05-19T09:19:41.278+0000] {logging_mixin.py:188} INFO - [2024-05-19T09:19:41.277+0000] {dag.py:3954} INFO - Setting next_dagrun for dummyjson_ingestion_users to 2024-05-01 00:00:00+00:00, run_after=2024-05-01 00:00:00+00:00
[2024-05-19T09:19:41.305+0000] {processor.py:183} INFO - Processing /opt/airflow/dags/dummyjson_ingestion_users.py took 0.475 seconds
[2024-05-19T09:20:11.885+0000] {processor.py:161} INFO - Started process (PID=665) to work on /opt/airflow/dags/dummyjson_ingestion_users.py
[2024-05-19T09:20:11.887+0000] {processor.py:830} INFO - Processing file /opt/airflow/dags/dummyjson_ingestion_users.py for tasks to queue
[2024-05-19T09:20:11.893+0000] {logging_mixin.py:188} INFO - [2024-05-19T09:20:11.892+0000] {dagbag.py:545} INFO - Filling up the DagBag from /opt/airflow/dags/dummyjson_ingestion_users.py
[2024-05-19T09:20:11.927+0000] {processor.py:840} INFO - DAG(s) 'dummyjson_ingestion_users' retrieved from /opt/airflow/dags/dummyjson_ingestion_users.py
[2024-05-19T09:20:11.964+0000] {logging_mixin.py:188} INFO - [2024-05-19T09:20:11.963+0000] {dag.py:3096} INFO - Sync 1 DAGs
[2024-05-19T09:20:12.013+0000] {logging_mixin.py:188} INFO - [2024-05-19T09:20:12.013+0000] {dag.py:3954} INFO - Setting next_dagrun for dummyjson_ingestion_users to 2024-05-01 00:00:00+00:00, run_after=2024-05-01 00:00:00+00:00
[2024-05-19T09:20:12.081+0000] {processor.py:183} INFO - Processing /opt/airflow/dags/dummyjson_ingestion_users.py took 0.207 seconds
[2024-05-19T09:20:42.495+0000] {processor.py:161} INFO - Started process (PID=740) to work on /opt/airflow/dags/dummyjson_ingestion_users.py
[2024-05-19T09:20:42.497+0000] {processor.py:830} INFO - Processing file /opt/airflow/dags/dummyjson_ingestion_users.py for tasks to queue
[2024-05-19T09:20:42.507+0000] {logging_mixin.py:188} INFO - [2024-05-19T09:20:42.506+0000] {dagbag.py:545} INFO - Filling up the DagBag from /opt/airflow/dags/dummyjson_ingestion_users.py
[2024-05-19T09:20:42.546+0000] {processor.py:840} INFO - DAG(s) 'dummyjson_ingestion_users' retrieved from /opt/airflow/dags/dummyjson_ingestion_users.py
[2024-05-19T09:20:42.593+0000] {logging_mixin.py:188} INFO - [2024-05-19T09:20:42.592+0000] {dag.py:3096} INFO - Sync 1 DAGs
[2024-05-19T09:20:42.638+0000] {logging_mixin.py:188} INFO - [2024-05-19T09:20:42.637+0000] {dag.py:3954} INFO - Setting next_dagrun for dummyjson_ingestion_users to 2024-05-01 00:00:00+00:00, run_after=2024-05-01 00:00:00+00:00
[2024-05-19T09:20:42.674+0000] {processor.py:183} INFO - Processing /opt/airflow/dags/dummyjson_ingestion_users.py took 0.196 seconds
[2024-05-19T09:21:13.398+0000] {processor.py:161} INFO - Started process (PID=808) to work on /opt/airflow/dags/dummyjson_ingestion_users.py
[2024-05-19T09:21:13.401+0000] {processor.py:830} INFO - Processing file /opt/airflow/dags/dummyjson_ingestion_users.py for tasks to queue
[2024-05-19T09:21:13.405+0000] {logging_mixin.py:188} INFO - [2024-05-19T09:21:13.404+0000] {dagbag.py:545} INFO - Filling up the DagBag from /opt/airflow/dags/dummyjson_ingestion_users.py
[2024-05-19T09:21:13.449+0000] {processor.py:840} INFO - DAG(s) 'dummyjson_ingestion_users' retrieved from /opt/airflow/dags/dummyjson_ingestion_users.py
[2024-05-19T09:21:13.504+0000] {logging_mixin.py:188} INFO - [2024-05-19T09:21:13.503+0000] {dag.py:3096} INFO - Sync 1 DAGs
[2024-05-19T09:21:13.546+0000] {logging_mixin.py:188} INFO - [2024-05-19T09:21:13.545+0000] {dag.py:3954} INFO - Setting next_dagrun for dummyjson_ingestion_users to 2024-05-01 00:00:00+00:00, run_after=2024-05-01 00:00:00+00:00
[2024-05-19T09:21:13.584+0000] {processor.py:183} INFO - Processing /opt/airflow/dags/dummyjson_ingestion_users.py took 0.203 seconds
[2024-05-19T09:21:43.832+0000] {processor.py:161} INFO - Started process (PID=876) to work on /opt/airflow/dags/dummyjson_ingestion_users.py
[2024-05-19T09:21:43.834+0000] {processor.py:830} INFO - Processing file /opt/airflow/dags/dummyjson_ingestion_users.py for tasks to queue
[2024-05-19T09:21:43.838+0000] {logging_mixin.py:188} INFO - [2024-05-19T09:21:43.838+0000] {dagbag.py:545} INFO - Filling up the DagBag from /opt/airflow/dags/dummyjson_ingestion_users.py
[2024-05-19T09:21:43.872+0000] {processor.py:840} INFO - DAG(s) 'dummyjson_ingestion_users' retrieved from /opt/airflow/dags/dummyjson_ingestion_users.py
[2024-05-19T09:21:43.912+0000] {logging_mixin.py:188} INFO - [2024-05-19T09:21:43.911+0000] {dag.py:3096} INFO - Sync 1 DAGs
[2024-05-19T09:21:43.970+0000] {logging_mixin.py:188} INFO - [2024-05-19T09:21:43.970+0000] {dag.py:3954} INFO - Setting next_dagrun for dummyjson_ingestion_users to 2024-05-01 00:00:00+00:00, run_after=2024-05-01 00:00:00+00:00
[2024-05-19T09:21:43.997+0000] {processor.py:183} INFO - Processing /opt/airflow/dags/dummyjson_ingestion_users.py took 0.176 seconds
[2024-05-19T09:22:14.380+0000] {processor.py:161} INFO - Started process (PID=945) to work on /opt/airflow/dags/dummyjson_ingestion_users.py
[2024-05-19T09:22:14.382+0000] {processor.py:830} INFO - Processing file /opt/airflow/dags/dummyjson_ingestion_users.py for tasks to queue
[2024-05-19T09:22:14.386+0000] {logging_mixin.py:188} INFO - [2024-05-19T09:22:14.385+0000] {dagbag.py:545} INFO - Filling up the DagBag from /opt/airflow/dags/dummyjson_ingestion_users.py
[2024-05-19T09:22:14.420+0000] {processor.py:840} INFO - DAG(s) 'dummyjson_ingestion_users' retrieved from /opt/airflow/dags/dummyjson_ingestion_users.py
[2024-05-19T09:22:14.455+0000] {logging_mixin.py:188} INFO - [2024-05-19T09:22:14.454+0000] {dag.py:3096} INFO - Sync 1 DAGs
[2024-05-19T09:22:14.486+0000] {logging_mixin.py:188} INFO - [2024-05-19T09:22:14.486+0000] {dag.py:3954} INFO - Setting next_dagrun for dummyjson_ingestion_users to 2024-05-01 00:00:00+00:00, run_after=2024-05-01 00:00:00+00:00
[2024-05-19T09:22:14.513+0000] {processor.py:183} INFO - Processing /opt/airflow/dags/dummyjson_ingestion_users.py took 0.142 seconds
[2024-05-19T09:22:45.339+0000] {processor.py:161} INFO - Started process (PID=1014) to work on /opt/airflow/dags/dummyjson_ingestion_users.py
[2024-05-19T09:22:45.340+0000] {processor.py:830} INFO - Processing file /opt/airflow/dags/dummyjson_ingestion_users.py for tasks to queue
[2024-05-19T09:22:45.344+0000] {logging_mixin.py:188} INFO - [2024-05-19T09:22:45.343+0000] {dagbag.py:545} INFO - Filling up the DagBag from /opt/airflow/dags/dummyjson_ingestion_users.py
[2024-05-19T09:22:45.377+0000] {processor.py:840} INFO - DAG(s) 'dummyjson_ingestion_users' retrieved from /opt/airflow/dags/dummyjson_ingestion_users.py
[2024-05-19T09:22:45.413+0000] {logging_mixin.py:188} INFO - [2024-05-19T09:22:45.412+0000] {dag.py:3096} INFO - Sync 1 DAGs
[2024-05-19T09:22:45.444+0000] {logging_mixin.py:188} INFO - [2024-05-19T09:22:45.444+0000] {dag.py:3954} INFO - Setting next_dagrun for dummyjson_ingestion_users to 2024-05-01 00:00:00+00:00, run_after=2024-05-01 00:00:00+00:00
[2024-05-19T09:22:45.482+0000] {processor.py:183} INFO - Processing /opt/airflow/dags/dummyjson_ingestion_users.py took 0.156 seconds
[2024-05-19T09:23:15.599+0000] {processor.py:161} INFO - Started process (PID=1082) to work on /opt/airflow/dags/dummyjson_ingestion_users.py
[2024-05-19T09:23:15.602+0000] {processor.py:830} INFO - Processing file /opt/airflow/dags/dummyjson_ingestion_users.py for tasks to queue
[2024-05-19T09:23:15.606+0000] {logging_mixin.py:188} INFO - [2024-05-19T09:23:15.605+0000] {dagbag.py:545} INFO - Filling up the DagBag from /opt/airflow/dags/dummyjson_ingestion_users.py
[2024-05-19T09:23:15.659+0000] {processor.py:840} INFO - DAG(s) 'dummyjson_ingestion_users' retrieved from /opt/airflow/dags/dummyjson_ingestion_users.py
[2024-05-19T09:23:15.707+0000] {logging_mixin.py:188} INFO - [2024-05-19T09:23:15.705+0000] {dag.py:3096} INFO - Sync 1 DAGs
[2024-05-19T09:23:15.752+0000] {logging_mixin.py:188} INFO - [2024-05-19T09:23:15.751+0000] {dag.py:3954} INFO - Setting next_dagrun for dummyjson_ingestion_users to 2024-05-01 00:00:00+00:00, run_after=2024-05-01 00:00:00+00:00
[2024-05-19T09:23:15.783+0000] {processor.py:183} INFO - Processing /opt/airflow/dags/dummyjson_ingestion_users.py took 0.198 seconds
[2024-05-19T09:23:46.575+0000] {processor.py:161} INFO - Started process (PID=1150) to work on /opt/airflow/dags/dummyjson_ingestion_users.py
[2024-05-19T09:23:46.577+0000] {processor.py:830} INFO - Processing file /opt/airflow/dags/dummyjson_ingestion_users.py for tasks to queue
[2024-05-19T09:23:46.579+0000] {logging_mixin.py:188} INFO - [2024-05-19T09:23:46.578+0000] {dagbag.py:545} INFO - Filling up the DagBag from /opt/airflow/dags/dummyjson_ingestion_users.py
[2024-05-19T09:23:46.628+0000] {processor.py:840} INFO - DAG(s) 'dummyjson_ingestion_users' retrieved from /opt/airflow/dags/dummyjson_ingestion_users.py
[2024-05-19T09:23:46.669+0000] {logging_mixin.py:188} INFO - [2024-05-19T09:23:46.668+0000] {dag.py:3096} INFO - Sync 1 DAGs
[2024-05-19T09:23:46.703+0000] {logging_mixin.py:188} INFO - [2024-05-19T09:23:46.703+0000] {dag.py:3954} INFO - Setting next_dagrun for dummyjson_ingestion_users to 2024-05-01 00:00:00+00:00, run_after=2024-05-01 00:00:00+00:00
[2024-05-19T09:23:46.735+0000] {processor.py:183} INFO - Processing /opt/airflow/dags/dummyjson_ingestion_users.py took 0.171 seconds
[2024-05-19T09:24:17.521+0000] {processor.py:161} INFO - Started process (PID=1219) to work on /opt/airflow/dags/dummyjson_ingestion_users.py
[2024-05-19T09:24:17.523+0000] {processor.py:830} INFO - Processing file /opt/airflow/dags/dummyjson_ingestion_users.py for tasks to queue
[2024-05-19T09:24:17.525+0000] {logging_mixin.py:188} INFO - [2024-05-19T09:24:17.524+0000] {dagbag.py:545} INFO - Filling up the DagBag from /opt/airflow/dags/dummyjson_ingestion_users.py
[2024-05-19T09:24:17.565+0000] {processor.py:840} INFO - DAG(s) 'dummyjson_ingestion_users' retrieved from /opt/airflow/dags/dummyjson_ingestion_users.py
[2024-05-19T09:24:17.612+0000] {logging_mixin.py:188} INFO - [2024-05-19T09:24:17.611+0000] {dag.py:3096} INFO - Sync 1 DAGs
[2024-05-19T09:24:17.647+0000] {logging_mixin.py:188} INFO - [2024-05-19T09:24:17.646+0000] {dag.py:3954} INFO - Setting next_dagrun for dummyjson_ingestion_users to 2024-05-01 00:00:00+00:00, run_after=2024-05-01 00:00:00+00:00
[2024-05-19T09:24:17.681+0000] {processor.py:183} INFO - Processing /opt/airflow/dags/dummyjson_ingestion_users.py took 0.175 seconds
[2024-05-19T09:24:48.286+0000] {processor.py:161} INFO - Started process (PID=1287) to work on /opt/airflow/dags/dummyjson_ingestion_users.py
[2024-05-19T09:24:48.288+0000] {processor.py:830} INFO - Processing file /opt/airflow/dags/dummyjson_ingestion_users.py for tasks to queue
[2024-05-19T09:24:48.289+0000] {logging_mixin.py:188} INFO - [2024-05-19T09:24:48.289+0000] {dagbag.py:545} INFO - Filling up the DagBag from /opt/airflow/dags/dummyjson_ingestion_users.py
[2024-05-19T09:24:48.328+0000] {processor.py:840} INFO - DAG(s) 'dummyjson_ingestion_users' retrieved from /opt/airflow/dags/dummyjson_ingestion_users.py
[2024-05-19T09:24:48.363+0000] {logging_mixin.py:188} INFO - [2024-05-19T09:24:48.362+0000] {dag.py:3096} INFO - Sync 1 DAGs
[2024-05-19T09:24:48.398+0000] {logging_mixin.py:188} INFO - [2024-05-19T09:24:48.398+0000] {dag.py:3954} INFO - Setting next_dagrun for dummyjson_ingestion_users to 2024-05-01 00:00:00+00:00, run_after=2024-05-01 00:00:00+00:00
[2024-05-19T09:24:48.425+0000] {processor.py:183} INFO - Processing /opt/airflow/dags/dummyjson_ingestion_users.py took 0.152 seconds
[2024-05-19T09:25:18.855+0000] {processor.py:161} INFO - Started process (PID=1355) to work on /opt/airflow/dags/dummyjson_ingestion_users.py
[2024-05-19T09:25:18.857+0000] {processor.py:830} INFO - Processing file /opt/airflow/dags/dummyjson_ingestion_users.py for tasks to queue
[2024-05-19T09:25:18.859+0000] {logging_mixin.py:188} INFO - [2024-05-19T09:25:18.859+0000] {dagbag.py:545} INFO - Filling up the DagBag from /opt/airflow/dags/dummyjson_ingestion_users.py
[2024-05-19T09:25:18.903+0000] {processor.py:840} INFO - DAG(s) 'dummyjson_ingestion_users' retrieved from /opt/airflow/dags/dummyjson_ingestion_users.py
[2024-05-19T09:25:18.944+0000] {logging_mixin.py:188} INFO - [2024-05-19T09:25:18.943+0000] {dag.py:3096} INFO - Sync 1 DAGs
[2024-05-19T09:25:18.973+0000] {logging_mixin.py:188} INFO - [2024-05-19T09:25:18.972+0000] {dag.py:3954} INFO - Setting next_dagrun for dummyjson_ingestion_users to 2024-05-01 00:00:00+00:00, run_after=2024-05-01 00:00:00+00:00
[2024-05-19T09:25:18.998+0000] {processor.py:183} INFO - Processing /opt/airflow/dags/dummyjson_ingestion_users.py took 0.156 seconds
[2024-05-19T09:25:49.229+0000] {processor.py:161} INFO - Started process (PID=1423) to work on /opt/airflow/dags/dummyjson_ingestion_users.py
[2024-05-19T09:25:49.232+0000] {processor.py:830} INFO - Processing file /opt/airflow/dags/dummyjson_ingestion_users.py for tasks to queue
[2024-05-19T09:25:49.234+0000] {logging_mixin.py:188} INFO - [2024-05-19T09:25:49.233+0000] {dagbag.py:545} INFO - Filling up the DagBag from /opt/airflow/dags/dummyjson_ingestion_users.py
[2024-05-19T09:25:49.274+0000] {processor.py:840} INFO - DAG(s) 'dummyjson_ingestion_users' retrieved from /opt/airflow/dags/dummyjson_ingestion_users.py
[2024-05-19T09:25:49.321+0000] {logging_mixin.py:188} INFO - [2024-05-19T09:25:49.320+0000] {dag.py:3096} INFO - Sync 1 DAGs
[2024-05-19T09:25:49.373+0000] {logging_mixin.py:188} INFO - [2024-05-19T09:25:49.372+0000] {dag.py:3954} INFO - Setting next_dagrun for dummyjson_ingestion_users to 2024-05-01 00:00:00+00:00, run_after=2024-05-01 00:00:00+00:00
[2024-05-19T09:25:49.423+0000] {processor.py:183} INFO - Processing /opt/airflow/dags/dummyjson_ingestion_users.py took 0.208 seconds
[2024-05-19T09:26:20.189+0000] {processor.py:161} INFO - Started process (PID=1491) to work on /opt/airflow/dags/dummyjson_ingestion_users.py
[2024-05-19T09:26:20.191+0000] {processor.py:830} INFO - Processing file /opt/airflow/dags/dummyjson_ingestion_users.py for tasks to queue
[2024-05-19T09:26:20.193+0000] {logging_mixin.py:188} INFO - [2024-05-19T09:26:20.192+0000] {dagbag.py:545} INFO - Filling up the DagBag from /opt/airflow/dags/dummyjson_ingestion_users.py
[2024-05-19T09:26:20.228+0000] {processor.py:840} INFO - DAG(s) 'dummyjson_ingestion_users' retrieved from /opt/airflow/dags/dummyjson_ingestion_users.py
[2024-05-19T09:26:20.266+0000] {logging_mixin.py:188} INFO - [2024-05-19T09:26:20.265+0000] {dag.py:3096} INFO - Sync 1 DAGs
[2024-05-19T09:26:20.298+0000] {logging_mixin.py:188} INFO - [2024-05-19T09:26:20.297+0000] {dag.py:3954} INFO - Setting next_dagrun for dummyjson_ingestion_users to 2024-05-01 00:00:00+00:00, run_after=2024-05-01 00:00:00+00:00
[2024-05-19T09:26:20.330+0000] {processor.py:183} INFO - Processing /opt/airflow/dags/dummyjson_ingestion_users.py took 0.152 seconds
[2024-05-19T09:26:50.603+0000] {processor.py:161} INFO - Started process (PID=1559) to work on /opt/airflow/dags/dummyjson_ingestion_users.py
[2024-05-19T09:26:50.605+0000] {processor.py:830} INFO - Processing file /opt/airflow/dags/dummyjson_ingestion_users.py for tasks to queue
[2024-05-19T09:26:50.607+0000] {logging_mixin.py:188} INFO - [2024-05-19T09:26:50.606+0000] {dagbag.py:545} INFO - Filling up the DagBag from /opt/airflow/dags/dummyjson_ingestion_users.py
[2024-05-19T09:26:50.647+0000] {processor.py:840} INFO - DAG(s) 'dummyjson_ingestion_users' retrieved from /opt/airflow/dags/dummyjson_ingestion_users.py
[2024-05-19T09:26:50.693+0000] {logging_mixin.py:188} INFO - [2024-05-19T09:26:50.693+0000] {dag.py:3096} INFO - Sync 1 DAGs
[2024-05-19T09:26:50.733+0000] {logging_mixin.py:188} INFO - [2024-05-19T09:26:50.733+0000] {dag.py:3954} INFO - Setting next_dagrun for dummyjson_ingestion_users to 2024-05-01 00:00:00+00:00, run_after=2024-05-01 00:00:00+00:00
[2024-05-19T09:26:50.771+0000] {processor.py:183} INFO - Processing /opt/airflow/dags/dummyjson_ingestion_users.py took 0.181 seconds
[2024-05-19T09:27:21.620+0000] {processor.py:161} INFO - Started process (PID=1627) to work on /opt/airflow/dags/dummyjson_ingestion_users.py
[2024-05-19T09:27:21.622+0000] {processor.py:830} INFO - Processing file /opt/airflow/dags/dummyjson_ingestion_users.py for tasks to queue
[2024-05-19T09:27:21.623+0000] {logging_mixin.py:188} INFO - [2024-05-19T09:27:21.622+0000] {dagbag.py:545} INFO - Filling up the DagBag from /opt/airflow/dags/dummyjson_ingestion_users.py
[2024-05-19T09:27:21.656+0000] {processor.py:840} INFO - DAG(s) 'dummyjson_ingestion_users' retrieved from /opt/airflow/dags/dummyjson_ingestion_users.py
[2024-05-19T09:27:21.692+0000] {logging_mixin.py:188} INFO - [2024-05-19T09:27:21.691+0000] {dag.py:3096} INFO - Sync 1 DAGs
[2024-05-19T09:27:21.726+0000] {logging_mixin.py:188} INFO - [2024-05-19T09:27:21.726+0000] {dag.py:3954} INFO - Setting next_dagrun for dummyjson_ingestion_users to 2024-05-01 00:00:00+00:00, run_after=2024-05-01 00:00:00+00:00
[2024-05-19T09:27:21.757+0000] {processor.py:183} INFO - Processing /opt/airflow/dags/dummyjson_ingestion_users.py took 0.148 seconds
[2024-05-19T09:27:52.030+0000] {processor.py:161} INFO - Started process (PID=1695) to work on /opt/airflow/dags/dummyjson_ingestion_users.py
[2024-05-19T09:27:52.032+0000] {processor.py:830} INFO - Processing file /opt/airflow/dags/dummyjson_ingestion_users.py for tasks to queue
[2024-05-19T09:27:52.034+0000] {logging_mixin.py:188} INFO - [2024-05-19T09:27:52.033+0000] {dagbag.py:545} INFO - Filling up the DagBag from /opt/airflow/dags/dummyjson_ingestion_users.py
[2024-05-19T09:27:52.077+0000] {processor.py:840} INFO - DAG(s) 'dummyjson_ingestion_users' retrieved from /opt/airflow/dags/dummyjson_ingestion_users.py
[2024-05-19T09:27:52.126+0000] {logging_mixin.py:188} INFO - [2024-05-19T09:27:52.126+0000] {dag.py:3096} INFO - Sync 1 DAGs
[2024-05-19T09:27:52.168+0000] {logging_mixin.py:188} INFO - [2024-05-19T09:27:52.167+0000] {dag.py:3954} INFO - Setting next_dagrun for dummyjson_ingestion_users to 2024-05-01 00:00:00+00:00, run_after=2024-05-01 00:00:00+00:00
[2024-05-19T09:27:52.199+0000] {processor.py:183} INFO - Processing /opt/airflow/dags/dummyjson_ingestion_users.py took 0.181 seconds
[2024-05-19T09:28:22.334+0000] {processor.py:161} INFO - Started process (PID=1763) to work on /opt/airflow/dags/dummyjson_ingestion_users.py
[2024-05-19T09:28:22.336+0000] {processor.py:830} INFO - Processing file /opt/airflow/dags/dummyjson_ingestion_users.py for tasks to queue
[2024-05-19T09:28:22.338+0000] {logging_mixin.py:188} INFO - [2024-05-19T09:28:22.337+0000] {dagbag.py:545} INFO - Filling up the DagBag from /opt/airflow/dags/dummyjson_ingestion_users.py
[2024-05-19T09:28:22.376+0000] {processor.py:840} INFO - DAG(s) 'dummyjson_ingestion_users' retrieved from /opt/airflow/dags/dummyjson_ingestion_users.py
[2024-05-19T09:28:22.426+0000] {logging_mixin.py:188} INFO - [2024-05-19T09:28:22.426+0000] {dag.py:3096} INFO - Sync 1 DAGs
[2024-05-19T09:28:22.467+0000] {logging_mixin.py:188} INFO - [2024-05-19T09:28:22.466+0000] {dag.py:3954} INFO - Setting next_dagrun for dummyjson_ingestion_users to 2024-05-01 00:00:00+00:00, run_after=2024-05-01 00:00:00+00:00
[2024-05-19T09:28:22.504+0000] {processor.py:183} INFO - Processing /opt/airflow/dags/dummyjson_ingestion_users.py took 0.182 seconds
[2024-05-19T09:28:53.198+0000] {processor.py:161} INFO - Started process (PID=1831) to work on /opt/airflow/dags/dummyjson_ingestion_users.py
[2024-05-19T09:28:53.200+0000] {processor.py:830} INFO - Processing file /opt/airflow/dags/dummyjson_ingestion_users.py for tasks to queue
[2024-05-19T09:28:53.203+0000] {logging_mixin.py:188} INFO - [2024-05-19T09:28:53.202+0000] {dagbag.py:545} INFO - Filling up the DagBag from /opt/airflow/dags/dummyjson_ingestion_users.py
[2024-05-19T09:28:53.239+0000] {processor.py:840} INFO - DAG(s) 'dummyjson_ingestion_users' retrieved from /opt/airflow/dags/dummyjson_ingestion_users.py
[2024-05-19T09:28:53.288+0000] {logging_mixin.py:188} INFO - [2024-05-19T09:28:53.287+0000] {dag.py:3096} INFO - Sync 1 DAGs
[2024-05-19T09:28:53.325+0000] {logging_mixin.py:188} INFO - [2024-05-19T09:28:53.324+0000] {dag.py:3954} INFO - Setting next_dagrun for dummyjson_ingestion_users to 2024-05-01 00:00:00+00:00, run_after=2024-05-01 00:00:00+00:00
[2024-05-19T09:28:53.354+0000] {processor.py:183} INFO - Processing /opt/airflow/dags/dummyjson_ingestion_users.py took 0.170 seconds
[2024-05-19T09:29:23.509+0000] {processor.py:161} INFO - Started process (PID=1899) to work on /opt/airflow/dags/dummyjson_ingestion_users.py
[2024-05-19T09:29:23.511+0000] {processor.py:830} INFO - Processing file /opt/airflow/dags/dummyjson_ingestion_users.py for tasks to queue
[2024-05-19T09:29:23.512+0000] {logging_mixin.py:188} INFO - [2024-05-19T09:29:23.512+0000] {dagbag.py:545} INFO - Filling up the DagBag from /opt/airflow/dags/dummyjson_ingestion_users.py
[2024-05-19T09:29:23.544+0000] {processor.py:840} INFO - DAG(s) 'dummyjson_ingestion_users' retrieved from /opt/airflow/dags/dummyjson_ingestion_users.py
[2024-05-19T09:29:23.584+0000] {logging_mixin.py:188} INFO - [2024-05-19T09:29:23.584+0000] {dag.py:3096} INFO - Sync 1 DAGs
[2024-05-19T09:29:23.616+0000] {logging_mixin.py:188} INFO - [2024-05-19T09:29:23.616+0000] {dag.py:3954} INFO - Setting next_dagrun for dummyjson_ingestion_users to 2024-05-01 00:00:00+00:00, run_after=2024-05-01 00:00:00+00:00
[2024-05-19T09:29:23.653+0000] {processor.py:183} INFO - Processing /opt/airflow/dags/dummyjson_ingestion_users.py took 0.154 seconds
[2024-05-19T09:29:53.971+0000] {processor.py:161} INFO - Started process (PID=1968) to work on /opt/airflow/dags/dummyjson_ingestion_users.py
[2024-05-19T09:29:53.973+0000] {processor.py:830} INFO - Processing file /opt/airflow/dags/dummyjson_ingestion_users.py for tasks to queue
[2024-05-19T09:29:53.976+0000] {logging_mixin.py:188} INFO - [2024-05-19T09:29:53.975+0000] {dagbag.py:545} INFO - Filling up the DagBag from /opt/airflow/dags/dummyjson_ingestion_users.py
[2024-05-19T09:29:54.012+0000] {processor.py:840} INFO - DAG(s) 'dummyjson_ingestion_users' retrieved from /opt/airflow/dags/dummyjson_ingestion_users.py
[2024-05-19T09:29:54.049+0000] {logging_mixin.py:188} INFO - [2024-05-19T09:29:54.049+0000] {dag.py:3096} INFO - Sync 1 DAGs
[2024-05-19T09:29:54.085+0000] {logging_mixin.py:188} INFO - [2024-05-19T09:29:54.085+0000] {dag.py:3954} INFO - Setting next_dagrun for dummyjson_ingestion_users to 2024-05-01 00:00:00+00:00, run_after=2024-05-01 00:00:00+00:00
[2024-05-19T09:29:54.119+0000] {processor.py:183} INFO - Processing /opt/airflow/dags/dummyjson_ingestion_users.py took 0.160 seconds
[2024-05-19T09:30:24.264+0000] {processor.py:161} INFO - Started process (PID=2036) to work on /opt/airflow/dags/dummyjson_ingestion_users.py
[2024-05-19T09:30:24.266+0000] {processor.py:830} INFO - Processing file /opt/airflow/dags/dummyjson_ingestion_users.py for tasks to queue
[2024-05-19T09:30:24.268+0000] {logging_mixin.py:188} INFO - [2024-05-19T09:30:24.267+0000] {dagbag.py:545} INFO - Filling up the DagBag from /opt/airflow/dags/dummyjson_ingestion_users.py
[2024-05-19T09:30:24.298+0000] {processor.py:840} INFO - DAG(s) 'dummyjson_ingestion_users' retrieved from /opt/airflow/dags/dummyjson_ingestion_users.py
[2024-05-19T09:30:24.340+0000] {logging_mixin.py:188} INFO - [2024-05-19T09:30:24.340+0000] {dag.py:3096} INFO - Sync 1 DAGs
[2024-05-19T09:30:24.376+0000] {logging_mixin.py:188} INFO - [2024-05-19T09:30:24.375+0000] {dag.py:3954} INFO - Setting next_dagrun for dummyjson_ingestion_users to 2024-05-01 00:00:00+00:00, run_after=2024-05-01 00:00:00+00:00
[2024-05-19T09:30:24.410+0000] {processor.py:183} INFO - Processing /opt/airflow/dags/dummyjson_ingestion_users.py took 0.157 seconds
[2024-05-19T09:30:54.612+0000] {processor.py:161} INFO - Started process (PID=2104) to work on /opt/airflow/dags/dummyjson_ingestion_users.py
[2024-05-19T09:30:54.614+0000] {processor.py:830} INFO - Processing file /opt/airflow/dags/dummyjson_ingestion_users.py for tasks to queue
[2024-05-19T09:30:54.615+0000] {logging_mixin.py:188} INFO - [2024-05-19T09:30:54.615+0000] {dagbag.py:545} INFO - Filling up the DagBag from /opt/airflow/dags/dummyjson_ingestion_users.py
[2024-05-19T09:30:54.656+0000] {processor.py:840} INFO - DAG(s) 'dummyjson_ingestion_users' retrieved from /opt/airflow/dags/dummyjson_ingestion_users.py
[2024-05-19T09:30:54.690+0000] {logging_mixin.py:188} INFO - [2024-05-19T09:30:54.689+0000] {dag.py:3096} INFO - Sync 1 DAGs
[2024-05-19T09:30:54.723+0000] {logging_mixin.py:188} INFO - [2024-05-19T09:30:54.722+0000] {dag.py:3954} INFO - Setting next_dagrun for dummyjson_ingestion_users to 2024-05-01 00:00:00+00:00, run_after=2024-05-01 00:00:00+00:00
[2024-05-19T09:30:54.761+0000] {processor.py:183} INFO - Processing /opt/airflow/dags/dummyjson_ingestion_users.py took 0.157 seconds
[2024-05-19T09:31:25.175+0000] {processor.py:161} INFO - Started process (PID=2171) to work on /opt/airflow/dags/dummyjson_ingestion_users.py
[2024-05-19T09:31:25.177+0000] {processor.py:830} INFO - Processing file /opt/airflow/dags/dummyjson_ingestion_users.py for tasks to queue
[2024-05-19T09:31:25.179+0000] {logging_mixin.py:188} INFO - [2024-05-19T09:31:25.178+0000] {dagbag.py:545} INFO - Filling up the DagBag from /opt/airflow/dags/dummyjson_ingestion_users.py
[2024-05-19T09:31:25.216+0000] {processor.py:840} INFO - DAG(s) 'dummyjson_ingestion_users' retrieved from /opt/airflow/dags/dummyjson_ingestion_users.py
[2024-05-19T09:31:25.253+0000] {logging_mixin.py:188} INFO - [2024-05-19T09:31:25.253+0000] {dag.py:3096} INFO - Sync 1 DAGs
[2024-05-19T09:31:25.294+0000] {logging_mixin.py:188} INFO - [2024-05-19T09:31:25.294+0000] {dag.py:3954} INFO - Setting next_dagrun for dummyjson_ingestion_users to 2024-05-01 00:00:00+00:00, run_after=2024-05-01 00:00:00+00:00
[2024-05-19T09:31:25.329+0000] {processor.py:183} INFO - Processing /opt/airflow/dags/dummyjson_ingestion_users.py took 0.163 seconds
[2024-05-19T09:31:55.580+0000] {processor.py:161} INFO - Started process (PID=2239) to work on /opt/airflow/dags/dummyjson_ingestion_users.py
[2024-05-19T09:31:55.582+0000] {processor.py:830} INFO - Processing file /opt/airflow/dags/dummyjson_ingestion_users.py for tasks to queue
[2024-05-19T09:31:55.586+0000] {logging_mixin.py:188} INFO - [2024-05-19T09:31:55.585+0000] {dagbag.py:545} INFO - Filling up the DagBag from /opt/airflow/dags/dummyjson_ingestion_users.py
[2024-05-19T09:31:55.623+0000] {processor.py:840} INFO - DAG(s) 'dummyjson_ingestion_users' retrieved from /opt/airflow/dags/dummyjson_ingestion_users.py
[2024-05-19T09:31:55.672+0000] {logging_mixin.py:188} INFO - [2024-05-19T09:31:55.672+0000] {dag.py:3096} INFO - Sync 1 DAGs
[2024-05-19T09:31:55.717+0000] {logging_mixin.py:188} INFO - [2024-05-19T09:31:55.717+0000] {dag.py:3954} INFO - Setting next_dagrun for dummyjson_ingestion_users to 2024-05-01 00:00:00+00:00, run_after=2024-05-01 00:00:00+00:00
[2024-05-19T09:31:55.760+0000] {processor.py:183} INFO - Processing /opt/airflow/dags/dummyjson_ingestion_users.py took 0.194 seconds
[2024-05-19T09:32:26.467+0000] {processor.py:161} INFO - Started process (PID=2307) to work on /opt/airflow/dags/dummyjson_ingestion_users.py
[2024-05-19T09:32:26.472+0000] {processor.py:830} INFO - Processing file /opt/airflow/dags/dummyjson_ingestion_users.py for tasks to queue
[2024-05-19T09:32:26.475+0000] {logging_mixin.py:188} INFO - [2024-05-19T09:32:26.474+0000] {dagbag.py:545} INFO - Filling up the DagBag from /opt/airflow/dags/dummyjson_ingestion_users.py
[2024-05-19T09:32:26.517+0000] {processor.py:840} INFO - DAG(s) 'dummyjson_ingestion_users' retrieved from /opt/airflow/dags/dummyjson_ingestion_users.py
[2024-05-19T09:32:26.556+0000] {logging_mixin.py:188} INFO - [2024-05-19T09:32:26.556+0000] {dag.py:3096} INFO - Sync 1 DAGs
[2024-05-19T09:32:26.592+0000] {logging_mixin.py:188} INFO - [2024-05-19T09:32:26.592+0000] {dag.py:3954} INFO - Setting next_dagrun for dummyjson_ingestion_users to 2024-05-01 00:00:00+00:00, run_after=2024-05-01 00:00:00+00:00
[2024-05-19T09:32:26.623+0000] {processor.py:183} INFO - Processing /opt/airflow/dags/dummyjson_ingestion_users.py took 0.168 seconds
[2024-05-19T09:32:56.717+0000] {processor.py:161} INFO - Started process (PID=2375) to work on /opt/airflow/dags/dummyjson_ingestion_users.py
[2024-05-19T09:32:56.719+0000] {processor.py:830} INFO - Processing file /opt/airflow/dags/dummyjson_ingestion_users.py for tasks to queue
[2024-05-19T09:32:56.720+0000] {logging_mixin.py:188} INFO - [2024-05-19T09:32:56.720+0000] {dagbag.py:545} INFO - Filling up the DagBag from /opt/airflow/dags/dummyjson_ingestion_users.py
[2024-05-19T09:32:56.758+0000] {processor.py:840} INFO - DAG(s) 'dummyjson_ingestion_users' retrieved from /opt/airflow/dags/dummyjson_ingestion_users.py
[2024-05-19T09:32:56.819+0000] {logging_mixin.py:188} INFO - [2024-05-19T09:32:56.818+0000] {dag.py:3096} INFO - Sync 1 DAGs
[2024-05-19T09:32:56.863+0000] {logging_mixin.py:188} INFO - [2024-05-19T09:32:56.862+0000] {dag.py:3954} INFO - Setting next_dagrun for dummyjson_ingestion_users to 2024-05-01 00:00:00+00:00, run_after=2024-05-01 00:00:00+00:00
[2024-05-19T09:32:56.901+0000] {processor.py:183} INFO - Processing /opt/airflow/dags/dummyjson_ingestion_users.py took 0.193 seconds
[2024-05-19T09:33:27.236+0000] {processor.py:161} INFO - Started process (PID=2443) to work on /opt/airflow/dags/dummyjson_ingestion_users.py
[2024-05-19T09:33:27.239+0000] {processor.py:830} INFO - Processing file /opt/airflow/dags/dummyjson_ingestion_users.py for tasks to queue
[2024-05-19T09:33:27.241+0000] {logging_mixin.py:188} INFO - [2024-05-19T09:33:27.240+0000] {dagbag.py:545} INFO - Filling up the DagBag from /opt/airflow/dags/dummyjson_ingestion_users.py
[2024-05-19T09:33:27.285+0000] {processor.py:840} INFO - DAG(s) 'dummyjson_ingestion_users' retrieved from /opt/airflow/dags/dummyjson_ingestion_users.py
[2024-05-19T09:33:27.327+0000] {logging_mixin.py:188} INFO - [2024-05-19T09:33:27.326+0000] {dag.py:3096} INFO - Sync 1 DAGs
[2024-05-19T09:33:27.360+0000] {logging_mixin.py:188} INFO - [2024-05-19T09:33:27.359+0000] {dag.py:3954} INFO - Setting next_dagrun for dummyjson_ingestion_users to 2024-05-01 00:00:00+00:00, run_after=2024-05-01 00:00:00+00:00
[2024-05-19T09:33:27.391+0000] {processor.py:183} INFO - Processing /opt/airflow/dags/dummyjson_ingestion_users.py took 0.165 seconds
[2024-05-19T09:33:57.989+0000] {processor.py:161} INFO - Started process (PID=2511) to work on /opt/airflow/dags/dummyjson_ingestion_users.py
[2024-05-19T09:33:57.991+0000] {processor.py:830} INFO - Processing file /opt/airflow/dags/dummyjson_ingestion_users.py for tasks to queue
[2024-05-19T09:33:57.996+0000] {logging_mixin.py:188} INFO - [2024-05-19T09:33:57.995+0000] {dagbag.py:545} INFO - Filling up the DagBag from /opt/airflow/dags/dummyjson_ingestion_users.py
[2024-05-19T09:33:58.033+0000] {processor.py:840} INFO - DAG(s) 'dummyjson_ingestion_users' retrieved from /opt/airflow/dags/dummyjson_ingestion_users.py
[2024-05-19T09:33:58.075+0000] {logging_mixin.py:188} INFO - [2024-05-19T09:33:58.074+0000] {dag.py:3096} INFO - Sync 1 DAGs
[2024-05-19T09:33:58.112+0000] {logging_mixin.py:188} INFO - [2024-05-19T09:33:58.112+0000] {dag.py:3954} INFO - Setting next_dagrun for dummyjson_ingestion_users to 2024-05-01 00:00:00+00:00, run_after=2024-05-01 00:00:00+00:00
[2024-05-19T09:33:58.139+0000] {processor.py:183} INFO - Processing /opt/airflow/dags/dummyjson_ingestion_users.py took 0.165 seconds
[2024-05-19T09:34:28.469+0000] {processor.py:161} INFO - Started process (PID=2579) to work on /opt/airflow/dags/dummyjson_ingestion_users.py
[2024-05-19T09:34:28.470+0000] {processor.py:830} INFO - Processing file /opt/airflow/dags/dummyjson_ingestion_users.py for tasks to queue
[2024-05-19T09:34:28.473+0000] {logging_mixin.py:188} INFO - [2024-05-19T09:34:28.472+0000] {dagbag.py:545} INFO - Filling up the DagBag from /opt/airflow/dags/dummyjson_ingestion_users.py
[2024-05-19T09:34:28.515+0000] {processor.py:840} INFO - DAG(s) 'dummyjson_ingestion_users' retrieved from /opt/airflow/dags/dummyjson_ingestion_users.py
[2024-05-19T09:34:28.554+0000] {logging_mixin.py:188} INFO - [2024-05-19T09:34:28.553+0000] {dag.py:3096} INFO - Sync 1 DAGs
[2024-05-19T09:34:28.587+0000] {logging_mixin.py:188} INFO - [2024-05-19T09:34:28.586+0000] {dag.py:3954} INFO - Setting next_dagrun for dummyjson_ingestion_users to 2024-05-01 00:00:00+00:00, run_after=2024-05-01 00:00:00+00:00
[2024-05-19T09:34:28.614+0000] {processor.py:183} INFO - Processing /opt/airflow/dags/dummyjson_ingestion_users.py took 0.161 seconds
[2024-05-19T09:34:58.749+0000] {processor.py:161} INFO - Started process (PID=2647) to work on /opt/airflow/dags/dummyjson_ingestion_users.py
[2024-05-19T09:34:58.750+0000] {processor.py:830} INFO - Processing file /opt/airflow/dags/dummyjson_ingestion_users.py for tasks to queue
[2024-05-19T09:34:58.753+0000] {logging_mixin.py:188} INFO - [2024-05-19T09:34:58.752+0000] {dagbag.py:545} INFO - Filling up the DagBag from /opt/airflow/dags/dummyjson_ingestion_users.py
[2024-05-19T09:34:58.797+0000] {processor.py:840} INFO - DAG(s) 'dummyjson_ingestion_users' retrieved from /opt/airflow/dags/dummyjson_ingestion_users.py
[2024-05-19T09:34:58.849+0000] {logging_mixin.py:188} INFO - [2024-05-19T09:34:58.848+0000] {dag.py:3096} INFO - Sync 1 DAGs
[2024-05-19T09:34:58.889+0000] {logging_mixin.py:188} INFO - [2024-05-19T09:34:58.889+0000] {dag.py:3954} INFO - Setting next_dagrun for dummyjson_ingestion_users to 2024-05-01 00:00:00+00:00, run_after=2024-05-01 00:00:00+00:00
[2024-05-19T09:34:58.921+0000] {processor.py:183} INFO - Processing /opt/airflow/dags/dummyjson_ingestion_users.py took 0.190 seconds
[2024-05-19T09:35:29.076+0000] {processor.py:161} INFO - Started process (PID=2715) to work on /opt/airflow/dags/dummyjson_ingestion_users.py
[2024-05-19T09:35:29.078+0000] {processor.py:830} INFO - Processing file /opt/airflow/dags/dummyjson_ingestion_users.py for tasks to queue
[2024-05-19T09:35:29.079+0000] {logging_mixin.py:188} INFO - [2024-05-19T09:35:29.079+0000] {dagbag.py:545} INFO - Filling up the DagBag from /opt/airflow/dags/dummyjson_ingestion_users.py
[2024-05-19T09:35:29.118+0000] {processor.py:840} INFO - DAG(s) 'dummyjson_ingestion_users' retrieved from /opt/airflow/dags/dummyjson_ingestion_users.py
[2024-05-19T09:35:29.152+0000] {logging_mixin.py:188} INFO - [2024-05-19T09:35:29.152+0000] {dag.py:3096} INFO - Sync 1 DAGs
[2024-05-19T09:35:29.185+0000] {logging_mixin.py:188} INFO - [2024-05-19T09:35:29.185+0000] {dag.py:3954} INFO - Setting next_dagrun for dummyjson_ingestion_users to 2024-05-01 00:00:00+00:00, run_after=2024-05-01 00:00:00+00:00
[2024-05-19T09:35:29.217+0000] {processor.py:183} INFO - Processing /opt/airflow/dags/dummyjson_ingestion_users.py took 0.151 seconds
[2024-05-19T09:35:59.931+0000] {processor.py:161} INFO - Started process (PID=2783) to work on /opt/airflow/dags/dummyjson_ingestion_users.py
[2024-05-19T09:35:59.934+0000] {processor.py:830} INFO - Processing file /opt/airflow/dags/dummyjson_ingestion_users.py for tasks to queue
[2024-05-19T09:35:59.941+0000] {logging_mixin.py:188} INFO - [2024-05-19T09:35:59.940+0000] {dagbag.py:545} INFO - Filling up the DagBag from /opt/airflow/dags/dummyjson_ingestion_users.py
[2024-05-19T09:35:59.996+0000] {processor.py:840} INFO - DAG(s) 'dummyjson_ingestion_users' retrieved from /opt/airflow/dags/dummyjson_ingestion_users.py
[2024-05-19T09:36:00.070+0000] {logging_mixin.py:188} INFO - [2024-05-19T09:36:00.069+0000] {dag.py:3096} INFO - Sync 1 DAGs
[2024-05-19T09:36:00.175+0000] {logging_mixin.py:188} INFO - [2024-05-19T09:36:00.174+0000] {dag.py:3954} INFO - Setting next_dagrun for dummyjson_ingestion_users to 2024-05-01 00:00:00+00:00, run_after=2024-05-01 00:00:00+00:00
[2024-05-19T09:36:00.214+0000] {processor.py:183} INFO - Processing /opt/airflow/dags/dummyjson_ingestion_users.py took 0.299 seconds
[2024-05-19T09:36:30.459+0000] {processor.py:161} INFO - Started process (PID=2851) to work on /opt/airflow/dags/dummyjson_ingestion_users.py
[2024-05-19T09:36:30.461+0000] {processor.py:830} INFO - Processing file /opt/airflow/dags/dummyjson_ingestion_users.py for tasks to queue
[2024-05-19T09:36:30.463+0000] {logging_mixin.py:188} INFO - [2024-05-19T09:36:30.462+0000] {dagbag.py:545} INFO - Filling up the DagBag from /opt/airflow/dags/dummyjson_ingestion_users.py
[2024-05-19T09:36:30.506+0000] {processor.py:840} INFO - DAG(s) 'dummyjson_ingestion_users' retrieved from /opt/airflow/dags/dummyjson_ingestion_users.py
[2024-05-19T09:36:30.550+0000] {logging_mixin.py:188} INFO - [2024-05-19T09:36:30.550+0000] {dag.py:3096} INFO - Sync 1 DAGs
[2024-05-19T09:36:30.586+0000] {logging_mixin.py:188} INFO - [2024-05-19T09:36:30.585+0000] {dag.py:3954} INFO - Setting next_dagrun for dummyjson_ingestion_users to 2024-05-01 00:00:00+00:00, run_after=2024-05-01 00:00:00+00:00
[2024-05-19T09:36:30.617+0000] {processor.py:183} INFO - Processing /opt/airflow/dags/dummyjson_ingestion_users.py took 0.173 seconds
[2024-05-19T09:37:00.764+0000] {processor.py:161} INFO - Started process (PID=2919) to work on /opt/airflow/dags/dummyjson_ingestion_users.py
[2024-05-19T09:37:00.766+0000] {processor.py:830} INFO - Processing file /opt/airflow/dags/dummyjson_ingestion_users.py for tasks to queue
[2024-05-19T09:37:00.767+0000] {logging_mixin.py:188} INFO - [2024-05-19T09:37:00.767+0000] {dagbag.py:545} INFO - Filling up the DagBag from /opt/airflow/dags/dummyjson_ingestion_users.py
[2024-05-19T09:37:00.812+0000] {processor.py:840} INFO - DAG(s) 'dummyjson_ingestion_users' retrieved from /opt/airflow/dags/dummyjson_ingestion_users.py
[2024-05-19T09:37:00.849+0000] {logging_mixin.py:188} INFO - [2024-05-19T09:37:00.848+0000] {dag.py:3096} INFO - Sync 1 DAGs
[2024-05-19T09:37:00.881+0000] {logging_mixin.py:188} INFO - [2024-05-19T09:37:00.881+0000] {dag.py:3954} INFO - Setting next_dagrun for dummyjson_ingestion_users to 2024-05-01 00:00:00+00:00, run_after=2024-05-01 00:00:00+00:00
[2024-05-19T09:37:00.912+0000] {processor.py:183} INFO - Processing /opt/airflow/dags/dummyjson_ingestion_users.py took 0.157 seconds
[2024-05-19T09:37:31.602+0000] {processor.py:161} INFO - Started process (PID=2987) to work on /opt/airflow/dags/dummyjson_ingestion_users.py
[2024-05-19T09:37:31.604+0000] {processor.py:830} INFO - Processing file /opt/airflow/dags/dummyjson_ingestion_users.py for tasks to queue
[2024-05-19T09:37:31.606+0000] {logging_mixin.py:188} INFO - [2024-05-19T09:37:31.605+0000] {dagbag.py:545} INFO - Filling up the DagBag from /opt/airflow/dags/dummyjson_ingestion_users.py
[2024-05-19T09:37:31.639+0000] {processor.py:840} INFO - DAG(s) 'dummyjson_ingestion_users' retrieved from /opt/airflow/dags/dummyjson_ingestion_users.py
[2024-05-19T09:37:31.675+0000] {logging_mixin.py:188} INFO - [2024-05-19T09:37:31.674+0000] {dag.py:3096} INFO - Sync 1 DAGs
[2024-05-19T09:37:31.706+0000] {logging_mixin.py:188} INFO - [2024-05-19T09:37:31.706+0000] {dag.py:3954} INFO - Setting next_dagrun for dummyjson_ingestion_users to 2024-05-01 00:00:00+00:00, run_after=2024-05-01 00:00:00+00:00
[2024-05-19T09:37:31.738+0000] {processor.py:183} INFO - Processing /opt/airflow/dags/dummyjson_ingestion_users.py took 0.148 seconds
[2024-05-19T09:38:02.002+0000] {processor.py:161} INFO - Started process (PID=3055) to work on /opt/airflow/dags/dummyjson_ingestion_users.py
[2024-05-19T09:38:02.005+0000] {processor.py:830} INFO - Processing file /opt/airflow/dags/dummyjson_ingestion_users.py for tasks to queue
[2024-05-19T09:38:02.008+0000] {logging_mixin.py:188} INFO - [2024-05-19T09:38:02.007+0000] {dagbag.py:545} INFO - Filling up the DagBag from /opt/airflow/dags/dummyjson_ingestion_users.py
[2024-05-19T09:38:02.043+0000] {processor.py:840} INFO - DAG(s) 'dummyjson_ingestion_users' retrieved from /opt/airflow/dags/dummyjson_ingestion_users.py
[2024-05-19T09:38:02.083+0000] {logging_mixin.py:188} INFO - [2024-05-19T09:38:02.083+0000] {dag.py:3096} INFO - Sync 1 DAGs
[2024-05-19T09:38:02.114+0000] {logging_mixin.py:188} INFO - [2024-05-19T09:38:02.114+0000] {dag.py:3954} INFO - Setting next_dagrun for dummyjson_ingestion_users to 2024-05-01 00:00:00+00:00, run_after=2024-05-01 00:00:00+00:00
[2024-05-19T09:38:02.140+0000] {processor.py:183} INFO - Processing /opt/airflow/dags/dummyjson_ingestion_users.py took 0.154 seconds
[2024-05-19T09:38:32.304+0000] {processor.py:161} INFO - Started process (PID=3123) to work on /opt/airflow/dags/dummyjson_ingestion_users.py
[2024-05-19T09:38:32.306+0000] {processor.py:830} INFO - Processing file /opt/airflow/dags/dummyjson_ingestion_users.py for tasks to queue
[2024-05-19T09:38:32.309+0000] {logging_mixin.py:188} INFO - [2024-05-19T09:38:32.308+0000] {dagbag.py:545} INFO - Filling up the DagBag from /opt/airflow/dags/dummyjson_ingestion_users.py
[2024-05-19T09:38:32.339+0000] {processor.py:840} INFO - DAG(s) 'dummyjson_ingestion_users' retrieved from /opt/airflow/dags/dummyjson_ingestion_users.py
[2024-05-19T09:38:32.377+0000] {logging_mixin.py:188} INFO - [2024-05-19T09:38:32.377+0000] {dag.py:3096} INFO - Sync 1 DAGs
[2024-05-19T09:38:32.410+0000] {logging_mixin.py:188} INFO - [2024-05-19T09:38:32.409+0000] {dag.py:3954} INFO - Setting next_dagrun for dummyjson_ingestion_users to 2024-05-01 00:00:00+00:00, run_after=2024-05-01 00:00:00+00:00
[2024-05-19T09:38:32.445+0000] {processor.py:183} INFO - Processing /opt/airflow/dags/dummyjson_ingestion_users.py took 0.151 seconds
[2024-05-19T09:39:02.770+0000] {processor.py:161} INFO - Started process (PID=3191) to work on /opt/airflow/dags/dummyjson_ingestion_users.py
[2024-05-19T09:39:02.771+0000] {processor.py:830} INFO - Processing file /opt/airflow/dags/dummyjson_ingestion_users.py for tasks to queue
[2024-05-19T09:39:02.773+0000] {logging_mixin.py:188} INFO - [2024-05-19T09:39:02.772+0000] {dagbag.py:545} INFO - Filling up the DagBag from /opt/airflow/dags/dummyjson_ingestion_users.py
[2024-05-19T09:39:02.804+0000] {processor.py:840} INFO - DAG(s) 'dummyjson_ingestion_users' retrieved from /opt/airflow/dags/dummyjson_ingestion_users.py
[2024-05-19T09:39:02.837+0000] {logging_mixin.py:188} INFO - [2024-05-19T09:39:02.837+0000] {dag.py:3096} INFO - Sync 1 DAGs
[2024-05-19T09:39:02.870+0000] {logging_mixin.py:188} INFO - [2024-05-19T09:39:02.870+0000] {dag.py:3954} INFO - Setting next_dagrun for dummyjson_ingestion_users to 2024-05-01 00:00:00+00:00, run_after=2024-05-01 00:00:00+00:00
[2024-05-19T09:39:02.903+0000] {processor.py:183} INFO - Processing /opt/airflow/dags/dummyjson_ingestion_users.py took 0.144 seconds
[2024-05-19T09:39:33.467+0000] {processor.py:161} INFO - Started process (PID=3259) to work on /opt/airflow/dags/dummyjson_ingestion_users.py
[2024-05-19T09:39:33.470+0000] {processor.py:830} INFO - Processing file /opt/airflow/dags/dummyjson_ingestion_users.py for tasks to queue
[2024-05-19T09:39:33.472+0000] {logging_mixin.py:188} INFO - [2024-05-19T09:39:33.472+0000] {dagbag.py:545} INFO - Filling up the DagBag from /opt/airflow/dags/dummyjson_ingestion_users.py
[2024-05-19T09:39:33.511+0000] {processor.py:840} INFO - DAG(s) 'dummyjson_ingestion_users' retrieved from /opt/airflow/dags/dummyjson_ingestion_users.py
[2024-05-19T09:39:33.546+0000] {logging_mixin.py:188} INFO - [2024-05-19T09:39:33.546+0000] {dag.py:3096} INFO - Sync 1 DAGs
[2024-05-19T09:39:33.580+0000] {logging_mixin.py:188} INFO - [2024-05-19T09:39:33.579+0000] {dag.py:3954} INFO - Setting next_dagrun for dummyjson_ingestion_users to 2024-05-01 00:00:00+00:00, run_after=2024-05-01 00:00:00+00:00
[2024-05-19T09:39:33.607+0000] {processor.py:183} INFO - Processing /opt/airflow/dags/dummyjson_ingestion_users.py took 0.153 seconds
