[2024-05-13T10:00:05.586+0000] {local_task_job_runner.py:120} INFO - ::group::Pre task execution logs
[2024-05-13T10:00:05.760+0000] {taskinstance.py:2076} INFO - Dependencies all met for dep_context=non-requeueable deps ti=<TaskInstance: demo.airflow scheduled__2022-02-24T00:00:00+00:00 [queued]>
[2024-05-13T10:00:05.812+0000] {taskinstance.py:2076} INFO - Dependencies all met for dep_context=requeueable deps ti=<TaskInstance: demo.airflow scheduled__2022-02-24T00:00:00+00:00 [queued]>
[2024-05-13T10:00:05.818+0000] {taskinstance.py:2306} INFO - Starting attempt 1 of 1
[2024-05-13T10:00:05.869+0000] {taskinstance.py:2330} INFO - Executing <Task(_PythonDecoratedOperator): airflow> on 2022-02-24 00:00:00+00:00
[2024-05-13T10:00:05.884+0000] {warnings.py:110} WARNING - /home/***/.local/lib/python3.12/site-packages/***/task/task_runner/standard_task_runner.py:61: DeprecationWarning: This process (pid=1000) is multi-threaded, use of fork() may lead to deadlocks in the child.
  pid = os.fork()

[2024-05-13T10:00:05.903+0000] {standard_task_runner.py:63} INFO - Started process 1043 to run task
[2024-05-13T10:00:05.917+0000] {standard_task_runner.py:90} INFO - Running: ['***', 'tasks', 'run', 'demo', '***', 'scheduled__2022-02-24T00:00:00+00:00', '--job-id', '120', '--raw', '--subdir', 'DAGS_FOLDER/demo.py', '--cfg-path', '/tmp/tmpbb8zsvy4']
[2024-05-13T10:00:05.925+0000] {standard_task_runner.py:91} INFO - Job 120: Subtask ***
[2024-05-13T10:00:06.145+0000] {task_command.py:426} INFO - Running <TaskInstance: demo.airflow scheduled__2022-02-24T00:00:00+00:00 [running]> on host c2025ffc2c56
[2024-05-13T10:00:06.677+0000] {taskinstance.py:2648} INFO - Exporting env vars: AIRFLOW_CTX_DAG_OWNER='***' AIRFLOW_CTX_DAG_ID='demo' AIRFLOW_CTX_TASK_ID='***' AIRFLOW_CTX_EXECUTION_DATE='2022-02-24T00:00:00+00:00' AIRFLOW_CTX_TRY_NUMBER='1' AIRFLOW_CTX_DAG_RUN_ID='scheduled__2022-02-24T00:00:00+00:00'
[2024-05-13T10:00:06.684+0000] {taskinstance.py:430} INFO - ::endgroup::
[2024-05-13T10:00:06.689+0000] {logging_mixin.py:188} INFO - ***
[2024-05-13T10:00:06.690+0000] {python.py:237} INFO - Done. Returned value was: None
[2024-05-13T10:00:06.691+0000] {taskinstance.py:441} INFO - ::group::Post task execution logs
[2024-05-13T10:00:06.746+0000] {taskinstance.py:1206} INFO - Marking task as SUCCESS. dag_id=demo, task_id=***, run_id=scheduled__2022-02-24T00:00:00+00:00, execution_date=20220224T000000, start_date=20240513T100005, end_date=20240513T100006
[2024-05-13T10:00:06.872+0000] {local_task_job_runner.py:240} INFO - Task exited with return code 0
[2024-05-13T10:00:06.936+0000] {taskinstance.py:3498} INFO - 0 downstream tasks scheduled from follow-on schedule check
[2024-05-13T10:00:06.964+0000] {local_task_job_runner.py:222} INFO - ::endgroup::
