[2024-05-14T13:21:43.661+0000] {local_task_job_runner.py:120} INFO - ::group::Pre task execution logs
[2024-05-14T13:21:43.702+0000] {taskinstance.py:2076} INFO - Dependencies all met for dep_context=non-requeueable deps ti=<TaskInstance: json_to_csv_database_a.teachers_transform manual__2024-05-14T13:21:36.391286+00:00 [queued]>
[2024-05-14T13:21:43.716+0000] {taskinstance.py:2076} INFO - Dependencies all met for dep_context=requeueable deps ti=<TaskInstance: json_to_csv_database_a.teachers_transform manual__2024-05-14T13:21:36.391286+00:00 [queued]>
[2024-05-14T13:21:43.718+0000] {taskinstance.py:2306} INFO - Starting attempt 1 of 1
[2024-05-14T13:21:43.743+0000] {taskinstance.py:2330} INFO - Executing <Task(_PythonDecoratedOperator): teachers_transform> on 2024-05-14 13:21:36.391286+00:00
[2024-05-14T13:21:43.753+0000] {warnings.py:110} WARNING - /home/***/.local/lib/python3.12/site-packages/***/task/task_runner/standard_task_runner.py:61: DeprecationWarning: This process (pid=342) is multi-threaded, use of fork() may lead to deadlocks in the child.
  pid = os.fork()

[2024-05-14T13:21:43.757+0000] {standard_task_runner.py:63} INFO - Started process 349 to run task
[2024-05-14T13:21:43.758+0000] {standard_task_runner.py:90} INFO - Running: ['***', 'tasks', 'run', 'json_to_csv_database_a', 'teachers_transform', 'manual__2024-05-14T13:21:36.391286+00:00', '--job-id', '686', '--raw', '--subdir', 'DAGS_FOLDER/json_to_csv_database_a.py', '--cfg-path', '/tmp/tmpgliy_9xe']
[2024-05-14T13:21:43.763+0000] {standard_task_runner.py:91} INFO - Job 686: Subtask teachers_transform
[2024-05-14T13:21:43.852+0000] {task_command.py:426} INFO - Running <TaskInstance: json_to_csv_database_a.teachers_transform manual__2024-05-14T13:21:36.391286+00:00 [running]> on host c2025ffc2c56
[2024-05-14T13:21:44.026+0000] {taskinstance.py:2648} INFO - Exporting env vars: AIRFLOW_CTX_DAG_OWNER='***' AIRFLOW_CTX_DAG_ID='json_to_csv_database_a' AIRFLOW_CTX_TASK_ID='teachers_transform' AIRFLOW_CTX_EXECUTION_DATE='2024-05-14T13:21:36.391286+00:00' AIRFLOW_CTX_TRY_NUMBER='1' AIRFLOW_CTX_DAG_RUN_ID='manual__2024-05-14T13:21:36.391286+00:00'
[2024-05-14T13:21:44.029+0000] {taskinstance.py:430} INFO - ::endgroup::
[2024-05-14T13:21:44.031+0000] {python.py:237} INFO - Done. Returned value was: 1,Fariz Luthfan,2020-01-01
2,Farhurrahman Khasan,2029-01-01

[2024-05-14T13:21:44.032+0000] {taskinstance.py:441} INFO - ::group::Post task execution logs
[2024-05-14T13:21:44.071+0000] {taskinstance.py:1206} INFO - Marking task as SUCCESS. dag_id=json_to_csv_database_a, task_id=teachers_transform, run_id=manual__2024-05-14T13:21:36.391286+00:00, execution_date=20240514T132136, start_date=20240514T132143, end_date=20240514T132144
[2024-05-14T13:21:44.133+0000] {local_task_job_runner.py:240} INFO - Task exited with return code 0
[2024-05-14T13:21:44.168+0000] {taskinstance.py:3498} INFO - 1 downstream tasks scheduled from follow-on schedule check
[2024-05-14T13:21:44.172+0000] {local_task_job_runner.py:222} INFO - ::endgroup::
