[2024-05-19T15:23:51.796+0000] {local_task_job_runner.py:120} INFO - ::group::Pre task execution logs
[2024-05-19T15:23:51.874+0000] {taskinstance.py:2076} INFO - Dependencies all met for dep_context=non-requeueable deps ti=<TaskInstance: dummyjson.local_to_gcs_user manual__2024-05-19T15:17:18.366686+00:00 [queued]>
[2024-05-19T15:23:51.899+0000] {taskinstance.py:2076} INFO - Dependencies all met for dep_context=requeueable deps ti=<TaskInstance: dummyjson.local_to_gcs_user manual__2024-05-19T15:17:18.366686+00:00 [queued]>
[2024-05-19T15:23:51.903+0000] {taskinstance.py:2306} INFO - Starting attempt 1 of 6
[2024-05-19T15:23:51.953+0000] {taskinstance.py:2330} INFO - Executing <Task(LocalFilesystemToGCSOperator): local_to_gcs_user> on 2024-05-19 15:17:18.366686+00:00
[2024-05-19T15:23:51.968+0000] {warnings.py:110} WARNING - /home/***/.local/lib/python3.12/site-packages/***/task/task_runner/standard_task_runner.py:61: DeprecationWarning: This process (pid=1793) is multi-threaded, use of fork() may lead to deadlocks in the child.
  pid = os.fork()

[2024-05-19T15:23:51.971+0000] {standard_task_runner.py:63} INFO - Started process 1817 to run task
[2024-05-19T15:23:51.980+0000] {standard_task_runner.py:90} INFO - Running: ['***', 'tasks', 'run', 'dummyjson', 'local_to_gcs_user', 'manual__2024-05-19T15:17:18.366686+00:00', '--job-id', '2041', '--raw', '--subdir', 'DAGS_FOLDER/dummyjson.py', '--cfg-path', '/tmp/tmp1p1zutd7']
[2024-05-19T15:23:51.982+0000] {standard_task_runner.py:91} INFO - Job 2041: Subtask local_to_gcs_user
[2024-05-19T15:23:52.213+0000] {task_command.py:426} INFO - Running <TaskInstance: dummyjson.local_to_gcs_user manual__2024-05-19T15:17:18.366686+00:00 [running]> on host ca927d78a9ea
[2024-05-19T15:23:53.146+0000] {taskinstance.py:2648} INFO - Exporting env vars: AIRFLOW_CTX_DAG_EMAIL='fathurrahmanhernanda@gmail.com' AIRFLOW_CTX_DAG_OWNER='***' AIRFLOW_CTX_DAG_ID='dummyjson' AIRFLOW_CTX_TASK_ID='local_to_gcs_user' AIRFLOW_CTX_EXECUTION_DATE='2024-05-19T15:17:18.366686+00:00' AIRFLOW_CTX_TRY_NUMBER='1' AIRFLOW_CTX_DAG_RUN_ID='manual__2024-05-19T15:17:18.366686+00:00'
[2024-05-19T15:23:53.149+0000] {taskinstance.py:430} INFO - ::endgroup::
[2024-05-19T15:23:53.170+0000] {connection.py:274} WARNING - Connection schemes (type: google_cloud_platform) shall not contain '_' according to RFC3986.
[2024-05-19T15:23:53.182+0000] {base.py:84} INFO - Using connection ID '***GCP' for task execution.
[2024-05-19T15:23:54.710+0000] {gcs.py:556} INFO - File /opt/***/dags/playground/target/dummyjson/users.csv uploaded to users.csv in weekly-assignment-6 bucket
[2024-05-19T15:23:54.721+0000] {taskinstance.py:441} INFO - ::group::Post task execution logs
[2024-05-19T15:23:54.756+0000] {taskinstance.py:1206} INFO - Marking task as SUCCESS. dag_id=dummyjson, task_id=local_to_gcs_user, run_id=manual__2024-05-19T15:17:18.366686+00:00, execution_date=20240519T151718, start_date=20240519T152351, end_date=20240519T152354
[2024-05-19T15:23:54.900+0000] {local_task_job_runner.py:240} INFO - Task exited with return code 0
[2024-05-19T15:23:54.939+0000] {local_task_job_runner.py:222} INFO - ::endgroup::
