[2024-05-18T17:01:10.977+0000] {local_task_job_runner.py:120} INFO - ::group::Pre task execution logs
[2024-05-18T17:01:10.997+0000] {taskinstance.py:2076} INFO - Dependencies all met for dep_context=non-requeueable deps ti=<TaskInstance: dummyjson_ingestion.transform_user manual__2024-05-18T16:40:48.354328+00:00 [queued]>
[2024-05-18T17:01:11.006+0000] {taskinstance.py:2076} INFO - Dependencies all met for dep_context=requeueable deps ti=<TaskInstance: dummyjson_ingestion.transform_user manual__2024-05-18T16:40:48.354328+00:00 [queued]>
[2024-05-18T17:01:11.007+0000] {taskinstance.py:2306} INFO - Starting attempt 5 of 6
[2024-05-18T17:01:11.026+0000] {taskinstance.py:2330} INFO - Executing <Task(PythonOperator): transform_user> on 2024-05-18 16:40:48.354328+00:00
[2024-05-18T17:01:11.033+0000] {warnings.py:110} WARNING - /home/***/.local/lib/python3.12/site-packages/***/task/task_runner/standard_task_runner.py:61: DeprecationWarning: This process (pid=2278) is multi-threaded, use of fork() may lead to deadlocks in the child.
  pid = os.fork()

[2024-05-18T17:01:11.039+0000] {standard_task_runner.py:63} INFO - Started process 2280 to run task
[2024-05-18T17:01:11.039+0000] {standard_task_runner.py:90} INFO - Running: ['***', 'tasks', 'run', 'dummyjson_ingestion', 'transform_user', 'manual__2024-05-18T16:40:48.354328+00:00', '--job-id', '1251', '--raw', '--subdir', 'DAGS_FOLDER/dummyjson_ingestion.py', '--cfg-path', '/tmp/tmp60wqdfhu']
[2024-05-18T17:01:11.045+0000] {standard_task_runner.py:91} INFO - Job 1251: Subtask transform_user
[2024-05-18T17:01:11.102+0000] {task_command.py:426} INFO - Running <TaskInstance: dummyjson_ingestion.transform_user manual__2024-05-18T16:40:48.354328+00:00 [running]> on host 8d1d9b6df744
[2024-05-18T17:01:11.225+0000] {taskinstance.py:2648} INFO - Exporting env vars: AIRFLOW_CTX_DAG_EMAIL='fathurrahmanhernanda@gmail.com' AIRFLOW_CTX_DAG_OWNER='***' AIRFLOW_CTX_DAG_ID='dummyjson_ingestion' AIRFLOW_CTX_TASK_ID='transform_user' AIRFLOW_CTX_EXECUTION_DATE='2024-05-18T16:40:48.354328+00:00' AIRFLOW_CTX_TRY_NUMBER='5' AIRFLOW_CTX_DAG_RUN_ID='manual__2024-05-18T16:40:48.354328+00:00'
[2024-05-18T17:01:11.227+0000] {taskinstance.py:430} INFO - ::endgroup::
[2024-05-18T17:01:11.242+0000] {taskinstance.py:441} INFO - ::group::Post task execution logs
[2024-05-18T17:01:11.243+0000] {taskinstance.py:2905} ERROR - Task failed with exception
Traceback (most recent call last):
  File "/home/airflow/.local/lib/python3.12/site-packages/airflow/models/taskinstance.py", line 465, in _execute_task
    result = _execute_callable(context=context, **execute_callable_kwargs)
             ^^^^^^^^^^^^^^^^^^^^^^^^^^^^^^^^^^^^^^^^^^^^^^^^^^^^^^^^^^^^^
  File "/home/airflow/.local/lib/python3.12/site-packages/airflow/models/taskinstance.py", line 432, in _execute_callable
    return execute_callable(context=context, **execute_callable_kwargs)
           ^^^^^^^^^^^^^^^^^^^^^^^^^^^^^^^^^^^^^^^^^^^^^^^^^^^^^^^^^^^^
  File "/home/airflow/.local/lib/python3.12/site-packages/airflow/models/baseoperator.py", line 400, in wrapper
    return func(self, *args, **kwargs)
           ^^^^^^^^^^^^^^^^^^^^^^^^^^^
  File "/home/airflow/.local/lib/python3.12/site-packages/airflow/operators/python.py", line 235, in execute
    return_value = self.execute_callable()
                   ^^^^^^^^^^^^^^^^^^^^^^^
  File "/home/airflow/.local/lib/python3.12/site-packages/airflow/operators/python.py", line 252, in execute_callable
    return self.python_callable(*self.op_args, **self.op_kwargs)
           ^^^^^^^^^^^^^^^^^^^^^^^^^^^^^^^^^^^^^^^^^^^^^^^^^^^^^
  File "/opt/airflow/dags/dummyjson_ingestion.py", line 23, in transform_user
    users = response['users']
            ~~~~~~~~^^^^^^^^^
KeyError: 'users'
[2024-05-18T17:01:11.261+0000] {taskinstance.py:1206} INFO - Marking task as UP_FOR_RETRY. dag_id=dummyjson_ingestion, task_id=transform_user, run_id=manual__2024-05-18T16:40:48.354328+00:00, execution_date=20240518T164048, start_date=20240518T170110, end_date=20240518T170111
[2024-05-18T17:01:11.277+0000] {standard_task_runner.py:110} ERROR - Failed to execute job 1251 for task transform_user ('users'; 2280)
[2024-05-18T17:01:11.296+0000] {local_task_job_runner.py:240} INFO - Task exited with return code 1
[2024-05-18T17:01:11.326+0000] {taskinstance.py:3498} INFO - 0 downstream tasks scheduled from follow-on schedule check
[2024-05-18T17:01:11.330+0000] {local_task_job_runner.py:222} INFO - ::endgroup::
