[2024-05-19T15:17:09.407+0000] {local_task_job_runner.py:120} INFO - ::group::Pre task execution logs
[2024-05-19T15:17:09.496+0000] {taskinstance.py:2076} INFO - Dependencies all met for dep_context=non-requeueable deps ti=<TaskInstance: dummyjson.is_cart_api_available scheduled__2024-05-17T17:00:00+00:00 [queued]>
[2024-05-19T15:17:09.526+0000] {taskinstance.py:2076} INFO - Dependencies all met for dep_context=requeueable deps ti=<TaskInstance: dummyjson.is_cart_api_available scheduled__2024-05-17T17:00:00+00:00 [queued]>
[2024-05-19T15:17:09.530+0000] {taskinstance.py:2306} INFO - Starting attempt 1 of 6
[2024-05-19T15:17:09.580+0000] {taskinstance.py:2330} INFO - Executing <Task(HttpSensor): is_cart_api_available> on 2024-05-17 17:00:00+00:00
[2024-05-19T15:17:09.606+0000] {warnings.py:110} WARNING - /home/***/.local/lib/python3.12/site-packages/***/task/task_runner/standard_task_runner.py:61: DeprecationWarning: This process (pid=1432) is multi-threaded, use of fork() may lead to deadlocks in the child.
  pid = os.fork()

[2024-05-19T15:17:09.616+0000] {standard_task_runner.py:63} INFO - Started process 1446 to run task
[2024-05-19T15:17:09.617+0000] {standard_task_runner.py:90} INFO - Running: ['***', 'tasks', 'run', 'dummyjson', 'is_cart_api_available', 'scheduled__2024-05-17T17:00:00+00:00', '--job-id', '1943', '--raw', '--subdir', 'DAGS_FOLDER/dummyjson.py', '--cfg-path', '/tmp/tmp5nkeexhu']
[2024-05-19T15:17:09.625+0000] {standard_task_runner.py:91} INFO - Job 1943: Subtask is_cart_api_available
[2024-05-19T15:17:09.951+0000] {task_command.py:426} INFO - Running <TaskInstance: dummyjson.is_cart_api_available scheduled__2024-05-17T17:00:00+00:00 [running]> on host ca927d78a9ea
[2024-05-19T15:17:11.945+0000] {taskinstance.py:2648} INFO - Exporting env vars: AIRFLOW_CTX_DAG_EMAIL='fathurrahmanhernanda@gmail.com' AIRFLOW_CTX_DAG_OWNER='***' AIRFLOW_CTX_DAG_ID='dummyjson' AIRFLOW_CTX_TASK_ID='is_cart_api_available' AIRFLOW_CTX_EXECUTION_DATE='2024-05-17T17:00:00+00:00' AIRFLOW_CTX_TRY_NUMBER='1' AIRFLOW_CTX_DAG_RUN_ID='scheduled__2024-05-17T17:00:00+00:00'
[2024-05-19T15:17:11.949+0000] {taskinstance.py:430} INFO - ::endgroup::
[2024-05-19T15:17:11.956+0000] {baseoperator.py:399} WARNING - HttpSensor.execute cannot be called outside TaskInstance!
[2024-05-19T15:17:12.013+0000] {http.py:137} INFO - Poking: /carts/
[2024-05-19T15:17:12.145+0000] {base.py:84} INFO - Using connection ID 'dummyjson_api' for task execution.
[2024-05-19T15:17:14.242+0000] {base.py:294} INFO - Success criteria met. Exiting.
[2024-05-19T15:17:14.244+0000] {taskinstance.py:441} INFO - ::group::Post task execution logs
[2024-05-19T15:17:14.268+0000] {taskinstance.py:1206} INFO - Marking task as SUCCESS. dag_id=dummyjson, task_id=is_cart_api_available, run_id=scheduled__2024-05-17T17:00:00+00:00, execution_date=20240517T170000, start_date=20240519T151709, end_date=20240519T151714
[2024-05-19T15:17:14.378+0000] {local_task_job_runner.py:240} INFO - Task exited with return code 0
[2024-05-19T15:17:14.474+0000] {warnings.py:110} WARNING - /home/***/.local/lib/python3.12/site-packages/***/models/baseoperator.py:1296: AirflowProviderDeprecationWarning: Call to deprecated class SimpleHttpOperator. (Class `SimpleHttpOperator` is deprecated and will be removed in a future release. Please use `HttpOperator` instead.)
  result = cls.__new__(cls)

[2024-05-19T15:17:14.599+0000] {taskinstance.py:3498} INFO - 1 downstream tasks scheduled from follow-on schedule check
[2024-05-19T15:17:14.614+0000] {local_task_job_runner.py:222} INFO - ::endgroup::
