[2024-05-19T12:54:01.325+0000] {local_task_job_runner.py:120} INFO - ::group::Pre task execution logs
[2024-05-19T12:54:01.365+0000] {taskinstance.py:2076} INFO - Dependencies all met for dep_context=non-requeueable deps ti=<TaskInstance: extract_products_from_api.upload_to_gcs scheduled__2024-05-01T00:00:00+00:00 [queued]>
[2024-05-19T12:54:01.385+0000] {taskinstance.py:2076} INFO - Dependencies all met for dep_context=requeueable deps ti=<TaskInstance: extract_products_from_api.upload_to_gcs scheduled__2024-05-01T00:00:00+00:00 [queued]>
[2024-05-19T12:54:01.386+0000] {taskinstance.py:2306} INFO - Starting attempt 2 of 4
[2024-05-19T12:54:01.418+0000] {taskinstance.py:2330} INFO - Executing <Task(PythonOperator): upload_to_gcs> on 2024-05-01 00:00:00+00:00
[2024-05-19T12:54:01.438+0000] {warnings.py:110} WARNING - /home/***/.local/lib/python3.12/site-packages/***/task/task_runner/standard_task_runner.py:61: DeprecationWarning: This process (pid=4741) is multi-threaded, use of fork() may lead to deadlocks in the child.
  pid = os.fork()

[2024-05-19T12:54:01.443+0000] {standard_task_runner.py:90} INFO - Running: ['***', 'tasks', 'run', 'extract_products_from_api', 'upload_to_gcs', 'scheduled__2024-05-01T00:00:00+00:00', '--job-id', '1794', '--raw', '--subdir', 'DAGS_FOLDER/dummyjson_product.py', '--cfg-path', '/tmp/tmpf8pizefm']
[2024-05-19T12:54:01.447+0000] {standard_task_runner.py:63} INFO - Started process 4753 to run task
[2024-05-19T12:54:01.448+0000] {standard_task_runner.py:91} INFO - Job 1794: Subtask upload_to_gcs
[2024-05-19T12:54:01.588+0000] {task_command.py:426} INFO - Running <TaskInstance: extract_products_from_api.upload_to_gcs scheduled__2024-05-01T00:00:00+00:00 [running]> on host ca927d78a9ea
[2024-05-19T12:54:02.593+0000] {taskinstance.py:2648} INFO - Exporting env vars: AIRFLOW_CTX_DAG_EMAIL='your_email@example.com' AIRFLOW_CTX_DAG_OWNER='***' AIRFLOW_CTX_DAG_ID='extract_products_from_api' AIRFLOW_CTX_TASK_ID='upload_to_gcs' AIRFLOW_CTX_EXECUTION_DATE='2024-05-01T00:00:00+00:00' AIRFLOW_CTX_TRY_NUMBER='2' AIRFLOW_CTX_DAG_RUN_ID='scheduled__2024-05-01T00:00:00+00:00'
[2024-05-19T12:54:02.594+0000] {taskinstance.py:430} INFO - ::endgroup::
[2024-05-19T12:54:02.598+0000] {baseoperator.py:399} WARNING - LocalFilesystemToGCSOperator.execute cannot be called outside TaskInstance!
[2024-05-19T12:54:02.631+0000] {connection.py:274} WARNING - Connection schemes (type: google_cloud_platform) shall not contain '_' according to RFC3986.
[2024-05-19T12:54:02.642+0000] {base.py:84} INFO - Using connection ID '***GCP' for task execution.
[2024-05-19T12:54:04.014+0000] {gcs.py:556} INFO - File /opt/***/dags/playground/target/dummyjson/products.csv uploaded to products.csv in weekly-assignment-6 bucket
[2024-05-19T12:54:04.021+0000] {python.py:237} INFO - Done. Returned value was: None
[2024-05-19T12:54:04.026+0000] {taskinstance.py:441} INFO - ::group::Post task execution logs
[2024-05-19T12:54:04.081+0000] {taskinstance.py:1206} INFO - Marking task as SUCCESS. dag_id=extract_products_from_api, task_id=upload_to_gcs, run_id=scheduled__2024-05-01T00:00:00+00:00, execution_date=20240501T000000, start_date=20240519T125401, end_date=20240519T125404
[2024-05-19T12:54:04.387+0000] {local_task_job_runner.py:240} INFO - Task exited with return code 0
[2024-05-19T12:54:04.466+0000] {taskinstance.py:3498} INFO - 1 downstream tasks scheduled from follow-on schedule check
[2024-05-19T12:54:04.471+0000] {local_task_job_runner.py:222} INFO - ::endgroup::
