[2024-05-16T13:51:16.835+0000] {local_task_job_runner.py:120} INFO - ::group::Pre task execution logs
[2024-05-16T13:51:16.876+0000] {taskinstance.py:2076} INFO - Dependencies all met for dep_context=non-requeueable deps ti=<TaskInstance: randomuser_ingestion.check_user_age manual__2024-05-16T13:31:32.211160+00:00 [queued]>
[2024-05-16T13:51:16.891+0000] {taskinstance.py:2076} INFO - Dependencies all met for dep_context=requeueable deps ti=<TaskInstance: randomuser_ingestion.check_user_age manual__2024-05-16T13:31:32.211160+00:00 [queued]>
[2024-05-16T13:51:16.892+0000] {taskinstance.py:2306} INFO - Starting attempt 3 of 3
[2024-05-16T13:51:16.921+0000] {taskinstance.py:2330} INFO - Executing <Task(BranchPythonOperator): check_user_age> on 2024-05-16 13:31:32.211160+00:00
[2024-05-16T13:51:16.940+0000] {warnings.py:110} WARNING - /home/***/.local/lib/python3.12/site-packages/***/task/task_runner/standard_task_runner.py:61: DeprecationWarning: This process (pid=3725) is multi-threaded, use of fork() may lead to deadlocks in the child.
  pid = os.fork()

[2024-05-16T13:51:16.943+0000] {standard_task_runner.py:63} INFO - Started process 3727 to run task
[2024-05-16T13:51:16.947+0000] {standard_task_runner.py:90} INFO - Running: ['***', 'tasks', 'run', 'randomuser_ingestion', 'check_user_age', 'manual__2024-05-16T13:31:32.211160+00:00', '--job-id', '1126', '--raw', '--subdir', 'DAGS_FOLDER/randomuser_ingestion.py', '--cfg-path', '/tmp/tmpd7pjl2wj']
[2024-05-16T13:51:16.951+0000] {standard_task_runner.py:91} INFO - Job 1126: Subtask check_user_age
[2024-05-16T13:51:17.045+0000] {task_command.py:426} INFO - Running <TaskInstance: randomuser_ingestion.check_user_age manual__2024-05-16T13:31:32.211160+00:00 [running]> on host 8d1d9b6df744
[2024-05-16T13:51:17.227+0000] {taskinstance.py:2648} INFO - Exporting env vars: AIRFLOW_CTX_DAG_OWNER='***' AIRFLOW_CTX_DAG_ID='randomuser_ingestion' AIRFLOW_CTX_TASK_ID='check_user_age' AIRFLOW_CTX_EXECUTION_DATE='2024-05-16T13:31:32.211160+00:00' AIRFLOW_CTX_TRY_NUMBER='3' AIRFLOW_CTX_DAG_RUN_ID='manual__2024-05-16T13:31:32.211160+00:00'
[2024-05-16T13:51:17.231+0000] {taskinstance.py:430} INFO - ::endgroup::
[2024-05-16T13:51:17.232+0000] {baseoperator.py:399} WARNING - BranchPythonOperator.execute cannot be called outside TaskInstance!
[2024-05-16T13:51:17.253+0000] {python.py:237} INFO - Done. Returned value was: store_user_group_b
[2024-05-16T13:51:17.255+0000] {branch.py:36} INFO - Branch into store_user_group_b
[2024-05-16T13:51:17.257+0000] {skipmixin.py:178} INFO - Following branch store_user_group_b
[2024-05-16T13:51:17.285+0000] {skipmixin.py:246} INFO - Skipping tasks [('store_user_group_a', -1)]
[2024-05-16T13:51:17.326+0000] {taskinstance.py:441} INFO - ::group::Post task execution logs
[2024-05-16T13:51:17.362+0000] {taskinstance.py:1206} INFO - Marking task as SUCCESS. dag_id=randomuser_ingestion, task_id=check_user_age, run_id=manual__2024-05-16T13:31:32.211160+00:00, execution_date=20240516T133132, start_date=20240516T135116, end_date=20240516T135117
[2024-05-16T13:51:17.401+0000] {local_task_job_runner.py:240} INFO - Task exited with return code 0
[2024-05-16T13:51:17.452+0000] {taskinstance.py:3498} INFO - 1 downstream tasks scheduled from follow-on schedule check
[2024-05-16T13:51:17.457+0000] {local_task_job_runner.py:222} INFO - ::endgroup::
