[2024-05-19T11:13:03.773+0000] {local_task_job_runner.py:120} INFO - ::group::Pre task execution logs
[2024-05-19T11:13:03.885+0000] {taskinstance.py:2076} INFO - Dependencies all met for dep_context=non-requeueable deps ti=<TaskInstance: dummyjson.local_to_gcs_cart manual__2024-05-19T11:12:27.201988+00:00 [queued]>
[2024-05-19T11:13:03.931+0000] {taskinstance.py:2076} INFO - Dependencies all met for dep_context=requeueable deps ti=<TaskInstance: dummyjson.local_to_gcs_cart manual__2024-05-19T11:12:27.201988+00:00 [queued]>
[2024-05-19T11:13:03.933+0000] {taskinstance.py:2306} INFO - Starting attempt 1 of 6
[2024-05-19T11:13:04.046+0000] {taskinstance.py:2330} INFO - Executing <Task(LocalFilesystemToGCSOperator): local_to_gcs_cart> on 2024-05-19 11:12:27.201988+00:00
[2024-05-19T11:13:04.095+0000] {warnings.py:110} WARNING - /home/***/.local/lib/python3.12/site-packages/***/task/task_runner/standard_task_runner.py:61: DeprecationWarning: This process (pid=2408) is multi-threaded, use of fork() may lead to deadlocks in the child.
  pid = os.fork()

[2024-05-19T11:13:04.098+0000] {standard_task_runner.py:63} INFO - Started process 2429 to run task
[2024-05-19T11:13:04.116+0000] {standard_task_runner.py:90} INFO - Running: ['***', 'tasks', 'run', 'dummyjson', 'local_to_gcs_cart', 'manual__2024-05-19T11:12:27.201988+00:00', '--job-id', '1431', '--raw', '--subdir', 'DAGS_FOLDER/dummyjson.py', '--cfg-path', '/tmp/tmp8gfc99s8']
[2024-05-19T11:13:04.120+0000] {standard_task_runner.py:91} INFO - Job 1431: Subtask local_to_gcs_cart
[2024-05-19T11:13:04.333+0000] {task_command.py:426} INFO - Running <TaskInstance: dummyjson.local_to_gcs_cart manual__2024-05-19T11:12:27.201988+00:00 [running]> on host ca927d78a9ea
[2024-05-19T11:13:06.664+0000] {taskinstance.py:2648} INFO - Exporting env vars: AIRFLOW_CTX_DAG_EMAIL='fathurrahmanhernanda@gmail.com' AIRFLOW_CTX_DAG_OWNER='***' AIRFLOW_CTX_DAG_ID='dummyjson' AIRFLOW_CTX_TASK_ID='local_to_gcs_cart' AIRFLOW_CTX_EXECUTION_DATE='2024-05-19T11:12:27.201988+00:00' AIRFLOW_CTX_TRY_NUMBER='1' AIRFLOW_CTX_DAG_RUN_ID='manual__2024-05-19T11:12:27.201988+00:00'
[2024-05-19T11:13:06.668+0000] {taskinstance.py:430} INFO - ::endgroup::
[2024-05-19T11:13:06.703+0000] {connection.py:274} WARNING - Connection schemes (type: google_cloud_platform) shall not contain '_' according to RFC3986.
[2024-05-19T11:13:06.719+0000] {base.py:84} INFO - Using connection ID '***GCP' for task execution.
[2024-05-19T11:13:09.193+0000] {gcs.py:556} INFO - File /opt/***/dags/playground/target/dummyjson/carts.csv uploaded to carts.csv in weekly-assignment-6 bucket
[2024-05-19T11:13:09.194+0000] {taskinstance.py:441} INFO - ::group::Post task execution logs
[2024-05-19T11:13:09.219+0000] {taskinstance.py:1206} INFO - Marking task as SUCCESS. dag_id=dummyjson, task_id=local_to_gcs_cart, run_id=manual__2024-05-19T11:12:27.201988+00:00, execution_date=20240519T111227, start_date=20240519T111303, end_date=20240519T111309
[2024-05-19T11:13:09.459+0000] {local_task_job_runner.py:240} INFO - Task exited with return code 0
[2024-05-19T11:13:09.527+0000] {taskinstance.py:3498} INFO - 1 downstream tasks scheduled from follow-on schedule check
[2024-05-19T11:13:09.537+0000] {local_task_job_runner.py:222} INFO - ::endgroup::
