[2024-05-14T15:35:04.838+0000] {local_task_job_runner.py:120} INFO - ::group::Pre task execution logs
[2024-05-14T15:35:04.867+0000] {taskinstance.py:2076} INFO - Dependencies all met for dep_context=non-requeueable deps ti=<TaskInstance: json2csv_b.customers_transform scheduled__2024-05-14T15:30:00+00:00 [queued]>
[2024-05-14T15:35:04.878+0000] {taskinstance.py:2076} INFO - Dependencies all met for dep_context=requeueable deps ti=<TaskInstance: json2csv_b.customers_transform scheduled__2024-05-14T15:30:00+00:00 [queued]>
[2024-05-14T15:35:04.879+0000] {taskinstance.py:2306} INFO - Starting attempt 1 of 1
[2024-05-14T15:35:04.900+0000] {taskinstance.py:2330} INFO - Executing <Task(_PythonDecoratedOperator): customers_transform> on 2024-05-14 15:30:00+00:00
[2024-05-14T15:35:04.910+0000] {warnings.py:110} WARNING - /home/***/.local/lib/python3.12/site-packages/***/task/task_runner/standard_task_runner.py:61: DeprecationWarning: This process (pid=2573) is multi-threaded, use of fork() may lead to deadlocks in the child.
  pid = os.fork()

[2024-05-14T15:35:04.913+0000] {standard_task_runner.py:63} INFO - Started process 2575 to run task
[2024-05-14T15:35:04.914+0000] {standard_task_runner.py:90} INFO - Running: ['***', 'tasks', 'run', 'json2csv_b', 'customers_transform', 'scheduled__2024-05-14T15:30:00+00:00', '--job-id', '886', '--raw', '--subdir', 'DAGS_FOLDER/json_to_csv_dynamic_config.py', '--cfg-path', '/tmp/tmpdmmktfp0']
[2024-05-14T15:35:04.917+0000] {standard_task_runner.py:91} INFO - Job 886: Subtask customers_transform
[2024-05-14T15:35:04.981+0000] {task_command.py:426} INFO - Running <TaskInstance: json2csv_b.customers_transform scheduled__2024-05-14T15:30:00+00:00 [running]> on host c2025ffc2c56
[2024-05-14T15:35:05.135+0000] {taskinstance.py:2648} INFO - Exporting env vars: AIRFLOW_CTX_DAG_OWNER='***' AIRFLOW_CTX_DAG_ID='json2csv_b' AIRFLOW_CTX_TASK_ID='customers_transform' AIRFLOW_CTX_EXECUTION_DATE='2024-05-14T15:30:00+00:00' AIRFLOW_CTX_TRY_NUMBER='1' AIRFLOW_CTX_DAG_RUN_ID='scheduled__2024-05-14T15:30:00+00:00'
[2024-05-14T15:35:05.138+0000] {taskinstance.py:430} INFO - ::endgroup::
[2024-05-14T15:35:05.140+0000] {python.py:237} INFO - Done. Returned value was: 1,Fariz Wakan,2024-01-01
2,Fathurrahman Hernanda,2024-01-02

[2024-05-14T15:35:05.141+0000] {taskinstance.py:441} INFO - ::group::Post task execution logs
[2024-05-14T15:35:05.174+0000] {taskinstance.py:1206} INFO - Marking task as SUCCESS. dag_id=json2csv_b, task_id=customers_transform, run_id=scheduled__2024-05-14T15:30:00+00:00, execution_date=20240514T153000, start_date=20240514T153504, end_date=20240514T153505
[2024-05-14T15:35:05.209+0000] {local_task_job_runner.py:240} INFO - Task exited with return code 0
[2024-05-14T15:35:05.245+0000] {taskinstance.py:3498} INFO - 1 downstream tasks scheduled from follow-on schedule check
[2024-05-14T15:35:05.249+0000] {local_task_job_runner.py:222} INFO - ::endgroup::
