[2024-05-19T10:12:59.154+0000] {local_task_job_runner.py:120} INFO - ::group::Pre task execution logs
[2024-05-19T10:12:59.199+0000] {taskinstance.py:2076} INFO - Dependencies all met for dep_context=non-requeueable deps ti=<TaskInstance: dummyjson.extract_post scheduled__2024-05-01T00:00:00+00:00 [queued]>
[2024-05-19T10:12:59.221+0000] {taskinstance.py:2076} INFO - Dependencies all met for dep_context=requeueable deps ti=<TaskInstance: dummyjson.extract_post scheduled__2024-05-01T00:00:00+00:00 [queued]>
[2024-05-19T10:12:59.222+0000] {taskinstance.py:2306} INFO - Starting attempt 1 of 6
[2024-05-19T10:12:59.251+0000] {taskinstance.py:2330} INFO - Executing <Task(SimpleHttpOperator): extract_post> on 2024-05-01 00:00:00+00:00
[2024-05-19T10:12:59.268+0000] {warnings.py:110} WARNING - /home/***/.local/lib/python3.12/site-packages/***/task/task_runner/standard_task_runner.py:61: DeprecationWarning: This process (pid=1491) is multi-threaded, use of fork() may lead to deadlocks in the child.
  pid = os.fork()

[2024-05-19T10:12:59.274+0000] {standard_task_runner.py:63} INFO - Started process 1502 to run task
[2024-05-19T10:12:59.274+0000] {standard_task_runner.py:90} INFO - Running: ['***', 'tasks', 'run', 'dummyjson', 'extract_post', 'scheduled__2024-05-01T00:00:00+00:00', '--job-id', '1365', '--raw', '--subdir', 'DAGS_FOLDER/dummyjson.py', '--cfg-path', '/tmp/tmpat7sg2xl']
[2024-05-19T10:12:59.277+0000] {standard_task_runner.py:91} INFO - Job 1365: Subtask extract_post
[2024-05-19T10:12:59.366+0000] {task_command.py:426} INFO - Running <TaskInstance: dummyjson.extract_post scheduled__2024-05-01T00:00:00+00:00 [running]> on host ca927d78a9ea
[2024-05-19T10:12:59.978+0000] {taskinstance.py:2648} INFO - Exporting env vars: AIRFLOW_CTX_DAG_EMAIL='fathurrahmanhernanda@gmail.com' AIRFLOW_CTX_DAG_OWNER='***' AIRFLOW_CTX_DAG_ID='dummyjson' AIRFLOW_CTX_TASK_ID='extract_post' AIRFLOW_CTX_EXECUTION_DATE='2024-05-01T00:00:00+00:00' AIRFLOW_CTX_TRY_NUMBER='1' AIRFLOW_CTX_DAG_RUN_ID='scheduled__2024-05-01T00:00:00+00:00'
[2024-05-19T10:12:59.980+0000] {taskinstance.py:430} INFO - ::endgroup::
[2024-05-19T10:12:59.981+0000] {http.py:169} INFO - Calling HTTP method
[2024-05-19T10:12:59.997+0000] {base.py:84} INFO - Using connection ID 'dummyjson_api' for task execution.
[2024-05-19T10:13:00.014+0000] {base.py:84} INFO - Using connection ID 'dummyjson_api' for task execution.
[2024-05-19T10:13:02.295+0000] {taskinstance.py:441} INFO - ::group::Post task execution logs
[2024-05-19T10:13:02.361+0000] {taskinstance.py:1206} INFO - Marking task as SUCCESS. dag_id=dummyjson, task_id=extract_post, run_id=scheduled__2024-05-01T00:00:00+00:00, execution_date=20240501T000000, start_date=20240519T101259, end_date=20240519T101302
[2024-05-19T10:13:02.474+0000] {local_task_job_runner.py:240} INFO - Task exited with return code 0
[2024-05-19T10:13:02.508+0000] {local_task_job_runner.py:222} INFO - ::endgroup::
