[2024-05-19T15:20:06.459+0000] {local_task_job_runner.py:120} INFO - ::group::Pre task execution logs
[2024-05-19T15:20:06.497+0000] {taskinstance.py:2076} INFO - Dependencies all met for dep_context=non-requeueable deps ti=<TaskInstance: dummyjson.local_to_gcs_post manual__2024-05-19T15:19:35.360091+00:00 [queued]>
[2024-05-19T15:20:06.517+0000] {taskinstance.py:2076} INFO - Dependencies all met for dep_context=requeueable deps ti=<TaskInstance: dummyjson.local_to_gcs_post manual__2024-05-19T15:19:35.360091+00:00 [queued]>
[2024-05-19T15:20:06.518+0000] {taskinstance.py:2306} INFO - Starting attempt 1 of 6
[2024-05-19T15:20:06.545+0000] {taskinstance.py:2330} INFO - Executing <Task(LocalFilesystemToGCSOperator): local_to_gcs_post> on 2024-05-19 15:19:35.360091+00:00
[2024-05-19T15:20:06.559+0000] {warnings.py:110} WARNING - /home/***/.local/lib/python3.12/site-packages/***/task/task_runner/standard_task_runner.py:61: DeprecationWarning: This process (pid=1610) is multi-threaded, use of fork() may lead to deadlocks in the child.
  pid = os.fork()

[2024-05-19T15:20:06.563+0000] {standard_task_runner.py:63} INFO - Started process 1617 to run task
[2024-05-19T15:20:06.563+0000] {standard_task_runner.py:90} INFO - Running: ['***', 'tasks', 'run', 'dummyjson', 'local_to_gcs_post', 'manual__2024-05-19T15:19:35.360091+00:00', '--job-id', '1992', '--raw', '--subdir', 'DAGS_FOLDER/dummyjson.py', '--cfg-path', '/tmp/tmp4sq3jnkv']
[2024-05-19T15:20:06.566+0000] {standard_task_runner.py:91} INFO - Job 1992: Subtask local_to_gcs_post
[2024-05-19T15:20:06.649+0000] {task_command.py:426} INFO - Running <TaskInstance: dummyjson.local_to_gcs_post manual__2024-05-19T15:19:35.360091+00:00 [running]> on host ca927d78a9ea
[2024-05-19T15:20:07.248+0000] {taskinstance.py:2648} INFO - Exporting env vars: AIRFLOW_CTX_DAG_EMAIL='fathurrahmanhernanda@gmail.com' AIRFLOW_CTX_DAG_OWNER='***' AIRFLOW_CTX_DAG_ID='dummyjson' AIRFLOW_CTX_TASK_ID='local_to_gcs_post' AIRFLOW_CTX_EXECUTION_DATE='2024-05-19T15:19:35.360091+00:00' AIRFLOW_CTX_TRY_NUMBER='1' AIRFLOW_CTX_DAG_RUN_ID='manual__2024-05-19T15:19:35.360091+00:00'
[2024-05-19T15:20:07.268+0000] {taskinstance.py:430} INFO - ::endgroup::
[2024-05-19T15:20:07.289+0000] {connection.py:274} WARNING - Connection schemes (type: google_cloud_platform) shall not contain '_' according to RFC3986.
[2024-05-19T15:20:07.307+0000] {base.py:84} INFO - Using connection ID '***GCP' for task execution.
[2024-05-19T15:20:08.718+0000] {gcs.py:556} INFO - File /opt/***/dags/playground/target/dummyjson/posts.csv uploaded to posts.csv in weekly-assignment-6 bucket
[2024-05-19T15:20:08.719+0000] {taskinstance.py:441} INFO - ::group::Post task execution logs
[2024-05-19T15:20:08.736+0000] {taskinstance.py:1206} INFO - Marking task as SUCCESS. dag_id=dummyjson, task_id=local_to_gcs_post, run_id=manual__2024-05-19T15:19:35.360091+00:00, execution_date=20240519T151935, start_date=20240519T152006, end_date=20240519T152008
[2024-05-19T15:20:08.793+0000] {local_task_job_runner.py:240} INFO - Task exited with return code 0
[2024-05-19T15:20:08.807+0000] {local_task_job_runner.py:222} INFO - ::endgroup::
