[2024-05-19T12:53:56.887+0000] {local_task_job_runner.py:120} INFO - ::group::Pre task execution logs
[2024-05-19T12:53:56.954+0000] {taskinstance.py:2076} INFO - Dependencies all met for dep_context=non-requeueable deps ti=<TaskInstance: extract_products_from_api.upload_to_gcs manual__2024-05-19T12:38:44.039386+00:00 [queued]>
[2024-05-19T12:53:56.998+0000] {taskinstance.py:2076} INFO - Dependencies all met for dep_context=requeueable deps ti=<TaskInstance: extract_products_from_api.upload_to_gcs manual__2024-05-19T12:38:44.039386+00:00 [queued]>
[2024-05-19T12:53:57.003+0000] {taskinstance.py:2306} INFO - Starting attempt 2 of 4
[2024-05-19T12:53:57.074+0000] {taskinstance.py:2330} INFO - Executing <Task(PythonOperator): upload_to_gcs> on 2024-05-19 12:38:44.039386+00:00
[2024-05-19T12:53:57.092+0000] {warnings.py:110} WARNING - /home/***/.local/lib/python3.12/site-packages/***/task/task_runner/standard_task_runner.py:61: DeprecationWarning: This process (pid=4735) is multi-threaded, use of fork() may lead to deadlocks in the child.
  pid = os.fork()

[2024-05-19T12:53:57.102+0000] {standard_task_runner.py:63} INFO - Started process 4746 to run task
[2024-05-19T12:53:57.113+0000] {standard_task_runner.py:90} INFO - Running: ['***', 'tasks', 'run', 'extract_products_from_api', 'upload_to_gcs', 'manual__2024-05-19T12:38:44.039386+00:00', '--job-id', '1790', '--raw', '--subdir', 'DAGS_FOLDER/dummyjson_product.py', '--cfg-path', '/tmp/tmphilg3b73']
[2024-05-19T12:53:57.118+0000] {standard_task_runner.py:91} INFO - Job 1790: Subtask upload_to_gcs
[2024-05-19T12:53:57.466+0000] {task_command.py:426} INFO - Running <TaskInstance: extract_products_from_api.upload_to_gcs manual__2024-05-19T12:38:44.039386+00:00 [running]> on host ca927d78a9ea
[2024-05-19T12:53:58.662+0000] {taskinstance.py:2648} INFO - Exporting env vars: AIRFLOW_CTX_DAG_EMAIL='your_email@example.com' AIRFLOW_CTX_DAG_OWNER='***' AIRFLOW_CTX_DAG_ID='extract_products_from_api' AIRFLOW_CTX_TASK_ID='upload_to_gcs' AIRFLOW_CTX_EXECUTION_DATE='2024-05-19T12:38:44.039386+00:00' AIRFLOW_CTX_TRY_NUMBER='2' AIRFLOW_CTX_DAG_RUN_ID='manual__2024-05-19T12:38:44.039386+00:00'
[2024-05-19T12:53:58.667+0000] {taskinstance.py:430} INFO - ::endgroup::
[2024-05-19T12:53:58.669+0000] {baseoperator.py:399} WARNING - LocalFilesystemToGCSOperator.execute cannot be called outside TaskInstance!
[2024-05-19T12:53:58.698+0000] {connection.py:274} WARNING - Connection schemes (type: google_cloud_platform) shall not contain '_' according to RFC3986.
[2024-05-19T12:53:58.720+0000] {base.py:84} INFO - Using connection ID '***GCP' for task execution.
[2024-05-19T12:54:00.233+0000] {gcs.py:556} INFO - File /opt/***/dags/playground/target/dummyjson/products.csv uploaded to products.csv in weekly-assignment-6 bucket
[2024-05-19T12:54:00.238+0000] {python.py:237} INFO - Done. Returned value was: None
[2024-05-19T12:54:00.240+0000] {taskinstance.py:441} INFO - ::group::Post task execution logs
[2024-05-19T12:54:00.267+0000] {taskinstance.py:1206} INFO - Marking task as SUCCESS. dag_id=extract_products_from_api, task_id=upload_to_gcs, run_id=manual__2024-05-19T12:38:44.039386+00:00, execution_date=20240519T123844, start_date=20240519T125356, end_date=20240519T125400
[2024-05-19T12:54:00.413+0000] {local_task_job_runner.py:240} INFO - Task exited with return code 0
[2024-05-19T12:54:00.471+0000] {taskinstance.py:3498} INFO - 1 downstream tasks scheduled from follow-on schedule check
[2024-05-19T12:54:00.485+0000] {local_task_job_runner.py:222} INFO - ::endgroup::
