[2024-05-14T14:26:07.274+0000] {local_task_job_runner.py:120} INFO - ::group::Pre task execution logs
[2024-05-14T14:26:07.313+0000] {taskinstance.py:2076} INFO - Dependencies all met for dep_context=non-requeueable deps ti=<TaskInstance: json2csv_a.students_transform scheduled__2024-05-14T14:24:00+00:00 [queued]>
[2024-05-14T14:26:07.328+0000] {taskinstance.py:2076} INFO - Dependencies all met for dep_context=requeueable deps ti=<TaskInstance: json2csv_a.students_transform scheduled__2024-05-14T14:24:00+00:00 [queued]>
[2024-05-14T14:26:07.329+0000] {taskinstance.py:2306} INFO - Starting attempt 1 of 1
[2024-05-14T14:26:07.348+0000] {taskinstance.py:2330} INFO - Executing <Task(_PythonDecoratedOperator): students_transform> on 2024-05-14 14:24:00+00:00
[2024-05-14T14:26:07.358+0000] {warnings.py:110} WARNING - /home/***/.local/lib/python3.12/site-packages/***/task/task_runner/standard_task_runner.py:61: DeprecationWarning: This process (pid=1328) is multi-threaded, use of fork() may lead to deadlocks in the child.
  pid = os.fork()

[2024-05-14T14:26:07.361+0000] {standard_task_runner.py:63} INFO - Started process 1333 to run task
[2024-05-14T14:26:07.361+0000] {standard_task_runner.py:90} INFO - Running: ['***', 'tasks', 'run', 'json2csv_a', 'students_transform', 'scheduled__2024-05-14T14:24:00+00:00', '--job-id', '751', '--raw', '--subdir', 'DAGS_FOLDER/json_to_csv_dynamic.py', '--cfg-path', '/tmp/tmpa_lbk57j']
[2024-05-14T14:26:07.365+0000] {standard_task_runner.py:91} INFO - Job 751: Subtask students_transform
[2024-05-14T14:26:07.439+0000] {task_command.py:426} INFO - Running <TaskInstance: json2csv_a.students_transform scheduled__2024-05-14T14:24:00+00:00 [running]> on host c2025ffc2c56
[2024-05-14T14:26:07.596+0000] {taskinstance.py:2648} INFO - Exporting env vars: AIRFLOW_CTX_DAG_OWNER='***' AIRFLOW_CTX_DAG_ID='json2csv_a' AIRFLOW_CTX_TASK_ID='students_transform' AIRFLOW_CTX_EXECUTION_DATE='2024-05-14T14:24:00+00:00' AIRFLOW_CTX_TRY_NUMBER='1' AIRFLOW_CTX_DAG_RUN_ID='scheduled__2024-05-14T14:24:00+00:00'
[2024-05-14T14:26:07.599+0000] {taskinstance.py:430} INFO - ::endgroup::
[2024-05-14T14:26:07.600+0000] {python.py:237} INFO - Done. Returned value was: 1,Fariz Wakan
2,Fathurrahman Hernanda

[2024-05-14T14:26:07.600+0000] {taskinstance.py:441} INFO - ::group::Post task execution logs
[2024-05-14T14:26:07.634+0000] {taskinstance.py:1206} INFO - Marking task as SUCCESS. dag_id=json2csv_a, task_id=students_transform, run_id=scheduled__2024-05-14T14:24:00+00:00, execution_date=20240514T142400, start_date=20240514T142607, end_date=20240514T142607
[2024-05-14T14:26:07.696+0000] {local_task_job_runner.py:240} INFO - Task exited with return code 0
[2024-05-14T14:26:07.732+0000] {taskinstance.py:3498} INFO - 1 downstream tasks scheduled from follow-on schedule check
[2024-05-14T14:26:07.734+0000] {local_task_job_runner.py:222} INFO - ::endgroup::
