[2024-05-19T12:03:38.126+0000] {local_task_job_runner.py:120} INFO - ::group::Pre task execution logs
[2024-05-19T12:03:38.177+0000] {taskinstance.py:2076} INFO - Dependencies all met for dep_context=non-requeueable deps ti=<TaskInstance: dummyjson_products.local_to_gcs_products scheduled__2024-05-01T00:00:00+00:00 [queued]>
[2024-05-19T12:03:38.212+0000] {taskinstance.py:2076} INFO - Dependencies all met for dep_context=requeueable deps ti=<TaskInstance: dummyjson_products.local_to_gcs_products scheduled__2024-05-01T00:00:00+00:00 [queued]>
[2024-05-19T12:03:38.213+0000] {taskinstance.py:2306} INFO - Starting attempt 1 of 6
[2024-05-19T12:03:38.265+0000] {taskinstance.py:2330} INFO - Executing <Task(LocalFilesystemToGCSOperator): local_to_gcs_products> on 2024-05-01 00:00:00+00:00
[2024-05-19T12:03:38.298+0000] {warnings.py:110} WARNING - /home/***/.local/lib/python3.12/site-packages/***/task/task_runner/standard_task_runner.py:61: DeprecationWarning: This process (pid=3468) is multi-threaded, use of fork() may lead to deadlocks in the child.
  pid = os.fork()

[2024-05-19T12:03:38.301+0000] {standard_task_runner.py:63} INFO - Started process 3488 to run task
[2024-05-19T12:03:38.310+0000] {standard_task_runner.py:90} INFO - Running: ['***', 'tasks', 'run', 'dummyjson_products', 'local_to_gcs_products', 'scheduled__2024-05-01T00:00:00+00:00', '--job-id', '1572', '--raw', '--subdir', 'DAGS_FOLDER/dummyjson.py', '--cfg-path', '/tmp/tmpissgon3r']
[2024-05-19T12:03:38.319+0000] {standard_task_runner.py:91} INFO - Job 1572: Subtask local_to_gcs_products
[2024-05-19T12:03:38.497+0000] {task_command.py:426} INFO - Running <TaskInstance: dummyjson_products.local_to_gcs_products scheduled__2024-05-01T00:00:00+00:00 [running]> on host ca927d78a9ea
[2024-05-19T12:03:39.436+0000] {taskinstance.py:2648} INFO - Exporting env vars: AIRFLOW_CTX_DAG_EMAIL='fathurrahmanhernanda@gmail.com' AIRFLOW_CTX_DAG_OWNER='***' AIRFLOW_CTX_DAG_ID='dummyjson_products' AIRFLOW_CTX_TASK_ID='local_to_gcs_products' AIRFLOW_CTX_EXECUTION_DATE='2024-05-01T00:00:00+00:00' AIRFLOW_CTX_TRY_NUMBER='1' AIRFLOW_CTX_DAG_RUN_ID='scheduled__2024-05-01T00:00:00+00:00'
[2024-05-19T12:03:39.443+0000] {taskinstance.py:430} INFO - ::endgroup::
[2024-05-19T12:03:39.498+0000] {connection.py:274} WARNING - Connection schemes (type: google_cloud_platform) shall not contain '_' according to RFC3986.
[2024-05-19T12:03:39.514+0000] {base.py:84} INFO - Using connection ID '***GCP' for task execution.
[2024-05-19T12:03:41.069+0000] {gcs.py:556} INFO - File /opt/***/dags/playground/target/dummyjson/products.csv uploaded to products.csv in weekly-assignment-6 bucket
[2024-05-19T12:03:41.070+0000] {taskinstance.py:441} INFO - ::group::Post task execution logs
[2024-05-19T12:03:41.102+0000] {taskinstance.py:1206} INFO - Marking task as SUCCESS. dag_id=dummyjson_products, task_id=local_to_gcs_products, run_id=scheduled__2024-05-01T00:00:00+00:00, execution_date=20240501T000000, start_date=20240519T120338, end_date=20240519T120341
[2024-05-19T12:03:41.319+0000] {local_task_job_runner.py:240} INFO - Task exited with return code 0
[2024-05-19T12:03:41.436+0000] {taskinstance.py:3498} INFO - 1 downstream tasks scheduled from follow-on schedule check
[2024-05-19T12:03:41.471+0000] {local_task_job_runner.py:222} INFO - ::endgroup::
