[2024-05-19T11:13:32.866+0000] {local_task_job_runner.py:120} INFO - ::group::Pre task execution logs
[2024-05-19T11:13:32.899+0000] {taskinstance.py:2076} INFO - Dependencies all met for dep_context=non-requeueable deps ti=<TaskInstance: dummyjson.local_to_gcs_todo manual__2024-05-19T11:07:31.553907+00:00 [queued]>
[2024-05-19T11:13:32.918+0000] {taskinstance.py:2076} INFO - Dependencies all met for dep_context=requeueable deps ti=<TaskInstance: dummyjson.local_to_gcs_todo manual__2024-05-19T11:07:31.553907+00:00 [queued]>
[2024-05-19T11:13:32.919+0000] {taskinstance.py:2306} INFO - Starting attempt 1 of 6
[2024-05-19T11:13:32.944+0000] {taskinstance.py:2330} INFO - Executing <Task(LocalFilesystemToGCSOperator): local_to_gcs_todo> on 2024-05-19 11:07:31.553907+00:00
[2024-05-19T11:13:32.956+0000] {warnings.py:110} WARNING - /home/***/.local/lib/python3.12/site-packages/***/task/task_runner/standard_task_runner.py:61: DeprecationWarning: This process (pid=2458) is multi-threaded, use of fork() may lead to deadlocks in the child.
  pid = os.fork()

[2024-05-19T11:13:32.959+0000] {standard_task_runner.py:63} INFO - Started process 2465 to run task
[2024-05-19T11:13:32.958+0000] {standard_task_runner.py:90} INFO - Running: ['***', 'tasks', 'run', 'dummyjson', 'local_to_gcs_todo', 'manual__2024-05-19T11:07:31.553907+00:00', '--job-id', '1443', '--raw', '--subdir', 'DAGS_FOLDER/dummyjson.py', '--cfg-path', '/tmp/tmp9z414jb1']
[2024-05-19T11:13:32.961+0000] {standard_task_runner.py:91} INFO - Job 1443: Subtask local_to_gcs_todo
[2024-05-19T11:13:33.059+0000] {task_command.py:426} INFO - Running <TaskInstance: dummyjson.local_to_gcs_todo manual__2024-05-19T11:07:31.553907+00:00 [running]> on host ca927d78a9ea
[2024-05-19T11:13:33.649+0000] {taskinstance.py:2648} INFO - Exporting env vars: AIRFLOW_CTX_DAG_EMAIL='fathurrahmanhernanda@gmail.com' AIRFLOW_CTX_DAG_OWNER='***' AIRFLOW_CTX_DAG_ID='dummyjson' AIRFLOW_CTX_TASK_ID='local_to_gcs_todo' AIRFLOW_CTX_EXECUTION_DATE='2024-05-19T11:07:31.553907+00:00' AIRFLOW_CTX_TRY_NUMBER='1' AIRFLOW_CTX_DAG_RUN_ID='manual__2024-05-19T11:07:31.553907+00:00'
[2024-05-19T11:13:33.651+0000] {taskinstance.py:430} INFO - ::endgroup::
[2024-05-19T11:13:33.666+0000] {connection.py:274} WARNING - Connection schemes (type: google_cloud_platform) shall not contain '_' according to RFC3986.
[2024-05-19T11:13:33.673+0000] {base.py:84} INFO - Using connection ID '***GCP' for task execution.
[2024-05-19T11:13:39.055+0000] {gcs.py:556} INFO - File /opt/***/dags/playground/target/dummyjson/todos.csv uploaded to todos.csv in weekly-assignment-6 bucket
[2024-05-19T11:13:39.057+0000] {taskinstance.py:441} INFO - ::group::Post task execution logs
[2024-05-19T11:13:39.084+0000] {taskinstance.py:1206} INFO - Marking task as SUCCESS. dag_id=dummyjson, task_id=local_to_gcs_todo, run_id=manual__2024-05-19T11:07:31.553907+00:00, execution_date=20240519T110731, start_date=20240519T111332, end_date=20240519T111339
[2024-05-19T11:13:39.166+0000] {local_task_job_runner.py:240} INFO - Task exited with return code 0
[2024-05-19T11:13:39.201+0000] {taskinstance.py:3498} INFO - 1 downstream tasks scheduled from follow-on schedule check
[2024-05-19T11:13:39.205+0000] {local_task_job_runner.py:222} INFO - ::endgroup::
