[2024-05-19T10:17:47.936+0000] {local_task_job_runner.py:120} INFO - ::group::Pre task execution logs
[2024-05-19T10:17:48.002+0000] {taskinstance.py:2076} INFO - Dependencies all met for dep_context=non-requeueable deps ti=<TaskInstance: dummyjson.extract_user manual__2024-05-19T10:12:02.912276+00:00 [queued]>
[2024-05-19T10:17:48.040+0000] {taskinstance.py:2076} INFO - Dependencies all met for dep_context=requeueable deps ti=<TaskInstance: dummyjson.extract_user manual__2024-05-19T10:12:02.912276+00:00 [queued]>
[2024-05-19T10:17:48.041+0000] {taskinstance.py:2306} INFO - Starting attempt 1 of 6
[2024-05-19T10:17:48.072+0000] {taskinstance.py:2330} INFO - Executing <Task(SimpleHttpOperator): extract_user> on 2024-05-19 10:12:02.912276+00:00
[2024-05-19T10:17:48.084+0000] {warnings.py:110} WARNING - /home/***/.local/lib/python3.12/site-packages/***/task/task_runner/standard_task_runner.py:61: DeprecationWarning: This process (pid=1626) is multi-threaded, use of fork() may lead to deadlocks in the child.
  pid = os.fork()

[2024-05-19T10:17:48.087+0000] {standard_task_runner.py:63} INFO - Started process 1629 to run task
[2024-05-19T10:17:48.088+0000] {standard_task_runner.py:90} INFO - Running: ['***', 'tasks', 'run', 'dummyjson', 'extract_user', 'manual__2024-05-19T10:12:02.912276+00:00', '--job-id', '1390', '--raw', '--subdir', 'DAGS_FOLDER/dummyjson.py', '--cfg-path', '/tmp/tmpy_f1zs7h']
[2024-05-19T10:17:48.091+0000] {standard_task_runner.py:91} INFO - Job 1390: Subtask extract_user
[2024-05-19T10:17:48.187+0000] {task_command.py:426} INFO - Running <TaskInstance: dummyjson.extract_user manual__2024-05-19T10:12:02.912276+00:00 [running]> on host ca927d78a9ea
[2024-05-19T10:17:48.722+0000] {taskinstance.py:2648} INFO - Exporting env vars: AIRFLOW_CTX_DAG_EMAIL='fathurrahmanhernanda@gmail.com' AIRFLOW_CTX_DAG_OWNER='***' AIRFLOW_CTX_DAG_ID='dummyjson' AIRFLOW_CTX_TASK_ID='extract_user' AIRFLOW_CTX_EXECUTION_DATE='2024-05-19T10:12:02.912276+00:00' AIRFLOW_CTX_TRY_NUMBER='1' AIRFLOW_CTX_DAG_RUN_ID='manual__2024-05-19T10:12:02.912276+00:00'
[2024-05-19T10:17:48.724+0000] {taskinstance.py:430} INFO - ::endgroup::
[2024-05-19T10:17:48.725+0000] {http.py:169} INFO - Calling HTTP method
[2024-05-19T10:17:48.746+0000] {base.py:84} INFO - Using connection ID 'dummyjson_api' for task execution.
[2024-05-19T10:17:48.760+0000] {base.py:84} INFO - Using connection ID 'dummyjson_api' for task execution.
[2024-05-19T10:17:53.450+0000] {taskinstance.py:441} INFO - ::group::Post task execution logs
[2024-05-19T10:17:53.489+0000] {taskinstance.py:1206} INFO - Marking task as SUCCESS. dag_id=dummyjson, task_id=extract_user, run_id=manual__2024-05-19T10:12:02.912276+00:00, execution_date=20240519T101202, start_date=20240519T101748, end_date=20240519T101753
[2024-05-19T10:17:53.538+0000] {local_task_job_runner.py:240} INFO - Task exited with return code 0
[2024-05-19T10:17:53.555+0000] {warnings.py:110} WARNING - /home/***/.local/lib/python3.12/site-packages/***/models/baseoperator.py:1296: AirflowProviderDeprecationWarning: Call to deprecated class SimpleHttpOperator. (Class `SimpleHttpOperator` is deprecated and will be removed in a future release. Please use `HttpOperator` instead.)
  result = cls.__new__(cls)

[2024-05-19T10:17:53.584+0000] {taskinstance.py:3498} INFO - 1 downstream tasks scheduled from follow-on schedule check
[2024-05-19T10:17:53.589+0000] {local_task_job_runner.py:222} INFO - ::endgroup::
