[2024-05-19T05:35:10.609+0000] {local_task_job_runner.py:120} INFO - ::group::Pre task execution logs
[2024-05-19T05:35:10.632+0000] {taskinstance.py:2076} INFO - Dependencies all met for dep_context=non-requeueable deps ti=<TaskInstance: dummyjson_ingestion.write_to_csv manual__2024-05-19T05:34:53.242189+00:00 [queued]>
[2024-05-19T05:35:10.643+0000] {taskinstance.py:2076} INFO - Dependencies all met for dep_context=requeueable deps ti=<TaskInstance: dummyjson_ingestion.write_to_csv manual__2024-05-19T05:34:53.242189+00:00 [queued]>
[2024-05-19T05:35:10.644+0000] {taskinstance.py:2306} INFO - Starting attempt 1 of 6
[2024-05-19T05:35:10.663+0000] {taskinstance.py:2330} INFO - Executing <Task(PythonOperator): write_to_csv> on 2024-05-19 05:34:53.242189+00:00
[2024-05-19T05:35:10.672+0000] {warnings.py:110} WARNING - /home/***/.local/lib/python3.12/site-packages/***/task/task_runner/standard_task_runner.py:61: DeprecationWarning: This process (pid=812) is multi-threaded, use of fork() may lead to deadlocks in the child.
  pid = os.fork()

[2024-05-19T05:35:10.675+0000] {standard_task_runner.py:63} INFO - Started process 814 to run task
[2024-05-19T05:35:10.675+0000] {standard_task_runner.py:90} INFO - Running: ['***', 'tasks', 'run', 'dummyjson_ingestion', 'write_to_csv', 'manual__2024-05-19T05:34:53.242189+00:00', '--job-id', '1294', '--raw', '--subdir', 'DAGS_FOLDER/dummyjson_ingestion.py', '--cfg-path', '/tmp/tmpqip0efy6']
[2024-05-19T05:35:10.679+0000] {standard_task_runner.py:91} INFO - Job 1294: Subtask write_to_csv
[2024-05-19T05:35:10.756+0000] {task_command.py:426} INFO - Running <TaskInstance: dummyjson_ingestion.write_to_csv manual__2024-05-19T05:34:53.242189+00:00 [running]> on host ca927d78a9ea
[2024-05-19T05:35:10.886+0000] {taskinstance.py:2648} INFO - Exporting env vars: AIRFLOW_CTX_DAG_EMAIL='fathurrahmanhernanda@gmail.com' AIRFLOW_CTX_DAG_OWNER='***' AIRFLOW_CTX_DAG_ID='dummyjson_ingestion' AIRFLOW_CTX_TASK_ID='write_to_csv' AIRFLOW_CTX_EXECUTION_DATE='2024-05-19T05:34:53.242189+00:00' AIRFLOW_CTX_TRY_NUMBER='1' AIRFLOW_CTX_DAG_RUN_ID='manual__2024-05-19T05:34:53.242189+00:00'
[2024-05-19T05:35:10.889+0000] {taskinstance.py:430} INFO - ::endgroup::
[2024-05-19T05:35:10.914+0000] {dummyjson_ingestion.py:59} INFO - CSV file has been written successfully.
[2024-05-19T05:35:10.915+0000] {python.py:237} INFO - Done. Returned value was: None
[2024-05-19T05:35:10.915+0000] {taskinstance.py:441} INFO - ::group::Post task execution logs
[2024-05-19T05:35:10.928+0000] {taskinstance.py:1206} INFO - Marking task as SUCCESS. dag_id=dummyjson_ingestion, task_id=write_to_csv, run_id=manual__2024-05-19T05:34:53.242189+00:00, execution_date=20240519T053453, start_date=20240519T053510, end_date=20240519T053510
[2024-05-19T05:35:10.970+0000] {local_task_job_runner.py:240} INFO - Task exited with return code 0
[2024-05-19T05:35:10.999+0000] {taskinstance.py:3498} INFO - 1 downstream tasks scheduled from follow-on schedule check
[2024-05-19T05:35:11.003+0000] {local_task_job_runner.py:222} INFO - ::endgroup::
