[2024-05-16T12:41:09.776+0000] {local_task_job_runner.py:120} INFO - ::group::Pre task execution logs
[2024-05-16T12:41:09.800+0000] {taskinstance.py:2076} INFO - Dependencies all met for dep_context=non-requeueable deps ti=<TaskInstance: randomuser_ingestion.is_api_available manual__2024-05-16T12:41:06.621830+00:00 [queued]>
[2024-05-16T12:41:09.815+0000] {taskinstance.py:2076} INFO - Dependencies all met for dep_context=requeueable deps ti=<TaskInstance: randomuser_ingestion.is_api_available manual__2024-05-16T12:41:06.621830+00:00 [queued]>
[2024-05-16T12:41:09.816+0000] {taskinstance.py:2306} INFO - Starting attempt 1 of 1
[2024-05-16T12:41:09.836+0000] {taskinstance.py:2330} INFO - Executing <Task(HttpSensor): is_api_available> on 2024-05-16 12:41:06.621830+00:00
[2024-05-16T12:41:09.845+0000] {warnings.py:110} WARNING - /home/***/.local/lib/python3.12/site-packages/***/task/task_runner/standard_task_runner.py:61: DeprecationWarning: This process (pid=2795) is multi-threaded, use of fork() may lead to deadlocks in the child.
  pid = os.fork()

[2024-05-16T12:41:09.848+0000] {standard_task_runner.py:63} INFO - Started process 2797 to run task
[2024-05-16T12:41:09.848+0000] {standard_task_runner.py:90} INFO - Running: ['***', 'tasks', 'run', 'randomuser_ingestion', 'is_api_available', 'manual__2024-05-16T12:41:06.621830+00:00', '--job-id', '1103', '--raw', '--subdir', 'DAGS_FOLDER/randomuser_ingestion.py', '--cfg-path', '/tmp/tmpm6i6g0qx']
[2024-05-16T12:41:09.852+0000] {standard_task_runner.py:91} INFO - Job 1103: Subtask is_api_available
[2024-05-16T12:41:09.922+0000] {task_command.py:426} INFO - Running <TaskInstance: randomuser_ingestion.is_api_available manual__2024-05-16T12:41:06.621830+00:00 [running]> on host 8d1d9b6df744
[2024-05-16T12:41:10.088+0000] {taskinstance.py:2648} INFO - Exporting env vars: AIRFLOW_CTX_DAG_OWNER='***' AIRFLOW_CTX_DAG_ID='randomuser_ingestion' AIRFLOW_CTX_TASK_ID='is_api_available' AIRFLOW_CTX_EXECUTION_DATE='2024-05-16T12:41:06.621830+00:00' AIRFLOW_CTX_TRY_NUMBER='1' AIRFLOW_CTX_DAG_RUN_ID='manual__2024-05-16T12:41:06.621830+00:00'
[2024-05-16T12:41:10.092+0000] {taskinstance.py:430} INFO - ::endgroup::
[2024-05-16T12:41:10.094+0000] {baseoperator.py:399} WARNING - HttpSensor.execute cannot be called outside TaskInstance!
[2024-05-16T12:41:10.096+0000] {http.py:137} INFO - Poking: /api
[2024-05-16T12:41:10.112+0000] {base.py:84} INFO - Using connection ID 'randomuser_api' for task execution.
[2024-05-16T12:41:11.873+0000] {base.py:294} INFO - Success criteria met. Exiting.
[2024-05-16T12:41:11.875+0000] {taskinstance.py:441} INFO - ::group::Post task execution logs
[2024-05-16T12:41:11.890+0000] {taskinstance.py:1206} INFO - Marking task as SUCCESS. dag_id=randomuser_ingestion, task_id=is_api_available, run_id=manual__2024-05-16T12:41:06.621830+00:00, execution_date=20240516T124106, start_date=20240516T124109, end_date=20240516T124111
[2024-05-16T12:41:11.954+0000] {local_task_job_runner.py:240} INFO - Task exited with return code 0
[2024-05-16T12:41:11.968+0000] {warnings.py:110} WARNING - /home/***/.local/lib/python3.12/site-packages/***/models/baseoperator.py:1296: AirflowProviderDeprecationWarning: Call to deprecated class SimpleHttpOperator. (Class `SimpleHttpOperator` is deprecated and will be removed in a future release. Please use `HttpOperator` instead.)
  result = cls.__new__(cls)

[2024-05-16T12:41:12.004+0000] {taskinstance.py:3498} INFO - 1 downstream tasks scheduled from follow-on schedule check
[2024-05-16T12:41:12.008+0000] {local_task_job_runner.py:222} INFO - ::endgroup::
