[2024-05-16T09:56:15.110+0000] {local_task_job_runner.py:120} INFO - ::group::Pre task execution logs
[2024-05-16T09:56:15.143+0000] {taskinstance.py:2076} INFO - Dependencies all met for dep_context=non-requeueable deps ti=<TaskInstance: randomuser_ingestion.is_api_available scheduled__2024-05-01T13:00:00+00:00 [queued]>
[2024-05-16T09:56:15.160+0000] {taskinstance.py:2076} INFO - Dependencies all met for dep_context=requeueable deps ti=<TaskInstance: randomuser_ingestion.is_api_available scheduled__2024-05-01T13:00:00+00:00 [queued]>
[2024-05-16T09:56:15.161+0000] {taskinstance.py:2306} INFO - Starting attempt 2 of 2
[2024-05-16T09:56:15.207+0000] {taskinstance.py:2330} INFO - Executing <Task(HttpSensor): is_api_available> on 2024-05-01 13:00:00+00:00
[2024-05-16T09:56:15.216+0000] {warnings.py:110} WARNING - /home/***/.local/lib/python3.12/site-packages/***/task/task_runner/standard_task_runner.py:61: DeprecationWarning: This process (pid=619) is multi-threaded, use of fork() may lead to deadlocks in the child.
  pid = os.fork()

[2024-05-16T09:56:15.219+0000] {standard_task_runner.py:63} INFO - Started process 621 to run task
[2024-05-16T09:56:15.221+0000] {standard_task_runner.py:90} INFO - Running: ['***', 'tasks', 'run', 'randomuser_ingestion', 'is_api_available', 'scheduled__2024-05-01T13:00:00+00:00', '--job-id', '1049', '--raw', '--subdir', 'DAGS_FOLDER/randomuser_ingestion.py', '--cfg-path', '/tmp/tmpny45mctl']
[2024-05-16T09:56:15.226+0000] {standard_task_runner.py:91} INFO - Job 1049: Subtask is_api_available
[2024-05-16T09:56:15.341+0000] {task_command.py:426} INFO - Running <TaskInstance: randomuser_ingestion.is_api_available scheduled__2024-05-01T13:00:00+00:00 [running]> on host 8d1d9b6df744
[2024-05-16T09:56:15.635+0000] {taskinstance.py:2648} INFO - Exporting env vars: AIRFLOW_CTX_DAG_OWNER='***' AIRFLOW_CTX_DAG_ID='randomuser_ingestion' AIRFLOW_CTX_TASK_ID='is_api_available' AIRFLOW_CTX_EXECUTION_DATE='2024-05-01T13:00:00+00:00' AIRFLOW_CTX_TRY_NUMBER='2' AIRFLOW_CTX_DAG_RUN_ID='scheduled__2024-05-01T13:00:00+00:00'
[2024-05-16T09:56:15.641+0000] {taskinstance.py:430} INFO - ::endgroup::
[2024-05-16T09:56:15.642+0000] {baseoperator.py:399} WARNING - HttpSensor.execute cannot be called outside TaskInstance!
[2024-05-16T09:56:15.643+0000] {http.py:137} INFO - Poking: /api
[2024-05-16T09:56:15.666+0000] {base.py:84} INFO - Using connection ID 'randomuser_api' for task execution.
[2024-05-16T09:56:16.284+0000] {base.py:294} INFO - Success criteria met. Exiting.
[2024-05-16T09:56:16.286+0000] {taskinstance.py:441} INFO - ::group::Post task execution logs
[2024-05-16T09:56:16.306+0000] {taskinstance.py:1206} INFO - Marking task as SUCCESS. dag_id=randomuser_ingestion, task_id=is_api_available, run_id=scheduled__2024-05-01T13:00:00+00:00, execution_date=20240501T130000, start_date=20240516T095615, end_date=20240516T095616
[2024-05-16T09:56:16.335+0000] {local_task_job_runner.py:240} INFO - Task exited with return code 0
[2024-05-16T09:56:16.354+0000] {warnings.py:110} WARNING - /home/***/.local/lib/python3.12/site-packages/***/models/baseoperator.py:1296: AirflowProviderDeprecationWarning: Call to deprecated class SimpleHttpOperator. (Class `SimpleHttpOperator` is deprecated and will be removed in a future release. Please use `HttpOperator` instead.)
  result = cls.__new__(cls)

[2024-05-16T09:56:16.386+0000] {taskinstance.py:3498} INFO - 1 downstream tasks scheduled from follow-on schedule check
[2024-05-16T09:56:16.389+0000] {local_task_job_runner.py:222} INFO - ::endgroup::
