[2024-05-19T11:21:21.551+0000] {local_task_job_runner.py:120} INFO - ::group::Pre task execution logs
[2024-05-19T11:21:21.574+0000] {taskinstance.py:2076} INFO - Dependencies all met for dep_context=non-requeueable deps ti=<TaskInstance: dummyjson_products.transform_products manual__2024-05-19T11:21:06.310410+00:00 [queued]>
[2024-05-19T11:21:21.587+0000] {taskinstance.py:2076} INFO - Dependencies all met for dep_context=requeueable deps ti=<TaskInstance: dummyjson_products.transform_products manual__2024-05-19T11:21:06.310410+00:00 [queued]>
[2024-05-19T11:21:21.589+0000] {taskinstance.py:2306} INFO - Starting attempt 1 of 6
[2024-05-19T11:21:21.611+0000] {taskinstance.py:2330} INFO - Executing <Task(PythonOperator): transform_products> on 2024-05-19 11:21:06.310410+00:00
[2024-05-19T11:21:21.622+0000] {warnings.py:110} WARNING - /home/***/.local/lib/python3.12/site-packages/***/task/task_runner/standard_task_runner.py:61: DeprecationWarning: This process (pid=2598) is multi-threaded, use of fork() may lead to deadlocks in the child.
  pid = os.fork()

[2024-05-19T11:21:21.624+0000] {standard_task_runner.py:63} INFO - Started process 2602 to run task
[2024-05-19T11:21:21.625+0000] {standard_task_runner.py:90} INFO - Running: ['***', 'tasks', 'run', 'dummyjson_products', 'transform_products', 'manual__2024-05-19T11:21:06.310410+00:00', '--job-id', '1457', '--raw', '--subdir', 'DAGS_FOLDER/dummyjson_product.py', '--cfg-path', '/tmp/tmpx9d0ra_n']
[2024-05-19T11:21:21.627+0000] {standard_task_runner.py:91} INFO - Job 1457: Subtask transform_products
[2024-05-19T11:21:21.689+0000] {task_command.py:426} INFO - Running <TaskInstance: dummyjson_products.transform_products manual__2024-05-19T11:21:06.310410+00:00 [running]> on host ca927d78a9ea
[2024-05-19T11:21:22.162+0000] {taskinstance.py:2648} INFO - Exporting env vars: AIRFLOW_CTX_DAG_EMAIL='fathurrahmanhernanda@gmail.com' AIRFLOW_CTX_DAG_OWNER='***' AIRFLOW_CTX_DAG_ID='dummyjson_products' AIRFLOW_CTX_TASK_ID='transform_products' AIRFLOW_CTX_EXECUTION_DATE='2024-05-19T11:21:06.310410+00:00' AIRFLOW_CTX_TRY_NUMBER='1' AIRFLOW_CTX_DAG_RUN_ID='manual__2024-05-19T11:21:06.310410+00:00'
[2024-05-19T11:21:22.163+0000] {taskinstance.py:430} INFO - ::endgroup::
[2024-05-19T11:21:22.164+0000] {taskinstance.py:441} INFO - ::group::Post task execution logs
[2024-05-19T11:21:22.165+0000] {taskinstance.py:2905} ERROR - Task failed with exception
Traceback (most recent call last):
  File "/home/airflow/.local/lib/python3.12/site-packages/airflow/models/taskinstance.py", line 465, in _execute_task
    result = _execute_callable(context=context, **execute_callable_kwargs)
             ^^^^^^^^^^^^^^^^^^^^^^^^^^^^^^^^^^^^^^^^^^^^^^^^^^^^^^^^^^^^^
  File "/home/airflow/.local/lib/python3.12/site-packages/airflow/models/taskinstance.py", line 432, in _execute_callable
    return execute_callable(context=context, **execute_callable_kwargs)
           ^^^^^^^^^^^^^^^^^^^^^^^^^^^^^^^^^^^^^^^^^^^^^^^^^^^^^^^^^^^^
  File "/home/airflow/.local/lib/python3.12/site-packages/airflow/models/baseoperator.py", line 400, in wrapper
    return func(self, *args, **kwargs)
           ^^^^^^^^^^^^^^^^^^^^^^^^^^^
  File "/home/airflow/.local/lib/python3.12/site-packages/airflow/operators/python.py", line 235, in execute
    return_value = self.execute_callable()
                   ^^^^^^^^^^^^^^^^^^^^^^^
  File "/home/airflow/.local/lib/python3.12/site-packages/airflow/operators/python.py", line 252, in execute_callable
    return self.python_callable(*self.op_args, **self.op_kwargs)
           ^^^^^^^^^^^^^^^^^^^^^^^^^^^^^^^^^^^^^^^^^^^^^^^^^^^^^
  File "/opt/airflow/dags/dummyjson_product.py", line 22, in transform_products
    carts = response['carts']
            ~~~~~~~~^^^^^^^^^
TypeError: string indices must be integers, not 'str'
[2024-05-19T11:21:22.181+0000] {taskinstance.py:1206} INFO - Marking task as UP_FOR_RETRY. dag_id=dummyjson_products, task_id=transform_products, run_id=manual__2024-05-19T11:21:06.310410+00:00, execution_date=20240519T112106, start_date=20240519T112121, end_date=20240519T112122
[2024-05-19T11:21:22.200+0000] {standard_task_runner.py:110} ERROR - Failed to execute job 1457 for task transform_products (string indices must be integers, not 'str'; 2602)
[2024-05-19T11:21:22.241+0000] {local_task_job_runner.py:240} INFO - Task exited with return code 1
[2024-05-19T11:21:22.276+0000] {taskinstance.py:3498} INFO - 0 downstream tasks scheduled from follow-on schedule check
[2024-05-19T11:21:22.279+0000] {local_task_job_runner.py:222} INFO - ::endgroup::
