[2024-05-14T09:04:05.896+0000] {local_task_job_runner.py:120} INFO - ::group::Pre task execution logs
[2024-05-14T09:04:05.934+0000] {taskinstance.py:2076} INFO - Dependencies all met for dep_context=non-requeueable deps ti=<TaskInstance: json_to_csv.teachers_transform scheduled__2024-05-14T09:02:00+00:00 [queued]>
[2024-05-14T09:04:05.948+0000] {taskinstance.py:2076} INFO - Dependencies all met for dep_context=requeueable deps ti=<TaskInstance: json_to_csv.teachers_transform scheduled__2024-05-14T09:02:00+00:00 [queued]>
[2024-05-14T09:04:05.949+0000] {taskinstance.py:2306} INFO - Starting attempt 1 of 1
[2024-05-14T09:04:05.979+0000] {taskinstance.py:2330} INFO - Executing <Task(_PythonDecoratedOperator): teachers_transform> on 2024-05-14 09:02:00+00:00
[2024-05-14T09:04:05.990+0000] {warnings.py:110} WARNING - /home/***/.local/lib/python3.12/site-packages/***/task/task_runner/standard_task_runner.py:61: DeprecationWarning: This process (pid=2155) is multi-threaded, use of fork() may lead to deadlocks in the child.
  pid = os.fork()

[2024-05-14T09:04:05.994+0000] {standard_task_runner.py:90} INFO - Running: ['***', 'tasks', 'run', 'json_to_csv', 'teachers_transform', 'scheduled__2024-05-14T09:02:00+00:00', '--job-id', '561', '--raw', '--subdir', 'DAGS_FOLDER/json_to_csv.py', '--cfg-path', '/tmp/tmpeste4eal']
[2024-05-14T09:04:05.999+0000] {standard_task_runner.py:63} INFO - Started process 2160 to run task
[2024-05-14T09:04:05.999+0000] {standard_task_runner.py:91} INFO - Job 561: Subtask teachers_transform
[2024-05-14T09:04:06.078+0000] {task_command.py:426} INFO - Running <TaskInstance: json_to_csv.teachers_transform scheduled__2024-05-14T09:02:00+00:00 [running]> on host c2025ffc2c56
[2024-05-14T09:04:06.255+0000] {taskinstance.py:2648} INFO - Exporting env vars: AIRFLOW_CTX_DAG_OWNER='***' AIRFLOW_CTX_DAG_ID='json_to_csv' AIRFLOW_CTX_TASK_ID='teachers_transform' AIRFLOW_CTX_EXECUTION_DATE='2024-05-14T09:02:00+00:00' AIRFLOW_CTX_TRY_NUMBER='1' AIRFLOW_CTX_DAG_RUN_ID='scheduled__2024-05-14T09:02:00+00:00'
[2024-05-14T09:04:06.259+0000] {taskinstance.py:430} INFO - ::endgroup::
[2024-05-14T09:04:06.260+0000] {python.py:237} INFO - Done. Returned value was: 1,Fariz Luthfan,2020-01-01
2,Farhurrahman Khasan,2029-01-01

[2024-05-14T09:04:06.260+0000] {taskinstance.py:441} INFO - ::group::Post task execution logs
[2024-05-14T09:04:06.287+0000] {taskinstance.py:1206} INFO - Marking task as SUCCESS. dag_id=json_to_csv, task_id=teachers_transform, run_id=scheduled__2024-05-14T09:02:00+00:00, execution_date=20240514T090200, start_date=20240514T090405, end_date=20240514T090406
[2024-05-14T09:04:06.335+0000] {local_task_job_runner.py:240} INFO - Task exited with return code 0
[2024-05-14T09:04:06.397+0000] {taskinstance.py:3498} INFO - 1 downstream tasks scheduled from follow-on schedule check
[2024-05-14T09:04:06.400+0000] {local_task_job_runner.py:222} INFO - ::endgroup::
