[2024-05-15T06:01:35.242+0000] {local_task_job_runner.py:120} INFO - ::group::Pre task execution logs
[2024-05-15T06:01:35.279+0000] {taskinstance.py:2076} INFO - Dependencies all met for dep_context=non-requeueable deps ti=<TaskInstance: demo.airflow scheduled__2024-05-13T00:00:00+00:00 [queued]>
[2024-05-15T06:01:35.295+0000] {taskinstance.py:2076} INFO - Dependencies all met for dep_context=requeueable deps ti=<TaskInstance: demo.airflow scheduled__2024-05-13T00:00:00+00:00 [queued]>
[2024-05-15T06:01:35.296+0000] {taskinstance.py:2306} INFO - Starting attempt 1 of 1
[2024-05-15T06:01:35.318+0000] {taskinstance.py:2330} INFO - Executing <Task(_PythonDecoratedOperator): airflow> on 2024-05-13 00:00:00+00:00
[2024-05-15T06:01:35.328+0000] {warnings.py:110} WARNING - /home/***/.local/lib/python3.12/site-packages/***/task/task_runner/standard_task_runner.py:61: DeprecationWarning: This process (pid=1789) is multi-threaded, use of fork() may lead to deadlocks in the child.
  pid = os.fork()

[2024-05-15T06:01:35.331+0000] {standard_task_runner.py:63} INFO - Started process 1796 to run task
[2024-05-15T06:01:35.332+0000] {standard_task_runner.py:90} INFO - Running: ['***', 'tasks', 'run', 'demo', '***', 'scheduled__2024-05-13T00:00:00+00:00', '--job-id', '994', '--raw', '--subdir', 'DAGS_FOLDER/demo.py', '--cfg-path', '/tmp/tmp_4_h0p3o']
[2024-05-15T06:01:35.336+0000] {standard_task_runner.py:91} INFO - Job 994: Subtask ***
[2024-05-15T06:01:35.412+0000] {task_command.py:426} INFO - Running <TaskInstance: demo.airflow scheduled__2024-05-13T00:00:00+00:00 [running]> on host c2025ffc2c56
[2024-05-15T06:01:35.569+0000] {taskinstance.py:2648} INFO - Exporting env vars: AIRFLOW_CTX_DAG_OWNER='***' AIRFLOW_CTX_DAG_ID='demo' AIRFLOW_CTX_TASK_ID='***' AIRFLOW_CTX_EXECUTION_DATE='2024-05-13T00:00:00+00:00' AIRFLOW_CTX_TRY_NUMBER='1' AIRFLOW_CTX_DAG_RUN_ID='scheduled__2024-05-13T00:00:00+00:00'
[2024-05-15T06:01:35.572+0000] {taskinstance.py:430} INFO - ::endgroup::
[2024-05-15T06:01:35.574+0000] {logging_mixin.py:188} INFO - ***
[2024-05-15T06:01:35.575+0000] {logging_mixin.py:188} INFO - TEST
[2024-05-15T06:01:35.575+0000] {demo.py:20} INFO - TEST
[2024-05-15T06:01:35.576+0000] {demo.py:21} INFO - Here is some standard text.
[2024-05-15T06:01:35.577+0000] {demo.py:22} INFO - ::group::Non important details
[2024-05-15T06:01:35.577+0000] {demo.py:23} INFO - bla
[2024-05-15T06:01:35.578+0000] {demo.py:24} INFO - debug messages...
[2024-05-15T06:01:35.579+0000] {demo.py:25} INFO - ::endgroup::
[2024-05-15T06:01:35.580+0000] {demo.py:26} INFO - Here is again some standard text.
[2024-05-15T06:01:35.582+0000] {python.py:237} INFO - Done. Returned value was: None
[2024-05-15T06:01:35.583+0000] {taskinstance.py:441} INFO - ::group::Post task execution logs
[2024-05-15T06:01:35.597+0000] {taskinstance.py:1206} INFO - Marking task as SUCCESS. dag_id=demo, task_id=***, run_id=scheduled__2024-05-13T00:00:00+00:00, execution_date=20240513T000000, start_date=20240515T060135, end_date=20240515T060135
[2024-05-15T06:01:35.626+0000] {local_task_job_runner.py:240} INFO - Task exited with return code 0
[2024-05-15T06:01:35.653+0000] {taskinstance.py:3498} INFO - 0 downstream tasks scheduled from follow-on schedule check
[2024-05-15T06:01:35.656+0000] {local_task_job_runner.py:222} INFO - ::endgroup::
