[2024-05-19T11:12:33.530+0000] {local_task_job_runner.py:120} INFO - ::group::Pre task execution logs
[2024-05-19T11:12:33.626+0000] {taskinstance.py:2076} INFO - Dependencies all met for dep_context=non-requeueable deps ti=<TaskInstance: dummyjson.is_cart_api_available manual__2024-05-19T11:12:27.201988+00:00 [queued]>
[2024-05-19T11:12:33.647+0000] {taskinstance.py:2076} INFO - Dependencies all met for dep_context=requeueable deps ti=<TaskInstance: dummyjson.is_cart_api_available manual__2024-05-19T11:12:27.201988+00:00 [queued]>
[2024-05-19T11:12:33.649+0000] {taskinstance.py:2306} INFO - Starting attempt 1 of 6
[2024-05-19T11:12:33.685+0000] {taskinstance.py:2330} INFO - Executing <Task(HttpSensor): is_cart_api_available> on 2024-05-19 11:12:27.201988+00:00
[2024-05-19T11:12:33.701+0000] {warnings.py:110} WARNING - /home/***/.local/lib/python3.12/site-packages/***/task/task_runner/standard_task_runner.py:61: DeprecationWarning: This process (pid=2363) is multi-threaded, use of fork() may lead to deadlocks in the child.
  pid = os.fork()

[2024-05-19T11:12:33.705+0000] {standard_task_runner.py:63} INFO - Started process 2370 to run task
[2024-05-19T11:12:33.706+0000] {standard_task_runner.py:90} INFO - Running: ['***', 'tasks', 'run', 'dummyjson', 'is_cart_api_available', 'manual__2024-05-19T11:12:27.201988+00:00', '--job-id', '1414', '--raw', '--subdir', 'DAGS_FOLDER/dummyjson.py', '--cfg-path', '/tmp/tmp5byq_hhe']
[2024-05-19T11:12:33.709+0000] {standard_task_runner.py:91} INFO - Job 1414: Subtask is_cart_api_available
[2024-05-19T11:12:33.819+0000] {task_command.py:426} INFO - Running <TaskInstance: dummyjson.is_cart_api_available manual__2024-05-19T11:12:27.201988+00:00 [running]> on host ca927d78a9ea
[2024-05-19T11:12:34.393+0000] {taskinstance.py:2648} INFO - Exporting env vars: AIRFLOW_CTX_DAG_EMAIL='fathurrahmanhernanda@gmail.com' AIRFLOW_CTX_DAG_OWNER='***' AIRFLOW_CTX_DAG_ID='dummyjson' AIRFLOW_CTX_TASK_ID='is_cart_api_available' AIRFLOW_CTX_EXECUTION_DATE='2024-05-19T11:12:27.201988+00:00' AIRFLOW_CTX_TRY_NUMBER='1' AIRFLOW_CTX_DAG_RUN_ID='manual__2024-05-19T11:12:27.201988+00:00'
[2024-05-19T11:12:34.395+0000] {taskinstance.py:430} INFO - ::endgroup::
[2024-05-19T11:12:34.396+0000] {baseoperator.py:399} WARNING - HttpSensor.execute cannot be called outside TaskInstance!
[2024-05-19T11:12:34.397+0000] {http.py:137} INFO - Poking: /carts/
[2024-05-19T11:12:34.412+0000] {base.py:84} INFO - Using connection ID 'dummyjson_api' for task execution.
[2024-05-19T11:12:36.409+0000] {base.py:294} INFO - Success criteria met. Exiting.
[2024-05-19T11:12:36.411+0000] {taskinstance.py:441} INFO - ::group::Post task execution logs
[2024-05-19T11:12:36.429+0000] {taskinstance.py:1206} INFO - Marking task as SUCCESS. dag_id=dummyjson, task_id=is_cart_api_available, run_id=manual__2024-05-19T11:12:27.201988+00:00, execution_date=20240519T111227, start_date=20240519T111233, end_date=20240519T111236
[2024-05-19T11:12:36.536+0000] {local_task_job_runner.py:240} INFO - Task exited with return code 0
[2024-05-19T11:12:36.553+0000] {local_task_job_runner.py:222} INFO - ::endgroup::
