[2024-05-13T09:59:58.336+0000] {local_task_job_runner.py:120} INFO - ::group::Pre task execution logs
[2024-05-13T09:59:58.524+0000] {taskinstance.py:2076} INFO - Dependencies all met for dep_context=non-requeueable deps ti=<TaskInstance: demo.hello scheduled__2022-02-28T00:00:00+00:00 [queued]>
[2024-05-13T09:59:58.565+0000] {taskinstance.py:2076} INFO - Dependencies all met for dep_context=requeueable deps ti=<TaskInstance: demo.hello scheduled__2022-02-28T00:00:00+00:00 [queued]>
[2024-05-13T09:59:58.571+0000] {taskinstance.py:2306} INFO - Starting attempt 1 of 1
[2024-05-13T09:59:58.658+0000] {taskinstance.py:2330} INFO - Executing <Task(BashOperator): hello> on 2022-02-28 00:00:00+00:00
[2024-05-13T09:59:58.673+0000] {warnings.py:110} WARNING - /home/***/.local/lib/python3.12/site-packages/***/task/task_runner/standard_task_runner.py:61: DeprecationWarning: This process (pid=963) is multi-threaded, use of fork() may lead to deadlocks in the child.
  pid = os.fork()

[2024-05-13T09:59:58.681+0000] {standard_task_runner.py:63} INFO - Started process 1012 to run task
[2024-05-13T09:59:58.715+0000] {standard_task_runner.py:90} INFO - Running: ['***', 'tasks', 'run', 'demo', 'hello', 'scheduled__2022-02-28T00:00:00+00:00', '--job-id', '111', '--raw', '--subdir', 'DAGS_FOLDER/demo.py', '--cfg-path', '/tmp/tmps2bypdnr']
[2024-05-13T09:59:58.730+0000] {standard_task_runner.py:91} INFO - Job 111: Subtask hello
[2024-05-13T09:59:59.073+0000] {task_command.py:426} INFO - Running <TaskInstance: demo.hello scheduled__2022-02-28T00:00:00+00:00 [running]> on host c2025ffc2c56
[2024-05-13T09:59:59.806+0000] {taskinstance.py:2648} INFO - Exporting env vars: AIRFLOW_CTX_DAG_OWNER='***' AIRFLOW_CTX_DAG_ID='demo' AIRFLOW_CTX_TASK_ID='hello' AIRFLOW_CTX_EXECUTION_DATE='2022-02-28T00:00:00+00:00' AIRFLOW_CTX_TRY_NUMBER='1' AIRFLOW_CTX_DAG_RUN_ID='scheduled__2022-02-28T00:00:00+00:00'
[2024-05-13T09:59:59.813+0000] {taskinstance.py:430} INFO - ::endgroup::
[2024-05-13T09:59:59.815+0000] {subprocess.py:63} INFO - Tmp dir root location: /tmp
[2024-05-13T09:59:59.818+0000] {subprocess.py:75} INFO - Running command: ['/usr/bin/bash', '-c', 'echo hello']
[2024-05-13T09:59:59.884+0000] {subprocess.py:86} INFO - Output:
[2024-05-13T09:59:59.892+0000] {subprocess.py:93} INFO - hello
[2024-05-13T09:59:59.893+0000] {subprocess.py:97} INFO - Command exited with return code 0
[2024-05-13T09:59:59.895+0000] {taskinstance.py:441} INFO - ::group::Post task execution logs
[2024-05-13T10:00:00.085+0000] {taskinstance.py:1206} INFO - Marking task as SUCCESS. dag_id=demo, task_id=hello, run_id=scheduled__2022-02-28T00:00:00+00:00, execution_date=20220228T000000, start_date=20240513T095958, end_date=20240513T100000
[2024-05-13T10:00:00.714+0000] {local_task_job_runner.py:240} INFO - Task exited with return code 0
[2024-05-13T10:00:00.822+0000] {local_task_job_runner.py:222} INFO - ::endgroup::
