[2024-05-19T14:03:05.536+0000] {local_task_job_runner.py:120} INFO - ::group::Pre task execution logs
[2024-05-19T14:03:05.567+0000] {taskinstance.py:2076} INFO - Dependencies all met for dep_context=non-requeueable deps ti=<TaskInstance: extract_products_from_api.upload_to_gcs manual__2024-05-19T14:02:53.457950+00:00 [queued]>
[2024-05-19T14:03:05.578+0000] {taskinstance.py:2076} INFO - Dependencies all met for dep_context=requeueable deps ti=<TaskInstance: extract_products_from_api.upload_to_gcs manual__2024-05-19T14:02:53.457950+00:00 [queued]>
[2024-05-19T14:03:05.579+0000] {taskinstance.py:2306} INFO - Starting attempt 1 of 4
[2024-05-19T14:03:05.599+0000] {taskinstance.py:2330} INFO - Executing <Task(PythonOperator): upload_to_gcs> on 2024-05-19 14:02:53.457950+00:00
[2024-05-19T14:03:05.609+0000] {warnings.py:110} WARNING - /home/***/.local/lib/python3.12/site-packages/***/task/task_runner/standard_task_runner.py:61: DeprecationWarning: This process (pid=402) is multi-threaded, use of fork() may lead to deadlocks in the child.
  pid = os.fork()

[2024-05-19T14:03:05.612+0000] {standard_task_runner.py:63} INFO - Started process 404 to run task
[2024-05-19T14:03:05.613+0000] {standard_task_runner.py:90} INFO - Running: ['***', 'tasks', 'run', 'extract_products_from_api', 'upload_to_gcs', 'manual__2024-05-19T14:02:53.457950+00:00', '--job-id', '1901', '--raw', '--subdir', 'DAGS_FOLDER/dummyjson_product.py', '--cfg-path', '/tmp/tmp07lsijwq']
[2024-05-19T14:03:05.615+0000] {standard_task_runner.py:91} INFO - Job 1901: Subtask upload_to_gcs
[2024-05-19T14:03:05.710+0000] {task_command.py:426} INFO - Running <TaskInstance: extract_products_from_api.upload_to_gcs manual__2024-05-19T14:02:53.457950+00:00 [running]> on host ca927d78a9ea
[2024-05-19T14:03:05.846+0000] {taskinstance.py:2648} INFO - Exporting env vars: AIRFLOW_CTX_DAG_EMAIL='your_email@example.com' AIRFLOW_CTX_DAG_OWNER='***' AIRFLOW_CTX_DAG_ID='extract_products_from_api' AIRFLOW_CTX_TASK_ID='upload_to_gcs' AIRFLOW_CTX_EXECUTION_DATE='2024-05-19T14:02:53.457950+00:00' AIRFLOW_CTX_TRY_NUMBER='1' AIRFLOW_CTX_DAG_RUN_ID='manual__2024-05-19T14:02:53.457950+00:00'
[2024-05-19T14:03:05.849+0000] {taskinstance.py:430} INFO - ::endgroup::
[2024-05-19T14:03:05.851+0000] {baseoperator.py:399} WARNING - LocalFilesystemToGCSOperator.execute cannot be called outside TaskInstance!
[2024-05-19T14:03:06.248+0000] {connection.py:274} WARNING - Connection schemes (type: google_cloud_platform) shall not contain '_' according to RFC3986.
[2024-05-19T14:03:06.254+0000] {base.py:84} INFO - Using connection ID '***GCP' for task execution.
[2024-05-19T14:03:08.064+0000] {gcs.py:556} INFO - File /opt/***/dags/playground/target/dummyjson/products.csv uploaded to products.csv in weekly-assignment-6 bucket
[2024-05-19T14:03:08.065+0000] {python.py:237} INFO - Done. Returned value was: None
[2024-05-19T14:03:08.070+0000] {taskinstance.py:441} INFO - ::group::Post task execution logs
[2024-05-19T14:03:08.097+0000] {taskinstance.py:1206} INFO - Marking task as SUCCESS. dag_id=extract_products_from_api, task_id=upload_to_gcs, run_id=manual__2024-05-19T14:02:53.457950+00:00, execution_date=20240519T140253, start_date=20240519T140305, end_date=20240519T140308
[2024-05-19T14:03:08.160+0000] {local_task_job_runner.py:240} INFO - Task exited with return code 0
[2024-05-19T14:03:08.203+0000] {taskinstance.py:3498} INFO - 1 downstream tasks scheduled from follow-on schedule check
[2024-05-19T14:03:08.207+0000] {local_task_job_runner.py:222} INFO - ::endgroup::
