[2024-05-16T10:05:44.667+0000] {local_task_job_runner.py:120} INFO - ::group::Pre task execution logs
[2024-05-16T10:05:44.698+0000] {taskinstance.py:2076} INFO - Dependencies all met for dep_context=non-requeueable deps ti=<TaskInstance: randomuser_ingestion.extract_user scheduled__2024-05-01T13:00:00+00:00 [queued]>
[2024-05-16T10:05:44.712+0000] {taskinstance.py:2076} INFO - Dependencies all met for dep_context=requeueable deps ti=<TaskInstance: randomuser_ingestion.extract_user scheduled__2024-05-01T13:00:00+00:00 [queued]>
[2024-05-16T10:05:44.714+0000] {taskinstance.py:2306} INFO - Starting attempt 3 of 3
[2024-05-16T10:05:44.737+0000] {taskinstance.py:2330} INFO - Executing <Task(SimpleHttpOperator): extract_user> on 2024-05-01 13:00:00+00:00
[2024-05-16T10:05:44.747+0000] {warnings.py:110} WARNING - /home/***/.local/lib/python3.12/site-packages/***/task/task_runner/standard_task_runner.py:61: DeprecationWarning: This process (pid=752) is multi-threaded, use of fork() may lead to deadlocks in the child.
  pid = os.fork()

[2024-05-16T10:05:44.750+0000] {standard_task_runner.py:63} INFO - Started process 754 to run task
[2024-05-16T10:05:44.750+0000] {standard_task_runner.py:90} INFO - Running: ['***', 'tasks', 'run', 'randomuser_ingestion', 'extract_user', 'scheduled__2024-05-01T13:00:00+00:00', '--job-id', '1056', '--raw', '--subdir', 'DAGS_FOLDER/randomuser_ingestion.py', '--cfg-path', '/tmp/tmpmvq5on_x']
[2024-05-16T10:05:44.754+0000] {standard_task_runner.py:91} INFO - Job 1056: Subtask extract_user
[2024-05-16T10:05:44.830+0000] {task_command.py:426} INFO - Running <TaskInstance: randomuser_ingestion.extract_user scheduled__2024-05-01T13:00:00+00:00 [running]> on host 8d1d9b6df744
[2024-05-16T10:05:44.969+0000] {taskinstance.py:2648} INFO - Exporting env vars: AIRFLOW_CTX_DAG_OWNER='***' AIRFLOW_CTX_DAG_ID='randomuser_ingestion' AIRFLOW_CTX_TASK_ID='extract_user' AIRFLOW_CTX_EXECUTION_DATE='2024-05-01T13:00:00+00:00' AIRFLOW_CTX_TRY_NUMBER='3' AIRFLOW_CTX_DAG_RUN_ID='scheduled__2024-05-01T13:00:00+00:00'
[2024-05-16T10:05:44.972+0000] {taskinstance.py:430} INFO - ::endgroup::
[2024-05-16T10:05:44.974+0000] {http.py:169} INFO - Calling HTTP method
[2024-05-16T10:05:44.986+0000] {base.py:84} INFO - Using connection ID 'randomuser_api' for task execution.
[2024-05-16T10:05:45.000+0000] {base.py:84} INFO - Using connection ID 'randomuser_api' for task execution.
[2024-05-16T10:05:46.736+0000] {taskinstance.py:441} INFO - ::group::Post task execution logs
[2024-05-16T10:05:46.772+0000] {taskinstance.py:1206} INFO - Marking task as SUCCESS. dag_id=randomuser_ingestion, task_id=extract_user, run_id=scheduled__2024-05-01T13:00:00+00:00, execution_date=20240501T130000, start_date=20240516T100544, end_date=20240516T100546
[2024-05-16T10:05:46.815+0000] {local_task_job_runner.py:240} INFO - Task exited with return code 0
[2024-05-16T10:05:46.844+0000] {taskinstance.py:3498} INFO - 0 downstream tasks scheduled from follow-on schedule check
[2024-05-16T10:05:46.848+0000] {local_task_job_runner.py:222} INFO - ::endgroup::
