[2024-05-16T09:56:19.646+0000] {local_task_job_runner.py:120} INFO - ::group::Pre task execution logs
[2024-05-16T09:56:19.678+0000] {taskinstance.py:2076} INFO - Dependencies all met for dep_context=non-requeueable deps ti=<TaskInstance: randomuser_ingestion.extract_user scheduled__2024-05-01T13:00:00+00:00 [queued]>
[2024-05-16T09:56:19.694+0000] {taskinstance.py:2076} INFO - Dependencies all met for dep_context=requeueable deps ti=<TaskInstance: randomuser_ingestion.extract_user scheduled__2024-05-01T13:00:00+00:00 [queued]>
[2024-05-16T09:56:19.696+0000] {taskinstance.py:2306} INFO - Starting attempt 1 of 1
[2024-05-16T09:56:19.718+0000] {taskinstance.py:2330} INFO - Executing <Task(SimpleHttpOperator): extract_user> on 2024-05-01 13:00:00+00:00
[2024-05-16T09:56:19.733+0000] {warnings.py:110} WARNING - /home/***/.local/lib/python3.12/site-packages/***/task/task_runner/standard_task_runner.py:61: DeprecationWarning: This process (pid=622) is multi-threaded, use of fork() may lead to deadlocks in the child.
  pid = os.fork()

[2024-05-16T09:56:19.736+0000] {standard_task_runner.py:63} INFO - Started process 624 to run task
[2024-05-16T09:56:19.736+0000] {standard_task_runner.py:90} INFO - Running: ['***', 'tasks', 'run', 'randomuser_ingestion', 'extract_user', 'scheduled__2024-05-01T13:00:00+00:00', '--job-id', '1050', '--raw', '--subdir', 'DAGS_FOLDER/randomuser_ingestion.py', '--cfg-path', '/tmp/tmp55o7jwpc']
[2024-05-16T09:56:19.744+0000] {standard_task_runner.py:91} INFO - Job 1050: Subtask extract_user
[2024-05-16T09:56:19.823+0000] {task_command.py:426} INFO - Running <TaskInstance: randomuser_ingestion.extract_user scheduled__2024-05-01T13:00:00+00:00 [running]> on host 8d1d9b6df744
[2024-05-16T09:56:19.966+0000] {taskinstance.py:2648} INFO - Exporting env vars: AIRFLOW_CTX_DAG_OWNER='***' AIRFLOW_CTX_DAG_ID='randomuser_ingestion' AIRFLOW_CTX_TASK_ID='extract_user' AIRFLOW_CTX_EXECUTION_DATE='2024-05-01T13:00:00+00:00' AIRFLOW_CTX_TRY_NUMBER='1' AIRFLOW_CTX_DAG_RUN_ID='scheduled__2024-05-01T13:00:00+00:00'
[2024-05-16T09:56:19.971+0000] {taskinstance.py:430} INFO - ::endgroup::
[2024-05-16T09:56:19.972+0000] {http.py:169} INFO - Calling HTTP method
[2024-05-16T09:56:19.993+0000] {taskinstance.py:441} INFO - ::group::Post task execution logs
[2024-05-16T09:56:20.016+0000] {taskinstance.py:2905} ERROR - Task failed with exception
Traceback (most recent call last):
  File "/home/airflow/.local/lib/python3.12/site-packages/airflow/models/taskinstance.py", line 465, in _execute_task
    result = _execute_callable(context=context, **execute_callable_kwargs)
             ^^^^^^^^^^^^^^^^^^^^^^^^^^^^^^^^^^^^^^^^^^^^^^^^^^^^^^^^^^^^^
  File "/home/airflow/.local/lib/python3.12/site-packages/airflow/models/taskinstance.py", line 432, in _execute_callable
    return execute_callable(context=context, **execute_callable_kwargs)
           ^^^^^^^^^^^^^^^^^^^^^^^^^^^^^^^^^^^^^^^^^^^^^^^^^^^^^^^^^^^^
  File "/home/airflow/.local/lib/python3.12/site-packages/airflow/models/baseoperator.py", line 400, in wrapper
    return func(self, *args, **kwargs)
           ^^^^^^^^^^^^^^^^^^^^^^^^^^^
  File "/home/airflow/.local/lib/python3.12/site-packages/airflow/providers/http/operators/http.py", line 166, in execute
    return self.execute_sync(context=context)
           ^^^^^^^^^^^^^^^^^^^^^^^^^^^^^^^^^^
  File "/home/airflow/.local/lib/python3.12/site-packages/airflow/providers/http/operators/http.py", line 170, in execute_sync
    response = self.hook.run(self.endpoint, self.data, self.headers, self.extra_options)
               ^^^^^^^^^
  File "/home/airflow/.local/lib/python3.12/site-packages/airflow/providers/http/operators/http.py", line 148, in hook
    conn = BaseHook.get_connection(conn_id)
           ^^^^^^^^^^^^^^^^^^^^^^^^^^^^^^^^
  File "/home/airflow/.local/lib/python3.12/site-packages/airflow/hooks/base.py", line 83, in get_connection
    conn = Connection.get_connection_from_secrets(conn_id)
           ^^^^^^^^^^^^^^^^^^^^^^^^^^^^^^^^^^^^^^^^^^^^^^^
  File "/home/airflow/.local/lib/python3.12/site-packages/airflow/models/connection.py", line 519, in get_connection_from_secrets
    raise AirflowNotFoundException(f"The conn_id `{conn_id}` isn't defined")
airflow.exceptions.AirflowNotFoundException: The conn_id `http_default` isn't defined
[2024-05-16T09:56:20.025+0000] {taskinstance.py:1206} INFO - Marking task as FAILED. dag_id=randomuser_ingestion, task_id=extract_user, run_id=scheduled__2024-05-01T13:00:00+00:00, execution_date=20240501T130000, start_date=20240516T095619, end_date=20240516T095620
[2024-05-16T09:56:20.057+0000] {standard_task_runner.py:110} ERROR - Failed to execute job 1050 for task extract_user (The conn_id `http_default` isn't defined; 624)
[2024-05-16T09:56:20.114+0000] {local_task_job_runner.py:240} INFO - Task exited with return code 1
[2024-05-16T09:56:20.135+0000] {taskinstance.py:3498} INFO - 0 downstream tasks scheduled from follow-on schedule check
[2024-05-16T09:56:20.137+0000] {local_task_job_runner.py:222} INFO - ::endgroup::
