[2024-05-13T14:50:05.409+0000] {local_task_job_runner.py:120} INFO - ::group::Pre task execution logs
[2024-05-13T14:50:05.444+0000] {taskinstance.py:2076} INFO - Dependencies all met for dep_context=non-requeueable deps ti=<TaskInstance: students.transform scheduled__2024-05-13T14:48:00+00:00 [queued]>
[2024-05-13T14:50:05.459+0000] {taskinstance.py:2076} INFO - Dependencies all met for dep_context=requeueable deps ti=<TaskInstance: students.transform scheduled__2024-05-13T14:48:00+00:00 [queued]>
[2024-05-13T14:50:05.465+0000] {taskinstance.py:2306} INFO - Starting attempt 1 of 1
[2024-05-13T14:50:05.490+0000] {taskinstance.py:2330} INFO - Executing <Task(_PythonDecoratedOperator): transform> on 2024-05-13 14:48:00+00:00
[2024-05-13T14:50:05.499+0000] {warnings.py:110} WARNING - /home/***/.local/lib/python3.12/site-packages/***/task/task_runner/standard_task_runner.py:61: DeprecationWarning: This process (pid=1553) is multi-threaded, use of fork() may lead to deadlocks in the child.
  pid = os.fork()

[2024-05-13T14:50:05.501+0000] {standard_task_runner.py:63} INFO - Started process 1555 to run task
[2024-05-13T14:50:05.502+0000] {standard_task_runner.py:90} INFO - Running: ['***', 'tasks', 'run', 'students', 'transform', 'scheduled__2024-05-13T14:48:00+00:00', '--job-id', '269', '--raw', '--subdir', 'DAGS_FOLDER/students.py', '--cfg-path', '/tmp/tmpqtcmhz3q']
[2024-05-13T14:50:05.507+0000] {standard_task_runner.py:91} INFO - Job 269: Subtask transform
[2024-05-13T14:50:05.594+0000] {task_command.py:426} INFO - Running <TaskInstance: students.transform scheduled__2024-05-13T14:48:00+00:00 [running]> on host c2025ffc2c56
[2024-05-13T14:50:05.752+0000] {taskinstance.py:2648} INFO - Exporting env vars: AIRFLOW_CTX_DAG_OWNER='***' AIRFLOW_CTX_DAG_ID='students' AIRFLOW_CTX_TASK_ID='transform' AIRFLOW_CTX_EXECUTION_DATE='2024-05-13T14:48:00+00:00' AIRFLOW_CTX_TRY_NUMBER='1' AIRFLOW_CTX_DAG_RUN_ID='scheduled__2024-05-13T14:48:00+00:00'
[2024-05-13T14:50:05.754+0000] {taskinstance.py:430} INFO - ::endgroup::
[2024-05-13T14:50:05.755+0000] {python.py:237} INFO - Done. Returned value was: 1,Fariz Wakan
2,Fathurrahman Hernanda

[2024-05-13T14:50:05.756+0000] {taskinstance.py:441} INFO - ::group::Post task execution logs
[2024-05-13T14:50:05.780+0000] {taskinstance.py:1206} INFO - Marking task as SUCCESS. dag_id=students, task_id=transform, run_id=scheduled__2024-05-13T14:48:00+00:00, execution_date=20240513T144800, start_date=20240513T145005, end_date=20240513T145005
[2024-05-13T14:50:05.838+0000] {local_task_job_runner.py:240} INFO - Task exited with return code 0
[2024-05-13T14:50:05.907+0000] {taskinstance.py:3498} INFO - 1 downstream tasks scheduled from follow-on schedule check
[2024-05-13T14:50:05.913+0000] {local_task_job_runner.py:222} INFO - ::endgroup::
