[2024-05-19T12:21:40.327+0000] {local_task_job_runner.py:120} INFO - ::group::Pre task execution logs
[2024-05-19T12:21:40.357+0000] {taskinstance.py:2076} INFO - Dependencies all met for dep_context=non-requeueable deps ti=<TaskInstance: dummyjson_products.write_to_csv manual__2024-05-19T12:21:31.218589+00:00 [queued]>
[2024-05-19T12:21:40.369+0000] {taskinstance.py:2076} INFO - Dependencies all met for dep_context=requeueable deps ti=<TaskInstance: dummyjson_products.write_to_csv manual__2024-05-19T12:21:31.218589+00:00 [queued]>
[2024-05-19T12:21:40.370+0000] {taskinstance.py:2306} INFO - Starting attempt 1 of 6
[2024-05-19T12:21:40.398+0000] {taskinstance.py:2330} INFO - Executing <Task(PythonOperator): write_to_csv> on 2024-05-19 12:21:31.218589+00:00
[2024-05-19T12:21:40.409+0000] {warnings.py:110} WARNING - /home/***/.local/lib/python3.12/site-packages/***/task/task_runner/standard_task_runner.py:61: DeprecationWarning: This process (pid=3989) is multi-threaded, use of fork() may lead to deadlocks in the child.
  pid = os.fork()

[2024-05-19T12:21:40.412+0000] {standard_task_runner.py:63} INFO - Started process 3998 to run task
[2024-05-19T12:21:40.412+0000] {standard_task_runner.py:90} INFO - Running: ['***', 'tasks', 'run', 'dummyjson_products', 'write_to_csv', 'manual__2024-05-19T12:21:31.218589+00:00', '--job-id', '1673', '--raw', '--subdir', 'DAGS_FOLDER/dummyjson_product.py', '--cfg-path', '/tmp/tmpcgcpwj_m']
[2024-05-19T12:21:40.416+0000] {standard_task_runner.py:91} INFO - Job 1673: Subtask write_to_csv
[2024-05-19T12:21:40.500+0000] {task_command.py:426} INFO - Running <TaskInstance: dummyjson_products.write_to_csv manual__2024-05-19T12:21:31.218589+00:00 [running]> on host ca927d78a9ea
[2024-05-19T12:21:41.053+0000] {taskinstance.py:2648} INFO - Exporting env vars: AIRFLOW_CTX_DAG_EMAIL='your.email@example.com' AIRFLOW_CTX_DAG_OWNER='***' AIRFLOW_CTX_DAG_ID='dummyjson_products' AIRFLOW_CTX_TASK_ID='write_to_csv' AIRFLOW_CTX_EXECUTION_DATE='2024-05-19T12:21:31.218589+00:00' AIRFLOW_CTX_TRY_NUMBER='1' AIRFLOW_CTX_DAG_RUN_ID='manual__2024-05-19T12:21:31.218589+00:00'
[2024-05-19T12:21:41.055+0000] {taskinstance.py:430} INFO - ::endgroup::
[2024-05-19T12:21:41.056+0000] {taskinstance.py:441} INFO - ::group::Post task execution logs
[2024-05-19T12:21:41.057+0000] {taskinstance.py:2905} ERROR - Task failed with exception
Traceback (most recent call last):
  File "/home/airflow/.local/lib/python3.12/site-packages/airflow/models/taskinstance.py", line 465, in _execute_task
    result = _execute_callable(context=context, **execute_callable_kwargs)
             ^^^^^^^^^^^^^^^^^^^^^^^^^^^^^^^^^^^^^^^^^^^^^^^^^^^^^^^^^^^^^
  File "/home/airflow/.local/lib/python3.12/site-packages/airflow/models/taskinstance.py", line 432, in _execute_callable
    return execute_callable(context=context, **execute_callable_kwargs)
           ^^^^^^^^^^^^^^^^^^^^^^^^^^^^^^^^^^^^^^^^^^^^^^^^^^^^^^^^^^^^
  File "/home/airflow/.local/lib/python3.12/site-packages/airflow/models/baseoperator.py", line 400, in wrapper
    return func(self, *args, **kwargs)
           ^^^^^^^^^^^^^^^^^^^^^^^^^^^
  File "/home/airflow/.local/lib/python3.12/site-packages/airflow/operators/python.py", line 235, in execute
    return_value = self.execute_callable()
                   ^^^^^^^^^^^^^^^^^^^^^^^
  File "/home/airflow/.local/lib/python3.12/site-packages/airflow/operators/python.py", line 252, in execute_callable
    return self.python_callable(*self.op_args, **self.op_kwargs)
           ^^^^^^^^^^^^^^^^^^^^^^^^^^^^^^^^^^^^^^^^^^^^^^^^^^^^^
TypeError: write_to_csv_generic() missing 1 required positional argument: 'products'
[2024-05-19T12:21:41.074+0000] {taskinstance.py:1206} INFO - Marking task as UP_FOR_RETRY. dag_id=dummyjson_products, task_id=write_to_csv, run_id=manual__2024-05-19T12:21:31.218589+00:00, execution_date=20240519T122131, start_date=20240519T122140, end_date=20240519T122141
[2024-05-19T12:21:41.100+0000] {standard_task_runner.py:110} ERROR - Failed to execute job 1673 for task write_to_csv (write_to_csv_generic() missing 1 required positional argument: 'products'; 3998)
[2024-05-19T12:21:41.149+0000] {local_task_job_runner.py:240} INFO - Task exited with return code 1
[2024-05-19T12:21:41.200+0000] {taskinstance.py:3498} INFO - 0 downstream tasks scheduled from follow-on schedule check
[2024-05-19T12:21:41.204+0000] {local_task_job_runner.py:222} INFO - ::endgroup::
