[2024-05-19T12:38:47.898+0000] {local_task_job_runner.py:120} INFO - ::group::Pre task execution logs
[2024-05-19T12:38:47.922+0000] {taskinstance.py:2076} INFO - Dependencies all met for dep_context=non-requeueable deps ti=<TaskInstance: extract_products_from_api.is_api_available manual__2024-05-19T12:38:44.039386+00:00 [queued]>
[2024-05-19T12:38:47.934+0000] {taskinstance.py:2076} INFO - Dependencies all met for dep_context=requeueable deps ti=<TaskInstance: extract_products_from_api.is_api_available manual__2024-05-19T12:38:44.039386+00:00 [queued]>
[2024-05-19T12:38:47.936+0000] {taskinstance.py:2306} INFO - Starting attempt 1 of 6
[2024-05-19T12:38:47.956+0000] {taskinstance.py:2330} INFO - Executing <Task(HttpSensor): is_api_available> on 2024-05-19 12:38:44.039386+00:00
[2024-05-19T12:38:47.965+0000] {warnings.py:110} WARNING - /home/***/.local/lib/python3.12/site-packages/***/task/task_runner/standard_task_runner.py:61: DeprecationWarning: This process (pid=4396) is multi-threaded, use of fork() may lead to deadlocks in the child.
  pid = os.fork()

[2024-05-19T12:38:47.967+0000] {standard_task_runner.py:63} INFO - Started process 4398 to run task
[2024-05-19T12:38:47.968+0000] {standard_task_runner.py:90} INFO - Running: ['***', 'tasks', 'run', 'extract_products_from_api', 'is_api_available', 'manual__2024-05-19T12:38:44.039386+00:00', '--job-id', '1738', '--raw', '--subdir', 'DAGS_FOLDER/dummyjson_product.py', '--cfg-path', '/tmp/tmpcyjvcfrl']
[2024-05-19T12:38:47.970+0000] {standard_task_runner.py:91} INFO - Job 1738: Subtask is_api_available
[2024-05-19T12:38:48.042+0000] {task_command.py:426} INFO - Running <TaskInstance: extract_products_from_api.is_api_available manual__2024-05-19T12:38:44.039386+00:00 [running]> on host ca927d78a9ea
[2024-05-19T12:38:48.487+0000] {taskinstance.py:2648} INFO - Exporting env vars: AIRFLOW_CTX_DAG_EMAIL='fathurrahmanhernanda@gmail.com' AIRFLOW_CTX_DAG_OWNER='***' AIRFLOW_CTX_DAG_ID='extract_products_from_api' AIRFLOW_CTX_TASK_ID='is_api_available' AIRFLOW_CTX_EXECUTION_DATE='2024-05-19T12:38:44.039386+00:00' AIRFLOW_CTX_TRY_NUMBER='1' AIRFLOW_CTX_DAG_RUN_ID='manual__2024-05-19T12:38:44.039386+00:00'
[2024-05-19T12:38:48.491+0000] {taskinstance.py:430} INFO - ::endgroup::
[2024-05-19T12:38:48.495+0000] {baseoperator.py:399} WARNING - HttpSensor.execute cannot be called outside TaskInstance!
[2024-05-19T12:38:48.496+0000] {http.py:137} INFO - Poking: /carts/
[2024-05-19T12:38:48.514+0000] {base.py:84} INFO - Using connection ID 'dummyjson_api' for task execution.
[2024-05-19T12:38:50.218+0000] {base.py:294} INFO - Success criteria met. Exiting.
[2024-05-19T12:38:50.220+0000] {taskinstance.py:441} INFO - ::group::Post task execution logs
[2024-05-19T12:38:50.235+0000] {taskinstance.py:1206} INFO - Marking task as SUCCESS. dag_id=extract_products_from_api, task_id=is_api_available, run_id=manual__2024-05-19T12:38:44.039386+00:00, execution_date=20240519T123844, start_date=20240519T123847, end_date=20240519T123850
[2024-05-19T12:38:50.278+0000] {local_task_job_runner.py:240} INFO - Task exited with return code 0
[2024-05-19T12:38:50.296+0000] {warnings.py:110} WARNING - /home/***/.local/lib/python3.12/site-packages/***/models/baseoperator.py:1296: AirflowProviderDeprecationWarning: Call to deprecated class SimpleHttpOperator. (Class `SimpleHttpOperator` is deprecated and will be removed in a future release. Please use `HttpOperator` instead.)
  result = cls.__new__(cls)

[2024-05-19T12:38:50.537+0000] {taskinstance.py:3498} INFO - 1 downstream tasks scheduled from follow-on schedule check
[2024-05-19T12:38:50.540+0000] {local_task_job_runner.py:222} INFO - ::endgroup::
