[2024-05-18T15:52:41.264+0000] {local_task_job_runner.py:120} INFO - ::group::Pre task execution logs
[2024-05-18T15:52:41.288+0000] {taskinstance.py:2076} INFO - Dependencies all met for dep_context=non-requeueable deps ti=<TaskInstance: dummyjson_ingestion.is_api_available manual__2024-05-18T15:52:38.427649+00:00 [queued]>
[2024-05-18T15:52:41.298+0000] {taskinstance.py:2076} INFO - Dependencies all met for dep_context=requeueable deps ti=<TaskInstance: dummyjson_ingestion.is_api_available manual__2024-05-18T15:52:38.427649+00:00 [queued]>
[2024-05-18T15:52:41.299+0000] {taskinstance.py:2306} INFO - Starting attempt 1 of 6
[2024-05-18T15:52:41.318+0000] {taskinstance.py:2330} INFO - Executing <Task(HttpSensor): is_api_available> on 2024-05-18 15:52:38.427649+00:00
[2024-05-18T15:52:41.325+0000] {warnings.py:110} WARNING - /home/***/.local/lib/python3.12/site-packages/***/task/task_runner/standard_task_runner.py:61: DeprecationWarning: This process (pid=1216) is multi-threaded, use of fork() may lead to deadlocks in the child.
  pid = os.fork()

[2024-05-18T15:52:41.328+0000] {standard_task_runner.py:63} INFO - Started process 1219 to run task
[2024-05-18T15:52:41.328+0000] {standard_task_runner.py:90} INFO - Running: ['***', 'tasks', 'run', 'dummyjson_ingestion', 'is_api_available', 'manual__2024-05-18T15:52:38.427649+00:00', '--job-id', '1180', '--raw', '--subdir', 'DAGS_FOLDER/dummyjson_ingestion.py', '--cfg-path', '/tmp/tmpckwd75cl']
[2024-05-18T15:52:41.331+0000] {standard_task_runner.py:91} INFO - Job 1180: Subtask is_api_available
[2024-05-18T15:52:41.395+0000] {task_command.py:426} INFO - Running <TaskInstance: dummyjson_ingestion.is_api_available manual__2024-05-18T15:52:38.427649+00:00 [running]> on host 8d1d9b6df744
[2024-05-18T15:52:41.536+0000] {taskinstance.py:2648} INFO - Exporting env vars: AIRFLOW_CTX_DAG_EMAIL='fathurrahmanhernanda@gmail.com' AIRFLOW_CTX_DAG_OWNER='***' AIRFLOW_CTX_DAG_ID='dummyjson_ingestion' AIRFLOW_CTX_TASK_ID='is_api_available' AIRFLOW_CTX_EXECUTION_DATE='2024-05-18T15:52:38.427649+00:00' AIRFLOW_CTX_TRY_NUMBER='1' AIRFLOW_CTX_DAG_RUN_ID='manual__2024-05-18T15:52:38.427649+00:00'
[2024-05-18T15:52:41.539+0000] {taskinstance.py:430} INFO - ::endgroup::
[2024-05-18T15:52:41.540+0000] {baseoperator.py:399} WARNING - HttpSensor.execute cannot be called outside TaskInstance!
[2024-05-18T15:52:41.541+0000] {http.py:137} INFO - Poking: /users/
[2024-05-18T15:52:41.559+0000] {base.py:84} INFO - Using connection ID 'dummyjson_api' for task execution.
[2024-05-18T15:52:43.602+0000] {base.py:294} INFO - Success criteria met. Exiting.
[2024-05-18T15:52:43.603+0000] {taskinstance.py:441} INFO - ::group::Post task execution logs
[2024-05-18T15:52:43.618+0000] {taskinstance.py:1206} INFO - Marking task as SUCCESS. dag_id=dummyjson_ingestion, task_id=is_api_available, run_id=manual__2024-05-18T15:52:38.427649+00:00, execution_date=20240518T155238, start_date=20240518T155241, end_date=20240518T155243
[2024-05-18T15:52:43.674+0000] {local_task_job_runner.py:240} INFO - Task exited with return code 0
[2024-05-18T15:52:43.690+0000] {warnings.py:110} WARNING - /home/***/.local/lib/python3.12/site-packages/***/models/baseoperator.py:1296: AirflowProviderDeprecationWarning: Call to deprecated class SimpleHttpOperator. (Class `SimpleHttpOperator` is deprecated and will be removed in a future release. Please use `HttpOperator` instead.)
  result = cls.__new__(cls)

[2024-05-18T15:52:43.703+0000] {dagrun.py:941} ERROR - Failed to get task for ti <TaskInstance: dummyjson_ingestion.transform_user manual__2024-05-18T15:52:38.427649+00:00 [up_for_retry]>. Marking it as removed.
[2024-05-18T15:52:43.723+0000] {taskinstance.py:3498} INFO - 1 downstream tasks scheduled from follow-on schedule check
[2024-05-18T15:52:43.726+0000] {local_task_job_runner.py:222} INFO - ::endgroup::
