[2024-05-13T09:58:07.098+0000] {local_task_job_runner.py:120} INFO - ::group::Pre task execution logs
[2024-05-13T09:58:07.217+0000] {taskinstance.py:2076} INFO - Dependencies all met for dep_context=non-requeueable deps ti=<TaskInstance: demo.hello scheduled__2022-01-13T00:00:00+00:00 [queued]>
[2024-05-13T09:58:07.243+0000] {taskinstance.py:2076} INFO - Dependencies all met for dep_context=requeueable deps ti=<TaskInstance: demo.hello scheduled__2022-01-13T00:00:00+00:00 [queued]>
[2024-05-13T09:58:07.252+0000] {taskinstance.py:2306} INFO - Starting attempt 1 of 1
[2024-05-13T09:58:08.111+0000] {taskinstance.py:2330} INFO - Executing <Task(BashOperator): hello> on 2022-01-13 00:00:00+00:00
[2024-05-13T09:58:08.131+0000] {warnings.py:110} WARNING - /home/***/.local/lib/python3.12/site-packages/***/task/task_runner/standard_task_runner.py:61: DeprecationWarning: This process (pid=601) is multi-threaded, use of fork() may lead to deadlocks in the child.
  pid = os.fork()

[2024-05-13T09:58:08.141+0000] {standard_task_runner.py:63} INFO - Started process 628 to run task
[2024-05-13T09:58:08.135+0000] {standard_task_runner.py:90} INFO - Running: ['***', 'tasks', 'run', 'demo', 'hello', 'scheduled__2022-01-13T00:00:00+00:00', '--job-id', '10', '--raw', '--subdir', 'DAGS_FOLDER/demo.py', '--cfg-path', '/tmp/tmp83kq7k63']
[2024-05-13T09:58:08.186+0000] {standard_task_runner.py:91} INFO - Job 10: Subtask hello
[2024-05-13T09:58:08.870+0000] {task_command.py:426} INFO - Running <TaskInstance: demo.hello scheduled__2022-01-13T00:00:00+00:00 [running]> on host c2025ffc2c56
[2024-05-13T09:58:09.717+0000] {taskinstance.py:2648} INFO - Exporting env vars: AIRFLOW_CTX_DAG_OWNER='***' AIRFLOW_CTX_DAG_ID='demo' AIRFLOW_CTX_TASK_ID='hello' AIRFLOW_CTX_EXECUTION_DATE='2022-01-13T00:00:00+00:00' AIRFLOW_CTX_TRY_NUMBER='1' AIRFLOW_CTX_DAG_RUN_ID='scheduled__2022-01-13T00:00:00+00:00'
[2024-05-13T09:58:09.752+0000] {taskinstance.py:430} INFO - ::endgroup::
[2024-05-13T09:58:09.763+0000] {subprocess.py:63} INFO - Tmp dir root location: /tmp
[2024-05-13T09:58:09.767+0000] {subprocess.py:75} INFO - Running command: ['/usr/bin/bash', '-c', 'echo hello']
[2024-05-13T09:58:09.882+0000] {subprocess.py:86} INFO - Output:
[2024-05-13T09:58:09.922+0000] {subprocess.py:93} INFO - hello
[2024-05-13T09:58:09.923+0000] {subprocess.py:97} INFO - Command exited with return code 0
[2024-05-13T09:58:09.926+0000] {taskinstance.py:441} INFO - ::group::Post task execution logs
[2024-05-13T09:58:10.204+0000] {taskinstance.py:1206} INFO - Marking task as SUCCESS. dag_id=demo, task_id=hello, run_id=scheduled__2022-01-13T00:00:00+00:00, execution_date=20220113T000000, start_date=20240513T095807, end_date=20240513T095810
[2024-05-13T09:58:10.370+0000] {local_task_job_runner.py:240} INFO - Task exited with return code 0
[2024-05-13T09:58:10.440+0000] {local_task_job_runner.py:222} INFO - ::endgroup::
