[2024-05-19T10:13:18.755+0000] {local_task_job_runner.py:120} INFO - ::group::Pre task execution logs
[2024-05-19T10:13:18.819+0000] {taskinstance.py:2076} INFO - Dependencies all met for dep_context=non-requeueable deps ti=<TaskInstance: dummyjson.local_to_gcs_cart manual__2024-05-19T10:12:02.912276+00:00 [queued]>
[2024-05-19T10:13:18.848+0000] {taskinstance.py:2076} INFO - Dependencies all met for dep_context=requeueable deps ti=<TaskInstance: dummyjson.local_to_gcs_cart manual__2024-05-19T10:12:02.912276+00:00 [queued]>
[2024-05-19T10:13:18.850+0000] {taskinstance.py:2306} INFO - Starting attempt 1 of 6
[2024-05-19T10:13:18.908+0000] {taskinstance.py:2330} INFO - Executing <Task(LocalFilesystemToGCSOperator): local_to_gcs_cart> on 2024-05-19 10:12:02.912276+00:00
[2024-05-19T10:13:18.941+0000] {warnings.py:110} WARNING - /home/***/.local/lib/python3.12/site-packages/***/task/task_runner/standard_task_runner.py:61: DeprecationWarning: This process (pid=1533) is multi-threaded, use of fork() may lead to deadlocks in the child.
  pid = os.fork()

[2024-05-19T10:13:18.941+0000] {standard_task_runner.py:90} INFO - Running: ['***', 'tasks', 'run', 'dummyjson', 'local_to_gcs_cart', 'manual__2024-05-19T10:12:02.912276+00:00', '--job-id', '1376', '--raw', '--subdir', 'DAGS_FOLDER/dummyjson.py', '--cfg-path', '/tmp/tmpeg8c8y5u']
[2024-05-19T10:13:18.944+0000] {standard_task_runner.py:63} INFO - Started process 1543 to run task
[2024-05-19T10:13:18.945+0000] {standard_task_runner.py:91} INFO - Job 1376: Subtask local_to_gcs_cart
[2024-05-19T10:13:19.054+0000] {task_command.py:426} INFO - Running <TaskInstance: dummyjson.local_to_gcs_cart manual__2024-05-19T10:12:02.912276+00:00 [running]> on host ca927d78a9ea
[2024-05-19T10:13:20.060+0000] {taskinstance.py:2648} INFO - Exporting env vars: AIRFLOW_CTX_DAG_EMAIL='fathurrahmanhernanda@gmail.com' AIRFLOW_CTX_DAG_OWNER='***' AIRFLOW_CTX_DAG_ID='dummyjson' AIRFLOW_CTX_TASK_ID='local_to_gcs_cart' AIRFLOW_CTX_EXECUTION_DATE='2024-05-19T10:12:02.912276+00:00' AIRFLOW_CTX_TRY_NUMBER='1' AIRFLOW_CTX_DAG_RUN_ID='manual__2024-05-19T10:12:02.912276+00:00'
[2024-05-19T10:13:20.062+0000] {taskinstance.py:430} INFO - ::endgroup::
[2024-05-19T10:13:20.104+0000] {connection.py:274} WARNING - Connection schemes (type: google_cloud_platform) shall not contain '_' according to RFC3986.
[2024-05-19T10:13:20.120+0000] {base.py:84} INFO - Using connection ID '***GCP' for task execution.
[2024-05-19T10:13:21.809+0000] {gcs.py:556} INFO - File /opt/***/dags/playground/target/dummyjson/carts.csv uploaded to carts.csv in weekly-assignment-6 bucket
[2024-05-19T10:13:21.810+0000] {taskinstance.py:441} INFO - ::group::Post task execution logs
[2024-05-19T10:13:22.615+0000] {taskinstance.py:1206} INFO - Marking task as SUCCESS. dag_id=dummyjson, task_id=local_to_gcs_cart, run_id=manual__2024-05-19T10:12:02.912276+00:00, execution_date=20240519T101202, start_date=20240519T101318, end_date=20240519T101322
[2024-05-19T10:13:22.896+0000] {local_task_job_runner.py:240} INFO - Task exited with return code 0
[2024-05-19T10:13:23.019+0000] {taskinstance.py:3498} INFO - 1 downstream tasks scheduled from follow-on schedule check
[2024-05-19T10:13:23.025+0000] {local_task_job_runner.py:222} INFO - ::endgroup::
