[2024-05-19T10:13:01.989+0000] {local_task_job_runner.py:120} INFO - ::group::Pre task execution logs
[2024-05-19T10:13:02.043+0000] {taskinstance.py:2076} INFO - Dependencies all met for dep_context=non-requeueable deps ti=<TaskInstance: dummyjson.write_to_csv_user scheduled__2024-05-01T00:00:00+00:00 [queued]>
[2024-05-19T10:13:02.067+0000] {taskinstance.py:2076} INFO - Dependencies all met for dep_context=requeueable deps ti=<TaskInstance: dummyjson.write_to_csv_user scheduled__2024-05-01T00:00:00+00:00 [queued]>
[2024-05-19T10:13:02.078+0000] {taskinstance.py:2306} INFO - Starting attempt 1 of 6
[2024-05-19T10:13:02.120+0000] {taskinstance.py:2330} INFO - Executing <Task(PythonOperator): write_to_csv_user> on 2024-05-01 00:00:00+00:00
[2024-05-19T10:13:02.134+0000] {warnings.py:110} WARNING - /home/***/.local/lib/python3.12/site-packages/***/task/task_runner/standard_task_runner.py:61: DeprecationWarning: This process (pid=1498) is multi-threaded, use of fork() may lead to deadlocks in the child.
  pid = os.fork()

[2024-05-19T10:13:02.139+0000] {standard_task_runner.py:63} INFO - Started process 1506 to run task
[2024-05-19T10:13:02.138+0000] {standard_task_runner.py:90} INFO - Running: ['***', 'tasks', 'run', 'dummyjson', 'write_to_csv_user', 'scheduled__2024-05-01T00:00:00+00:00', '--job-id', '1367', '--raw', '--subdir', 'DAGS_FOLDER/dummyjson.py', '--cfg-path', '/tmp/tmp3g6iq99h']
[2024-05-19T10:13:02.142+0000] {standard_task_runner.py:91} INFO - Job 1367: Subtask write_to_csv_user
[2024-05-19T10:13:02.251+0000] {task_command.py:426} INFO - Running <TaskInstance: dummyjson.write_to_csv_user scheduled__2024-05-01T00:00:00+00:00 [running]> on host ca927d78a9ea
[2024-05-19T10:13:03.069+0000] {taskinstance.py:2648} INFO - Exporting env vars: AIRFLOW_CTX_DAG_EMAIL='fathurrahmanhernanda@gmail.com' AIRFLOW_CTX_DAG_OWNER='***' AIRFLOW_CTX_DAG_ID='dummyjson' AIRFLOW_CTX_TASK_ID='write_to_csv_user' AIRFLOW_CTX_EXECUTION_DATE='2024-05-01T00:00:00+00:00' AIRFLOW_CTX_TRY_NUMBER='1' AIRFLOW_CTX_DAG_RUN_ID='scheduled__2024-05-01T00:00:00+00:00'
[2024-05-19T10:13:03.072+0000] {taskinstance.py:430} INFO - ::endgroup::
[2024-05-19T10:13:03.107+0000] {dummyjson.py:109} INFO - CSV file has been written successfully to /opt/***/dags/playground/target/dummyjson/users.csv.
[2024-05-19T10:13:03.108+0000] {python.py:237} INFO - Done. Returned value was: None
[2024-05-19T10:13:03.109+0000] {taskinstance.py:441} INFO - ::group::Post task execution logs
[2024-05-19T10:13:03.129+0000] {taskinstance.py:1206} INFO - Marking task as SUCCESS. dag_id=dummyjson, task_id=write_to_csv_user, run_id=scheduled__2024-05-01T00:00:00+00:00, execution_date=20240501T000000, start_date=20240519T101302, end_date=20240519T101303
[2024-05-19T10:13:03.211+0000] {local_task_job_runner.py:240} INFO - Task exited with return code 0
[2024-05-19T10:13:03.296+0000] {taskinstance.py:3498} INFO - 1 downstream tasks scheduled from follow-on schedule check
[2024-05-19T10:13:03.299+0000] {local_task_job_runner.py:222} INFO - ::endgroup::
