[2024-05-19T11:13:47.395+0000] {local_task_job_runner.py:120} INFO - ::group::Pre task execution logs
[2024-05-19T11:13:47.431+0000] {taskinstance.py:2076} INFO - Dependencies all met for dep_context=non-requeueable deps ti=<TaskInstance: dummyjson.gcs_to_bigquery_post manual__2024-05-19T11:07:31.553907+00:00 [queued]>
[2024-05-19T11:13:47.460+0000] {taskinstance.py:2076} INFO - Dependencies all met for dep_context=requeueable deps ti=<TaskInstance: dummyjson.gcs_to_bigquery_post manual__2024-05-19T11:07:31.553907+00:00 [queued]>
[2024-05-19T11:13:47.465+0000] {taskinstance.py:2306} INFO - Starting attempt 1 of 6
[2024-05-19T11:13:47.498+0000] {taskinstance.py:2330} INFO - Executing <Task(GCSToBigQueryOperator): gcs_to_bigquery_post> on 2024-05-19 11:07:31.553907+00:00
[2024-05-19T11:13:47.512+0000] {warnings.py:110} WARNING - /home/***/.local/lib/python3.12/site-packages/***/task/task_runner/standard_task_runner.py:61: DeprecationWarning: This process (pid=2480) is multi-threaded, use of fork() may lead to deadlocks in the child.
  pid = os.fork()

[2024-05-19T11:13:47.516+0000] {standard_task_runner.py:63} INFO - Started process 2492 to run task
[2024-05-19T11:13:47.518+0000] {standard_task_runner.py:90} INFO - Running: ['***', 'tasks', 'run', 'dummyjson', 'gcs_to_bigquery_post', 'manual__2024-05-19T11:07:31.553907+00:00', '--job-id', '1450', '--raw', '--subdir', 'DAGS_FOLDER/dummyjson.py', '--cfg-path', '/tmp/tmpghkh2wrq']
[2024-05-19T11:13:47.522+0000] {standard_task_runner.py:91} INFO - Job 1450: Subtask gcs_to_bigquery_post
[2024-05-19T11:13:47.650+0000] {task_command.py:426} INFO - Running <TaskInstance: dummyjson.gcs_to_bigquery_post manual__2024-05-19T11:07:31.553907+00:00 [running]> on host ca927d78a9ea
[2024-05-19T11:13:48.376+0000] {taskinstance.py:2648} INFO - Exporting env vars: AIRFLOW_CTX_DAG_EMAIL='fathurrahmanhernanda@gmail.com' AIRFLOW_CTX_DAG_OWNER='***' AIRFLOW_CTX_DAG_ID='dummyjson' AIRFLOW_CTX_TASK_ID='gcs_to_bigquery_post' AIRFLOW_CTX_EXECUTION_DATE='2024-05-19T11:07:31.553907+00:00' AIRFLOW_CTX_TRY_NUMBER='1' AIRFLOW_CTX_DAG_RUN_ID='manual__2024-05-19T11:07:31.553907+00:00'
[2024-05-19T11:13:48.378+0000] {taskinstance.py:430} INFO - ::endgroup::
[2024-05-19T11:13:48.401+0000] {connection.py:274} WARNING - Connection schemes (type: google_cloud_platform) shall not contain '_' according to RFC3986.
[2024-05-19T11:13:48.421+0000] {base.py:84} INFO - Using connection ID '***GCP' for task execution.
[2024-05-19T11:13:48.426+0000] {gcs_to_bigquery.py:380} INFO - Using existing BigQuery table for storing data...
[2024-05-19T11:13:48.540+0000] {gcs_to_bigquery.py:384} INFO - Executing: {'load': {'autodetect': True, 'createDisposition': 'CREATE_IF_NEEDED', 'destinationTable': {'projectId': 'iconic-indexer-418610', 'datasetId': 'weekly_assignment_6', 'tableId': 'posts'}, 'sourceFormat': 'CSV', 'sourceUris': ['gs://weekly-assignment-6/posts.csv'], 'writeDisposition': 'WRITE_TRUNCATE', 'ignoreUnknownValues': False, 'schema': {'fields': [{'name': 'post_id', 'type': 'STRING', 'mode': 'NULLABLE'}, {'name': 'title', 'type': 'STRING', 'mode': 'NULLABLE'}, {'name': 'body', 'type': 'STRING', 'mode': 'NULLABLE'}, {'name': 'user_id', 'type': 'STRING', 'mode': 'NULLABLE'}, {'name': 'tags', 'type': 'STRING', 'mode': 'NULLABLE'}, {'name': 'reactions', 'type': 'INTEGER', 'mode': 'NULLABLE'}]}, 'skipLeadingRows': 1, 'fieldDelimiter': ',', 'quote': None, 'allowQuotedNewlines': False, 'encoding': 'UTF-8'}}
[2024-05-19T11:13:48.543+0000] {bigquery.py:1660} INFO - Inserting job ***_dummyjson_gcs_to_bigquery_post_2024_05_19T11_07_31_553907_00_00_b5753609235776d1fa4b3a2a6bc9f291
[2024-05-19T11:13:53.609+0000] {taskinstance.py:441} INFO - ::group::Post task execution logs
[2024-05-19T11:13:53.634+0000] {taskinstance.py:1206} INFO - Marking task as SUCCESS. dag_id=dummyjson, task_id=gcs_to_bigquery_post, run_id=manual__2024-05-19T11:07:31.553907+00:00, execution_date=20240519T110731, start_date=20240519T111347, end_date=20240519T111353
[2024-05-19T11:13:53.717+0000] {local_task_job_runner.py:240} INFO - Task exited with return code 0
[2024-05-19T11:13:53.733+0000] {local_task_job_runner.py:222} INFO - ::endgroup::
