[2024-05-19T15:20:14.024+0000] {local_task_job_runner.py:120} INFO - ::group::Pre task execution logs
[2024-05-19T15:20:14.067+0000] {taskinstance.py:2076} INFO - Dependencies all met for dep_context=non-requeueable deps ti=<TaskInstance: dummyjson.gcs_to_bigquery_post manual__2024-05-19T15:19:35.360091+00:00 [queued]>
[2024-05-19T15:20:14.092+0000] {taskinstance.py:2076} INFO - Dependencies all met for dep_context=requeueable deps ti=<TaskInstance: dummyjson.gcs_to_bigquery_post manual__2024-05-19T15:19:35.360091+00:00 [queued]>
[2024-05-19T15:20:14.093+0000] {taskinstance.py:2306} INFO - Starting attempt 1 of 6
[2024-05-19T15:20:14.136+0000] {taskinstance.py:2330} INFO - Executing <Task(GCSToBigQueryOperator): gcs_to_bigquery_post> on 2024-05-19 15:19:35.360091+00:00
[2024-05-19T15:20:14.149+0000] {warnings.py:110} WARNING - /home/***/.local/lib/python3.12/site-packages/***/task/task_runner/standard_task_runner.py:61: DeprecationWarning: This process (pid=1621) is multi-threaded, use of fork() may lead to deadlocks in the child.
  pid = os.fork()

[2024-05-19T15:20:14.152+0000] {standard_task_runner.py:63} INFO - Started process 1635 to run task
[2024-05-19T15:20:14.153+0000] {standard_task_runner.py:90} INFO - Running: ['***', 'tasks', 'run', 'dummyjson', 'gcs_to_bigquery_post', 'manual__2024-05-19T15:19:35.360091+00:00', '--job-id', '1995', '--raw', '--subdir', 'DAGS_FOLDER/dummyjson.py', '--cfg-path', '/tmp/tmpqaezyf8z']
[2024-05-19T15:20:14.156+0000] {standard_task_runner.py:91} INFO - Job 1995: Subtask gcs_to_bigquery_post
[2024-05-19T15:20:14.272+0000] {task_command.py:426} INFO - Running <TaskInstance: dummyjson.gcs_to_bigquery_post manual__2024-05-19T15:19:35.360091+00:00 [running]> on host ca927d78a9ea
[2024-05-19T15:20:14.964+0000] {taskinstance.py:2648} INFO - Exporting env vars: AIRFLOW_CTX_DAG_EMAIL='fathurrahmanhernanda@gmail.com' AIRFLOW_CTX_DAG_OWNER='***' AIRFLOW_CTX_DAG_ID='dummyjson' AIRFLOW_CTX_TASK_ID='gcs_to_bigquery_post' AIRFLOW_CTX_EXECUTION_DATE='2024-05-19T15:19:35.360091+00:00' AIRFLOW_CTX_TRY_NUMBER='1' AIRFLOW_CTX_DAG_RUN_ID='manual__2024-05-19T15:19:35.360091+00:00'
[2024-05-19T15:20:14.965+0000] {taskinstance.py:430} INFO - ::endgroup::
[2024-05-19T15:20:14.982+0000] {connection.py:274} WARNING - Connection schemes (type: google_cloud_platform) shall not contain '_' according to RFC3986.
[2024-05-19T15:20:14.989+0000] {base.py:84} INFO - Using connection ID '***GCP' for task execution.
[2024-05-19T15:20:14.992+0000] {gcs_to_bigquery.py:380} INFO - Using existing BigQuery table for storing data...
[2024-05-19T15:20:15.079+0000] {gcs_to_bigquery.py:384} INFO - Executing: {'load': {'autodetect': True, 'createDisposition': 'CREATE_IF_NEEDED', 'destinationTable': {'projectId': 'iconic-indexer-418610', 'datasetId': 'weekly_assignment_6', 'tableId': 'posts'}, 'sourceFormat': 'CSV', 'sourceUris': ['gs://weekly-assignment-6/posts.csv'], 'writeDisposition': 'WRITE_TRUNCATE', 'ignoreUnknownValues': False, 'schema': {'fields': [{'name': 'postID', 'type': 'STRING', 'mode': 'NULLABLE'}, {'name': 'title', 'type': 'STRING', 'mode': 'NULLABLE'}, {'name': 'body', 'type': 'STRING', 'mode': 'NULLABLE'}, {'name': 'userID', 'type': 'STRING', 'mode': 'NULLABLE'}, {'name': 'tags', 'type': 'STRING', 'mode': 'NULLABLE'}, {'name': 'reactions', 'type': 'INTEGER', 'mode': 'NULLABLE'}]}, 'skipLeadingRows': 1, 'fieldDelimiter': ',', 'quote': None, 'allowQuotedNewlines': False, 'encoding': 'UTF-8'}}
[2024-05-19T15:20:15.081+0000] {bigquery.py:1660} INFO - Inserting job ***_dummyjson_gcs_to_bigquery_post_2024_05_19T15_19_35_360091_00_00_f4eb780509d6779559ffcafdba4ee8f1
[2024-05-19T15:20:18.563+0000] {taskinstance.py:441} INFO - ::group::Post task execution logs
[2024-05-19T15:20:18.576+0000] {taskinstance.py:1206} INFO - Marking task as SUCCESS. dag_id=dummyjson, task_id=gcs_to_bigquery_post, run_id=manual__2024-05-19T15:19:35.360091+00:00, execution_date=20240519T151935, start_date=20240519T152014, end_date=20240519T152018
[2024-05-19T15:20:18.633+0000] {local_task_job_runner.py:240} INFO - Task exited with return code 0
[2024-05-19T15:20:18.655+0000] {taskinstance.py:3498} INFO - 0 downstream tasks scheduled from follow-on schedule check
[2024-05-19T15:20:18.658+0000] {local_task_job_runner.py:222} INFO - ::endgroup::
