[2024-05-18T16:58:20.020+0000] {local_task_job_runner.py:120} INFO - ::group::Pre task execution logs
[2024-05-18T16:58:20.043+0000] {taskinstance.py:2076} INFO - Dependencies all met for dep_context=non-requeueable deps ti=<TaskInstance: dummyjson_ingestion.write_to_csv manual__2024-05-18T16:58:06.140353+00:00 [queued]>
[2024-05-18T16:58:20.052+0000] {taskinstance.py:2076} INFO - Dependencies all met for dep_context=requeueable deps ti=<TaskInstance: dummyjson_ingestion.write_to_csv manual__2024-05-18T16:58:06.140353+00:00 [queued]>
[2024-05-18T16:58:20.054+0000] {taskinstance.py:2306} INFO - Starting attempt 1 of 6
[2024-05-18T16:58:20.071+0000] {taskinstance.py:2330} INFO - Executing <Task(PythonOperator): write_to_csv> on 2024-05-18 16:58:06.140353+00:00
[2024-05-18T16:58:20.079+0000] {warnings.py:110} WARNING - /home/***/.local/lib/python3.12/site-packages/***/task/task_runner/standard_task_runner.py:61: DeprecationWarning: This process (pid=2234) is multi-threaded, use of fork() may lead to deadlocks in the child.
  pid = os.fork()

[2024-05-18T16:58:20.081+0000] {standard_task_runner.py:63} INFO - Started process 2236 to run task
[2024-05-18T16:58:20.082+0000] {standard_task_runner.py:90} INFO - Running: ['***', 'tasks', 'run', 'dummyjson_ingestion', 'write_to_csv', 'manual__2024-05-18T16:58:06.140353+00:00', '--job-id', '1248', '--raw', '--subdir', 'DAGS_FOLDER/dummyjson_ingestion.py', '--cfg-path', '/tmp/tmpafij53j6']
[2024-05-18T16:58:20.085+0000] {standard_task_runner.py:91} INFO - Job 1248: Subtask write_to_csv
[2024-05-18T16:58:20.147+0000] {task_command.py:426} INFO - Running <TaskInstance: dummyjson_ingestion.write_to_csv manual__2024-05-18T16:58:06.140353+00:00 [running]> on host 8d1d9b6df744
[2024-05-18T16:58:20.308+0000] {taskinstance.py:2648} INFO - Exporting env vars: AIRFLOW_CTX_DAG_EMAIL='fathurrahmanhernanda@gmail.com' AIRFLOW_CTX_DAG_OWNER='***' AIRFLOW_CTX_DAG_ID='dummyjson_ingestion' AIRFLOW_CTX_TASK_ID='write_to_csv' AIRFLOW_CTX_EXECUTION_DATE='2024-05-18T16:58:06.140353+00:00' AIRFLOW_CTX_TRY_NUMBER='1' AIRFLOW_CTX_DAG_RUN_ID='manual__2024-05-18T16:58:06.140353+00:00'
[2024-05-18T16:58:20.312+0000] {taskinstance.py:430} INFO - ::endgroup::
[2024-05-18T16:58:20.334+0000] {dummyjson_ingestion.py:57} INFO - CSV file has been written successfully.
[2024-05-18T16:58:20.334+0000] {python.py:237} INFO - Done. Returned value was: None
[2024-05-18T16:58:20.335+0000] {taskinstance.py:441} INFO - ::group::Post task execution logs
[2024-05-18T16:58:20.349+0000] {taskinstance.py:1206} INFO - Marking task as SUCCESS. dag_id=dummyjson_ingestion, task_id=write_to_csv, run_id=manual__2024-05-18T16:58:06.140353+00:00, execution_date=20240518T165806, start_date=20240518T165820, end_date=20240518T165820
[2024-05-18T16:58:20.376+0000] {local_task_job_runner.py:240} INFO - Task exited with return code 0
[2024-05-18T16:58:20.400+0000] {taskinstance.py:3498} INFO - 0 downstream tasks scheduled from follow-on schedule check
[2024-05-18T16:58:20.403+0000] {local_task_job_runner.py:222} INFO - ::endgroup::
