[2024-05-18T16:56:33.206+0000] {local_task_job_runner.py:120} INFO - ::group::Pre task execution logs
[2024-05-18T16:56:33.232+0000] {taskinstance.py:2076} INFO - Dependencies all met for dep_context=non-requeueable deps ti=<TaskInstance: dummyjson_ingestion.write_to_csv manual__2024-05-18T16:56:17.095203+00:00 [queued]>
[2024-05-18T16:56:33.243+0000] {taskinstance.py:2076} INFO - Dependencies all met for dep_context=requeueable deps ti=<TaskInstance: dummyjson_ingestion.write_to_csv manual__2024-05-18T16:56:17.095203+00:00 [queued]>
[2024-05-18T16:56:33.244+0000] {taskinstance.py:2306} INFO - Starting attempt 1 of 6
[2024-05-18T16:56:33.264+0000] {taskinstance.py:2330} INFO - Executing <Task(PythonOperator): write_to_csv> on 2024-05-18 16:56:17.095203+00:00
[2024-05-18T16:56:33.273+0000] {warnings.py:110} WARNING - /home/***/.local/lib/python3.12/site-packages/***/task/task_runner/standard_task_runner.py:61: DeprecationWarning: This process (pid=2198) is multi-threaded, use of fork() may lead to deadlocks in the child.
  pid = os.fork()

[2024-05-18T16:56:33.275+0000] {standard_task_runner.py:63} INFO - Started process 2200 to run task
[2024-05-18T16:56:33.277+0000] {standard_task_runner.py:90} INFO - Running: ['***', 'tasks', 'run', 'dummyjson_ingestion', 'write_to_csv', 'manual__2024-05-18T16:56:17.095203+00:00', '--job-id', '1243', '--raw', '--subdir', 'DAGS_FOLDER/dummyjson_ingestion.py', '--cfg-path', '/tmp/tmpdj4941qx']
[2024-05-18T16:56:33.281+0000] {standard_task_runner.py:91} INFO - Job 1243: Subtask write_to_csv
[2024-05-18T16:56:33.344+0000] {task_command.py:426} INFO - Running <TaskInstance: dummyjson_ingestion.write_to_csv manual__2024-05-18T16:56:17.095203+00:00 [running]> on host 8d1d9b6df744
[2024-05-18T16:56:33.485+0000] {taskinstance.py:2648} INFO - Exporting env vars: AIRFLOW_CTX_DAG_EMAIL='fathurrahmanhernanda@gmail.com' AIRFLOW_CTX_DAG_OWNER='***' AIRFLOW_CTX_DAG_ID='dummyjson_ingestion' AIRFLOW_CTX_TASK_ID='write_to_csv' AIRFLOW_CTX_EXECUTION_DATE='2024-05-18T16:56:17.095203+00:00' AIRFLOW_CTX_TRY_NUMBER='1' AIRFLOW_CTX_DAG_RUN_ID='manual__2024-05-18T16:56:17.095203+00:00'
[2024-05-18T16:56:33.488+0000] {taskinstance.py:430} INFO - ::endgroup::
[2024-05-18T16:56:33.504+0000] {taskinstance.py:441} INFO - ::group::Post task execution logs
[2024-05-18T16:56:33.504+0000] {taskinstance.py:2905} ERROR - Task failed with exception
Traceback (most recent call last):
  File "/home/airflow/.local/lib/python3.12/site-packages/airflow/models/taskinstance.py", line 465, in _execute_task
    result = _execute_callable(context=context, **execute_callable_kwargs)
             ^^^^^^^^^^^^^^^^^^^^^^^^^^^^^^^^^^^^^^^^^^^^^^^^^^^^^^^^^^^^^
  File "/home/airflow/.local/lib/python3.12/site-packages/airflow/models/taskinstance.py", line 432, in _execute_callable
    return execute_callable(context=context, **execute_callable_kwargs)
           ^^^^^^^^^^^^^^^^^^^^^^^^^^^^^^^^^^^^^^^^^^^^^^^^^^^^^^^^^^^^
  File "/home/airflow/.local/lib/python3.12/site-packages/airflow/models/baseoperator.py", line 400, in wrapper
    return func(self, *args, **kwargs)
           ^^^^^^^^^^^^^^^^^^^^^^^^^^^
  File "/home/airflow/.local/lib/python3.12/site-packages/airflow/operators/python.py", line 235, in execute
    return_value = self.execute_callable()
                   ^^^^^^^^^^^^^^^^^^^^^^^
  File "/home/airflow/.local/lib/python3.12/site-packages/airflow/operators/python.py", line 252, in execute_callable
    return self.python_callable(*self.op_args, **self.op_kwargs)
           ^^^^^^^^^^^^^^^^^^^^^^^^^^^^^^^^^^^^^^^^^^^^^^^^^^^^^
  File "/opt/airflow/dags/dummyjson_ingestion.py", line 49, in write_to_csv
    with open('"/opt/airflow/dags/playground/target/dummyjson/users.csv"', mode='w', newline='') as file:
         ^^^^^^^^^^^^^^^^^^^^^^^^^^^^^^^^^^^^^^^^^^^^^^^^^^^^^^^^^^^^^^^^^^^^^^^^^^^^^^^^^^^^^^^
FileNotFoundError: [Errno 2] No such file or directory: '"/opt/airflow/dags/playground/target/dummyjson/users.csv"'
[2024-05-18T16:56:33.518+0000] {taskinstance.py:1206} INFO - Marking task as UP_FOR_RETRY. dag_id=dummyjson_ingestion, task_id=write_to_csv, run_id=manual__2024-05-18T16:56:17.095203+00:00, execution_date=20240518T165617, start_date=20240518T165633, end_date=20240518T165633
[2024-05-18T16:56:33.533+0000] {standard_task_runner.py:110} ERROR - Failed to execute job 1243 for task write_to_csv ([Errno 2] No such file or directory: '"/opt/airflow/dags/playground/target/dummyjson/users.csv"'; 2200)
[2024-05-18T16:56:33.572+0000] {local_task_job_runner.py:240} INFO - Task exited with return code 1
[2024-05-18T16:56:33.648+0000] {taskinstance.py:3498} INFO - 0 downstream tasks scheduled from follow-on schedule check
[2024-05-18T16:56:33.653+0000] {local_task_job_runner.py:222} INFO - ::endgroup::
