[2024-05-19T15:19:40.369+0000] {local_task_job_runner.py:120} INFO - ::group::Pre task execution logs
[2024-05-19T15:19:40.400+0000] {taskinstance.py:2076} INFO - Dependencies all met for dep_context=non-requeueable deps ti=<TaskInstance: dummyjson.is_post_api_available manual__2024-05-19T15:19:35.360091+00:00 [queued]>
[2024-05-19T15:19:40.415+0000] {taskinstance.py:2076} INFO - Dependencies all met for dep_context=requeueable deps ti=<TaskInstance: dummyjson.is_post_api_available manual__2024-05-19T15:19:35.360091+00:00 [queued]>
[2024-05-19T15:19:40.416+0000] {taskinstance.py:2306} INFO - Starting attempt 1 of 6
[2024-05-19T15:19:40.443+0000] {taskinstance.py:2330} INFO - Executing <Task(HttpSensor): is_post_api_available> on 2024-05-19 15:19:35.360091+00:00
[2024-05-19T15:19:40.455+0000] {warnings.py:110} WARNING - /home/***/.local/lib/python3.12/site-packages/***/task/task_runner/standard_task_runner.py:61: DeprecationWarning: This process (pid=1560) is multi-threaded, use of fork() may lead to deadlocks in the child.
  pid = os.fork()

[2024-05-19T15:19:40.457+0000] {standard_task_runner.py:63} INFO - Started process 1568 to run task
[2024-05-19T15:19:40.458+0000] {standard_task_runner.py:90} INFO - Running: ['***', 'tasks', 'run', 'dummyjson', 'is_post_api_available', 'manual__2024-05-19T15:19:35.360091+00:00', '--job-id', '1975', '--raw', '--subdir', 'DAGS_FOLDER/dummyjson.py', '--cfg-path', '/tmp/tmp_aappbi1']
[2024-05-19T15:19:40.460+0000] {standard_task_runner.py:91} INFO - Job 1975: Subtask is_post_api_available
[2024-05-19T15:19:40.562+0000] {task_command.py:426} INFO - Running <TaskInstance: dummyjson.is_post_api_available manual__2024-05-19T15:19:35.360091+00:00 [running]> on host ca927d78a9ea
[2024-05-19T15:19:41.120+0000] {taskinstance.py:2648} INFO - Exporting env vars: AIRFLOW_CTX_DAG_EMAIL='fathurrahmanhernanda@gmail.com' AIRFLOW_CTX_DAG_OWNER='***' AIRFLOW_CTX_DAG_ID='dummyjson' AIRFLOW_CTX_TASK_ID='is_post_api_available' AIRFLOW_CTX_EXECUTION_DATE='2024-05-19T15:19:35.360091+00:00' AIRFLOW_CTX_TRY_NUMBER='1' AIRFLOW_CTX_DAG_RUN_ID='manual__2024-05-19T15:19:35.360091+00:00'
[2024-05-19T15:19:41.122+0000] {taskinstance.py:430} INFO - ::endgroup::
[2024-05-19T15:19:41.123+0000] {baseoperator.py:399} WARNING - HttpSensor.execute cannot be called outside TaskInstance!
[2024-05-19T15:19:41.124+0000] {http.py:137} INFO - Poking: /posts/
[2024-05-19T15:19:41.142+0000] {base.py:84} INFO - Using connection ID 'dummyjson_api' for task execution.
[2024-05-19T15:19:42.810+0000] {base.py:294} INFO - Success criteria met. Exiting.
[2024-05-19T15:19:42.818+0000] {taskinstance.py:441} INFO - ::group::Post task execution logs
[2024-05-19T15:19:42.845+0000] {taskinstance.py:1206} INFO - Marking task as SUCCESS. dag_id=dummyjson, task_id=is_post_api_available, run_id=manual__2024-05-19T15:19:35.360091+00:00, execution_date=20240519T151935, start_date=20240519T151940, end_date=20240519T151942
[2024-05-19T15:19:42.928+0000] {local_task_job_runner.py:240} INFO - Task exited with return code 0
[2024-05-19T15:19:42.945+0000] {warnings.py:110} WARNING - /home/***/.local/lib/python3.12/site-packages/***/models/baseoperator.py:1296: AirflowProviderDeprecationWarning: Call to deprecated class SimpleHttpOperator. (Class `SimpleHttpOperator` is deprecated and will be removed in a future release. Please use `HttpOperator` instead.)
  result = cls.__new__(cls)

[2024-05-19T15:19:43.005+0000] {taskinstance.py:3498} INFO - 1 downstream tasks scheduled from follow-on schedule check
[2024-05-19T15:19:43.008+0000] {local_task_job_runner.py:222} INFO - ::endgroup::
