[2024-05-13T09:59:19.209+0000] {local_task_job_runner.py:120} INFO - ::group::Pre task execution logs
[2024-05-13T09:59:19.327+0000] {taskinstance.py:2076} INFO - Dependencies all met for dep_context=non-requeueable deps ti=<TaskInstance: demo.hello scheduled__2022-02-03T00:00:00+00:00 [queued]>
[2024-05-13T09:59:19.395+0000] {taskinstance.py:2076} INFO - Dependencies all met for dep_context=requeueable deps ti=<TaskInstance: demo.hello scheduled__2022-02-03T00:00:00+00:00 [queued]>
[2024-05-13T09:59:19.398+0000] {taskinstance.py:2306} INFO - Starting attempt 1 of 1
[2024-05-13T09:59:19.557+0000] {taskinstance.py:2330} INFO - Executing <Task(BashOperator): hello> on 2022-02-03 00:00:00+00:00
[2024-05-13T09:59:19.584+0000] {warnings.py:110} WARNING - /home/***/.local/lib/python3.12/site-packages/***/task/task_runner/standard_task_runner.py:61: DeprecationWarning: This process (pid=831) is multi-threaded, use of fork() may lead to deadlocks in the child.
  pid = os.fork()

[2024-05-13T09:59:19.600+0000] {standard_task_runner.py:63} INFO - Started process 849 to run task
[2024-05-13T09:59:19.609+0000] {standard_task_runner.py:90} INFO - Running: ['***', 'tasks', 'run', 'demo', 'hello', 'scheduled__2022-02-03T00:00:00+00:00', '--job-id', '69', '--raw', '--subdir', 'DAGS_FOLDER/demo.py', '--cfg-path', '/tmp/tmpybeuy6oa']
[2024-05-13T09:59:19.678+0000] {standard_task_runner.py:91} INFO - Job 69: Subtask hello
[2024-05-13T09:59:19.933+0000] {task_command.py:426} INFO - Running <TaskInstance: demo.hello scheduled__2022-02-03T00:00:00+00:00 [running]> on host c2025ffc2c56
[2024-05-13T09:59:20.601+0000] {taskinstance.py:2648} INFO - Exporting env vars: AIRFLOW_CTX_DAG_OWNER='***' AIRFLOW_CTX_DAG_ID='demo' AIRFLOW_CTX_TASK_ID='hello' AIRFLOW_CTX_EXECUTION_DATE='2022-02-03T00:00:00+00:00' AIRFLOW_CTX_TRY_NUMBER='1' AIRFLOW_CTX_DAG_RUN_ID='scheduled__2022-02-03T00:00:00+00:00'
[2024-05-13T09:59:20.605+0000] {taskinstance.py:430} INFO - ::endgroup::
[2024-05-13T09:59:20.607+0000] {subprocess.py:63} INFO - Tmp dir root location: /tmp
[2024-05-13T09:59:20.611+0000] {subprocess.py:75} INFO - Running command: ['/usr/bin/bash', '-c', 'echo hello']
[2024-05-13T09:59:20.669+0000] {subprocess.py:86} INFO - Output:
[2024-05-13T09:59:20.681+0000] {subprocess.py:93} INFO - hello
[2024-05-13T09:59:20.682+0000] {subprocess.py:97} INFO - Command exited with return code 0
[2024-05-13T09:59:20.685+0000] {taskinstance.py:441} INFO - ::group::Post task execution logs
[2024-05-13T09:59:20.817+0000] {taskinstance.py:1206} INFO - Marking task as SUCCESS. dag_id=demo, task_id=hello, run_id=scheduled__2022-02-03T00:00:00+00:00, execution_date=20220203T000000, start_date=20240513T095919, end_date=20240513T095920
[2024-05-13T09:59:21.026+0000] {local_task_job_runner.py:240} INFO - Task exited with return code 0
[2024-05-13T09:59:21.121+0000] {taskinstance.py:3498} INFO - 1 downstream tasks scheduled from follow-on schedule check
[2024-05-13T09:59:21.127+0000] {local_task_job_runner.py:222} INFO - ::endgroup::
