[2024-05-19T12:04:03.174+0000] {local_task_job_runner.py:120} INFO - ::group::Pre task execution logs
[2024-05-19T12:04:03.222+0000] {taskinstance.py:2076} INFO - Dependencies all met for dep_context=non-requeueable deps ti=<TaskInstance: dummyjson_products.local_to_gcs_products manual__2024-05-19T12:03:23.581637+00:00 [queued]>
[2024-05-19T12:04:03.253+0000] {taskinstance.py:2076} INFO - Dependencies all met for dep_context=requeueable deps ti=<TaskInstance: dummyjson_products.local_to_gcs_products manual__2024-05-19T12:03:23.581637+00:00 [queued]>
[2024-05-19T12:04:03.254+0000] {taskinstance.py:2306} INFO - Starting attempt 1 of 6
[2024-05-19T12:04:03.296+0000] {taskinstance.py:2330} INFO - Executing <Task(LocalFilesystemToGCSOperator): local_to_gcs_products> on 2024-05-19 12:03:23.581637+00:00
[2024-05-19T12:04:03.311+0000] {warnings.py:110} WARNING - /home/***/.local/lib/python3.12/site-packages/***/task/task_runner/standard_task_runner.py:61: DeprecationWarning: This process (pid=3545) is multi-threaded, use of fork() may lead to deadlocks in the child.
  pid = os.fork()

[2024-05-19T12:04:03.314+0000] {standard_task_runner.py:63} INFO - Started process 3557 to run task
[2024-05-19T12:04:03.315+0000] {standard_task_runner.py:90} INFO - Running: ['***', 'tasks', 'run', 'dummyjson_products', 'local_to_gcs_products', 'manual__2024-05-19T12:03:23.581637+00:00', '--job-id', '1596', '--raw', '--subdir', 'DAGS_FOLDER/dummyjson.py', '--cfg-path', '/tmp/tmpequtm3z4']
[2024-05-19T12:04:03.317+0000] {standard_task_runner.py:91} INFO - Job 1596: Subtask local_to_gcs_products
[2024-05-19T12:04:03.417+0000] {task_command.py:426} INFO - Running <TaskInstance: dummyjson_products.local_to_gcs_products manual__2024-05-19T12:03:23.581637+00:00 [running]> on host ca927d78a9ea
[2024-05-19T12:04:04.045+0000] {taskinstance.py:2648} INFO - Exporting env vars: AIRFLOW_CTX_DAG_EMAIL='fathurrahmanhernanda@gmail.com' AIRFLOW_CTX_DAG_OWNER='***' AIRFLOW_CTX_DAG_ID='dummyjson_products' AIRFLOW_CTX_TASK_ID='local_to_gcs_products' AIRFLOW_CTX_EXECUTION_DATE='2024-05-19T12:03:23.581637+00:00' AIRFLOW_CTX_TRY_NUMBER='1' AIRFLOW_CTX_DAG_RUN_ID='manual__2024-05-19T12:03:23.581637+00:00'
[2024-05-19T12:04:04.046+0000] {taskinstance.py:430} INFO - ::endgroup::
[2024-05-19T12:04:04.061+0000] {connection.py:274} WARNING - Connection schemes (type: google_cloud_platform) shall not contain '_' according to RFC3986.
[2024-05-19T12:04:04.069+0000] {base.py:84} INFO - Using connection ID '***GCP' for task execution.
[2024-05-19T12:04:05.492+0000] {gcs.py:556} INFO - File /opt/***/dags/playground/target/dummyjson/products.csv uploaded to products.csv in weekly-assignment-6 bucket
[2024-05-19T12:04:05.493+0000] {taskinstance.py:441} INFO - ::group::Post task execution logs
[2024-05-19T12:04:05.509+0000] {taskinstance.py:1206} INFO - Marking task as SUCCESS. dag_id=dummyjson_products, task_id=local_to_gcs_products, run_id=manual__2024-05-19T12:03:23.581637+00:00, execution_date=20240519T120323, start_date=20240519T120403, end_date=20240519T120405
[2024-05-19T12:04:05.561+0000] {local_task_job_runner.py:240} INFO - Task exited with return code 0
[2024-05-19T12:04:05.601+0000] {taskinstance.py:3498} INFO - 1 downstream tasks scheduled from follow-on schedule check
[2024-05-19T12:04:05.604+0000] {local_task_job_runner.py:222} INFO - ::endgroup::
