[2024-05-13T10:00:06.161+0000] {local_task_job_runner.py:120} INFO - ::group::Pre task execution logs
[2024-05-13T10:00:06.242+0000] {taskinstance.py:2076} INFO - Dependencies all met for dep_context=non-requeueable deps ti=<TaskInstance: demo.airflow scheduled__2022-02-26T00:00:00+00:00 [queued]>
[2024-05-13T10:00:06.322+0000] {taskinstance.py:2076} INFO - Dependencies all met for dep_context=requeueable deps ti=<TaskInstance: demo.airflow scheduled__2022-02-26T00:00:00+00:00 [queued]>
[2024-05-13T10:00:06.328+0000] {taskinstance.py:2306} INFO - Starting attempt 1 of 1
[2024-05-13T10:00:06.419+0000] {taskinstance.py:2330} INFO - Executing <Task(_PythonDecoratedOperator): airflow> on 2022-02-26 00:00:00+00:00
[2024-05-13T10:00:06.434+0000] {warnings.py:110} WARNING - /home/***/.local/lib/python3.12/site-packages/***/task/task_runner/standard_task_runner.py:61: DeprecationWarning: This process (pid=1007) is multi-threaded, use of fork() may lead to deadlocks in the child.
  pid = os.fork()

[2024-05-13T10:00:06.459+0000] {standard_task_runner.py:63} INFO - Started process 1046 to run task
[2024-05-13T10:00:06.456+0000] {standard_task_runner.py:90} INFO - Running: ['***', 'tasks', 'run', 'demo', '***', 'scheduled__2022-02-26T00:00:00+00:00', '--job-id', '121', '--raw', '--subdir', 'DAGS_FOLDER/demo.py', '--cfg-path', '/tmp/tmpy1m1m_t9']
[2024-05-13T10:00:06.470+0000] {standard_task_runner.py:91} INFO - Job 121: Subtask ***
[2024-05-13T10:00:06.681+0000] {task_command.py:426} INFO - Running <TaskInstance: demo.airflow scheduled__2022-02-26T00:00:00+00:00 [running]> on host c2025ffc2c56
[2024-05-13T10:00:07.191+0000] {taskinstance.py:2648} INFO - Exporting env vars: AIRFLOW_CTX_DAG_OWNER='***' AIRFLOW_CTX_DAG_ID='demo' AIRFLOW_CTX_TASK_ID='***' AIRFLOW_CTX_EXECUTION_DATE='2022-02-26T00:00:00+00:00' AIRFLOW_CTX_TRY_NUMBER='1' AIRFLOW_CTX_DAG_RUN_ID='scheduled__2022-02-26T00:00:00+00:00'
[2024-05-13T10:00:07.199+0000] {taskinstance.py:430} INFO - ::endgroup::
[2024-05-13T10:00:07.201+0000] {logging_mixin.py:188} INFO - ***
[2024-05-13T10:00:07.206+0000] {python.py:237} INFO - Done. Returned value was: None
[2024-05-13T10:00:07.208+0000] {taskinstance.py:441} INFO - ::group::Post task execution logs
[2024-05-13T10:00:07.242+0000] {taskinstance.py:1206} INFO - Marking task as SUCCESS. dag_id=demo, task_id=***, run_id=scheduled__2022-02-26T00:00:00+00:00, execution_date=20220226T000000, start_date=20240513T100006, end_date=20240513T100007
[2024-05-13T10:00:07.348+0000] {local_task_job_runner.py:240} INFO - Task exited with return code 0
[2024-05-13T10:00:07.482+0000] {taskinstance.py:3498} INFO - 0 downstream tasks scheduled from follow-on schedule check
[2024-05-13T10:00:07.488+0000] {local_task_job_runner.py:222} INFO - ::endgroup::
