[2024-05-19T12:48:59.720+0000] {local_task_job_runner.py:120} INFO - ::group::Pre task execution logs
[2024-05-19T12:48:59.745+0000] {taskinstance.py:2076} INFO - Dependencies all met for dep_context=non-requeueable deps ti=<TaskInstance: extract_products_from_api.extract_and_write_to_csv manual__2024-05-19T12:43:50.897960+00:00 [queued]>
[2024-05-19T12:48:59.757+0000] {taskinstance.py:2076} INFO - Dependencies all met for dep_context=requeueable deps ti=<TaskInstance: extract_products_from_api.extract_and_write_to_csv manual__2024-05-19T12:43:50.897960+00:00 [queued]>
[2024-05-19T12:48:59.758+0000] {taskinstance.py:2306} INFO - Starting attempt 2 of 4
[2024-05-19T12:48:59.782+0000] {taskinstance.py:2330} INFO - Executing <Task(PythonOperator): extract_and_write_to_csv> on 2024-05-19 12:43:50.897960+00:00
[2024-05-19T12:48:59.792+0000] {warnings.py:110} WARNING - /home/***/.local/lib/python3.12/site-packages/***/task/task_runner/standard_task_runner.py:61: DeprecationWarning: This process (pid=4634) is multi-threaded, use of fork() may lead to deadlocks in the child.
  pid = os.fork()

[2024-05-19T12:48:59.794+0000] {standard_task_runner.py:63} INFO - Started process 4639 to run task
[2024-05-19T12:48:59.796+0000] {standard_task_runner.py:90} INFO - Running: ['***', 'tasks', 'run', 'extract_products_from_api', 'extract_and_write_to_csv', 'manual__2024-05-19T12:43:50.897960+00:00', '--job-id', '1778', '--raw', '--subdir', 'DAGS_FOLDER/dummyjson_product.py', '--cfg-path', '/tmp/tmpxgu3cxsh']
[2024-05-19T12:48:59.799+0000] {standard_task_runner.py:91} INFO - Job 1778: Subtask extract_and_write_to_csv
[2024-05-19T12:48:59.875+0000] {task_command.py:426} INFO - Running <TaskInstance: extract_products_from_api.extract_and_write_to_csv manual__2024-05-19T12:43:50.897960+00:00 [running]> on host ca927d78a9ea
[2024-05-19T12:49:00.253+0000] {taskinstance.py:2648} INFO - Exporting env vars: AIRFLOW_CTX_DAG_EMAIL='your_email@example.com' AIRFLOW_CTX_DAG_OWNER='***' AIRFLOW_CTX_DAG_ID='extract_products_from_api' AIRFLOW_CTX_TASK_ID='extract_and_write_to_csv' AIRFLOW_CTX_EXECUTION_DATE='2024-05-19T12:43:50.897960+00:00' AIRFLOW_CTX_TRY_NUMBER='2' AIRFLOW_CTX_DAG_RUN_ID='manual__2024-05-19T12:43:50.897960+00:00'
[2024-05-19T12:49:00.254+0000] {taskinstance.py:430} INFO - ::endgroup::
[2024-05-19T12:49:00.888+0000] {dummyjson_product.py:46} INFO - Products extracted and written to CSV successfully.
[2024-05-19T12:49:00.889+0000] {python.py:237} INFO - Done. Returned value was: None
[2024-05-19T12:49:00.890+0000] {taskinstance.py:441} INFO - ::group::Post task execution logs
[2024-05-19T12:49:00.907+0000] {taskinstance.py:1206} INFO - Marking task as SUCCESS. dag_id=extract_products_from_api, task_id=extract_and_write_to_csv, run_id=manual__2024-05-19T12:43:50.897960+00:00, execution_date=20240519T124350, start_date=20240519T124859, end_date=20240519T124900
[2024-05-19T12:49:00.974+0000] {local_task_job_runner.py:240} INFO - Task exited with return code 0
[2024-05-19T12:49:01.011+0000] {taskinstance.py:3498} INFO - 1 downstream tasks scheduled from follow-on schedule check
[2024-05-19T12:49:01.015+0000] {local_task_job_runner.py:222} INFO - ::endgroup::
