[2024-05-19T11:42:56.603+0000] {local_task_job_runner.py:120} INFO - ::group::Pre task execution logs
[2024-05-19T11:42:56.635+0000] {taskinstance.py:2076} INFO - Dependencies all met for dep_context=non-requeueable deps ti=<TaskInstance: dummyjson.extract_user manual__2024-05-19T11:42:44.447631+00:00 [queued]>
[2024-05-19T11:42:56.652+0000] {taskinstance.py:2076} INFO - Dependencies all met for dep_context=requeueable deps ti=<TaskInstance: dummyjson.extract_user manual__2024-05-19T11:42:44.447631+00:00 [queued]>
[2024-05-19T11:42:56.653+0000] {taskinstance.py:2306} INFO - Starting attempt 1 of 6
[2024-05-19T11:42:56.677+0000] {taskinstance.py:2330} INFO - Executing <Task(SimpleHttpOperator): extract_user> on 2024-05-19 11:42:44.447631+00:00
[2024-05-19T11:42:56.688+0000] {warnings.py:110} WARNING - /home/***/.local/lib/python3.12/site-packages/***/task/task_runner/standard_task_runner.py:61: DeprecationWarning: This process (pid=3040) is multi-threaded, use of fork() may lead to deadlocks in the child.
  pid = os.fork()

[2024-05-19T11:42:56.691+0000] {standard_task_runner.py:63} INFO - Started process 3045 to run task
[2024-05-19T11:42:56.692+0000] {standard_task_runner.py:90} INFO - Running: ['***', 'tasks', 'run', 'dummyjson', 'extract_user', 'manual__2024-05-19T11:42:44.447631+00:00', '--job-id', '1515', '--raw', '--subdir', 'DAGS_FOLDER/dummyjson.py', '--cfg-path', '/tmp/tmprljbwcw2']
[2024-05-19T11:42:56.695+0000] {standard_task_runner.py:91} INFO - Job 1515: Subtask extract_user
[2024-05-19T11:42:56.783+0000] {task_command.py:426} INFO - Running <TaskInstance: dummyjson.extract_user manual__2024-05-19T11:42:44.447631+00:00 [running]> on host ca927d78a9ea
[2024-05-19T11:42:57.379+0000] {taskinstance.py:2648} INFO - Exporting env vars: AIRFLOW_CTX_DAG_EMAIL='fathurrahmanhernanda@gmail.com' AIRFLOW_CTX_DAG_OWNER='***' AIRFLOW_CTX_DAG_ID='dummyjson' AIRFLOW_CTX_TASK_ID='extract_user' AIRFLOW_CTX_EXECUTION_DATE='2024-05-19T11:42:44.447631+00:00' AIRFLOW_CTX_TRY_NUMBER='1' AIRFLOW_CTX_DAG_RUN_ID='manual__2024-05-19T11:42:44.447631+00:00'
[2024-05-19T11:42:57.380+0000] {taskinstance.py:430} INFO - ::endgroup::
[2024-05-19T11:42:57.381+0000] {http.py:169} INFO - Calling HTTP method
[2024-05-19T11:42:57.395+0000] {base.py:84} INFO - Using connection ID 'dummyjson_api' for task execution.
[2024-05-19T11:42:57.407+0000] {base.py:84} INFO - Using connection ID 'dummyjson_api' for task execution.
[2024-05-19T11:42:58.780+0000] {taskinstance.py:441} INFO - ::group::Post task execution logs
[2024-05-19T11:42:58.828+0000] {taskinstance.py:1206} INFO - Marking task as SUCCESS. dag_id=dummyjson, task_id=extract_user, run_id=manual__2024-05-19T11:42:44.447631+00:00, execution_date=20240519T114244, start_date=20240519T114256, end_date=20240519T114258
[2024-05-19T11:42:58.918+0000] {local_task_job_runner.py:240} INFO - Task exited with return code 0
[2024-05-19T11:42:58.933+0000] {local_task_job_runner.py:222} INFO - ::endgroup::
