[2024-05-19T11:40:24.812+0000] {local_task_job_runner.py:120} INFO - ::group::Pre task execution logs
[2024-05-19T11:40:24.838+0000] {taskinstance.py:2076} INFO - Dependencies all met for dep_context=non-requeueable deps ti=<TaskInstance: dummyjson_products.write_to_csv_products manual__2024-05-19T11:38:22.905954+00:00 [queued]>
[2024-05-19T11:40:24.851+0000] {taskinstance.py:2076} INFO - Dependencies all met for dep_context=requeueable deps ti=<TaskInstance: dummyjson_products.write_to_csv_products manual__2024-05-19T11:38:22.905954+00:00 [queued]>
[2024-05-19T11:40:24.852+0000] {taskinstance.py:2306} INFO - Starting attempt 1 of 6
[2024-05-19T11:40:24.871+0000] {taskinstance.py:2330} INFO - Executing <Task(PythonOperator): write_to_csv_products> on 2024-05-19 11:38:22.905954+00:00
[2024-05-19T11:40:24.882+0000] {warnings.py:110} WARNING - /home/***/.local/lib/python3.12/site-packages/***/task/task_runner/standard_task_runner.py:61: DeprecationWarning: This process (pid=2979) is multi-threaded, use of fork() may lead to deadlocks in the child.
  pid = os.fork()

[2024-05-19T11:40:24.885+0000] {standard_task_runner.py:63} INFO - Started process 2981 to run task
[2024-05-19T11:40:24.886+0000] {standard_task_runner.py:90} INFO - Running: ['***', 'tasks', 'run', 'dummyjson_products', 'write_to_csv_products', 'manual__2024-05-19T11:38:22.905954+00:00', '--job-id', '1505', '--raw', '--subdir', 'DAGS_FOLDER/dummyjson_product.py', '--cfg-path', '/tmp/tmpsdnktv9f']
[2024-05-19T11:40:24.888+0000] {standard_task_runner.py:91} INFO - Job 1505: Subtask write_to_csv_products
[2024-05-19T11:40:24.957+0000] {task_command.py:426} INFO - Running <TaskInstance: dummyjson_products.write_to_csv_products manual__2024-05-19T11:38:22.905954+00:00 [running]> on host ca927d78a9ea
[2024-05-19T11:40:25.340+0000] {taskinstance.py:2648} INFO - Exporting env vars: AIRFLOW_CTX_DAG_EMAIL='fathurrahmanhernanda@gmail.com' AIRFLOW_CTX_DAG_OWNER='***' AIRFLOW_CTX_DAG_ID='dummyjson_products' AIRFLOW_CTX_TASK_ID='write_to_csv_products' AIRFLOW_CTX_EXECUTION_DATE='2024-05-19T11:38:22.905954+00:00' AIRFLOW_CTX_TRY_NUMBER='1' AIRFLOW_CTX_DAG_RUN_ID='manual__2024-05-19T11:38:22.905954+00:00'
[2024-05-19T11:40:25.342+0000] {taskinstance.py:430} INFO - ::endgroup::
[2024-05-19T11:40:25.364+0000] {taskinstance.py:441} INFO - ::group::Post task execution logs
[2024-05-19T11:40:25.366+0000] {taskinstance.py:2905} ERROR - Task failed with exception
Traceback (most recent call last):
  File "/home/airflow/.local/lib/python3.12/site-packages/airflow/models/taskinstance.py", line 465, in _execute_task
    result = _execute_callable(context=context, **execute_callable_kwargs)
             ^^^^^^^^^^^^^^^^^^^^^^^^^^^^^^^^^^^^^^^^^^^^^^^^^^^^^^^^^^^^^
  File "/home/airflow/.local/lib/python3.12/site-packages/airflow/models/taskinstance.py", line 432, in _execute_callable
    return execute_callable(context=context, **execute_callable_kwargs)
           ^^^^^^^^^^^^^^^^^^^^^^^^^^^^^^^^^^^^^^^^^^^^^^^^^^^^^^^^^^^^
  File "/home/airflow/.local/lib/python3.12/site-packages/airflow/models/baseoperator.py", line 400, in wrapper
    return func(self, *args, **kwargs)
           ^^^^^^^^^^^^^^^^^^^^^^^^^^^
  File "/home/airflow/.local/lib/python3.12/site-packages/airflow/operators/python.py", line 235, in execute
    return_value = self.execute_callable()
                   ^^^^^^^^^^^^^^^^^^^^^^^
  File "/home/airflow/.local/lib/python3.12/site-packages/airflow/operators/python.py", line 252, in execute_callable
    return self.python_callable(*self.op_args, **self.op_kwargs)
           ^^^^^^^^^^^^^^^^^^^^^^^^^^^^^^^^^^^^^^^^^^^^^^^^^^^^^
  File "/opt/airflow/dags/dummyjson_product.py", line 45, in write_to_csv_products
    writer.writerows(transformed_data)
  File "/usr/local/lib/python3.12/csv.py", line 167, in writerows
    return self.writer.writerows(map(self._dict_to_list, rowdicts))
                                 ^^^^^^^^^^^^^^^^^^^^^^^^^^^^^^^^^
TypeError: 'NoneType' object is not iterable
[2024-05-19T11:40:25.392+0000] {taskinstance.py:1206} INFO - Marking task as UP_FOR_RETRY. dag_id=dummyjson_products, task_id=write_to_csv_products, run_id=manual__2024-05-19T11:38:22.905954+00:00, execution_date=20240519T113822, start_date=20240519T114024, end_date=20240519T114025
[2024-05-19T11:40:25.413+0000] {standard_task_runner.py:110} ERROR - Failed to execute job 1505 for task write_to_csv_products ('NoneType' object is not iterable; 2981)
[2024-05-19T11:40:25.462+0000] {local_task_job_runner.py:240} INFO - Task exited with return code 1
[2024-05-19T11:40:25.503+0000] {taskinstance.py:3498} INFO - 0 downstream tasks scheduled from follow-on schedule check
[2024-05-19T11:40:25.507+0000] {local_task_job_runner.py:222} INFO - ::endgroup::
