[2024-05-19T11:43:20.570+0000] {local_task_job_runner.py:120} INFO - ::group::Pre task execution logs
[2024-05-19T11:43:20.604+0000] {taskinstance.py:2076} INFO - Dependencies all met for dep_context=non-requeueable deps ti=<TaskInstance: dummyjson.gcs_to_bigquery_todo manual__2024-05-19T11:42:44.447631+00:00 [queued]>
[2024-05-19T11:43:20.618+0000] {taskinstance.py:2076} INFO - Dependencies all met for dep_context=requeueable deps ti=<TaskInstance: dummyjson.gcs_to_bigquery_todo manual__2024-05-19T11:42:44.447631+00:00 [queued]>
[2024-05-19T11:43:20.619+0000] {taskinstance.py:2306} INFO - Starting attempt 1 of 6
[2024-05-19T11:43:20.642+0000] {taskinstance.py:2330} INFO - Executing <Task(GCSToBigQueryOperator): gcs_to_bigquery_todo> on 2024-05-19 11:42:44.447631+00:00
[2024-05-19T11:43:20.654+0000] {warnings.py:110} WARNING - /home/***/.local/lib/python3.12/site-packages/***/task/task_runner/standard_task_runner.py:61: DeprecationWarning: This process (pid=3094) is multi-threaded, use of fork() may lead to deadlocks in the child.
  pid = os.fork()

[2024-05-19T11:43:20.657+0000] {standard_task_runner.py:63} INFO - Started process 3101 to run task
[2024-05-19T11:43:20.657+0000] {standard_task_runner.py:90} INFO - Running: ['***', 'tasks', 'run', 'dummyjson', 'gcs_to_bigquery_todo', 'manual__2024-05-19T11:42:44.447631+00:00', '--job-id', '1532', '--raw', '--subdir', 'DAGS_FOLDER/dummyjson.py', '--cfg-path', '/tmp/tmpl3gm9cqo']
[2024-05-19T11:43:20.660+0000] {standard_task_runner.py:91} INFO - Job 1532: Subtask gcs_to_bigquery_todo
[2024-05-19T11:43:20.741+0000] {task_command.py:426} INFO - Running <TaskInstance: dummyjson.gcs_to_bigquery_todo manual__2024-05-19T11:42:44.447631+00:00 [running]> on host ca927d78a9ea
[2024-05-19T11:43:21.253+0000] {taskinstance.py:2648} INFO - Exporting env vars: AIRFLOW_CTX_DAG_EMAIL='fathurrahmanhernanda@gmail.com' AIRFLOW_CTX_DAG_OWNER='***' AIRFLOW_CTX_DAG_ID='dummyjson' AIRFLOW_CTX_TASK_ID='gcs_to_bigquery_todo' AIRFLOW_CTX_EXECUTION_DATE='2024-05-19T11:42:44.447631+00:00' AIRFLOW_CTX_TRY_NUMBER='1' AIRFLOW_CTX_DAG_RUN_ID='manual__2024-05-19T11:42:44.447631+00:00'
[2024-05-19T11:43:21.254+0000] {taskinstance.py:430} INFO - ::endgroup::
[2024-05-19T11:43:21.266+0000] {connection.py:274} WARNING - Connection schemes (type: google_cloud_platform) shall not contain '_' according to RFC3986.
[2024-05-19T11:43:21.272+0000] {base.py:84} INFO - Using connection ID '***GCP' for task execution.
[2024-05-19T11:43:21.274+0000] {gcs_to_bigquery.py:380} INFO - Using existing BigQuery table for storing data...
[2024-05-19T11:43:21.334+0000] {gcs_to_bigquery.py:384} INFO - Executing: {'load': {'autodetect': True, 'createDisposition': 'CREATE_IF_NEEDED', 'destinationTable': {'projectId': 'iconic-indexer-418610', 'datasetId': 'weekly_assignment_6', 'tableId': 'todos'}, 'sourceFormat': 'CSV', 'sourceUris': ['gs://weekly-assignment-6/todos.csv'], 'writeDisposition': 'WRITE_TRUNCATE', 'ignoreUnknownValues': False, 'schema': {'fields': [{'name': 'todo_id', 'type': 'STRING', 'mode': 'NULLABLE'}, {'name': 'todo', 'type': 'STRING', 'mode': 'NULLABLE'}, {'name': 'completed', 'type': 'BOOLEAN', 'mode': 'NULLABLE'}, {'name': 'user_id', 'type': 'STRING', 'mode': 'NULLABLE'}]}, 'skipLeadingRows': 1, 'fieldDelimiter': ',', 'quote': None, 'allowQuotedNewlines': False, 'encoding': 'UTF-8'}}
[2024-05-19T11:43:21.336+0000] {bigquery.py:1660} INFO - Inserting job ***_dummyjson_gcs_to_bigquery_todo_2024_05_19T11_42_44_447631_00_00_b7272890e707f7ad5228fc669a3fb098
[2024-05-19T11:43:25.542+0000] {taskinstance.py:441} INFO - ::group::Post task execution logs
[2024-05-19T11:43:25.561+0000] {taskinstance.py:1206} INFO - Marking task as SUCCESS. dag_id=dummyjson, task_id=gcs_to_bigquery_todo, run_id=manual__2024-05-19T11:42:44.447631+00:00, execution_date=20240519T114244, start_date=20240519T114320, end_date=20240519T114325
[2024-05-19T11:43:25.619+0000] {local_task_job_runner.py:240} INFO - Task exited with return code 0
[2024-05-19T11:43:25.643+0000] {taskinstance.py:3498} INFO - 0 downstream tasks scheduled from follow-on schedule check
[2024-05-19T11:43:25.647+0000] {local_task_job_runner.py:222} INFO - ::endgroup::
