[2024-05-19T11:42:49.510+0000] {local_task_job_runner.py:120} INFO - ::group::Pre task execution logs
[2024-05-19T11:42:49.538+0000] {taskinstance.py:2076} INFO - Dependencies all met for dep_context=non-requeueable deps ti=<TaskInstance: dummyjson.is_todo_api_available manual__2024-05-19T11:42:44.447631+00:00 [queued]>
[2024-05-19T11:42:49.552+0000] {taskinstance.py:2076} INFO - Dependencies all met for dep_context=requeueable deps ti=<TaskInstance: dummyjson.is_todo_api_available manual__2024-05-19T11:42:44.447631+00:00 [queued]>
[2024-05-19T11:42:49.553+0000] {taskinstance.py:2306} INFO - Starting attempt 1 of 6
[2024-05-19T11:42:49.581+0000] {taskinstance.py:2330} INFO - Executing <Task(HttpSensor): is_todo_api_available> on 2024-05-19 11:42:44.447631+00:00
[2024-05-19T11:42:49.592+0000] {warnings.py:110} WARNING - /home/***/.local/lib/python3.12/site-packages/***/task/task_runner/standard_task_runner.py:61: DeprecationWarning: This process (pid=3027) is multi-threaded, use of fork() may lead to deadlocks in the child.
  pid = os.fork()

[2024-05-19T11:42:49.595+0000] {standard_task_runner.py:63} INFO - Started process 3034 to run task
[2024-05-19T11:42:49.596+0000] {standard_task_runner.py:90} INFO - Running: ['***', 'tasks', 'run', 'dummyjson', 'is_todo_api_available', 'manual__2024-05-19T11:42:44.447631+00:00', '--job-id', '1512', '--raw', '--subdir', 'DAGS_FOLDER/dummyjson.py', '--cfg-path', '/tmp/tmpgmnxf5v3']
[2024-05-19T11:42:49.598+0000] {standard_task_runner.py:91} INFO - Job 1512: Subtask is_todo_api_available
[2024-05-19T11:42:49.671+0000] {task_command.py:426} INFO - Running <TaskInstance: dummyjson.is_todo_api_available manual__2024-05-19T11:42:44.447631+00:00 [running]> on host ca927d78a9ea
[2024-05-19T11:42:50.235+0000] {taskinstance.py:2648} INFO - Exporting env vars: AIRFLOW_CTX_DAG_EMAIL='fathurrahmanhernanda@gmail.com' AIRFLOW_CTX_DAG_OWNER='***' AIRFLOW_CTX_DAG_ID='dummyjson' AIRFLOW_CTX_TASK_ID='is_todo_api_available' AIRFLOW_CTX_EXECUTION_DATE='2024-05-19T11:42:44.447631+00:00' AIRFLOW_CTX_TRY_NUMBER='1' AIRFLOW_CTX_DAG_RUN_ID='manual__2024-05-19T11:42:44.447631+00:00'
[2024-05-19T11:42:50.237+0000] {taskinstance.py:430} INFO - ::endgroup::
[2024-05-19T11:42:50.238+0000] {baseoperator.py:399} WARNING - HttpSensor.execute cannot be called outside TaskInstance!
[2024-05-19T11:42:50.238+0000] {http.py:137} INFO - Poking: /todos/
[2024-05-19T11:42:50.257+0000] {base.py:84} INFO - Using connection ID 'dummyjson_api' for task execution.
[2024-05-19T11:42:51.896+0000] {base.py:294} INFO - Success criteria met. Exiting.
[2024-05-19T11:42:51.898+0000] {taskinstance.py:441} INFO - ::group::Post task execution logs
[2024-05-19T11:42:51.915+0000] {taskinstance.py:1206} INFO - Marking task as SUCCESS. dag_id=dummyjson, task_id=is_todo_api_available, run_id=manual__2024-05-19T11:42:44.447631+00:00, execution_date=20240519T114244, start_date=20240519T114249, end_date=20240519T114251
[2024-05-19T11:42:52.023+0000] {local_task_job_runner.py:240} INFO - Task exited with return code 0
[2024-05-19T11:42:52.080+0000] {local_task_job_runner.py:222} INFO - ::endgroup::
