[2024-05-19T11:12:41.633+0000] {local_task_job_runner.py:120} INFO - ::group::Pre task execution logs
[2024-05-19T11:12:41.693+0000] {taskinstance.py:2076} INFO - Dependencies all met for dep_context=non-requeueable deps ti=<TaskInstance: dummyjson.extract_user manual__2024-05-19T11:12:27.201988+00:00 [queued]>
[2024-05-19T11:12:41.720+0000] {taskinstance.py:2076} INFO - Dependencies all met for dep_context=requeueable deps ti=<TaskInstance: dummyjson.extract_user manual__2024-05-19T11:12:27.201988+00:00 [queued]>
[2024-05-19T11:12:41.722+0000] {taskinstance.py:2306} INFO - Starting attempt 1 of 6
[2024-05-19T11:12:41.763+0000] {taskinstance.py:2330} INFO - Executing <Task(SimpleHttpOperator): extract_user> on 2024-05-19 11:12:27.201988+00:00
[2024-05-19T11:12:41.775+0000] {warnings.py:110} WARNING - /home/***/.local/lib/python3.12/site-packages/***/task/task_runner/standard_task_runner.py:61: DeprecationWarning: This process (pid=2374) is multi-threaded, use of fork() may lead to deadlocks in the child.
  pid = os.fork()

[2024-05-19T11:12:41.778+0000] {standard_task_runner.py:63} INFO - Started process 2380 to run task
[2024-05-19T11:12:41.778+0000] {standard_task_runner.py:90} INFO - Running: ['***', 'tasks', 'run', 'dummyjson', 'extract_user', 'manual__2024-05-19T11:12:27.201988+00:00', '--job-id', '1416', '--raw', '--subdir', 'DAGS_FOLDER/dummyjson.py', '--cfg-path', '/tmp/tmpdges2qa4']
[2024-05-19T11:12:41.781+0000] {standard_task_runner.py:91} INFO - Job 1416: Subtask extract_user
[2024-05-19T11:12:41.883+0000] {task_command.py:426} INFO - Running <TaskInstance: dummyjson.extract_user manual__2024-05-19T11:12:27.201988+00:00 [running]> on host ca927d78a9ea
[2024-05-19T11:12:42.608+0000] {taskinstance.py:2648} INFO - Exporting env vars: AIRFLOW_CTX_DAG_EMAIL='fathurrahmanhernanda@gmail.com' AIRFLOW_CTX_DAG_OWNER='***' AIRFLOW_CTX_DAG_ID='dummyjson' AIRFLOW_CTX_TASK_ID='extract_user' AIRFLOW_CTX_EXECUTION_DATE='2024-05-19T11:12:27.201988+00:00' AIRFLOW_CTX_TRY_NUMBER='1' AIRFLOW_CTX_DAG_RUN_ID='manual__2024-05-19T11:12:27.201988+00:00'
[2024-05-19T11:12:42.611+0000] {taskinstance.py:430} INFO - ::endgroup::
[2024-05-19T11:12:42.612+0000] {http.py:169} INFO - Calling HTTP method
[2024-05-19T11:12:42.629+0000] {base.py:84} INFO - Using connection ID 'dummyjson_api' for task execution.
[2024-05-19T11:12:42.642+0000] {base.py:84} INFO - Using connection ID 'dummyjson_api' for task execution.
[2024-05-19T11:12:44.899+0000] {taskinstance.py:441} INFO - ::group::Post task execution logs
[2024-05-19T11:12:44.986+0000] {taskinstance.py:1206} INFO - Marking task as SUCCESS. dag_id=dummyjson, task_id=extract_user, run_id=manual__2024-05-19T11:12:27.201988+00:00, execution_date=20240519T111227, start_date=20240519T111241, end_date=20240519T111244
[2024-05-19T11:12:45.104+0000] {local_task_job_runner.py:240} INFO - Task exited with return code 0
[2024-05-19T11:12:45.131+0000] {local_task_job_runner.py:222} INFO - ::endgroup::
