[2024-05-19T08:51:03.668+0000] {local_task_job_runner.py:120} INFO - ::group::Pre task execution logs
[2024-05-19T08:51:03.691+0000] {taskinstance.py:2076} INFO - Dependencies all met for dep_context=non-requeueable deps ti=<TaskInstance: dummyjson_ingestion.write_to_csv manual__2024-05-19T08:50:36.807259+00:00 [queued]>
[2024-05-19T08:51:03.703+0000] {taskinstance.py:2076} INFO - Dependencies all met for dep_context=requeueable deps ti=<TaskInstance: dummyjson_ingestion.write_to_csv manual__2024-05-19T08:50:36.807259+00:00 [queued]>
[2024-05-19T08:51:03.708+0000] {taskinstance.py:2306} INFO - Starting attempt 1 of 6
[2024-05-19T08:51:03.730+0000] {taskinstance.py:2330} INFO - Executing <Task(PythonOperator): write_to_csv> on 2024-05-19 08:50:36.807259+00:00
[2024-05-19T08:51:03.740+0000] {warnings.py:110} WARNING - /home/***/.local/lib/python3.12/site-packages/***/task/task_runner/standard_task_runner.py:61: DeprecationWarning: This process (pid=345) is multi-threaded, use of fork() may lead to deadlocks in the child.
  pid = os.fork()

[2024-05-19T08:51:03.742+0000] {standard_task_runner.py:63} INFO - Started process 347 to run task
[2024-05-19T08:51:03.743+0000] {standard_task_runner.py:90} INFO - Running: ['***', 'tasks', 'run', 'dummyjson_ingestion', 'write_to_csv', 'manual__2024-05-19T08:50:36.807259+00:00', '--job-id', '1311', '--raw', '--subdir', 'DAGS_FOLDER/dummyjson_ingestion.py', '--cfg-path', '/tmp/tmpgffjvfxk']
[2024-05-19T08:51:03.745+0000] {standard_task_runner.py:91} INFO - Job 1311: Subtask write_to_csv
[2024-05-19T08:51:03.808+0000] {task_command.py:426} INFO - Running <TaskInstance: dummyjson_ingestion.write_to_csv manual__2024-05-19T08:50:36.807259+00:00 [running]> on host ca927d78a9ea
[2024-05-19T08:51:04.200+0000] {taskinstance.py:2648} INFO - Exporting env vars: AIRFLOW_CTX_DAG_EMAIL='fathurrahmanhernanda@gmail.com' AIRFLOW_CTX_DAG_OWNER='***' AIRFLOW_CTX_DAG_ID='dummyjson_ingestion' AIRFLOW_CTX_TASK_ID='write_to_csv' AIRFLOW_CTX_EXECUTION_DATE='2024-05-19T08:50:36.807259+00:00' AIRFLOW_CTX_TRY_NUMBER='1' AIRFLOW_CTX_DAG_RUN_ID='manual__2024-05-19T08:50:36.807259+00:00'
[2024-05-19T08:51:04.202+0000] {taskinstance.py:430} INFO - ::endgroup::
[2024-05-19T08:51:04.223+0000] {dummyjson_ingestion.py:60} INFO - CSV file has been written successfully.
[2024-05-19T08:51:04.224+0000] {python.py:237} INFO - Done. Returned value was: None
[2024-05-19T08:51:04.225+0000] {taskinstance.py:441} INFO - ::group::Post task execution logs
[2024-05-19T08:51:04.237+0000] {taskinstance.py:1206} INFO - Marking task as SUCCESS. dag_id=dummyjson_ingestion, task_id=write_to_csv, run_id=manual__2024-05-19T08:50:36.807259+00:00, execution_date=20240519T085036, start_date=20240519T085103, end_date=20240519T085104
[2024-05-19T08:51:04.279+0000] {local_task_job_runner.py:240} INFO - Task exited with return code 0
[2024-05-19T08:51:04.314+0000] {taskinstance.py:3498} INFO - 1 downstream tasks scheduled from follow-on schedule check
[2024-05-19T08:51:04.318+0000] {local_task_job_runner.py:222} INFO - ::endgroup::
