[2024-05-19T15:23:37.398+0000] {local_task_job_runner.py:120} INFO - ::group::Pre task execution logs
[2024-05-19T15:23:37.512+0000] {taskinstance.py:2076} INFO - Dependencies all met for dep_context=non-requeueable deps ti=<TaskInstance: dummyjson.write_to_csv_post scheduled__2024-05-17T17:00:00+00:00 [queued]>
[2024-05-19T15:23:37.550+0000] {taskinstance.py:2076} INFO - Dependencies all met for dep_context=requeueable deps ti=<TaskInstance: dummyjson.write_to_csv_post scheduled__2024-05-17T17:00:00+00:00 [queued]>
[2024-05-19T15:23:37.553+0000] {taskinstance.py:2306} INFO - Starting attempt 3 of 8
[2024-05-19T15:23:37.654+0000] {taskinstance.py:2330} INFO - Executing <Task(PythonOperator): write_to_csv_post> on 2024-05-17 17:00:00+00:00
[2024-05-19T15:23:37.668+0000] {warnings.py:110} WARNING - /home/***/.local/lib/python3.12/site-packages/***/task/task_runner/standard_task_runner.py:61: DeprecationWarning: This process (pid=1754) is multi-threaded, use of fork() may lead to deadlocks in the child.
  pid = os.fork()

[2024-05-19T15:23:37.671+0000] {standard_task_runner.py:63} INFO - Started process 1771 to run task
[2024-05-19T15:23:37.674+0000] {standard_task_runner.py:90} INFO - Running: ['***', 'tasks', 'run', 'dummyjson', 'write_to_csv_post', 'scheduled__2024-05-17T17:00:00+00:00', '--job-id', '2028', '--raw', '--subdir', 'DAGS_FOLDER/dummyjson.py', '--cfg-path', '/tmp/tmpsqaefcsk']
[2024-05-19T15:23:37.687+0000] {standard_task_runner.py:91} INFO - Job 2028: Subtask write_to_csv_post
[2024-05-19T15:23:37.939+0000] {task_command.py:426} INFO - Running <TaskInstance: dummyjson.write_to_csv_post scheduled__2024-05-17T17:00:00+00:00 [running]> on host ca927d78a9ea
[2024-05-19T15:23:38.616+0000] {taskinstance.py:2648} INFO - Exporting env vars: AIRFLOW_CTX_DAG_EMAIL='fathurrahmanhernanda@gmail.com' AIRFLOW_CTX_DAG_OWNER='***' AIRFLOW_CTX_DAG_ID='dummyjson' AIRFLOW_CTX_TASK_ID='write_to_csv_post' AIRFLOW_CTX_EXECUTION_DATE='2024-05-17T17:00:00+00:00' AIRFLOW_CTX_TRY_NUMBER='3' AIRFLOW_CTX_DAG_RUN_ID='scheduled__2024-05-17T17:00:00+00:00'
[2024-05-19T15:23:38.620+0000] {taskinstance.py:430} INFO - ::endgroup::
[2024-05-19T15:23:38.669+0000] {dummyjson.py:108} INFO - CSV file has been written successfully to /opt/***/dags/playground/target/dummyjson/posts.csv.
[2024-05-19T15:23:38.670+0000] {python.py:237} INFO - Done. Returned value was: None
[2024-05-19T15:23:38.671+0000] {taskinstance.py:441} INFO - ::group::Post task execution logs
[2024-05-19T15:23:38.700+0000] {taskinstance.py:1206} INFO - Marking task as SUCCESS. dag_id=dummyjson, task_id=write_to_csv_post, run_id=scheduled__2024-05-17T17:00:00+00:00, execution_date=20240517T170000, start_date=20240519T152337, end_date=20240519T152338
[2024-05-19T15:23:38.780+0000] {local_task_job_runner.py:240} INFO - Task exited with return code 0
[2024-05-19T15:23:38.855+0000] {taskinstance.py:3498} INFO - 1 downstream tasks scheduled from follow-on schedule check
[2024-05-19T15:23:38.867+0000] {local_task_job_runner.py:222} INFO - ::endgroup::
