[2024-05-19T09:09:16.670+0000] {local_task_job_runner.py:120} INFO - ::group::Pre task execution logs
[2024-05-19T09:09:16.693+0000] {taskinstance.py:2076} INFO - Dependencies all met for dep_context=non-requeueable deps ti=<TaskInstance: dummyjson_ingestion.is_api_available manual__2024-05-19T09:09:12.636391+00:00 [queued]>
[2024-05-19T09:09:16.704+0000] {taskinstance.py:2076} INFO - Dependencies all met for dep_context=requeueable deps ti=<TaskInstance: dummyjson_ingestion.is_api_available manual__2024-05-19T09:09:12.636391+00:00 [queued]>
[2024-05-19T09:09:16.705+0000] {taskinstance.py:2306} INFO - Starting attempt 1 of 6
[2024-05-19T09:09:16.723+0000] {taskinstance.py:2330} INFO - Executing <Task(HttpSensor): is_api_available> on 2024-05-19 09:09:12.636391+00:00
[2024-05-19T09:09:16.732+0000] {warnings.py:110} WARNING - /home/***/.local/lib/python3.12/site-packages/***/task/task_runner/standard_task_runner.py:61: DeprecationWarning: This process (pid=636) is multi-threaded, use of fork() may lead to deadlocks in the child.
  pid = os.fork()

[2024-05-19T09:09:16.734+0000] {standard_task_runner.py:63} INFO - Started process 638 to run task
[2024-05-19T09:09:16.734+0000] {standard_task_runner.py:90} INFO - Running: ['***', 'tasks', 'run', 'dummyjson_ingestion', 'is_api_available', 'manual__2024-05-19T09:09:12.636391+00:00', '--job-id', '1335', '--raw', '--subdir', 'DAGS_FOLDER/dummyjson_ingestion.py', '--cfg-path', '/tmp/tmp8gc4r2vu']
[2024-05-19T09:09:16.736+0000] {standard_task_runner.py:91} INFO - Job 1335: Subtask is_api_available
[2024-05-19T09:09:16.809+0000] {task_command.py:426} INFO - Running <TaskInstance: dummyjson_ingestion.is_api_available manual__2024-05-19T09:09:12.636391+00:00 [running]> on host ca927d78a9ea
[2024-05-19T09:09:17.209+0000] {taskinstance.py:2648} INFO - Exporting env vars: AIRFLOW_CTX_DAG_EMAIL='fathurrahmanhernanda@gmail.com' AIRFLOW_CTX_DAG_OWNER='***' AIRFLOW_CTX_DAG_ID='dummyjson_ingestion' AIRFLOW_CTX_TASK_ID='is_api_available' AIRFLOW_CTX_EXECUTION_DATE='2024-05-19T09:09:12.636391+00:00' AIRFLOW_CTX_TRY_NUMBER='1' AIRFLOW_CTX_DAG_RUN_ID='manual__2024-05-19T09:09:12.636391+00:00'
[2024-05-19T09:09:17.210+0000] {taskinstance.py:430} INFO - ::endgroup::
[2024-05-19T09:09:17.211+0000] {baseoperator.py:399} WARNING - HttpSensor.execute cannot be called outside TaskInstance!
[2024-05-19T09:09:17.212+0000] {http.py:137} INFO - Poking: /users/
[2024-05-19T09:09:17.224+0000] {base.py:84} INFO - Using connection ID 'dummyjson_api' for task execution.
[2024-05-19T09:09:18.515+0000] {base.py:294} INFO - Success criteria met. Exiting.
[2024-05-19T09:09:18.517+0000] {taskinstance.py:441} INFO - ::group::Post task execution logs
[2024-05-19T09:09:18.533+0000] {taskinstance.py:1206} INFO - Marking task as SUCCESS. dag_id=dummyjson_ingestion, task_id=is_api_available, run_id=manual__2024-05-19T09:09:12.636391+00:00, execution_date=20240519T090912, start_date=20240519T090916, end_date=20240519T090918
[2024-05-19T09:09:18.599+0000] {local_task_job_runner.py:240} INFO - Task exited with return code 0
[2024-05-19T09:09:18.613+0000] {warnings.py:110} WARNING - /home/***/.local/lib/python3.12/site-packages/***/models/baseoperator.py:1296: AirflowProviderDeprecationWarning: Call to deprecated class SimpleHttpOperator. (Class `SimpleHttpOperator` is deprecated and will be removed in a future release. Please use `HttpOperator` instead.)
  result = cls.__new__(cls)

[2024-05-19T09:09:18.656+0000] {taskinstance.py:3498} INFO - 1 downstream tasks scheduled from follow-on schedule check
[2024-05-19T09:09:18.661+0000] {local_task_job_runner.py:222} INFO - ::endgroup::
