[2024-05-19T15:23:42.566+0000] {local_task_job_runner.py:120} INFO - ::group::Pre task execution logs
[2024-05-19T15:23:42.619+0000] {taskinstance.py:2076} INFO - Dependencies all met for dep_context=non-requeueable deps ti=<TaskInstance: dummyjson.write_to_csv_todo manual__2024-05-19T15:17:18.366686+00:00 [queued]>
[2024-05-19T15:23:42.644+0000] {taskinstance.py:2076} INFO - Dependencies all met for dep_context=requeueable deps ti=<TaskInstance: dummyjson.write_to_csv_todo manual__2024-05-19T15:17:18.366686+00:00 [queued]>
[2024-05-19T15:23:42.646+0000] {taskinstance.py:2306} INFO - Starting attempt 2 of 7
[2024-05-19T15:23:42.686+0000] {taskinstance.py:2330} INFO - Executing <Task(PythonOperator): write_to_csv_todo> on 2024-05-19 15:17:18.366686+00:00
[2024-05-19T15:23:42.701+0000] {warnings.py:110} WARNING - /home/***/.local/lib/python3.12/site-packages/***/task/task_runner/standard_task_runner.py:61: DeprecationWarning: This process (pid=1770) is multi-threaded, use of fork() may lead to deadlocks in the child.
  pid = os.fork()

[2024-05-19T15:23:42.704+0000] {standard_task_runner.py:63} INFO - Started process 1787 to run task
[2024-05-19T15:23:42.706+0000] {standard_task_runner.py:90} INFO - Running: ['***', 'tasks', 'run', 'dummyjson', 'write_to_csv_todo', 'manual__2024-05-19T15:17:18.366686+00:00', '--job-id', '2033', '--raw', '--subdir', 'DAGS_FOLDER/dummyjson.py', '--cfg-path', '/tmp/tmptz846mtn']
[2024-05-19T15:23:42.711+0000] {standard_task_runner.py:91} INFO - Job 2033: Subtask write_to_csv_todo
[2024-05-19T15:23:42.859+0000] {task_command.py:426} INFO - Running <TaskInstance: dummyjson.write_to_csv_todo manual__2024-05-19T15:17:18.366686+00:00 [running]> on host ca927d78a9ea
[2024-05-19T15:23:44.034+0000] {taskinstance.py:2648} INFO - Exporting env vars: AIRFLOW_CTX_DAG_EMAIL='fathurrahmanhernanda@gmail.com' AIRFLOW_CTX_DAG_OWNER='***' AIRFLOW_CTX_DAG_ID='dummyjson' AIRFLOW_CTX_TASK_ID='write_to_csv_todo' AIRFLOW_CTX_EXECUTION_DATE='2024-05-19T15:17:18.366686+00:00' AIRFLOW_CTX_TRY_NUMBER='2' AIRFLOW_CTX_DAG_RUN_ID='manual__2024-05-19T15:17:18.366686+00:00'
[2024-05-19T15:23:44.052+0000] {taskinstance.py:430} INFO - ::endgroup::
[2024-05-19T15:23:44.127+0000] {dummyjson.py:108} INFO - CSV file has been written successfully to /opt/***/dags/playground/target/dummyjson/todos.csv.
[2024-05-19T15:23:44.128+0000] {python.py:237} INFO - Done. Returned value was: None
[2024-05-19T15:23:44.138+0000] {taskinstance.py:441} INFO - ::group::Post task execution logs
[2024-05-19T15:23:44.169+0000] {taskinstance.py:1206} INFO - Marking task as SUCCESS. dag_id=dummyjson, task_id=write_to_csv_todo, run_id=manual__2024-05-19T15:17:18.366686+00:00, execution_date=20240519T151718, start_date=20240519T152342, end_date=20240519T152344
[2024-05-19T15:23:44.289+0000] {local_task_job_runner.py:240} INFO - Task exited with return code 0
[2024-05-19T15:23:44.377+0000] {taskinstance.py:3498} INFO - 1 downstream tasks scheduled from follow-on schedule check
[2024-05-19T15:23:44.402+0000] {local_task_job_runner.py:222} INFO - ::endgroup::
