[2024-05-19T11:13:34.497+0000] {local_task_job_runner.py:120} INFO - ::group::Pre task execution logs
[2024-05-19T11:13:34.537+0000] {taskinstance.py:2076} INFO - Dependencies all met for dep_context=non-requeueable deps ti=<TaskInstance: dummyjson.write_to_csv_post manual__2024-05-19T11:07:31.553907+00:00 [queued]>
[2024-05-19T11:13:34.561+0000] {taskinstance.py:2076} INFO - Dependencies all met for dep_context=requeueable deps ti=<TaskInstance: dummyjson.write_to_csv_post manual__2024-05-19T11:07:31.553907+00:00 [queued]>
[2024-05-19T11:13:34.563+0000] {taskinstance.py:2306} INFO - Starting attempt 1 of 6
[2024-05-19T11:13:34.614+0000] {taskinstance.py:2330} INFO - Executing <Task(PythonOperator): write_to_csv_post> on 2024-05-19 11:07:31.553907+00:00
[2024-05-19T11:13:34.645+0000] {standard_task_runner.py:90} INFO - Running: ['***', 'tasks', 'run', 'dummyjson', 'write_to_csv_post', 'manual__2024-05-19T11:07:31.553907+00:00', '--job-id', '1444', '--raw', '--subdir', 'DAGS_FOLDER/dummyjson.py', '--cfg-path', '/tmp/tmpdth_host']
[2024-05-19T11:13:34.645+0000] {warnings.py:110} WARNING - /home/***/.local/lib/python3.12/site-packages/***/task/task_runner/standard_task_runner.py:61: DeprecationWarning: This process (pid=2455) is multi-threaded, use of fork() may lead to deadlocks in the child.
  pid = os.fork()

[2024-05-19T11:13:34.650+0000] {standard_task_runner.py:91} INFO - Job 1444: Subtask write_to_csv_post
[2024-05-19T11:13:34.650+0000] {standard_task_runner.py:63} INFO - Started process 2467 to run task
[2024-05-19T11:13:34.821+0000] {task_command.py:426} INFO - Running <TaskInstance: dummyjson.write_to_csv_post manual__2024-05-19T11:07:31.553907+00:00 [running]> on host ca927d78a9ea
[2024-05-19T11:13:35.379+0000] {taskinstance.py:2648} INFO - Exporting env vars: AIRFLOW_CTX_DAG_EMAIL='fathurrahmanhernanda@gmail.com' AIRFLOW_CTX_DAG_OWNER='***' AIRFLOW_CTX_DAG_ID='dummyjson' AIRFLOW_CTX_TASK_ID='write_to_csv_post' AIRFLOW_CTX_EXECUTION_DATE='2024-05-19T11:07:31.553907+00:00' AIRFLOW_CTX_TRY_NUMBER='1' AIRFLOW_CTX_DAG_RUN_ID='manual__2024-05-19T11:07:31.553907+00:00'
[2024-05-19T11:13:35.380+0000] {taskinstance.py:430} INFO - ::endgroup::
[2024-05-19T11:13:35.405+0000] {dummyjson.py:109} INFO - CSV file has been written successfully to /opt/***/dags/playground/target/dummyjson/posts.csv.
[2024-05-19T11:13:35.406+0000] {python.py:237} INFO - Done. Returned value was: None
[2024-05-19T11:13:35.407+0000] {taskinstance.py:441} INFO - ::group::Post task execution logs
[2024-05-19T11:13:35.423+0000] {taskinstance.py:1206} INFO - Marking task as SUCCESS. dag_id=dummyjson, task_id=write_to_csv_post, run_id=manual__2024-05-19T11:07:31.553907+00:00, execution_date=20240519T110731, start_date=20240519T111334, end_date=20240519T111335
[2024-05-19T11:13:35.483+0000] {local_task_job_runner.py:240} INFO - Task exited with return code 0
[2024-05-19T11:13:35.548+0000] {taskinstance.py:3498} INFO - 1 downstream tasks scheduled from follow-on schedule check
[2024-05-19T11:13:35.552+0000] {local_task_job_runner.py:222} INFO - ::endgroup::
