[2024-05-14T14:38:05.756+0000] {local_task_job_runner.py:120} INFO - ::group::Pre task execution logs
[2024-05-14T14:38:05.792+0000] {taskinstance.py:2076} INFO - Dependencies all met for dep_context=non-requeueable deps ti=<TaskInstance: json2csv_a.students_transform scheduled__2024-05-14T14:36:00+00:00 [queued]>
[2024-05-14T14:38:05.802+0000] {taskinstance.py:2076} INFO - Dependencies all met for dep_context=requeueable deps ti=<TaskInstance: json2csv_a.students_transform scheduled__2024-05-14T14:36:00+00:00 [queued]>
[2024-05-14T14:38:05.803+0000] {taskinstance.py:2306} INFO - Starting attempt 1 of 1
[2024-05-14T14:38:05.823+0000] {taskinstance.py:2330} INFO - Executing <Task(_PythonDecoratedOperator): students_transform> on 2024-05-14 14:36:00+00:00
[2024-05-14T14:38:05.831+0000] {warnings.py:110} WARNING - /home/***/.local/lib/python3.12/site-packages/***/task/task_runner/standard_task_runner.py:61: DeprecationWarning: This process (pid=1665) is multi-threaded, use of fork() may lead to deadlocks in the child.
  pid = os.fork()

[2024-05-14T14:38:05.834+0000] {standard_task_runner.py:63} INFO - Started process 1670 to run task
[2024-05-14T14:38:05.834+0000] {standard_task_runner.py:90} INFO - Running: ['***', 'tasks', 'run', 'json2csv_a', 'students_transform', 'scheduled__2024-05-14T14:36:00+00:00', '--job-id', '815', '--raw', '--subdir', 'DAGS_FOLDER/json_to_csv_dynamic.py', '--cfg-path', '/tmp/tmpgan9zb97']
[2024-05-14T14:38:05.839+0000] {standard_task_runner.py:91} INFO - Job 815: Subtask students_transform
[2024-05-14T14:38:05.908+0000] {task_command.py:426} INFO - Running <TaskInstance: json2csv_a.students_transform scheduled__2024-05-14T14:36:00+00:00 [running]> on host c2025ffc2c56
[2024-05-14T14:38:06.098+0000] {taskinstance.py:2648} INFO - Exporting env vars: AIRFLOW_CTX_DAG_OWNER='***' AIRFLOW_CTX_DAG_ID='json2csv_a' AIRFLOW_CTX_TASK_ID='students_transform' AIRFLOW_CTX_EXECUTION_DATE='2024-05-14T14:36:00+00:00' AIRFLOW_CTX_TRY_NUMBER='1' AIRFLOW_CTX_DAG_RUN_ID='scheduled__2024-05-14T14:36:00+00:00'
[2024-05-14T14:38:06.102+0000] {taskinstance.py:430} INFO - ::endgroup::
[2024-05-14T14:38:06.104+0000] {python.py:237} INFO - Done. Returned value was: 1,Fariz Wakan
2,Fathurrahman Hernanda

[2024-05-14T14:38:06.105+0000] {taskinstance.py:441} INFO - ::group::Post task execution logs
[2024-05-14T14:38:06.139+0000] {taskinstance.py:1206} INFO - Marking task as SUCCESS. dag_id=json2csv_a, task_id=students_transform, run_id=scheduled__2024-05-14T14:36:00+00:00, execution_date=20240514T143600, start_date=20240514T143805, end_date=20240514T143806
[2024-05-14T14:38:06.169+0000] {local_task_job_runner.py:240} INFO - Task exited with return code 0
[2024-05-14T14:38:06.210+0000] {taskinstance.py:3498} INFO - 1 downstream tasks scheduled from follow-on schedule check
[2024-05-14T14:38:06.213+0000] {local_task_job_runner.py:222} INFO - ::endgroup::
