[2024-05-16T12:23:44.076+0000] {local_task_job_runner.py:120} INFO - ::group::Pre task execution logs
[2024-05-16T12:23:44.108+0000] {taskinstance.py:2076} INFO - Dependencies all met for dep_context=non-requeueable deps ti=<TaskInstance: randomuser_ingestion.extract_user manual__2024-05-16T12:23:36.638960+00:00 [queued]>
[2024-05-16T12:23:44.123+0000] {taskinstance.py:2076} INFO - Dependencies all met for dep_context=requeueable deps ti=<TaskInstance: randomuser_ingestion.extract_user manual__2024-05-16T12:23:36.638960+00:00 [queued]>
[2024-05-16T12:23:44.124+0000] {taskinstance.py:2306} INFO - Starting attempt 1 of 1
[2024-05-16T12:23:44.144+0000] {taskinstance.py:2330} INFO - Executing <Task(SimpleHttpOperator): extract_user> on 2024-05-16 12:23:36.638960+00:00
[2024-05-16T12:23:44.156+0000] {warnings.py:110} WARNING - /home/***/.local/lib/python3.12/site-packages/***/task/task_runner/standard_task_runner.py:61: DeprecationWarning: This process (pid=2560) is multi-threaded, use of fork() may lead to deadlocks in the child.
  pid = os.fork()

[2024-05-16T12:23:44.159+0000] {standard_task_runner.py:63} INFO - Started process 2562 to run task
[2024-05-16T12:23:44.159+0000] {standard_task_runner.py:90} INFO - Running: ['***', 'tasks', 'run', 'randomuser_ingestion', 'extract_user', 'manual__2024-05-16T12:23:36.638960+00:00', '--job-id', '1095', '--raw', '--subdir', 'DAGS_FOLDER/randomuser_ingestion.py', '--cfg-path', '/tmp/tmpptt2e__9']
[2024-05-16T12:23:44.164+0000] {standard_task_runner.py:91} INFO - Job 1095: Subtask extract_user
[2024-05-16T12:23:44.241+0000] {task_command.py:426} INFO - Running <TaskInstance: randomuser_ingestion.extract_user manual__2024-05-16T12:23:36.638960+00:00 [running]> on host 8d1d9b6df744
[2024-05-16T12:23:44.381+0000] {taskinstance.py:2648} INFO - Exporting env vars: AIRFLOW_CTX_DAG_OWNER='***' AIRFLOW_CTX_DAG_ID='randomuser_ingestion' AIRFLOW_CTX_TASK_ID='extract_user' AIRFLOW_CTX_EXECUTION_DATE='2024-05-16T12:23:36.638960+00:00' AIRFLOW_CTX_TRY_NUMBER='1' AIRFLOW_CTX_DAG_RUN_ID='manual__2024-05-16T12:23:36.638960+00:00'
[2024-05-16T12:23:44.388+0000] {taskinstance.py:430} INFO - ::endgroup::
[2024-05-16T12:23:44.389+0000] {http.py:169} INFO - Calling HTTP method
[2024-05-16T12:23:44.402+0000] {base.py:84} INFO - Using connection ID 'randomuser_api' for task execution.
[2024-05-16T12:23:44.412+0000] {base.py:84} INFO - Using connection ID 'randomuser_api' for task execution.
[2024-05-16T12:23:45.476+0000] {taskinstance.py:441} INFO - ::group::Post task execution logs
[2024-05-16T12:23:45.516+0000] {taskinstance.py:1206} INFO - Marking task as SUCCESS. dag_id=randomuser_ingestion, task_id=extract_user, run_id=manual__2024-05-16T12:23:36.638960+00:00, execution_date=20240516T122336, start_date=20240516T122344, end_date=20240516T122345
[2024-05-16T12:23:45.583+0000] {local_task_job_runner.py:240} INFO - Task exited with return code 0
[2024-05-16T12:23:45.608+0000] {warnings.py:110} WARNING - /home/***/.local/lib/python3.12/site-packages/***/models/baseoperator.py:1296: AirflowProviderDeprecationWarning: Call to deprecated class SimpleHttpOperator. (Class `SimpleHttpOperator` is deprecated and will be removed in a future release. Please use `HttpOperator` instead.)
  result = cls.__new__(cls)

[2024-05-16T12:23:45.640+0000] {taskinstance.py:3498} INFO - 1 downstream tasks scheduled from follow-on schedule check
[2024-05-16T12:23:45.643+0000] {local_task_job_runner.py:222} INFO - ::endgroup::
