[2024-05-19T15:23:45.513+0000] {local_task_job_runner.py:120} INFO - ::group::Pre task execution logs
[2024-05-19T15:23:45.568+0000] {taskinstance.py:2076} INFO - Dependencies all met for dep_context=non-requeueable deps ti=<TaskInstance: dummyjson.local_to_gcs_post scheduled__2024-05-17T17:00:00+00:00 [queued]>
[2024-05-19T15:23:45.592+0000] {taskinstance.py:2076} INFO - Dependencies all met for dep_context=requeueable deps ti=<TaskInstance: dummyjson.local_to_gcs_post scheduled__2024-05-17T17:00:00+00:00 [queued]>
[2024-05-19T15:23:45.593+0000] {taskinstance.py:2306} INFO - Starting attempt 1 of 6
[2024-05-19T15:23:45.641+0000] {taskinstance.py:2330} INFO - Executing <Task(LocalFilesystemToGCSOperator): local_to_gcs_post> on 2024-05-17 17:00:00+00:00
[2024-05-19T15:23:45.661+0000] {warnings.py:110} WARNING - /home/***/.local/lib/python3.12/site-packages/***/task/task_runner/standard_task_runner.py:61: DeprecationWarning: This process (pid=1775) is multi-threaded, use of fork() may lead to deadlocks in the child.
  pid = os.fork()

[2024-05-19T15:23:45.669+0000] {standard_task_runner.py:63} INFO - Started process 1795 to run task
[2024-05-19T15:23:45.691+0000] {standard_task_runner.py:90} INFO - Running: ['***', 'tasks', 'run', 'dummyjson', 'local_to_gcs_post', 'scheduled__2024-05-17T17:00:00+00:00', '--job-id', '2036', '--raw', '--subdir', 'DAGS_FOLDER/dummyjson.py', '--cfg-path', '/tmp/tmp_7qviwk9']
[2024-05-19T15:23:45.699+0000] {standard_task_runner.py:91} INFO - Job 2036: Subtask local_to_gcs_post
[2024-05-19T15:23:45.840+0000] {task_command.py:426} INFO - Running <TaskInstance: dummyjson.local_to_gcs_post scheduled__2024-05-17T17:00:00+00:00 [running]> on host ca927d78a9ea
[2024-05-19T15:23:46.811+0000] {taskinstance.py:2648} INFO - Exporting env vars: AIRFLOW_CTX_DAG_EMAIL='fathurrahmanhernanda@gmail.com' AIRFLOW_CTX_DAG_OWNER='***' AIRFLOW_CTX_DAG_ID='dummyjson' AIRFLOW_CTX_TASK_ID='local_to_gcs_post' AIRFLOW_CTX_EXECUTION_DATE='2024-05-17T17:00:00+00:00' AIRFLOW_CTX_TRY_NUMBER='1' AIRFLOW_CTX_DAG_RUN_ID='scheduled__2024-05-17T17:00:00+00:00'
[2024-05-19T15:23:46.813+0000] {taskinstance.py:430} INFO - ::endgroup::
[2024-05-19T15:23:46.838+0000] {connection.py:274} WARNING - Connection schemes (type: google_cloud_platform) shall not contain '_' according to RFC3986.
[2024-05-19T15:23:46.846+0000] {base.py:84} INFO - Using connection ID '***GCP' for task execution.
[2024-05-19T15:23:48.479+0000] {gcs.py:556} INFO - File /opt/***/dags/playground/target/dummyjson/posts.csv uploaded to posts.csv in weekly-assignment-6 bucket
[2024-05-19T15:23:48.480+0000] {taskinstance.py:441} INFO - ::group::Post task execution logs
[2024-05-19T15:23:48.515+0000] {taskinstance.py:1206} INFO - Marking task as SUCCESS. dag_id=dummyjson, task_id=local_to_gcs_post, run_id=scheduled__2024-05-17T17:00:00+00:00, execution_date=20240517T170000, start_date=20240519T152345, end_date=20240519T152348
[2024-05-19T15:23:48.609+0000] {local_task_job_runner.py:240} INFO - Task exited with return code 0
[2024-05-19T15:23:48.728+0000] {taskinstance.py:3498} INFO - 1 downstream tasks scheduled from follow-on schedule check
[2024-05-19T15:23:48.743+0000] {local_task_job_runner.py:222} INFO - ::endgroup::
