[2024-05-16T11:42:59.367+0000] {local_task_job_runner.py:120} INFO - ::group::Pre task execution logs
[2024-05-16T11:42:59.389+0000] {taskinstance.py:2076} INFO - Dependencies all met for dep_context=non-requeueable deps ti=<TaskInstance: randomuser_ingestion.is_api_available manual__2024-05-16T11:40:49.332823+00:00 [queued]>
[2024-05-16T11:42:59.400+0000] {taskinstance.py:2076} INFO - Dependencies all met for dep_context=requeueable deps ti=<TaskInstance: randomuser_ingestion.is_api_available manual__2024-05-16T11:40:49.332823+00:00 [queued]>
[2024-05-16T11:42:59.401+0000] {taskinstance.py:2306} INFO - Starting attempt 2 of 2
[2024-05-16T11:42:59.420+0000] {taskinstance.py:2330} INFO - Executing <Task(HttpSensor): is_api_available> on 2024-05-16 11:40:49.332823+00:00
[2024-05-16T11:42:59.429+0000] {warnings.py:110} WARNING - /home/***/.local/lib/python3.12/site-packages/***/task/task_runner/standard_task_runner.py:61: DeprecationWarning: This process (pid=1967) is multi-threaded, use of fork() may lead to deadlocks in the child.
  pid = os.fork()

[2024-05-16T11:42:59.432+0000] {standard_task_runner.py:63} INFO - Started process 1969 to run task
[2024-05-16T11:42:59.432+0000] {standard_task_runner.py:90} INFO - Running: ['***', 'tasks', 'run', 'randomuser_ingestion', 'is_api_available', 'manual__2024-05-16T11:40:49.332823+00:00', '--job-id', '1064', '--raw', '--subdir', 'DAGS_FOLDER/randomuser_ingestion.py', '--cfg-path', '/tmp/tmp4yo1mzag']
[2024-05-16T11:42:59.436+0000] {standard_task_runner.py:91} INFO - Job 1064: Subtask is_api_available
[2024-05-16T11:42:59.506+0000] {task_command.py:426} INFO - Running <TaskInstance: randomuser_ingestion.is_api_available manual__2024-05-16T11:40:49.332823+00:00 [running]> on host 8d1d9b6df744
[2024-05-16T11:42:59.640+0000] {taskinstance.py:2648} INFO - Exporting env vars: AIRFLOW_CTX_DAG_OWNER='***' AIRFLOW_CTX_DAG_ID='randomuser_ingestion' AIRFLOW_CTX_TASK_ID='is_api_available' AIRFLOW_CTX_EXECUTION_DATE='2024-05-16T11:40:49.332823+00:00' AIRFLOW_CTX_TRY_NUMBER='2' AIRFLOW_CTX_DAG_RUN_ID='manual__2024-05-16T11:40:49.332823+00:00'
[2024-05-16T11:42:59.643+0000] {taskinstance.py:430} INFO - ::endgroup::
[2024-05-16T11:42:59.643+0000] {baseoperator.py:399} WARNING - HttpSensor.execute cannot be called outside TaskInstance!
[2024-05-16T11:42:59.644+0000] {http.py:137} INFO - Poking: /api
[2024-05-16T11:42:59.658+0000] {base.py:84} INFO - Using connection ID 'randomuser_api' for task execution.
[2024-05-16T11:43:00.549+0000] {base.py:294} INFO - Success criteria met. Exiting.
[2024-05-16T11:43:00.553+0000] {taskinstance.py:441} INFO - ::group::Post task execution logs
[2024-05-16T11:43:00.591+0000] {taskinstance.py:1206} INFO - Marking task as SUCCESS. dag_id=randomuser_ingestion, task_id=is_api_available, run_id=manual__2024-05-16T11:40:49.332823+00:00, execution_date=20240516T114049, start_date=20240516T114259, end_date=20240516T114300
[2024-05-16T11:43:00.653+0000] {local_task_job_runner.py:240} INFO - Task exited with return code 0
[2024-05-16T11:43:00.671+0000] {warnings.py:110} WARNING - /home/***/.local/lib/python3.12/site-packages/***/models/baseoperator.py:1296: AirflowProviderDeprecationWarning: Call to deprecated class SimpleHttpOperator. (Class `SimpleHttpOperator` is deprecated and will be removed in a future release. Please use `HttpOperator` instead.)
  result = cls.__new__(cls)

[2024-05-16T11:43:00.709+0000] {taskinstance.py:3498} INFO - 1 downstream tasks scheduled from follow-on schedule check
[2024-05-16T11:43:00.713+0000] {local_task_job_runner.py:222} INFO - ::endgroup::
