[2024-05-19T12:03:57.168+0000] {local_task_job_runner.py:120} INFO - ::group::Pre task execution logs
[2024-05-19T12:03:57.210+0000] {taskinstance.py:2076} INFO - Dependencies all met for dep_context=non-requeueable deps ti=<TaskInstance: dummyjson_products.write_to_csv_products manual__2024-05-19T11:57:58.039773+00:00 [queued]>
[2024-05-19T12:03:57.226+0000] {taskinstance.py:2076} INFO - Dependencies all met for dep_context=requeueable deps ti=<TaskInstance: dummyjson_products.write_to_csv_products manual__2024-05-19T11:57:58.039773+00:00 [queued]>
[2024-05-19T12:03:57.228+0000] {taskinstance.py:2306} INFO - Starting attempt 1 of 6
[2024-05-19T12:03:57.264+0000] {taskinstance.py:2330} INFO - Executing <Task(PythonOperator): write_to_csv_products> on 2024-05-19 11:57:58.039773+00:00
[2024-05-19T12:03:57.278+0000] {warnings.py:110} WARNING - /home/***/.local/lib/python3.12/site-packages/***/task/task_runner/standard_task_runner.py:61: DeprecationWarning: This process (pid=3523) is multi-threaded, use of fork() may lead to deadlocks in the child.
  pid = os.fork()

[2024-05-19T12:03:57.284+0000] {standard_task_runner.py:63} INFO - Started process 3538 to run task
[2024-05-19T12:03:57.283+0000] {standard_task_runner.py:90} INFO - Running: ['***', 'tasks', 'run', 'dummyjson_products', 'write_to_csv_products', 'manual__2024-05-19T11:57:58.039773+00:00', '--job-id', '1589', '--raw', '--subdir', 'DAGS_FOLDER/dummyjson.py', '--cfg-path', '/tmp/tmplmvc5vw4']
[2024-05-19T12:03:57.286+0000] {standard_task_runner.py:91} INFO - Job 1589: Subtask write_to_csv_products
[2024-05-19T12:03:57.416+0000] {task_command.py:426} INFO - Running <TaskInstance: dummyjson_products.write_to_csv_products manual__2024-05-19T11:57:58.039773+00:00 [running]> on host ca927d78a9ea
[2024-05-19T12:03:58.021+0000] {taskinstance.py:2648} INFO - Exporting env vars: AIRFLOW_CTX_DAG_EMAIL='fathurrahmanhernanda@gmail.com' AIRFLOW_CTX_DAG_OWNER='***' AIRFLOW_CTX_DAG_ID='dummyjson_products' AIRFLOW_CTX_TASK_ID='write_to_csv_products' AIRFLOW_CTX_EXECUTION_DATE='2024-05-19T11:57:58.039773+00:00' AIRFLOW_CTX_TRY_NUMBER='1' AIRFLOW_CTX_DAG_RUN_ID='manual__2024-05-19T11:57:58.039773+00:00'
[2024-05-19T12:03:58.023+0000] {taskinstance.py:430} INFO - ::endgroup::
[2024-05-19T12:03:58.075+0000] {dummyjson.py:50} INFO - CSV file has been written successfully to /opt/***/dags/playground/target/dummyjson/products.csv.
[2024-05-19T12:03:58.077+0000] {python.py:237} INFO - Done. Returned value was: None
[2024-05-19T12:03:58.077+0000] {taskinstance.py:441} INFO - ::group::Post task execution logs
[2024-05-19T12:03:58.102+0000] {taskinstance.py:1206} INFO - Marking task as SUCCESS. dag_id=dummyjson_products, task_id=write_to_csv_products, run_id=manual__2024-05-19T11:57:58.039773+00:00, execution_date=20240519T115758, start_date=20240519T120357, end_date=20240519T120358
[2024-05-19T12:03:58.184+0000] {local_task_job_runner.py:240} INFO - Task exited with return code 0
[2024-05-19T12:03:58.252+0000] {taskinstance.py:3498} INFO - 1 downstream tasks scheduled from follow-on schedule check
[2024-05-19T12:03:58.256+0000] {local_task_job_runner.py:222} INFO - ::endgroup::
