[2024-05-19T08:36:02.933+0000] {local_task_job_runner.py:120} INFO - ::group::Pre task execution logs
[2024-05-19T08:36:02.965+0000] {taskinstance.py:2076} INFO - Dependencies all met for dep_context=non-requeueable deps ti=<TaskInstance: dummyjson_ingestion.extract_user manual__2024-05-19T08:35:54.168096+00:00 [queued]>
[2024-05-19T08:36:02.976+0000] {taskinstance.py:2076} INFO - Dependencies all met for dep_context=requeueable deps ti=<TaskInstance: dummyjson_ingestion.extract_user manual__2024-05-19T08:35:54.168096+00:00 [queued]>
[2024-05-19T08:36:02.978+0000] {taskinstance.py:2306} INFO - Starting attempt 1 of 6
[2024-05-19T08:36:02.995+0000] {taskinstance.py:2330} INFO - Executing <Task(SimpleHttpOperator): extract_user> on 2024-05-19 08:35:54.168096+00:00
[2024-05-19T08:36:03.004+0000] {warnings.py:110} WARNING - /home/***/.local/lib/python3.12/site-packages/***/task/task_runner/standard_task_runner.py:61: DeprecationWarning: This process (pid=127) is multi-threaded, use of fork() may lead to deadlocks in the child.
  pid = os.fork()

[2024-05-19T08:36:03.006+0000] {standard_task_runner.py:63} INFO - Started process 129 to run task
[2024-05-19T08:36:03.006+0000] {standard_task_runner.py:90} INFO - Running: ['***', 'tasks', 'run', 'dummyjson_ingestion', 'extract_user', 'manual__2024-05-19T08:35:54.168096+00:00', '--job-id', '1299', '--raw', '--subdir', 'DAGS_FOLDER/dummyjson_ingestion.py', '--cfg-path', '/tmp/tmpwywwmcfq']
[2024-05-19T08:36:03.010+0000] {standard_task_runner.py:91} INFO - Job 1299: Subtask extract_user
[2024-05-19T08:36:03.080+0000] {task_command.py:426} INFO - Running <TaskInstance: dummyjson_ingestion.extract_user manual__2024-05-19T08:35:54.168096+00:00 [running]> on host ca927d78a9ea
[2024-05-19T08:36:03.228+0000] {taskinstance.py:2648} INFO - Exporting env vars: AIRFLOW_CTX_DAG_EMAIL='fathurrahmanhernanda@gmail.com' AIRFLOW_CTX_DAG_OWNER='***' AIRFLOW_CTX_DAG_ID='dummyjson_ingestion' AIRFLOW_CTX_TASK_ID='extract_user' AIRFLOW_CTX_EXECUTION_DATE='2024-05-19T08:35:54.168096+00:00' AIRFLOW_CTX_TRY_NUMBER='1' AIRFLOW_CTX_DAG_RUN_ID='manual__2024-05-19T08:35:54.168096+00:00'
[2024-05-19T08:36:03.232+0000] {taskinstance.py:430} INFO - ::endgroup::
[2024-05-19T08:36:03.233+0000] {http.py:169} INFO - Calling HTTP method
[2024-05-19T08:36:03.243+0000] {base.py:84} INFO - Using connection ID 'dummyjson_api' for task execution.
[2024-05-19T08:36:03.255+0000] {base.py:84} INFO - Using connection ID 'dummyjson_api' for task execution.
[2024-05-19T08:36:04.509+0000] {taskinstance.py:441} INFO - ::group::Post task execution logs
[2024-05-19T08:36:04.552+0000] {taskinstance.py:1206} INFO - Marking task as SUCCESS. dag_id=dummyjson_ingestion, task_id=extract_user, run_id=manual__2024-05-19T08:35:54.168096+00:00, execution_date=20240519T083554, start_date=20240519T083602, end_date=20240519T083604
[2024-05-19T08:36:04.590+0000] {local_task_job_runner.py:240} INFO - Task exited with return code 0
[2024-05-19T08:36:04.608+0000] {warnings.py:110} WARNING - /home/***/.local/lib/python3.12/site-packages/***/models/baseoperator.py:1296: AirflowProviderDeprecationWarning: Call to deprecated class SimpleHttpOperator. (Class `SimpleHttpOperator` is deprecated and will be removed in a future release. Please use `HttpOperator` instead.)
  result = cls.__new__(cls)

[2024-05-19T08:36:04.636+0000] {taskinstance.py:3498} INFO - 1 downstream tasks scheduled from follow-on schedule check
[2024-05-19T08:36:04.640+0000] {local_task_job_runner.py:222} INFO - ::endgroup::
