[2024-05-13T11:14:21.797+0000] {local_task_job_runner.py:120} INFO - ::group::Pre task execution logs
[2024-05-13T11:14:21.876+0000] {taskinstance.py:2076} INFO - Dependencies all met for dep_context=non-requeueable deps ti=<TaskInstance: demo.airflow scheduled__2024-05-08T00:00:00+00:00 [queued]>
[2024-05-13T11:14:21.901+0000] {taskinstance.py:2076} INFO - Dependencies all met for dep_context=requeueable deps ti=<TaskInstance: demo.airflow scheduled__2024-05-08T00:00:00+00:00 [queued]>
[2024-05-13T11:14:21.902+0000] {taskinstance.py:2306} INFO - Starting attempt 1 of 1
[2024-05-13T11:14:21.951+0000] {taskinstance.py:2330} INFO - Executing <Task(_PythonDecoratedOperator): airflow> on 2024-05-08 00:00:00+00:00
[2024-05-13T11:14:21.975+0000] {warnings.py:110} WARNING - /home/***/.local/lib/python3.12/site-packages/***/task/task_runner/standard_task_runner.py:61: DeprecationWarning: This process (pid=2196) is multi-threaded, use of fork() may lead to deadlocks in the child.
  pid = os.fork()

[2024-05-13T11:14:21.980+0000] {standard_task_runner.py:63} INFO - Started process 2223 to run task
[2024-05-13T11:14:21.992+0000] {standard_task_runner.py:90} INFO - Running: ['***', 'tasks', 'run', 'demo', '***', 'scheduled__2024-05-08T00:00:00+00:00', '--job-id', '195', '--raw', '--subdir', 'DAGS_FOLDER/demo.py', '--cfg-path', '/tmp/tmpy_icpa41']
[2024-05-13T11:14:21.999+0000] {standard_task_runner.py:91} INFO - Job 195: Subtask ***
[2024-05-13T11:14:22.398+0000] {task_command.py:426} INFO - Running <TaskInstance: demo.airflow scheduled__2024-05-08T00:00:00+00:00 [running]> on host c2025ffc2c56
[2024-05-13T11:14:22.705+0000] {taskinstance.py:2648} INFO - Exporting env vars: AIRFLOW_CTX_DAG_OWNER='***' AIRFLOW_CTX_DAG_ID='demo' AIRFLOW_CTX_TASK_ID='***' AIRFLOW_CTX_EXECUTION_DATE='2024-05-08T00:00:00+00:00' AIRFLOW_CTX_TRY_NUMBER='1' AIRFLOW_CTX_DAG_RUN_ID='scheduled__2024-05-08T00:00:00+00:00'
[2024-05-13T11:14:22.708+0000] {taskinstance.py:430} INFO - ::endgroup::
[2024-05-13T11:14:22.709+0000] {logging_mixin.py:188} INFO - ***
[2024-05-13T11:14:22.710+0000] {python.py:237} INFO - Done. Returned value was: None
[2024-05-13T11:14:22.711+0000] {taskinstance.py:441} INFO - ::group::Post task execution logs
[2024-05-13T11:14:22.730+0000] {taskinstance.py:1206} INFO - Marking task as SUCCESS. dag_id=demo, task_id=***, run_id=scheduled__2024-05-08T00:00:00+00:00, execution_date=20240508T000000, start_date=20240513T111421, end_date=20240513T111422
[2024-05-13T11:14:22.802+0000] {local_task_job_runner.py:240} INFO - Task exited with return code 0
[2024-05-13T11:14:22.838+0000] {taskinstance.py:3498} INFO - 0 downstream tasks scheduled from follow-on schedule check
[2024-05-13T11:14:22.842+0000] {local_task_job_runner.py:222} INFO - ::endgroup::
