[2024-05-19T12:22:14.326+0000] {local_task_job_runner.py:120} INFO - ::group::Pre task execution logs
[2024-05-19T12:22:14.359+0000] {taskinstance.py:2076} INFO - Dependencies all met for dep_context=non-requeueable deps ti=<TaskInstance: dummyjson_products.transform_products manual__2024-05-19T12:21:31.218589+00:00 [queued]>
[2024-05-19T12:22:14.379+0000] {taskinstance.py:2076} INFO - Dependencies all met for dep_context=requeueable deps ti=<TaskInstance: dummyjson_products.transform_products manual__2024-05-19T12:21:31.218589+00:00 [queued]>
[2024-05-19T12:22:14.380+0000] {taskinstance.py:2306} INFO - Starting attempt 1 of 6
[2024-05-19T12:22:14.409+0000] {taskinstance.py:2330} INFO - Executing <Task(PythonOperator): transform_products> on 2024-05-19 12:21:31.218589+00:00
[2024-05-19T12:22:14.421+0000] {warnings.py:110} WARNING - /home/***/.local/lib/python3.12/site-packages/***/task/task_runner/standard_task_runner.py:61: DeprecationWarning: This process (pid=4001) is multi-threaded, use of fork() may lead to deadlocks in the child.
  pid = os.fork()

[2024-05-19T12:22:14.425+0000] {standard_task_runner.py:63} INFO - Started process 4006 to run task
[2024-05-19T12:22:14.426+0000] {standard_task_runner.py:90} INFO - Running: ['***', 'tasks', 'run', 'dummyjson_products', 'transform_products', 'manual__2024-05-19T12:21:31.218589+00:00', '--job-id', '1675', '--raw', '--subdir', 'DAGS_FOLDER/dummyjson.py', '--cfg-path', '/tmp/tmpe27ecj44']
[2024-05-19T12:22:14.429+0000] {standard_task_runner.py:91} INFO - Job 1675: Subtask transform_products
[2024-05-19T12:22:14.516+0000] {task_command.py:426} INFO - Running <TaskInstance: dummyjson_products.transform_products manual__2024-05-19T12:21:31.218589+00:00 [running]> on host ca927d78a9ea
[2024-05-19T12:22:15.150+0000] {taskinstance.py:2648} INFO - Exporting env vars: AIRFLOW_CTX_DAG_EMAIL='fathurrahmanhernanda@gmail.com' AIRFLOW_CTX_DAG_OWNER='***' AIRFLOW_CTX_DAG_ID='dummyjson_products' AIRFLOW_CTX_TASK_ID='transform_products' AIRFLOW_CTX_EXECUTION_DATE='2024-05-19T12:21:31.218589+00:00' AIRFLOW_CTX_TRY_NUMBER='1' AIRFLOW_CTX_DAG_RUN_ID='manual__2024-05-19T12:21:31.218589+00:00'
[2024-05-19T12:22:15.152+0000] {taskinstance.py:430} INFO - ::endgroup::
[2024-05-19T12:22:15.173+0000] {taskinstance.py:441} INFO - ::group::Post task execution logs
[2024-05-19T12:22:15.174+0000] {taskinstance.py:2905} ERROR - Task failed with exception
Traceback (most recent call last):
  File "/home/airflow/.local/lib/python3.12/site-packages/airflow/models/taskinstance.py", line 465, in _execute_task
    result = _execute_callable(context=context, **execute_callable_kwargs)
             ^^^^^^^^^^^^^^^^^^^^^^^^^^^^^^^^^^^^^^^^^^^^^^^^^^^^^^^^^^^^^
  File "/home/airflow/.local/lib/python3.12/site-packages/airflow/models/taskinstance.py", line 432, in _execute_callable
    return execute_callable(context=context, **execute_callable_kwargs)
           ^^^^^^^^^^^^^^^^^^^^^^^^^^^^^^^^^^^^^^^^^^^^^^^^^^^^^^^^^^^^
  File "/home/airflow/.local/lib/python3.12/site-packages/airflow/models/baseoperator.py", line 400, in wrapper
    return func(self, *args, **kwargs)
           ^^^^^^^^^^^^^^^^^^^^^^^^^^^
  File "/home/airflow/.local/lib/python3.12/site-packages/airflow/operators/python.py", line 235, in execute
    return_value = self.execute_callable()
                   ^^^^^^^^^^^^^^^^^^^^^^^
  File "/home/airflow/.local/lib/python3.12/site-packages/airflow/operators/python.py", line 252, in execute_callable
    return self.python_callable(*self.op_args, **self.op_kwargs)
           ^^^^^^^^^^^^^^^^^^^^^^^^^^^^^^^^^^^^^^^^^^^^^^^^^^^^^
  File "/opt/airflow/dags/dummyjson.py", line 39, in transform_generic_cart
    response = json.loads(ti.xcom_pull(task_ids='extract_products'))
               ^^^^^^^^^^^^^^^^^^^^^^^^^^^^^^^^^^^^^^^^^^^^^^^^^^^^^
  File "/usr/local/lib/python3.12/json/__init__.py", line 339, in loads
    raise TypeError(f'the JSON object must be str, bytes or bytearray, '
TypeError: the JSON object must be str, bytes or bytearray, not dict
[2024-05-19T12:22:15.200+0000] {taskinstance.py:1206} INFO - Marking task as UP_FOR_RETRY. dag_id=dummyjson_products, task_id=transform_products, run_id=manual__2024-05-19T12:21:31.218589+00:00, execution_date=20240519T122131, start_date=20240519T122214, end_date=20240519T122215
[2024-05-19T12:22:15.223+0000] {standard_task_runner.py:110} ERROR - Failed to execute job 1675 for task transform_products (the JSON object must be str, bytes or bytearray, not dict; 4006)
[2024-05-19T12:22:15.288+0000] {local_task_job_runner.py:240} INFO - Task exited with return code 1
[2024-05-19T12:22:15.332+0000] {taskinstance.py:3498} INFO - 0 downstream tasks scheduled from follow-on schedule check
[2024-05-19T12:22:15.335+0000] {local_task_job_runner.py:222} INFO - ::endgroup::
