[2024-05-19T10:18:20.352+0000] {local_task_job_runner.py:120} INFO - ::group::Pre task execution logs
[2024-05-19T10:18:20.457+0000] {taskinstance.py:2076} INFO - Dependencies all met for dep_context=non-requeueable deps ti=<TaskInstance: dummyjson.gcs_to_bigquery_cart scheduled__2024-05-01T00:00:00+00:00 [queued]>
[2024-05-19T10:18:20.497+0000] {taskinstance.py:2076} INFO - Dependencies all met for dep_context=requeueable deps ti=<TaskInstance: dummyjson.gcs_to_bigquery_cart scheduled__2024-05-01T00:00:00+00:00 [queued]>
[2024-05-19T10:18:20.500+0000] {taskinstance.py:2306} INFO - Starting attempt 1 of 6
[2024-05-19T10:18:20.542+0000] {taskinstance.py:2330} INFO - Executing <Task(GCSToBigQueryOperator): gcs_to_bigquery_cart> on 2024-05-01 00:00:00+00:00
[2024-05-19T10:18:20.562+0000] {warnings.py:110} WARNING - /home/***/.local/lib/python3.12/site-packages/***/task/task_runner/standard_task_runner.py:61: DeprecationWarning: This process (pid=1660) is multi-threaded, use of fork() may lead to deadlocks in the child.
  pid = os.fork()

[2024-05-19T10:18:20.564+0000] {standard_task_runner.py:63} INFO - Started process 1662 to run task
[2024-05-19T10:18:20.565+0000] {standard_task_runner.py:90} INFO - Running: ['***', 'tasks', 'run', 'dummyjson', 'gcs_to_bigquery_cart', 'scheduled__2024-05-01T00:00:00+00:00', '--job-id', '1399', '--raw', '--subdir', 'DAGS_FOLDER/dummyjson.py', '--cfg-path', '/tmp/tmpwoivmufl']
[2024-05-19T10:18:20.567+0000] {standard_task_runner.py:91} INFO - Job 1399: Subtask gcs_to_bigquery_cart
[2024-05-19T10:18:20.667+0000] {task_command.py:426} INFO - Running <TaskInstance: dummyjson.gcs_to_bigquery_cart scheduled__2024-05-01T00:00:00+00:00 [running]> on host ca927d78a9ea
[2024-05-19T10:18:21.181+0000] {taskinstance.py:2648} INFO - Exporting env vars: AIRFLOW_CTX_DAG_EMAIL='fathurrahmanhernanda@gmail.com' AIRFLOW_CTX_DAG_OWNER='***' AIRFLOW_CTX_DAG_ID='dummyjson' AIRFLOW_CTX_TASK_ID='gcs_to_bigquery_cart' AIRFLOW_CTX_EXECUTION_DATE='2024-05-01T00:00:00+00:00' AIRFLOW_CTX_TRY_NUMBER='1' AIRFLOW_CTX_DAG_RUN_ID='scheduled__2024-05-01T00:00:00+00:00'
[2024-05-19T10:18:21.183+0000] {taskinstance.py:430} INFO - ::endgroup::
[2024-05-19T10:18:21.197+0000] {connection.py:274} WARNING - Connection schemes (type: google_cloud_platform) shall not contain '_' according to RFC3986.
[2024-05-19T10:18:21.208+0000] {base.py:84} INFO - Using connection ID '***GCP' for task execution.
[2024-05-19T10:18:21.213+0000] {gcs_to_bigquery.py:380} INFO - Using existing BigQuery table for storing data...
[2024-05-19T10:18:21.303+0000] {gcs_to_bigquery.py:384} INFO - Executing: {'load': {'autodetect': True, 'createDisposition': 'CREATE_IF_NEEDED', 'destinationTable': {'projectId': 'iconic-indexer-418610', 'datasetId': 'weekly_assignment_6', 'tableId': 'carts'}, 'sourceFormat': 'CSV', 'sourceUris': ['gs://weekly-assignment-6/carts.csv'], 'writeDisposition': 'WRITE_TRUNCATE', 'ignoreUnknownValues': False, 'schema': {'fields': [{'name': 'cart_id', 'type': 'STRING', 'mode': 'NULLABLE'}, {'name': 'user_id', 'type': 'STRING', 'mode': 'NULLABLE'}, {'name': 'total', 'type': 'FLOAT', 'mode': 'NULLABLE'}, {'name': 'discountedTotal', 'type': 'FLOAT', 'mode': 'NULLABLE'}, {'name': 'totalProducts', 'type': 'INTEGER', 'mode': 'NULLABLE'}, {'name': 'totalQuantity', 'type': 'INTEGER', 'mode': 'NULLABLE'}, {'name': 'products', 'type': 'STRING', 'mode': 'NULLABLE'}]}, 'skipLeadingRows': 1, 'fieldDelimiter': ',', 'quote': None, 'allowQuotedNewlines': False, 'encoding': 'UTF-8'}}
[2024-05-19T10:18:21.306+0000] {bigquery.py:1660} INFO - Inserting job ***_dummyjson_gcs_to_bigquery_cart_2024_05_01T00_00_00_00_00_31241df0ef7764651c97a02bf6a6529b
[2024-05-19T10:18:25.900+0000] {taskinstance.py:441} INFO - ::group::Post task execution logs
[2024-05-19T10:18:25.924+0000] {taskinstance.py:1206} INFO - Marking task as SUCCESS. dag_id=dummyjson, task_id=gcs_to_bigquery_cart, run_id=scheduled__2024-05-01T00:00:00+00:00, execution_date=20240501T000000, start_date=20240519T101820, end_date=20240519T101825
[2024-05-19T10:18:25.981+0000] {local_task_job_runner.py:240} INFO - Task exited with return code 0
[2024-05-19T10:18:26.007+0000] {taskinstance.py:3498} INFO - 0 downstream tasks scheduled from follow-on schedule check
[2024-05-19T10:18:26.011+0000] {local_task_job_runner.py:222} INFO - ::endgroup::
