[2024-05-14T14:40:06.056+0000] {local_task_job_runner.py:120} INFO - ::group::Pre task execution logs
[2024-05-14T14:40:06.093+0000] {taskinstance.py:2076} INFO - Dependencies all met for dep_context=non-requeueable deps ti=<TaskInstance: json2csv_a.courses_transform scheduled__2024-05-14T14:38:00+00:00 [queued]>
[2024-05-14T14:40:06.110+0000] {taskinstance.py:2076} INFO - Dependencies all met for dep_context=requeueable deps ti=<TaskInstance: json2csv_a.courses_transform scheduled__2024-05-14T14:38:00+00:00 [queued]>
[2024-05-14T14:40:06.111+0000] {taskinstance.py:2306} INFO - Starting attempt 1 of 1
[2024-05-14T14:40:06.134+0000] {taskinstance.py:2330} INFO - Executing <Task(_PythonDecoratedOperator): courses_transform> on 2024-05-14 14:38:00+00:00
[2024-05-14T14:40:06.143+0000] {warnings.py:110} WARNING - /home/***/.local/lib/python3.12/site-packages/***/task/task_runner/standard_task_runner.py:61: DeprecationWarning: This process (pid=1721) is multi-threaded, use of fork() may lead to deadlocks in the child.
  pid = os.fork()

[2024-05-14T14:40:06.146+0000] {standard_task_runner.py:63} INFO - Started process 1729 to run task
[2024-05-14T14:40:06.146+0000] {standard_task_runner.py:90} INFO - Running: ['***', 'tasks', 'run', 'json2csv_a', 'courses_transform', 'scheduled__2024-05-14T14:38:00+00:00', '--job-id', '824', '--raw', '--subdir', 'DAGS_FOLDER/json_to_csv_dynamic.py', '--cfg-path', '/tmp/tmp1mti8yzp']
[2024-05-14T14:40:06.151+0000] {standard_task_runner.py:91} INFO - Job 824: Subtask courses_transform
[2024-05-14T14:40:06.228+0000] {task_command.py:426} INFO - Running <TaskInstance: json2csv_a.courses_transform scheduled__2024-05-14T14:38:00+00:00 [running]> on host c2025ffc2c56
[2024-05-14T14:40:06.418+0000] {taskinstance.py:2648} INFO - Exporting env vars: AIRFLOW_CTX_DAG_OWNER='***' AIRFLOW_CTX_DAG_ID='json2csv_a' AIRFLOW_CTX_TASK_ID='courses_transform' AIRFLOW_CTX_EXECUTION_DATE='2024-05-14T14:38:00+00:00' AIRFLOW_CTX_TRY_NUMBER='1' AIRFLOW_CTX_DAG_RUN_ID='scheduled__2024-05-14T14:38:00+00:00'
[2024-05-14T14:40:06.421+0000] {taskinstance.py:430} INFO - ::endgroup::
[2024-05-14T14:40:06.422+0000] {python.py:237} INFO - Done. Returned value was: 1,Software Engineer,Beginer
2,Engineering,Advanced

[2024-05-14T14:40:06.423+0000] {taskinstance.py:441} INFO - ::group::Post task execution logs
[2024-05-14T14:40:06.463+0000] {taskinstance.py:1206} INFO - Marking task as SUCCESS. dag_id=json2csv_a, task_id=courses_transform, run_id=scheduled__2024-05-14T14:38:00+00:00, execution_date=20240514T143800, start_date=20240514T144006, end_date=20240514T144006
[2024-05-14T14:40:06.522+0000] {local_task_job_runner.py:240} INFO - Task exited with return code 0
[2024-05-14T14:40:06.560+0000] {taskinstance.py:3498} INFO - 1 downstream tasks scheduled from follow-on schedule check
[2024-05-14T14:40:06.564+0000] {local_task_job_runner.py:222} INFO - ::endgroup::
