[2024-05-19T12:03:30.523+0000] {local_task_job_runner.py:120} INFO - ::group::Pre task execution logs
[2024-05-19T12:03:30.554+0000] {taskinstance.py:2076} INFO - Dependencies all met for dep_context=non-requeueable deps ti=<TaskInstance: dummyjson_products.write_to_csv_products scheduled__2024-05-01T00:00:00+00:00 [queued]>
[2024-05-19T12:03:30.569+0000] {taskinstance.py:2076} INFO - Dependencies all met for dep_context=requeueable deps ti=<TaskInstance: dummyjson_products.write_to_csv_products scheduled__2024-05-01T00:00:00+00:00 [queued]>
[2024-05-19T12:03:30.573+0000] {taskinstance.py:2306} INFO - Starting attempt 5 of 6
[2024-05-19T12:03:30.673+0000] {taskinstance.py:2330} INFO - Executing <Task(PythonOperator): write_to_csv_products> on 2024-05-01 00:00:00+00:00
[2024-05-19T12:03:30.686+0000] {warnings.py:110} WARNING - /home/***/.local/lib/python3.12/site-packages/***/task/task_runner/standard_task_runner.py:61: DeprecationWarning: This process (pid=3454) is multi-threaded, use of fork() may lead to deadlocks in the child.
  pid = os.fork()

[2024-05-19T12:03:30.689+0000] {standard_task_runner.py:63} INFO - Started process 3461 to run task
[2024-05-19T12:03:30.689+0000] {standard_task_runner.py:90} INFO - Running: ['***', 'tasks', 'run', 'dummyjson_products', 'write_to_csv_products', 'scheduled__2024-05-01T00:00:00+00:00', '--job-id', '1568', '--raw', '--subdir', 'DAGS_FOLDER/dummyjson.py', '--cfg-path', '/tmp/tmpos8yicsq']
[2024-05-19T12:03:30.693+0000] {standard_task_runner.py:91} INFO - Job 1568: Subtask write_to_csv_products
[2024-05-19T12:03:30.911+0000] {task_command.py:426} INFO - Running <TaskInstance: dummyjson_products.write_to_csv_products scheduled__2024-05-01T00:00:00+00:00 [running]> on host ca927d78a9ea
[2024-05-19T12:03:31.658+0000] {taskinstance.py:2648} INFO - Exporting env vars: AIRFLOW_CTX_DAG_EMAIL='fathurrahmanhernanda@gmail.com' AIRFLOW_CTX_DAG_OWNER='***' AIRFLOW_CTX_DAG_ID='dummyjson_products' AIRFLOW_CTX_TASK_ID='write_to_csv_products' AIRFLOW_CTX_EXECUTION_DATE='2024-05-01T00:00:00+00:00' AIRFLOW_CTX_TRY_NUMBER='5' AIRFLOW_CTX_DAG_RUN_ID='scheduled__2024-05-01T00:00:00+00:00'
[2024-05-19T12:03:31.663+0000] {taskinstance.py:430} INFO - ::endgroup::
[2024-05-19T12:03:31.724+0000] {dummyjson.py:50} INFO - CSV file has been written successfully to /opt/***/dags/playground/target/dummyjson/products.csv.
[2024-05-19T12:03:31.726+0000] {python.py:237} INFO - Done. Returned value was: None
[2024-05-19T12:03:31.727+0000] {taskinstance.py:441} INFO - ::group::Post task execution logs
[2024-05-19T12:03:31.773+0000] {taskinstance.py:1206} INFO - Marking task as SUCCESS. dag_id=dummyjson_products, task_id=write_to_csv_products, run_id=scheduled__2024-05-01T00:00:00+00:00, execution_date=20240501T000000, start_date=20240519T120330, end_date=20240519T120331
[2024-05-19T12:03:31.858+0000] {local_task_job_runner.py:240} INFO - Task exited with return code 0
[2024-05-19T12:03:31.938+0000] {taskinstance.py:3498} INFO - 1 downstream tasks scheduled from follow-on schedule check
[2024-05-19T12:03:31.959+0000] {local_task_job_runner.py:222} INFO - ::endgroup::
