[2024-05-14T08:48:06.213+0000] {local_task_job_runner.py:120} INFO - ::group::Pre task execution logs
[2024-05-14T08:48:06.257+0000] {taskinstance.py:2076} INFO - Dependencies all met for dep_context=non-requeueable deps ti=<TaskInstance: json_to_csv.courses_transform scheduled__2024-05-14T08:46:00+00:00 [queued]>
[2024-05-14T08:48:06.274+0000] {taskinstance.py:2076} INFO - Dependencies all met for dep_context=requeueable deps ti=<TaskInstance: json_to_csv.courses_transform scheduled__2024-05-14T08:46:00+00:00 [queued]>
[2024-05-14T08:48:06.276+0000] {taskinstance.py:2306} INFO - Starting attempt 1 of 1
[2024-05-14T08:48:06.299+0000] {taskinstance.py:2330} INFO - Executing <Task(_PythonDecoratedOperator): courses_transform> on 2024-05-14 08:46:00+00:00
[2024-05-14T08:48:06.310+0000] {warnings.py:110} WARNING - /home/***/.local/lib/python3.12/site-packages/***/task/task_runner/standard_task_runner.py:61: DeprecationWarning: This process (pid=1824) is multi-threaded, use of fork() may lead to deadlocks in the child.
  pid = os.fork()

[2024-05-14T08:48:06.313+0000] {standard_task_runner.py:63} INFO - Started process 1830 to run task
[2024-05-14T08:48:06.313+0000] {standard_task_runner.py:90} INFO - Running: ['***', 'tasks', 'run', 'json_to_csv', 'courses_transform', 'scheduled__2024-05-14T08:46:00+00:00', '--job-id', '515', '--raw', '--subdir', 'DAGS_FOLDER/json_to_csv.py', '--cfg-path', '/tmp/tmp6pv0o47u']
[2024-05-14T08:48:06.318+0000] {standard_task_runner.py:91} INFO - Job 515: Subtask courses_transform
[2024-05-14T08:48:06.419+0000] {task_command.py:426} INFO - Running <TaskInstance: json_to_csv.courses_transform scheduled__2024-05-14T08:46:00+00:00 [running]> on host c2025ffc2c56
[2024-05-14T08:48:06.622+0000] {taskinstance.py:2648} INFO - Exporting env vars: AIRFLOW_CTX_DAG_OWNER='***' AIRFLOW_CTX_DAG_ID='json_to_csv' AIRFLOW_CTX_TASK_ID='courses_transform' AIRFLOW_CTX_EXECUTION_DATE='2024-05-14T08:46:00+00:00' AIRFLOW_CTX_TRY_NUMBER='1' AIRFLOW_CTX_DAG_RUN_ID='scheduled__2024-05-14T08:46:00+00:00'
[2024-05-14T08:48:06.626+0000] {taskinstance.py:430} INFO - ::endgroup::
[2024-05-14T08:48:06.628+0000] {python.py:237} INFO - Done. Returned value was: 1,Software Engineer,Beginer
2,Engineering,Advanced

[2024-05-14T08:48:06.629+0000] {taskinstance.py:441} INFO - ::group::Post task execution logs
[2024-05-14T08:48:06.666+0000] {taskinstance.py:1206} INFO - Marking task as SUCCESS. dag_id=json_to_csv, task_id=courses_transform, run_id=scheduled__2024-05-14T08:46:00+00:00, execution_date=20240514T084600, start_date=20240514T084806, end_date=20240514T084806
[2024-05-14T08:48:06.729+0000] {local_task_job_runner.py:240} INFO - Task exited with return code 0
[2024-05-14T08:48:06.765+0000] {taskinstance.py:3498} INFO - 1 downstream tasks scheduled from follow-on schedule check
[2024-05-14T08:48:06.768+0000] {local_task_job_runner.py:222} INFO - ::endgroup::
