[2024-05-19T11:58:29.303+0000] {local_task_job_runner.py:120} INFO - ::group::Pre task execution logs
[2024-05-19T11:58:29.343+0000] {taskinstance.py:2076} INFO - Dependencies all met for dep_context=non-requeueable deps ti=<TaskInstance: dummyjson_products.is_products_api_available manual__2024-05-19T11:30:27.191769+00:00 [queued]>
[2024-05-19T11:58:29.362+0000] {taskinstance.py:2076} INFO - Dependencies all met for dep_context=requeueable deps ti=<TaskInstance: dummyjson_products.is_products_api_available manual__2024-05-19T11:30:27.191769+00:00 [queued]>
[2024-05-19T11:58:29.363+0000] {taskinstance.py:2306} INFO - Starting attempt 2 of 6
[2024-05-19T11:58:29.408+0000] {taskinstance.py:2330} INFO - Executing <Task(HttpSensor): is_products_api_available> on 2024-05-19 11:30:27.191769+00:00
[2024-05-19T11:58:29.421+0000] {warnings.py:110} WARNING - /home/***/.local/lib/python3.12/site-packages/***/task/task_runner/standard_task_runner.py:61: DeprecationWarning: This process (pid=3329) is multi-threaded, use of fork() may lead to deadlocks in the child.
  pid = os.fork()

[2024-05-19T11:58:29.425+0000] {standard_task_runner.py:63} INFO - Started process 3363 to run task
[2024-05-19T11:58:29.425+0000] {standard_task_runner.py:90} INFO - Running: ['***', 'tasks', 'run', 'dummyjson_products', 'is_products_api_available', 'manual__2024-05-19T11:30:27.191769+00:00', '--job-id', '1552', '--raw', '--subdir', 'DAGS_FOLDER/dummyjson_product.py', '--cfg-path', '/tmp/tmp42q0c6o2']
[2024-05-19T11:58:29.428+0000] {standard_task_runner.py:91} INFO - Job 1552: Subtask is_products_api_available
[2024-05-19T11:58:29.521+0000] {task_command.py:426} INFO - Running <TaskInstance: dummyjson_products.is_products_api_available manual__2024-05-19T11:30:27.191769+00:00 [running]> on host ca927d78a9ea
[2024-05-19T11:58:30.156+0000] {taskinstance.py:2648} INFO - Exporting env vars: AIRFLOW_CTX_DAG_EMAIL='fathurrahmanhernanda@gmail.com' AIRFLOW_CTX_DAG_OWNER='***' AIRFLOW_CTX_DAG_ID='dummyjson_products' AIRFLOW_CTX_TASK_ID='is_products_api_available' AIRFLOW_CTX_EXECUTION_DATE='2024-05-19T11:30:27.191769+00:00' AIRFLOW_CTX_TRY_NUMBER='2' AIRFLOW_CTX_DAG_RUN_ID='manual__2024-05-19T11:30:27.191769+00:00'
[2024-05-19T11:58:30.158+0000] {taskinstance.py:430} INFO - ::endgroup::
[2024-05-19T11:58:30.159+0000] {baseoperator.py:399} WARNING - HttpSensor.execute cannot be called outside TaskInstance!
[2024-05-19T11:58:30.160+0000] {http.py:137} INFO - Poking: /carts/
[2024-05-19T11:58:30.175+0000] {base.py:84} INFO - Using connection ID 'dummyjson_api' for task execution.
[2024-05-19T11:58:31.561+0000] {base.py:294} INFO - Success criteria met. Exiting.
[2024-05-19T11:58:31.563+0000] {taskinstance.py:441} INFO - ::group::Post task execution logs
[2024-05-19T11:58:31.576+0000] {taskinstance.py:1206} INFO - Marking task as SUCCESS. dag_id=dummyjson_products, task_id=is_products_api_available, run_id=manual__2024-05-19T11:30:27.191769+00:00, execution_date=20240519T113027, start_date=20240519T115829, end_date=20240519T115831
[2024-05-19T11:58:31.623+0000] {local_task_job_runner.py:240} INFO - Task exited with return code 0
[2024-05-19T11:58:31.640+0000] {local_task_job_runner.py:222} INFO - ::endgroup::
