[2024-05-16T12:02:44.209+0000] {local_task_job_runner.py:120} INFO - ::group::Pre task execution logs
[2024-05-16T12:02:44.237+0000] {taskinstance.py:2076} INFO - Dependencies all met for dep_context=non-requeueable deps ti=<TaskInstance: randomuser_ingestion.transform_user manual__2024-05-16T12:00:39.731378+00:00 [queued]>
[2024-05-16T12:02:44.250+0000] {taskinstance.py:2076} INFO - Dependencies all met for dep_context=requeueable deps ti=<TaskInstance: randomuser_ingestion.transform_user manual__2024-05-16T12:00:39.731378+00:00 [queued]>
[2024-05-16T12:02:44.252+0000] {taskinstance.py:2306} INFO - Starting attempt 2 of 2
[2024-05-16T12:02:44.277+0000] {taskinstance.py:2330} INFO - Executing <Task(PythonOperator): transform_user> on 2024-05-16 12:00:39.731378+00:00
[2024-05-16T12:02:44.289+0000] {warnings.py:110} WARNING - /home/***/.local/lib/python3.12/site-packages/***/task/task_runner/standard_task_runner.py:61: DeprecationWarning: This process (pid=2235) is multi-threaded, use of fork() may lead to deadlocks in the child.
  pid = os.fork()

[2024-05-16T12:02:44.292+0000] {standard_task_runner.py:63} INFO - Started process 2244 to run task
[2024-05-16T12:02:44.292+0000] {standard_task_runner.py:90} INFO - Running: ['***', 'tasks', 'run', 'randomuser_ingestion', 'transform_user', 'manual__2024-05-16T12:00:39.731378+00:00', '--job-id', '1074', '--raw', '--subdir', 'DAGS_FOLDER/randomuser_ingestion.py', '--cfg-path', '/tmp/tmpkvci0u7e']
[2024-05-16T12:02:44.297+0000] {standard_task_runner.py:91} INFO - Job 1074: Subtask transform_user
[2024-05-16T12:02:44.374+0000] {task_command.py:426} INFO - Running <TaskInstance: randomuser_ingestion.transform_user manual__2024-05-16T12:00:39.731378+00:00 [running]> on host 8d1d9b6df744
[2024-05-16T12:02:44.512+0000] {taskinstance.py:2648} INFO - Exporting env vars: AIRFLOW_CTX_DAG_OWNER='***' AIRFLOW_CTX_DAG_ID='randomuser_ingestion' AIRFLOW_CTX_TASK_ID='transform_user' AIRFLOW_CTX_EXECUTION_DATE='2024-05-16T12:00:39.731378+00:00' AIRFLOW_CTX_TRY_NUMBER='2' AIRFLOW_CTX_DAG_RUN_ID='manual__2024-05-16T12:00:39.731378+00:00'
[2024-05-16T12:02:44.515+0000] {taskinstance.py:430} INFO - ::endgroup::
[2024-05-16T12:02:44.534+0000] {taskinstance.py:441} INFO - ::group::Post task execution logs
[2024-05-16T12:02:44.535+0000] {taskinstance.py:2905} ERROR - Task failed with exception
Traceback (most recent call last):
  File "/home/airflow/.local/lib/python3.12/site-packages/airflow/models/taskinstance.py", line 465, in _execute_task
    result = _execute_callable(context=context, **execute_callable_kwargs)
             ^^^^^^^^^^^^^^^^^^^^^^^^^^^^^^^^^^^^^^^^^^^^^^^^^^^^^^^^^^^^^
  File "/home/airflow/.local/lib/python3.12/site-packages/airflow/models/taskinstance.py", line 432, in _execute_callable
    return execute_callable(context=context, **execute_callable_kwargs)
           ^^^^^^^^^^^^^^^^^^^^^^^^^^^^^^^^^^^^^^^^^^^^^^^^^^^^^^^^^^^^
  File "/home/airflow/.local/lib/python3.12/site-packages/airflow/models/baseoperator.py", line 400, in wrapper
    return func(self, *args, **kwargs)
           ^^^^^^^^^^^^^^^^^^^^^^^^^^^
  File "/home/airflow/.local/lib/python3.12/site-packages/airflow/operators/python.py", line 235, in execute
    return_value = self.execute_callable()
                   ^^^^^^^^^^^^^^^^^^^^^^^
  File "/home/airflow/.local/lib/python3.12/site-packages/airflow/operators/python.py", line 252, in execute_callable
    return self.python_callable(*self.op_args, **self.op_kwargs)
           ^^^^^^^^^^^^^^^^^^^^^^^^^^^^^^^^^^^^^^^^^^^^^^^^^^^^^
  File "/opt/airflow/dags/randomuser_ingestion.py", line 20, in transform_user
    user = response['result'][0]
           ~~~~~~~~^^^^^^^^^^
KeyError: 'result'
[2024-05-16T12:02:44.553+0000] {taskinstance.py:1206} INFO - Marking task as FAILED. dag_id=randomuser_ingestion, task_id=transform_user, run_id=manual__2024-05-16T12:00:39.731378+00:00, execution_date=20240516T120039, start_date=20240516T120244, end_date=20240516T120244
[2024-05-16T12:02:44.571+0000] {standard_task_runner.py:110} ERROR - Failed to execute job 1074 for task transform_user ('result'; 2244)
[2024-05-16T12:02:44.588+0000] {local_task_job_runner.py:240} INFO - Task exited with return code 1
[2024-05-16T12:02:44.630+0000] {taskinstance.py:3498} INFO - 0 downstream tasks scheduled from follow-on schedule check
[2024-05-16T12:02:44.634+0000] {local_task_job_runner.py:222} INFO - ::endgroup::
