[2024-05-19T12:14:53.757+0000] {local_task_job_runner.py:120} INFO - ::group::Pre task execution logs
[2024-05-19T12:14:53.780+0000] {taskinstance.py:2076} INFO - Dependencies all met for dep_context=non-requeueable deps ti=<TaskInstance: dummyjson_products.extract_products manual__2024-05-19T12:14:50.853468+00:00 [queued]>
[2024-05-19T12:14:53.792+0000] {taskinstance.py:2076} INFO - Dependencies all met for dep_context=requeueable deps ti=<TaskInstance: dummyjson_products.extract_products manual__2024-05-19T12:14:50.853468+00:00 [queued]>
[2024-05-19T12:14:53.794+0000] {taskinstance.py:2306} INFO - Starting attempt 1 of 6
[2024-05-19T12:14:53.814+0000] {taskinstance.py:2330} INFO - Executing <Task(SimpleHttpOperator): extract_products> on 2024-05-19 12:14:50.853468+00:00
[2024-05-19T12:14:53.825+0000] {warnings.py:110} WARNING - /home/***/.local/lib/python3.12/site-packages/***/task/task_runner/standard_task_runner.py:61: DeprecationWarning: This process (pid=3797) is multi-threaded, use of fork() may lead to deadlocks in the child.
  pid = os.fork()

[2024-05-19T12:14:53.828+0000] {standard_task_runner.py:63} INFO - Started process 3799 to run task
[2024-05-19T12:14:53.828+0000] {standard_task_runner.py:90} INFO - Running: ['***', 'tasks', 'run', 'dummyjson_products', 'extract_products', 'manual__2024-05-19T12:14:50.853468+00:00', '--job-id', '1636', '--raw', '--subdir', 'DAGS_FOLDER/dummyjson_product.py', '--cfg-path', '/tmp/tmp0ejv7o49']
[2024-05-19T12:14:53.833+0000] {standard_task_runner.py:91} INFO - Job 1636: Subtask extract_products
[2024-05-19T12:14:53.904+0000] {task_command.py:426} INFO - Running <TaskInstance: dummyjson_products.extract_products manual__2024-05-19T12:14:50.853468+00:00 [running]> on host ca927d78a9ea
[2024-05-19T12:14:54.059+0000] {taskinstance.py:2648} INFO - Exporting env vars: AIRFLOW_CTX_DAG_EMAIL='fathurrahmanhernanda@gmail.com' AIRFLOW_CTX_DAG_OWNER='***' AIRFLOW_CTX_DAG_ID='dummyjson_products' AIRFLOW_CTX_TASK_ID='extract_products' AIRFLOW_CTX_EXECUTION_DATE='2024-05-19T12:14:50.853468+00:00' AIRFLOW_CTX_TRY_NUMBER='1' AIRFLOW_CTX_DAG_RUN_ID='manual__2024-05-19T12:14:50.853468+00:00'
[2024-05-19T12:14:54.062+0000] {taskinstance.py:430} INFO - ::endgroup::
[2024-05-19T12:14:54.063+0000] {http.py:169} INFO - Calling HTTP method
[2024-05-19T12:14:54.075+0000] {base.py:84} INFO - Using connection ID 'dummyjson_api' for task execution.
[2024-05-19T12:14:54.086+0000] {base.py:84} INFO - Using connection ID 'dummyjson_api' for task execution.
[2024-05-19T12:14:55.441+0000] {taskinstance.py:441} INFO - ::group::Post task execution logs
[2024-05-19T12:14:55.496+0000] {taskinstance.py:1206} INFO - Marking task as SUCCESS. dag_id=dummyjson_products, task_id=extract_products, run_id=manual__2024-05-19T12:14:50.853468+00:00, execution_date=20240519T121450, start_date=20240519T121453, end_date=20240519T121455
[2024-05-19T12:14:55.610+0000] {local_task_job_runner.py:240} INFO - Task exited with return code 0
[2024-05-19T12:14:55.625+0000] {warnings.py:110} WARNING - /home/***/.local/lib/python3.12/site-packages/***/models/baseoperator.py:1296: AirflowProviderDeprecationWarning: Call to deprecated class SimpleHttpOperator. (Class `SimpleHttpOperator` is deprecated and will be removed in a future release. Please use `HttpOperator` instead.)
  result = cls.__new__(cls)

[2024-05-19T12:14:55.641+0000] {taskinstance.py:3498} INFO - 1 downstream tasks scheduled from follow-on schedule check
[2024-05-19T12:14:55.644+0000] {local_task_job_runner.py:222} INFO - ::endgroup::
