[2024-05-19T13:51:53.658+0000] {local_task_job_runner.py:120} INFO - ::group::Pre task execution logs
[2024-05-19T13:51:53.691+0000] {taskinstance.py:2076} INFO - Dependencies all met for dep_context=non-requeueable deps ti=<TaskInstance: extract_products_from_api.extract_and_write_to_csv manual__2024-05-19T13:51:49.529011+00:00 [queued]>
[2024-05-19T13:51:53.708+0000] {taskinstance.py:2076} INFO - Dependencies all met for dep_context=requeueable deps ti=<TaskInstance: extract_products_from_api.extract_and_write_to_csv manual__2024-05-19T13:51:49.529011+00:00 [queued]>
[2024-05-19T13:51:53.710+0000] {taskinstance.py:2306} INFO - Starting attempt 1 of 4
[2024-05-19T13:51:53.737+0000] {taskinstance.py:2330} INFO - Executing <Task(PythonOperator): extract_and_write_to_csv> on 2024-05-19 13:51:49.529011+00:00
[2024-05-19T13:51:53.748+0000] {warnings.py:110} WARNING - /home/***/.local/lib/python3.12/site-packages/***/task/task_runner/standard_task_runner.py:61: DeprecationWarning: This process (pid=199) is multi-threaded, use of fork() may lead to deadlocks in the child.
  pid = os.fork()

[2024-05-19T13:51:53.751+0000] {standard_task_runner.py:63} INFO - Started process 201 to run task
[2024-05-19T13:51:53.753+0000] {standard_task_runner.py:90} INFO - Running: ['***', 'tasks', 'run', 'extract_products_from_api', 'extract_and_write_to_csv', 'manual__2024-05-19T13:51:49.529011+00:00', '--job-id', '1880', '--raw', '--subdir', 'DAGS_FOLDER/dummyjson_product.py', '--cfg-path', '/tmp/tmp73q50_6a']
[2024-05-19T13:51:53.755+0000] {standard_task_runner.py:91} INFO - Job 1880: Subtask extract_and_write_to_csv
[2024-05-19T13:51:53.833+0000] {task_command.py:426} INFO - Running <TaskInstance: extract_products_from_api.extract_and_write_to_csv manual__2024-05-19T13:51:49.529011+00:00 [running]> on host ca927d78a9ea
[2024-05-19T13:51:53.964+0000] {taskinstance.py:2648} INFO - Exporting env vars: AIRFLOW_CTX_DAG_EMAIL='your_email@example.com' AIRFLOW_CTX_DAG_OWNER='***' AIRFLOW_CTX_DAG_ID='extract_products_from_api' AIRFLOW_CTX_TASK_ID='extract_and_write_to_csv' AIRFLOW_CTX_EXECUTION_DATE='2024-05-19T13:51:49.529011+00:00' AIRFLOW_CTX_TRY_NUMBER='1' AIRFLOW_CTX_DAG_RUN_ID='manual__2024-05-19T13:51:49.529011+00:00'
[2024-05-19T13:51:53.966+0000] {taskinstance.py:430} INFO - ::endgroup::
[2024-05-19T13:51:55.625+0000] {dummyjson_product.py:46} INFO - Products extracted and written to CSV successfully.
[2024-05-19T13:51:55.625+0000] {python.py:237} INFO - Done. Returned value was: None
[2024-05-19T13:51:55.626+0000] {taskinstance.py:441} INFO - ::group::Post task execution logs
[2024-05-19T13:51:55.639+0000] {taskinstance.py:1206} INFO - Marking task as SUCCESS. dag_id=extract_products_from_api, task_id=extract_and_write_to_csv, run_id=manual__2024-05-19T13:51:49.529011+00:00, execution_date=20240519T135149, start_date=20240519T135153, end_date=20240519T135155
[2024-05-19T13:51:55.693+0000] {local_task_job_runner.py:240} INFO - Task exited with return code 0
[2024-05-19T13:51:55.731+0000] {taskinstance.py:3498} INFO - 1 downstream tasks scheduled from follow-on schedule check
[2024-05-19T13:51:55.736+0000] {local_task_job_runner.py:222} INFO - ::endgroup::
