[2024-05-14T08:21:15.398+0000] {local_task_job_runner.py:120} INFO - ::group::Pre task execution logs
[2024-05-14T08:21:15.436+0000] {taskinstance.py:2076} INFO - Dependencies all met for dep_context=non-requeueable deps ti=<TaskInstance: json_to_csv.teachers_transform manual__2024-05-14T08:21:08.964666+00:00 [queued]>
[2024-05-14T08:21:15.451+0000] {taskinstance.py:2076} INFO - Dependencies all met for dep_context=requeueable deps ti=<TaskInstance: json_to_csv.teachers_transform manual__2024-05-14T08:21:08.964666+00:00 [queued]>
[2024-05-14T08:21:15.452+0000] {taskinstance.py:2306} INFO - Starting attempt 1 of 1
[2024-05-14T08:21:15.478+0000] {taskinstance.py:2330} INFO - Executing <Task(_PythonDecoratedOperator): teachers_transform> on 2024-05-14 08:21:08.964666+00:00
[2024-05-14T08:21:15.488+0000] {warnings.py:110} WARNING - /home/***/.local/lib/python3.12/site-packages/***/task/task_runner/standard_task_runner.py:61: DeprecationWarning: This process (pid=1076) is multi-threaded, use of fork() may lead to deadlocks in the child.
  pid = os.fork()

[2024-05-14T08:21:15.491+0000] {standard_task_runner.py:63} INFO - Started process 1080 to run task
[2024-05-14T08:21:15.491+0000] {standard_task_runner.py:90} INFO - Running: ['***', 'tasks', 'run', 'json_to_csv', 'teachers_transform', 'manual__2024-05-14T08:21:08.964666+00:00', '--job-id', '374', '--raw', '--subdir', 'DAGS_FOLDER/json_to_csv.py', '--cfg-path', '/tmp/tmpg3q_95os']
[2024-05-14T08:21:15.496+0000] {standard_task_runner.py:91} INFO - Job 374: Subtask teachers_transform
[2024-05-14T08:21:15.563+0000] {task_command.py:426} INFO - Running <TaskInstance: json_to_csv.teachers_transform manual__2024-05-14T08:21:08.964666+00:00 [running]> on host c2025ffc2c56
[2024-05-14T08:21:15.730+0000] {taskinstance.py:2648} INFO - Exporting env vars: AIRFLOW_CTX_DAG_OWNER='***' AIRFLOW_CTX_DAG_ID='json_to_csv' AIRFLOW_CTX_TASK_ID='teachers_transform' AIRFLOW_CTX_EXECUTION_DATE='2024-05-14T08:21:08.964666+00:00' AIRFLOW_CTX_TRY_NUMBER='1' AIRFLOW_CTX_DAG_RUN_ID='manual__2024-05-14T08:21:08.964666+00:00'
[2024-05-14T08:21:15.733+0000] {taskinstance.py:430} INFO - ::endgroup::
[2024-05-14T08:21:15.734+0000] {taskinstance.py:441} INFO - ::group::Post task execution logs
[2024-05-14T08:21:15.735+0000] {taskinstance.py:2905} ERROR - Task failed with exception
Traceback (most recent call last):
  File "/home/airflow/.local/lib/python3.12/site-packages/airflow/models/taskinstance.py", line 465, in _execute_task
    result = _execute_callable(context=context, **execute_callable_kwargs)
             ^^^^^^^^^^^^^^^^^^^^^^^^^^^^^^^^^^^^^^^^^^^^^^^^^^^^^^^^^^^^^
  File "/home/airflow/.local/lib/python3.12/site-packages/airflow/models/taskinstance.py", line 432, in _execute_callable
    return execute_callable(context=context, **execute_callable_kwargs)
           ^^^^^^^^^^^^^^^^^^^^^^^^^^^^^^^^^^^^^^^^^^^^^^^^^^^^^^^^^^^^
  File "/home/airflow/.local/lib/python3.12/site-packages/airflow/models/baseoperator.py", line 400, in wrapper
    return func(self, *args, **kwargs)
           ^^^^^^^^^^^^^^^^^^^^^^^^^^^
  File "/home/airflow/.local/lib/python3.12/site-packages/airflow/decorators/base.py", line 265, in execute
    return_value = super().execute(context)
                   ^^^^^^^^^^^^^^^^^^^^^^^^
  File "/home/airflow/.local/lib/python3.12/site-packages/airflow/models/baseoperator.py", line 400, in wrapper
    return func(self, *args, **kwargs)
           ^^^^^^^^^^^^^^^^^^^^^^^^^^^
  File "/home/airflow/.local/lib/python3.12/site-packages/airflow/operators/python.py", line 235, in execute
    return_value = self.execute_callable()
                   ^^^^^^^^^^^^^^^^^^^^^^^
  File "/home/airflow/.local/lib/python3.12/site-packages/airflow/operators/python.py", line 252, in execute_callable
    return self.python_callable(*self.op_args, **self.op_kwargs)
           ^^^^^^^^^^^^^^^^^^^^^^^^^^^^^^^^^^^^^^^^^^^^^^^^^^^^^
  File "/opt/airflow/dags/json_to_csv.py", line 54, in transform
    o += ",".join([str(a[column]) for column in config["columns"]]) + "\n"
                       ~^^^^^^^^
KeyError: 'level'
[2024-05-14T08:21:15.753+0000] {taskinstance.py:1206} INFO - Marking task as FAILED. dag_id=json_to_csv, task_id=teachers_transform, run_id=manual__2024-05-14T08:21:08.964666+00:00, execution_date=20240514T082108, start_date=20240514T082115, end_date=20240514T082115
[2024-05-14T08:21:15.774+0000] {standard_task_runner.py:110} ERROR - Failed to execute job 374 for task teachers_transform ('level'; 1080)
[2024-05-14T08:21:15.788+0000] {local_task_job_runner.py:240} INFO - Task exited with return code 1
[2024-05-14T08:21:15.823+0000] {taskinstance.py:3498} INFO - 0 downstream tasks scheduled from follow-on schedule check
[2024-05-14T08:21:15.830+0000] {local_task_job_runner.py:222} INFO - ::endgroup::
