[2024-05-15T04:15:02.718+0000] {local_task_job_runner.py:120} INFO - ::group::Pre task execution logs
[2024-05-15T04:15:02.747+0000] {taskinstance.py:2076} INFO - Dependencies all met for dep_context=non-requeueable deps ti=<TaskInstance: json2csv_b.customers_extract scheduled__2024-05-15T04:10:00+00:00 [queued]>
[2024-05-15T04:15:02.758+0000] {taskinstance.py:2076} INFO - Dependencies all met for dep_context=requeueable deps ti=<TaskInstance: json2csv_b.customers_extract scheduled__2024-05-15T04:10:00+00:00 [queued]>
[2024-05-15T04:15:02.759+0000] {taskinstance.py:2306} INFO - Starting attempt 1 of 1
[2024-05-15T04:15:02.778+0000] {taskinstance.py:2330} INFO - Executing <Task(_PythonDecoratedOperator): customers_extract> on 2024-05-15 04:10:00+00:00
[2024-05-15T04:15:02.789+0000] {warnings.py:110} WARNING - /home/***/.local/lib/python3.12/site-packages/***/task/task_runner/standard_task_runner.py:61: DeprecationWarning: This process (pid=233) is multi-threaded, use of fork() may lead to deadlocks in the child.
  pid = os.fork()

[2024-05-15T04:15:02.791+0000] {standard_task_runner.py:63} INFO - Started process 236 to run task
[2024-05-15T04:15:02.791+0000] {standard_task_runner.py:90} INFO - Running: ['***', 'tasks', 'run', 'json2csv_b', 'customers_extract', 'scheduled__2024-05-15T04:10:00+00:00', '--job-id', '913', '--raw', '--subdir', 'DAGS_FOLDER/json_to_csv_dynamic.py', '--cfg-path', '/tmp/tmp2k7r6dx9']
[2024-05-15T04:15:02.795+0000] {standard_task_runner.py:91} INFO - Job 913: Subtask customers_extract
[2024-05-15T04:15:02.865+0000] {task_command.py:426} INFO - Running <TaskInstance: json2csv_b.customers_extract scheduled__2024-05-15T04:10:00+00:00 [running]> on host c2025ffc2c56
[2024-05-15T04:15:03.013+0000] {taskinstance.py:2648} INFO - Exporting env vars: AIRFLOW_CTX_DAG_OWNER='***' AIRFLOW_CTX_DAG_ID='json2csv_b' AIRFLOW_CTX_TASK_ID='customers_extract' AIRFLOW_CTX_EXECUTION_DATE='2024-05-15T04:10:00+00:00' AIRFLOW_CTX_TRY_NUMBER='1' AIRFLOW_CTX_DAG_RUN_ID='scheduled__2024-05-15T04:10:00+00:00'
[2024-05-15T04:15:03.017+0000] {taskinstance.py:430} INFO - ::endgroup::
[2024-05-15T04:15:03.041+0000] {python.py:237} INFO - Done. Returned value was: [{'id': 1, 'name': 'Fariz Wakan', 'register_date': '2024-01-01'}, {'id': 2, 'name': 'Fathurrahman Hernanda', 'register_date': '2024-01-02'}]
[2024-05-15T04:15:03.042+0000] {taskinstance.py:441} INFO - ::group::Post task execution logs
[2024-05-15T04:15:03.080+0000] {taskinstance.py:1206} INFO - Marking task as SUCCESS. dag_id=json2csv_b, task_id=customers_extract, run_id=scheduled__2024-05-15T04:10:00+00:00, execution_date=20240515T041000, start_date=20240515T041502, end_date=20240515T041503
[2024-05-15T04:15:03.128+0000] {local_task_job_runner.py:240} INFO - Task exited with return code 0
[2024-05-15T04:15:03.155+0000] {dagrun.py:941} ERROR - Failed to get task for ti <TaskInstance: json2csv_b.products_extract scheduled__2024-05-15T04:10:00+00:00 [queued]>. Marking it as removed.
[2024-05-15T04:15:03.160+0000] {dagrun.py:941} ERROR - Failed to get task for ti <TaskInstance: json2csv_b.products_transform scheduled__2024-05-15T04:10:00+00:00 [None]>. Marking it as removed.
[2024-05-15T04:15:03.164+0000] {dagrun.py:941} ERROR - Failed to get task for ti <TaskInstance: json2csv_b.products_load scheduled__2024-05-15T04:10:00+00:00 [None]>. Marking it as removed.
[2024-05-15T04:15:03.183+0000] {taskinstance.py:3498} INFO - 1 downstream tasks scheduled from follow-on schedule check
[2024-05-15T04:15:03.187+0000] {local_task_job_runner.py:222} INFO - ::endgroup::
