[2024-05-16T12:00:07.471+0000] {local_task_job_runner.py:120} INFO - ::group::Pre task execution logs
[2024-05-16T12:00:07.505+0000] {taskinstance.py:2076} INFO - Dependencies all met for dep_context=non-requeueable deps ti=<TaskInstance: randomuser_ingestion.extract_user scheduled__2024-05-16T11:00:00+00:00 [queued]>
[2024-05-16T12:00:07.522+0000] {taskinstance.py:2076} INFO - Dependencies all met for dep_context=requeueable deps ti=<TaskInstance: randomuser_ingestion.extract_user scheduled__2024-05-16T11:00:00+00:00 [queued]>
[2024-05-16T12:00:07.523+0000] {taskinstance.py:2306} INFO - Starting attempt 1 of 1
[2024-05-16T12:00:07.545+0000] {taskinstance.py:2330} INFO - Executing <Task(SimpleHttpOperator): extract_user> on 2024-05-16 11:00:00+00:00
[2024-05-16T12:00:07.557+0000] {warnings.py:110} WARNING - /home/***/.local/lib/python3.12/site-packages/***/task/task_runner/standard_task_runner.py:61: DeprecationWarning: This process (pid=2189) is multi-threaded, use of fork() may lead to deadlocks in the child.
  pid = os.fork()

[2024-05-16T12:00:07.561+0000] {standard_task_runner.py:63} INFO - Started process 2191 to run task
[2024-05-16T12:00:07.561+0000] {standard_task_runner.py:90} INFO - Running: ['***', 'tasks', 'run', 'randomuser_ingestion', 'extract_user', 'scheduled__2024-05-16T11:00:00+00:00', '--job-id', '1068', '--raw', '--subdir', 'DAGS_FOLDER/randomuser_ingestion.py', '--cfg-path', '/tmp/tmp7zgs51om']
[2024-05-16T12:00:07.565+0000] {standard_task_runner.py:91} INFO - Job 1068: Subtask extract_user
[2024-05-16T12:00:07.641+0000] {task_command.py:426} INFO - Running <TaskInstance: randomuser_ingestion.extract_user scheduled__2024-05-16T11:00:00+00:00 [running]> on host 8d1d9b6df744
[2024-05-16T12:00:07.782+0000] {taskinstance.py:2648} INFO - Exporting env vars: AIRFLOW_CTX_DAG_OWNER='***' AIRFLOW_CTX_DAG_ID='randomuser_ingestion' AIRFLOW_CTX_TASK_ID='extract_user' AIRFLOW_CTX_EXECUTION_DATE='2024-05-16T11:00:00+00:00' AIRFLOW_CTX_TRY_NUMBER='1' AIRFLOW_CTX_DAG_RUN_ID='scheduled__2024-05-16T11:00:00+00:00'
[2024-05-16T12:00:07.786+0000] {taskinstance.py:430} INFO - ::endgroup::
[2024-05-16T12:00:07.787+0000] {http.py:169} INFO - Calling HTTP method
[2024-05-16T12:00:07.800+0000] {base.py:84} INFO - Using connection ID 'randomuser_api' for task execution.
[2024-05-16T12:00:07.811+0000] {base.py:84} INFO - Using connection ID 'randomuser_api' for task execution.
[2024-05-16T12:00:08.585+0000] {taskinstance.py:441} INFO - ::group::Post task execution logs
[2024-05-16T12:00:08.618+0000] {taskinstance.py:1206} INFO - Marking task as SUCCESS. dag_id=randomuser_ingestion, task_id=extract_user, run_id=scheduled__2024-05-16T11:00:00+00:00, execution_date=20240516T110000, start_date=20240516T120007, end_date=20240516T120008
[2024-05-16T12:00:08.660+0000] {local_task_job_runner.py:240} INFO - Task exited with return code 0
[2024-05-16T12:00:08.676+0000] {warnings.py:110} WARNING - /home/***/.local/lib/python3.12/site-packages/***/models/baseoperator.py:1296: AirflowProviderDeprecationWarning: Call to deprecated class SimpleHttpOperator. (Class `SimpleHttpOperator` is deprecated and will be removed in a future release. Please use `HttpOperator` instead.)
  result = cls.__new__(cls)

[2024-05-16T12:00:08.693+0000] {taskinstance.py:3498} INFO - 1 downstream tasks scheduled from follow-on schedule check
[2024-05-16T12:00:08.697+0000] {local_task_job_runner.py:222} INFO - ::endgroup::
